#
# There is insufficient memory for the Java Runtime Environment to continue.
# Native memory allocation (malloc) failed to allocate 4482096 bytes for Chunk::new
# Possible reasons:
#   The system is out of physical RAM or swap space
#   The process is running with CompressedOops enabled, and the Java Heap may be blocking the growth of the native heap
# Possible solutions:
#   Reduce memory load on the system
#   Increase physical memory or swap space
#   Check if swap backing store is full
#   Decrease Java heap size (-Xmx/-Xms)
#   Decrease number of Java threads
#   Decrease Java thread stack sizes (-Xss)
#   Set larger code cache with -XX:ReservedCodeCacheSize=
#   JVM is running with Unscaled Compressed Oops mode in which the Java heap is
#     placed in the first 4GB address space. The Java Heap base address is the
#     maximum limit for the native heap growth. Please use -XX:HeapBaseMinAddress
#     to set the Java Heap base and to place the Java Heap above 4GB virtual address.
# This output file may be truncated or incomplete.
#
#  Out of Memory Error (arena.cpp:189), pid=8352, tid=8672
#
# JRE version: OpenJDK Runtime Environment (17.0.7) (build 17.0.7+0-b2043.56-10550314)
# Java VM: OpenJDK 64-Bit Server VM (17.0.7+0-b2043.56-10550314, mixed mode, tiered, compressed oops, compressed class ptrs, g1 gc, windows-amd64)
# Core dump will be written. Default location: C:\Users\Administrator\AndroidStudioProjects\CPEVPN\hs_err_pid8352.mdmp
#

---------------  S U M M A R Y ------------

Command Line: --add-opens=java.base/java.util=ALL-UNNAMED --add-opens=java.base/java.lang=ALL-UNNAMED --add-opens=java.base/java.lang.invoke=ALL-UNNAMED --add-opens=java.prefs/java.util.prefs=ALL-UNNAMED --add-opens=java.base/java.nio.charset=ALL-UNNAMED --add-opens=java.base/java.net=ALL-UNNAMED --add-opens=java.base/java.util.concurrent.atomic=ALL-UNNAMED -Xmx2048m -Dfile.encoding=UTF-8 -Duser.country=US -Duser.language=en -Duser.variant org.gradle.launcher.daemon.bootstrap.GradleDaemon 7.6.2

Host: Intel(R) Xeon(R) Gold 6226R CPU @ 2.90GHz, 2 cores, 1G,  Windows Server 2019 , 64 bit Build 17763 (10.0.17763.4974)
Time: Tue Feb 13 09:39:00 2024 Pacific Standard Time elapsed time: 10.768160 seconds (0d 0h 0m 10s)

---------------  T H R E A D  ---------------

Current thread (0x00000222b8308340):  JavaThread "C2 CompilerThread0" daemon [_thread_in_native, id=8672, stack(0x000000811a600000,0x000000811a700000)]


Current CompileTask:
C2:  10768 4267 %     4       org.objectweb.asm.ClassReader::readCode @ 2186 (5109 bytes)

Stack: [0x000000811a600000,0x000000811a700000]
Native frames: (J=compiled Java code, j=interpreted, Vv=VM code, C=native code)
V  [jvm.dll+0x683bfa]
V  [jvm.dll+0x8430a4]
V  [jvm.dll+0x8449be]
V  [jvm.dll+0x845023]
V  [jvm.dll+0x24ad2f]
V  [jvm.dll+0xac25c]
V  [jvm.dll+0xac82c]
V  [jvm.dll+0x36a132]
V  [jvm.dll+0x1bdf52]
V  [jvm.dll+0x21d3a9]
V  [jvm.dll+0x21c671]
V  [jvm.dll+0x1a605d]
V  [jvm.dll+0x22c148]
V  [jvm.dll+0x22a209]
V  [jvm.dll+0x7f858c]
V  [jvm.dll+0x7f2aea]
V  [jvm.dll+0x682a35]
C  [ucrtbase.dll+0x2268a]
C  [KERNEL32.DLL+0x17ac4]
C  [ntdll.dll+0x5a4e1]


---------------  P R O C E S S  ---------------

Threads class SMR info:
_java_thread_list=0x00000222bf505cf0, length=35, elements={
0x000002229f251160, 0x00000222b82cd0a0, 0x00000222b82cec20, 0x00000222b8579080,
0x00000222b8579940, 0x00000222b857c9b0, 0x00000222b857d270, 0x00000222b8308340,
0x00000222b8309480, 0x00000222b833e520, 0x00000222b86e4de0, 0x00000222b86e56b0,
0x00000222bdf487e0, 0x00000222bdc11c50, 0x00000222bda9ad40, 0x00000222be170580,
0x00000222bddae440, 0x000002229f23ab90, 0x000002229f239850, 0x000002229f23c870,
0x000002229f23b060, 0x000002229f23b530, 0x000002229f23ba00, 0x000002229f23bed0,
0x000002229f23cd40, 0x000002229f239d20, 0x00000222bd70d860, 0x00000222bd710880,
0x00000222bd70dd30, 0x00000222bd712090, 0x00000222bd712560, 0x00000222bd712a30,
0x00000222bd711bc0, 0x00000222bd70eba0, 0x00000222bd712f00
}

Java Threads: ( => current thread )
  0x000002229f251160 JavaThread "main" [_thread_blocked, id=6748, stack(0x0000008119900000,0x0000008119a00000)]
  0x00000222b82cd0a0 JavaThread "Reference Handler" daemon [_thread_blocked, id=5408, stack(0x000000811a000000,0x000000811a100000)]
  0x00000222b82cec20 JavaThread "Finalizer" daemon [_thread_blocked, id=7408, stack(0x000000811a100000,0x000000811a200000)]
  0x00000222b8579080 JavaThread "Signal Dispatcher" daemon [_thread_blocked, id=8872, stack(0x000000811a200000,0x000000811a300000)]
  0x00000222b8579940 JavaThread "Attach Listener" daemon [_thread_blocked, id=8404, stack(0x000000811a300000,0x000000811a400000)]
  0x00000222b857c9b0 JavaThread "Service Thread" daemon [_thread_blocked, id=4792, stack(0x000000811a400000,0x000000811a500000)]
  0x00000222b857d270 JavaThread "Monitor Deflation Thread" daemon [_thread_blocked, id=4112, stack(0x000000811a500000,0x000000811a600000)]
=>0x00000222b8308340 JavaThread "C2 CompilerThread0" daemon [_thread_in_native, id=8672, stack(0x000000811a600000,0x000000811a700000)]
  0x00000222b8309480 JavaThread "C1 CompilerThread0" daemon [_thread_blocked, id=672, stack(0x000000811a700000,0x000000811a800000)]
  0x00000222b833e520 JavaThread "Sweeper thread" daemon [_thread_blocked, id=6380, stack(0x000000811a800000,0x000000811a900000)]
  0x00000222b86e4de0 JavaThread "Common-Cleaner" daemon [_thread_blocked, id=1296, stack(0x000000811a900000,0x000000811aa00000)]
  0x00000222b86e56b0 JavaThread "Notification Thread" daemon [_thread_blocked, id=8868, stack(0x000000811aa00000,0x000000811ab00000)]
  0x00000222bdf487e0 JavaThread "Daemon health stats" [_thread_blocked, id=4420, stack(0x000000811ad00000,0x000000811ae00000)]
  0x00000222bdc11c50 JavaThread "Incoming local TCP Connector on port 65498" [_thread_in_native, id=7296, stack(0x000000811ae00000,0x000000811af00000)]
  0x00000222bda9ad40 JavaThread "Daemon periodic checks" [_thread_blocked, id=8572, stack(0x000000811af00000,0x000000811b000000)]
  0x00000222be170580 JavaThread "Daemon" [_thread_blocked, id=2712, stack(0x000000811b000000,0x000000811b100000)]
  0x00000222bddae440 JavaThread "Handler for socket connection from /127.0.0.1:65498 to /127.0.0.1:65499" [_thread_in_native, id=6588, stack(0x000000811b100000,0x000000811b200000)]
  0x000002229f23ab90 JavaThread "Cancel handler" [_thread_blocked, id=2100, stack(0x000000811b200000,0x000000811b300000)]
  0x000002229f239850 JavaThread "Daemon worker" [_thread_blocked, id=4456, stack(0x000000811b300000,0x000000811b400000)]
  0x000002229f23c870 JavaThread "Asynchronous log dispatcher for DefaultDaemonConnection: socket connection from /127.0.0.1:65498 to /127.0.0.1:65499" [_thread_blocked, id=5420, stack(0x000000811b400000,0x000000811b500000)]
  0x000002229f23b060 JavaThread "Stdin handler" [_thread_blocked, id=8900, stack(0x000000811b500000,0x000000811b600000)]
  0x000002229f23b530 JavaThread "Daemon client event forwarder" [_thread_blocked, id=6624, stack(0x000000811b600000,0x000000811b700000)]
  0x000002229f23ba00 JavaThread "Cache worker for journal cache (C:\Users\Administrator\.gradle\caches\journal-1)" [_thread_blocked, id=3304, stack(0x000000811b700000,0x000000811b800000)]
  0x000002229f23bed0 JavaThread "File lock request listener" [_thread_in_native, id=5164, stack(0x000000811b800000,0x000000811b900000)]
  0x000002229f23cd40 JavaThread "Cache worker for file hash cache (C:\Users\Administrator\.gradle\caches\7.6.2\fileHashes)" [_thread_blocked, id=8520, stack(0x000000811b900000,0x000000811ba00000)]
  0x000002229f239d20 JavaThread "File watcher server" daemon [_thread_in_native, id=1204, stack(0x000000811ba00000,0x000000811bb00000)]
  0x00000222bd70d860 JavaThread "File watcher consumer" daemon [_thread_blocked, id=7708, stack(0x000000811bb00000,0x000000811bc00000)]
  0x00000222bd710880 JavaThread "jar transforms" [_thread_in_Java, id=5312, stack(0x000000811bc00000,0x000000811bd00000)]
  0x00000222bd70dd30 JavaThread "jar transforms Thread 2" [_thread_in_native, id=5732, stack(0x000000811bd00000,0x000000811be00000)]
  0x00000222bd712090 JavaThread "Cache worker for checksums cache (C:\Users\Administrator\AndroidStudioProjects\CPEVPN\.gradle\7.6.2\checksums)" [_thread_blocked, id=7196, stack(0x000000811be00000,0x000000811bf00000)]
  0x00000222bd712560 JavaThread "Cache worker for cache directory md-rule (C:\Users\Administrator\.gradle\caches\7.6.2\md-rule)" [_thread_blocked, id=9172, stack(0x000000811bf00000,0x000000811c000000)]
  0x00000222bd712a30 JavaThread "Cache worker for file content cache (C:\Users\Administrator\.gradle\caches\7.6.2\fileContent)" [_thread_blocked, id=4592, stack(0x000000811c000000,0x000000811c100000)]
  0x00000222bd711bc0 JavaThread "Cache worker for file hash cache (C:\Users\Administrator\AndroidStudioProjects\CPEVPN\.gradle\7.6.2\fileHashes)" [_thread_blocked, id=7664, stack(0x000000811c100000,0x000000811c200000)]
  0x00000222bd70eba0 JavaThread "Cache worker for cache directory md-supplier (C:\Users\Administrator\.gradle\caches\7.6.2\md-supplier)" [_thread_blocked, id=1412, stack(0x000000811c200000,0x000000811c300000)]
  0x00000222bd712f00 JavaThread "Cache worker for execution history cache (C:\Users\Administrator\.gradle\caches\7.6.2\executionHistory)" [_thread_blocked, id=3168, stack(0x000000811c300000,0x000000811c400000)]

Other Threads:
  0x00000222b826f500 VMThread "VM Thread" [stack: 0x0000008119f00000,0x000000811a000000] [id=6308]
  0x00000222b86e5b80 WatcherThread [stack: 0x000000811ab00000,0x000000811ac00000] [id=7748]
  0x000002229f2ac190 GCTaskThread "GC Thread#0" [stack: 0x0000008119a00000,0x0000008119b00000] [id=4104]
  0x00000222b87a9960 GCTaskThread "GC Thread#1" [stack: 0x000000811ac00000,0x000000811ad00000] [id=7520]
  0x000002229f2bcfe0 ConcurrentGCThread "G1 Main Marker" [stack: 0x0000008119b00000,0x0000008119c00000] [id=3112]
  0x000002229f2bd970 ConcurrentGCThread "G1 Conc#0" [stack: 0x0000008119c00000,0x0000008119d00000] [id=4460]
  0x000002229f2eb300 ConcurrentGCThread "G1 Refine#0" [stack: 0x0000008119d00000,0x0000008119e00000] [id=3388]
  0x000002229f2ebca0 ConcurrentGCThread "G1 Service" [stack: 0x0000008119e00000,0x0000008119f00000] [id=4052]

Threads with active compile tasks:
C2 CompilerThread0    10784 4267 %     4       org.objectweb.asm.ClassReader::readCode @ 2186 (5109 bytes)

VM state: not at safepoint (normal execution)

VM Mutex/Monitor currently owned by a thread: None

Heap address: 0x0000000080000000, size: 2048 MB, Compressed Oops mode: 32-bit

CDS archive(s) not mapped
Compressed class space mapped at: 0x0000000100000000-0x0000000140000000, reserved size: 1073741824
Narrow klass base: 0x0000000000000000, Narrow klass shift: 3, Narrow klass range: 0x140000000

GC Precious Log:
 CPUs: 2 total, 2 available
 Memory: 2046M
 Large Page Support: Disabled
 NUMA Support: Disabled
 Compressed Oops: Enabled (32-bit)
 Heap Region Size: 1M
 Heap Min Capacity: 8M
 Heap Initial Capacity: 32M
 Heap Max Capacity: 2G
 Pre-touch: Disabled
 Parallel Workers: 2
 Concurrent Workers: 1
 Concurrent Refinement Workers: 2
 Periodic GC: Disabled

Heap:
 garbage-first heap   total 134144K, used 90665K [0x0000000080000000, 0x0000000100000000)
  region size 1024K, 33 young (33792K), 3 survivors (3072K)
 Metaspace       used 46695K, committed 47104K, reserved 1114112K
  class space    used 6161K, committed 6336K, reserved 1048576K

Heap Regions: E=young(eden), S=young(survivor), O=old, HS=humongous(starts), HC=humongous(continues), CS=collection set, F=free, OA=open archive, CA=closed archive, TAMS=top-at-mark-start (previous, next)
|   0|0x0000000080000000, 0x0000000080100000, 0x0000000080100000|100%| O|  |TAMS 0x0000000080100000, 0x0000000080000000| Untracked 
|   1|0x0000000080100000, 0x0000000080200000, 0x0000000080200000|100%| O|  |TAMS 0x0000000080200000, 0x0000000080100000| Untracked 
|   2|0x0000000080200000, 0x0000000080300000, 0x0000000080300000|100%| O|  |TAMS 0x0000000080300000, 0x0000000080200000| Untracked 
|   3|0x0000000080300000, 0x0000000080400000, 0x0000000080400000|100%|HS|  |TAMS 0x0000000080400000, 0x0000000080300000| Complete 
|   4|0x0000000080400000, 0x0000000080500000, 0x0000000080500000|100%|HC|  |TAMS 0x0000000080500000, 0x0000000080400000| Complete 
|   5|0x0000000080500000, 0x0000000080600000, 0x0000000080600000|100%|HC|  |TAMS 0x0000000080600000, 0x0000000080500000| Complete 
|   6|0x0000000080600000, 0x0000000080700000, 0x0000000080700000|100%| O|  |TAMS 0x0000000080700000, 0x0000000080600000| Untracked 
|   7|0x0000000080700000, 0x0000000080800000, 0x0000000080800000|100%| O|  |TAMS 0x0000000080800000, 0x0000000080700000| Untracked 
|   8|0x0000000080800000, 0x0000000080900000, 0x0000000080900000|100%| O|  |TAMS 0x0000000080900000, 0x0000000080800000| Untracked 
|   9|0x0000000080900000, 0x0000000080a00000, 0x0000000080a00000|100%| O|  |TAMS 0x0000000080a00000, 0x0000000080900000| Untracked 
|  10|0x0000000080a00000, 0x0000000080b00000, 0x0000000080b00000|100%| O|  |TAMS 0x0000000080b00000, 0x0000000080a00000| Untracked 
|  11|0x0000000080b00000, 0x0000000080c00000, 0x0000000080c00000|100%| O|  |TAMS 0x0000000080c00000, 0x0000000080b00000| Untracked 
|  12|0x0000000080c00000, 0x0000000080d00000, 0x0000000080d00000|100%| O|  |TAMS 0x0000000080d00000, 0x0000000080c00000| Untracked 
|  13|0x0000000080d00000, 0x0000000080e00000, 0x0000000080e00000|100%| O|  |TAMS 0x0000000080e00000, 0x0000000080d00000| Untracked 
|  14|0x0000000080e00000, 0x0000000080f00000, 0x0000000080f00000|100%| O|  |TAMS 0x0000000080f00000, 0x0000000080e00000| Untracked 
|  15|0x0000000080f00000, 0x0000000081000000, 0x0000000081000000|100%| O|  |TAMS 0x0000000081000000, 0x0000000080f00000| Untracked 
|  16|0x0000000081000000, 0x0000000081100000, 0x0000000081100000|100%| O|  |TAMS 0x0000000081100000, 0x0000000081000000| Untracked 
|  17|0x0000000081100000, 0x0000000081200000, 0x0000000081200000|100%| O|  |TAMS 0x0000000081200000, 0x0000000081100000| Untracked 
|  18|0x0000000081200000, 0x0000000081300000, 0x0000000081300000|100%| O|  |TAMS 0x0000000081300000, 0x0000000081200000| Untracked 
|  19|0x0000000081300000, 0x0000000081400000, 0x0000000081400000|100%|HS|  |TAMS 0x0000000081400000, 0x0000000081300000| Complete 
|  20|0x0000000081400000, 0x0000000081500000, 0x0000000081500000|100%|HC|  |TAMS 0x0000000081500000, 0x0000000081400000| Complete 
|  21|0x0000000081500000, 0x0000000081600000, 0x0000000081600000|100%|HS|  |TAMS 0x0000000081600000, 0x0000000081500000| Complete 
|  22|0x0000000081600000, 0x0000000081700000, 0x0000000081700000|100%|HC|  |TAMS 0x0000000081700000, 0x0000000081600000| Complete 
|  23|0x0000000081700000, 0x0000000081800000, 0x0000000081800000|100%|HC|  |TAMS 0x0000000081800000, 0x0000000081700000| Complete 
|  24|0x0000000081800000, 0x0000000081900000, 0x0000000081900000|100%| O|  |TAMS 0x0000000081900000, 0x0000000081800000| Untracked 
|  25|0x0000000081900000, 0x0000000081a00000, 0x0000000081a00000|100%|HS|  |TAMS 0x0000000081a00000, 0x0000000081900000| Complete 
|  26|0x0000000081a00000, 0x0000000081b00000, 0x0000000081b00000|100%|HC|  |TAMS 0x0000000081b00000, 0x0000000081a00000| Complete 
|  27|0x0000000081b00000, 0x0000000081c00000, 0x0000000081c00000|100%| O|  |TAMS 0x0000000081c00000, 0x0000000081b00000| Untracked 
|  28|0x0000000081c00000, 0x0000000081d00000, 0x0000000081d00000|100%|HS|  |TAMS 0x0000000081d00000, 0x0000000081c00000| Complete 
|  29|0x0000000081d00000, 0x0000000081e00000, 0x0000000081e00000|100%|HC|  |TAMS 0x0000000081e00000, 0x0000000081d00000| Complete 
|  30|0x0000000081e00000, 0x0000000081f00000, 0x0000000081f00000|100%|HC|  |TAMS 0x0000000081f00000, 0x0000000081e00000| Complete 
|  31|0x0000000081f00000, 0x0000000082000000, 0x0000000082000000|100%|HC|  |TAMS 0x0000000082000000, 0x0000000081f00000| Complete 
|  32|0x0000000082000000, 0x0000000082100000, 0x0000000082100000|100%|HC|  |TAMS 0x0000000082100000, 0x0000000082000000| Complete 
|  33|0x0000000082100000, 0x0000000082200000, 0x0000000082200000|100%|HC|  |TAMS 0x0000000082200000, 0x0000000082100000| Complete 
|  34|0x0000000082200000, 0x0000000082300000, 0x0000000082300000|100%|HC|  |TAMS 0x0000000082300000, 0x0000000082200000| Complete 
|  35|0x0000000082300000, 0x0000000082400000, 0x0000000082400000|100%|HC|  |TAMS 0x0000000082400000, 0x0000000082300000| Complete 
|  36|0x0000000082400000, 0x0000000082500000, 0x0000000082500000|100%|HC|  |TAMS 0x0000000082500000, 0x0000000082400000| Complete 
|  37|0x0000000082500000, 0x0000000082600000, 0x0000000082600000|100%|HC|  |TAMS 0x0000000082600000, 0x0000000082500000| Complete 
|  38|0x0000000082600000, 0x0000000082700000, 0x0000000082700000|100%|HC|  |TAMS 0x0000000082700000, 0x0000000082600000| Complete 
|  39|0x0000000082700000, 0x0000000082800000, 0x0000000082800000|100%|HC|  |TAMS 0x0000000082800000, 0x0000000082700000| Complete 
|  40|0x0000000082800000, 0x0000000082900000, 0x0000000082900000|100%| O|  |TAMS 0x0000000082900000, 0x0000000082800000| Untracked 
|  41|0x0000000082900000, 0x0000000082a00000, 0x0000000082a00000|100%|HS|  |TAMS 0x0000000082a00000, 0x0000000082900000| Complete 
|  42|0x0000000082a00000, 0x0000000082b00000, 0x0000000082b00000|100%|HC|  |TAMS 0x0000000082b00000, 0x0000000082a00000| Complete 
|  43|0x0000000082b00000, 0x0000000082c00000, 0x0000000082c00000|100%| O|  |TAMS 0x0000000082b00000, 0x0000000082b00000| Untracked 
|  44|0x0000000082c00000, 0x0000000082d00000, 0x0000000082d00000|100%| O|  |TAMS 0x0000000082c00000, 0x0000000082c00000| Untracked 
|  45|0x0000000082d00000, 0x0000000082e00000, 0x0000000082e00000|100%| O|  |TAMS 0x0000000082d00000, 0x0000000082d00000| Untracked 
|  46|0x0000000082e00000, 0x0000000082f00000, 0x0000000082f00000|100%|HS|  |TAMS 0x0000000082e00000, 0x0000000082e00000| Complete 
|  47|0x0000000082f00000, 0x0000000083000000, 0x0000000083000000|100%| O|  |TAMS 0x0000000082f00000, 0x0000000082f00000| Untracked 
|  48|0x0000000083000000, 0x0000000083100000, 0x0000000083100000|100%| O|  |TAMS 0x0000000083000000, 0x0000000083000000| Untracked 
|  49|0x0000000083100000, 0x0000000083200000, 0x0000000083200000|100%| O|  |TAMS 0x0000000083100000, 0x0000000083100000| Untracked 
|  50|0x0000000083200000, 0x0000000083251a00, 0x0000000083300000| 31%| O|  |TAMS 0x0000000083200000, 0x0000000083200000| Untracked 
|  51|0x0000000083300000, 0x0000000083400000, 0x0000000083400000|100%|HS|  |TAMS 0x0000000083300000, 0x0000000083300000| Complete 
|  52|0x0000000083400000, 0x0000000083500000, 0x0000000083500000|100%|HC|  |TAMS 0x0000000083400000, 0x0000000083400000| Complete 
|  53|0x0000000083500000, 0x0000000083600000, 0x0000000083600000|100%| O|  |TAMS 0x0000000083500000, 0x0000000083500000| Untracked 
|  54|0x0000000083600000, 0x0000000083700000, 0x0000000083700000|100%| O|  |TAMS 0x0000000083600000, 0x0000000083600000| Untracked 
|  55|0x0000000083700000, 0x0000000083800000, 0x0000000083800000|100%| O|  |TAMS 0x0000000083700000, 0x0000000083700000| Untracked 
|  56|0x0000000083800000, 0x0000000083900000, 0x0000000083900000|100%| O|  |TAMS 0x0000000083800000, 0x0000000083800000| Untracked 
|  57|0x0000000083900000, 0x0000000083a00000, 0x0000000083a00000|100%|HS|  |TAMS 0x0000000083900000, 0x0000000083900000| Complete 
|  58|0x0000000083a00000, 0x0000000083a00000, 0x0000000083b00000|  0%| F|  |TAMS 0x0000000083a00000, 0x0000000083a00000| Untracked 
|  59|0x0000000083b00000, 0x0000000083b00000, 0x0000000083c00000|  0%| F|  |TAMS 0x0000000083b00000, 0x0000000083b00000| Untracked 
|  60|0x0000000083c00000, 0x0000000083c00000, 0x0000000083d00000|  0%| F|  |TAMS 0x0000000083c00000, 0x0000000083c00000| Untracked 
|  61|0x0000000083d00000, 0x0000000083d00000, 0x0000000083e00000|  0%| F|  |TAMS 0x0000000083d00000, 0x0000000083d00000| Untracked 
|  62|0x0000000083e00000, 0x0000000083e00000, 0x0000000083f00000|  0%| F|  |TAMS 0x0000000083e00000, 0x0000000083e00000| Untracked 
|  63|0x0000000083f00000, 0x0000000083f00000, 0x0000000084000000|  0%| F|  |TAMS 0x0000000083f00000, 0x0000000083f00000| Untracked 
|  64|0x0000000084000000, 0x0000000084000000, 0x0000000084100000|  0%| F|  |TAMS 0x0000000084000000, 0x0000000084000000| Untracked 
|  65|0x0000000084100000, 0x0000000084100000, 0x0000000084200000|  0%| F|  |TAMS 0x0000000084100000, 0x0000000084100000| Untracked 
|  66|0x0000000084200000, 0x0000000084200000, 0x0000000084300000|  0%| F|  |TAMS 0x0000000084200000, 0x0000000084200000| Untracked 
|  67|0x0000000084300000, 0x0000000084300000, 0x0000000084400000|  0%| F|  |TAMS 0x0000000084300000, 0x0000000084300000| Untracked 
|  68|0x0000000084400000, 0x0000000084400000, 0x0000000084500000|  0%| F|  |TAMS 0x0000000084400000, 0x0000000084400000| Untracked 
|  69|0x0000000084500000, 0x0000000084500000, 0x0000000084600000|  0%| F|  |TAMS 0x0000000084500000, 0x0000000084500000| Untracked 
|  70|0x0000000084600000, 0x0000000084600000, 0x0000000084700000|  0%| F|  |TAMS 0x0000000084600000, 0x0000000084600000| Untracked 
|  71|0x0000000084700000, 0x0000000084700000, 0x0000000084800000|  0%| F|  |TAMS 0x0000000084700000, 0x0000000084700000| Untracked 
|  72|0x0000000084800000, 0x0000000084800000, 0x0000000084900000|  0%| F|  |TAMS 0x0000000084800000, 0x0000000084800000| Untracked 
|  73|0x0000000084900000, 0x0000000084900000, 0x0000000084a00000|  0%| F|  |TAMS 0x0000000084900000, 0x0000000084900000| Untracked 
|  74|0x0000000084a00000, 0x0000000084a00000, 0x0000000084b00000|  0%| F|  |TAMS 0x0000000084a00000, 0x0000000084a00000| Untracked 
|  75|0x0000000084b00000, 0x0000000084b00000, 0x0000000084c00000|  0%| F|  |TAMS 0x0000000084b00000, 0x0000000084b00000| Untracked 
|  76|0x0000000084c00000, 0x0000000084c00000, 0x0000000084d00000|  0%| F|  |TAMS 0x0000000084c00000, 0x0000000084c00000| Untracked 
|  77|0x0000000084d00000, 0x0000000084d00000, 0x0000000084e00000|  0%| F|  |TAMS 0x0000000084d00000, 0x0000000084d00000| Untracked 
|  78|0x0000000084e00000, 0x0000000084e00000, 0x0000000084f00000|  0%| F|  |TAMS 0x0000000084e00000, 0x0000000084e00000| Untracked 
|  79|0x0000000084f00000, 0x0000000084f00000, 0x0000000085000000|  0%| F|  |TAMS 0x0000000084f00000, 0x0000000084f00000| Untracked 
|  80|0x0000000085000000, 0x0000000085000000, 0x0000000085100000|  0%| F|  |TAMS 0x0000000085000000, 0x0000000085000000| Untracked 
|  81|0x0000000085100000, 0x0000000085100000, 0x0000000085200000|  0%| F|  |TAMS 0x0000000085100000, 0x0000000085100000| Untracked 
|  82|0x0000000085200000, 0x0000000085200000, 0x0000000085300000|  0%| F|  |TAMS 0x0000000085200000, 0x0000000085200000| Untracked 
|  83|0x0000000085300000, 0x0000000085300000, 0x0000000085400000|  0%| F|  |TAMS 0x0000000085300000, 0x0000000085300000| Untracked 
|  84|0x0000000085400000, 0x0000000085438db0, 0x0000000085500000| 22%| S|CS|TAMS 0x0000000085400000, 0x0000000085400000| Complete 
|  85|0x0000000085500000, 0x0000000085600000, 0x0000000085600000|100%| S|CS|TAMS 0x0000000085500000, 0x0000000085500000| Complete 
|  86|0x0000000085600000, 0x0000000085700000, 0x0000000085700000|100%| S|CS|TAMS 0x0000000085600000, 0x0000000085600000| Complete 
|  87|0x0000000085700000, 0x0000000085700000, 0x0000000085800000|  0%| F|  |TAMS 0x0000000085700000, 0x0000000085700000| Untracked 
|  88|0x0000000085800000, 0x0000000085800000, 0x0000000085900000|  0%| F|  |TAMS 0x0000000085800000, 0x0000000085800000| Untracked 
|  89|0x0000000085900000, 0x0000000085900000, 0x0000000085a00000|  0%| F|  |TAMS 0x0000000085900000, 0x0000000085900000| Untracked 
|  90|0x0000000085a00000, 0x0000000085a00000, 0x0000000085b00000|  0%| F|  |TAMS 0x0000000085a00000, 0x0000000085a00000| Untracked 
|  91|0x0000000085b00000, 0x0000000085b00000, 0x0000000085c00000|  0%| F|  |TAMS 0x0000000085b00000, 0x0000000085b00000| Untracked 
|  92|0x0000000085c00000, 0x0000000085c00000, 0x0000000085d00000|  0%| F|  |TAMS 0x0000000085c00000, 0x0000000085c00000| Untracked 
|  93|0x0000000085d00000, 0x0000000085d00000, 0x0000000085e00000|  0%| F|  |TAMS 0x0000000085d00000, 0x0000000085d00000| Untracked 
|  94|0x0000000085e00000, 0x0000000085e00000, 0x0000000085f00000|  0%| F|  |TAMS 0x0000000085e00000, 0x0000000085e00000| Untracked 
|  95|0x0000000085f00000, 0x0000000085f00000, 0x0000000086000000|  0%| F|  |TAMS 0x0000000085f00000, 0x0000000085f00000| Untracked 
|  96|0x0000000086000000, 0x0000000086000000, 0x0000000086100000|  0%| F|  |TAMS 0x0000000086000000, 0x0000000086000000| Untracked 
|  97|0x0000000086100000, 0x0000000086100000, 0x0000000086200000|  0%| F|  |TAMS 0x0000000086100000, 0x0000000086100000| Untracked 
|  98|0x0000000086200000, 0x0000000086200000, 0x0000000086300000|  0%| F|  |TAMS 0x0000000086200000, 0x0000000086200000| Untracked 
|  99|0x0000000086300000, 0x0000000086300000, 0x0000000086400000|  0%| F|  |TAMS 0x0000000086300000, 0x0000000086300000| Untracked 
| 100|0x0000000086400000, 0x0000000086400000, 0x0000000086500000|  0%| F|  |TAMS 0x0000000086400000, 0x0000000086400000| Untracked 
| 101|0x0000000086500000, 0x00000000865ba6f8, 0x0000000086600000| 72%| E|  |TAMS 0x0000000086500000, 0x0000000086500000| Complete 
| 102|0x0000000086600000, 0x0000000086700000, 0x0000000086700000|100%| E|CS|TAMS 0x0000000086600000, 0x0000000086600000| Complete 
| 103|0x0000000086700000, 0x0000000086800000, 0x0000000086800000|100%| E|CS|TAMS 0x0000000086700000, 0x0000000086700000| Complete 
| 104|0x0000000086800000, 0x0000000086900000, 0x0000000086900000|100%| E|CS|TAMS 0x0000000086800000, 0x0000000086800000| Complete 
| 105|0x0000000086900000, 0x0000000086a00000, 0x0000000086a00000|100%| E|CS|TAMS 0x0000000086900000, 0x0000000086900000| Complete 
| 106|0x0000000086a00000, 0x0000000086b00000, 0x0000000086b00000|100%| E|CS|TAMS 0x0000000086a00000, 0x0000000086a00000| Complete 
| 107|0x0000000086b00000, 0x0000000086c00000, 0x0000000086c00000|100%| E|CS|TAMS 0x0000000086b00000, 0x0000000086b00000| Complete 
| 108|0x0000000086c00000, 0x0000000086d00000, 0x0000000086d00000|100%| E|CS|TAMS 0x0000000086c00000, 0x0000000086c00000| Complete 
| 109|0x0000000086d00000, 0x0000000086e00000, 0x0000000086e00000|100%| E|CS|TAMS 0x0000000086d00000, 0x0000000086d00000| Complete 
| 110|0x0000000086e00000, 0x0000000086f00000, 0x0000000086f00000|100%| E|CS|TAMS 0x0000000086e00000, 0x0000000086e00000| Complete 
| 111|0x0000000086f00000, 0x0000000087000000, 0x0000000087000000|100%| E|CS|TAMS 0x0000000086f00000, 0x0000000086f00000| Complete 
| 112|0x0000000087000000, 0x0000000087100000, 0x0000000087100000|100%| E|CS|TAMS 0x0000000087000000, 0x0000000087000000| Complete 
| 113|0x0000000087100000, 0x0000000087200000, 0x0000000087200000|100%| E|CS|TAMS 0x0000000087100000, 0x0000000087100000| Complete 
| 114|0x0000000087200000, 0x0000000087300000, 0x0000000087300000|100%| E|CS|TAMS 0x0000000087200000, 0x0000000087200000| Complete 
| 115|0x0000000087300000, 0x0000000087400000, 0x0000000087400000|100%| E|CS|TAMS 0x0000000087300000, 0x0000000087300000| Complete 
| 116|0x0000000087400000, 0x0000000087500000, 0x0000000087500000|100%| E|CS|TAMS 0x0000000087400000, 0x0000000087400000| Complete 
| 117|0x0000000087500000, 0x0000000087600000, 0x0000000087600000|100%| E|CS|TAMS 0x0000000087500000, 0x0000000087500000| Complete 
| 118|0x0000000087600000, 0x0000000087700000, 0x0000000087700000|100%| E|CS|TAMS 0x0000000087600000, 0x0000000087600000| Complete 
| 119|0x0000000087700000, 0x0000000087800000, 0x0000000087800000|100%| E|CS|TAMS 0x0000000087700000, 0x0000000087700000| Complete 
| 120|0x0000000087800000, 0x0000000087900000, 0x0000000087900000|100%| E|CS|TAMS 0x0000000087800000, 0x0000000087800000| Complete 
| 121|0x0000000087900000, 0x0000000087a00000, 0x0000000087a00000|100%| E|CS|TAMS 0x0000000087900000, 0x0000000087900000| Complete 
| 122|0x0000000087a00000, 0x0000000087b00000, 0x0000000087b00000|100%| E|CS|TAMS 0x0000000087a00000, 0x0000000087a00000| Complete 
| 123|0x0000000087b00000, 0x0000000087c00000, 0x0000000087c00000|100%| E|CS|TAMS 0x0000000087b00000, 0x0000000087b00000| Complete 
| 124|0x0000000087c00000, 0x0000000087d00000, 0x0000000087d00000|100%| E|CS|TAMS 0x0000000087c00000, 0x0000000087c00000| Complete 
| 125|0x0000000087d00000, 0x0000000087e00000, 0x0000000087e00000|100%| E|CS|TAMS 0x0000000087d00000, 0x0000000087d00000| Complete 
| 126|0x0000000087e00000, 0x0000000087f00000, 0x0000000087f00000|100%| E|CS|TAMS 0x0000000087e00000, 0x0000000087e00000| Complete 
| 127|0x0000000087f00000, 0x0000000088000000, 0x0000000088000000|100%| E|CS|TAMS 0x0000000087f00000, 0x0000000087f00000| Complete 
| 128|0x0000000088000000, 0x0000000088100000, 0x0000000088100000|100%| E|CS|TAMS 0x0000000088000000, 0x0000000088000000| Complete 
| 129|0x0000000088100000, 0x0000000088200000, 0x0000000088200000|100%| E|CS|TAMS 0x0000000088100000, 0x0000000088100000| Complete 
| 130|0x0000000088200000, 0x0000000088300000, 0x0000000088300000|100%| E|CS|TAMS 0x0000000088200000, 0x0000000088200000| Complete 

Card table byte_map: [0x00000222b1720000,0x00000222b1b20000] _byte_map_base: 0x00000222b1320000

Marking Bits (Prev, Next): (CMBitMap*) 0x000002229f2ac6f0, (CMBitMap*) 0x000002229f2ac6b0
 Prev Bits: [0x00000222b3f20000, 0x00000222b5f20000)
 Next Bits: [0x00000222b1f20000, 0x00000222b3f20000)

Polling page: 0x000002229d030000

Metaspace:

Usage:
  Non-class:     39.58 MB used.
      Class:      6.02 MB used.
       Both:     45.60 MB used.

Virtual space:
  Non-class space:       64.00 MB reserved,      39.81 MB ( 62%) committed,  1 nodes.
      Class space:        1.00 GB reserved,       6.19 MB ( <1%) committed,  1 nodes.
             Both:        1.06 GB reserved,      46.00 MB (  4%) committed. 

Chunk freelists:
   Non-Class:  8.02 MB
       Class:  9.66 MB
        Both:  17.67 MB

MaxMetaspaceSize: unlimited
CompressedClassSpaceSize: 1.00 GB
Initial GC threshold: 21.00 MB
Current GC threshold: 54.00 MB
CDS: off
MetaspaceReclaimPolicy: balanced
 - commit_granule_bytes: 65536.
 - commit_granule_words: 8192.
 - virtual_space_node_default_size: 8388608.
 - enlarge_chunks_in_place: 1.
 - new_chunks_are_fully_committed: 0.
 - uncommit_free_chunks: 1.
 - use_allocation_guard: 0.
 - handle_deallocations: 1.


Internal statistics:

num_allocs_failed_limit: 3.
num_arena_births: 408.
num_arena_deaths: 0.
num_vsnodes_births: 2.
num_vsnodes_deaths: 0.
num_space_committed: 736.
num_space_uncommitted: 0.
num_chunks_returned_to_freelist: 3.
num_chunks_taken_from_freelist: 1829.
num_chunk_merges: 3.
num_chunk_splits: 1188.
num_chunks_enlarged: 804.
num_inconsistent_stats: 0.

CodeHeap 'non-profiled nmethods': size=120064Kb used=2419Kb max_used=2419Kb free=117644Kb
 bounds [0x00000222aa1e0000, 0x00000222aa450000, 0x00000222b1720000]
CodeHeap 'profiled nmethods': size=120000Kb used=9436Kb max_used=9436Kb free=110563Kb
 bounds [0x00000222a2720000, 0x00000222a3060000, 0x00000222a9c50000]
CodeHeap 'non-nmethods': size=5696Kb used=2310Kb max_used=2379Kb free=3385Kb
 bounds [0x00000222a9c50000, 0x00000222a9ec0000, 0x00000222aa1e0000]
 total_blobs=5151 nmethods=4338 adapters=724
 compilation: enabled
              stopped_count=0, restarted_count=0
 full_count=0

Compilation events (20 events):
Event: 10.533 Thread 0x00000222b8309480 4355       2       org.objectweb.asm.ClassReader::readLong (29 bytes)
Event: 10.533 Thread 0x00000222b8309480 nmethod 4355 0x00000222a303a310 code [0x00000222a303a4c0, 0x00000222a303a658]
Event: 10.533 Thread 0x00000222b8309480 4356       2       org.objectweb.asm.SymbolTable::addConstantLongOrDouble (109 bytes)
Event: 10.533 Thread 0x00000222b8309480 nmethod 4356 0x00000222a303a790 code [0x00000222a303a980, 0x00000222a303ad08]
Event: 10.535 Thread 0x00000222b8309480 4357 %     3       org.objectweb.asm.SymbolTable::addConstantUtf8 @ 12 (98 bytes)
Event: 10.536 Thread 0x00000222b8309480 nmethod 4357% 0x00000222a303af90 code [0x00000222a303b1c0, 0x00000222a303b878]
Event: 10.536 Thread 0x00000222b8309480 4358       3       org.objectweb.asm.SymbolTable::addConstantUtf8 (98 bytes)
Event: 10.536 Thread 0x00000222b8309480 nmethod 4358 0x00000222a303bc10 code [0x00000222a303be40, 0x00000222a303c418]
Event: 10.538 Thread 0x00000222b8309480 4360 %     3       org.objectweb.asm.ClassReader::accept @ 1352 (1412 bytes)
Event: 10.544 Thread 0x00000222b8309480 nmethod 4360% 0x00000222a303c790 code [0x00000222a303d360, 0x00000222a30449e8]
Event: 10.544 Thread 0x00000222b8309480 4361       3       org.objectweb.asm.ClassReader::accept (1412 bytes)
Event: 10.549 Thread 0x00000222b8309480 nmethod 4361 0x00000222a3048090 code [0x00000222a3048c40, 0x00000222a3050168]
Event: 10.552 Thread 0x00000222b8309480 4362       2       org.objectweb.asm.Type::getObjectType (31 bytes)
Event: 10.553 Thread 0x00000222b8309480 nmethod 4362 0x00000222a3053790 code [0x00000222a3053940, 0x00000222a3053c58]
Event: 10.579 Thread 0x00000222b8309480 4364 %     3       org.objectweb.asm.MethodWriter::computeMaxStackAndLocal @ 343 (420 bytes)
Event: 10.580 Thread 0x00000222b8309480 nmethod 4364% 0x00000222a3053e90 code [0x00000222a3054120, 0x00000222a3055128]
Event: 10.580 Thread 0x00000222b8309480 4365       3       org.objectweb.asm.MethodWriter::computeMaxStackAndLocal (420 bytes)
Event: 10.581 Thread 0x00000222b8309480 nmethod 4365 0x00000222a3055790 code [0x00000222a3055a20, 0x00000222a30569c8]
Event: 10.603 Thread 0x00000222b8309480 4368       2       org.objectweb.asm.MethodVisitor::visitTableSwitchInsn (20 bytes)
Event: 10.603 Thread 0x00000222b8309480 nmethod 4368 0x00000222a3057010 code [0x00000222a30571a0, 0x00000222a30572c8]

GC Heap History (20 events):
Event: 5.560 GC heap before
{Heap before GC invocations=12 (full 0):
 garbage-first heap   total 49152K, used 35946K [0x0000000080000000, 0x0000000100000000)
  region size 1024K, 18 young (18432K), 1 survivors (1024K)
 Metaspace       used 26997K, committed 27264K, reserved 1114112K
  class space    used 3579K, committed 3712K, reserved 1048576K
}
Event: 5.568 GC heap after
{Heap after GC invocations=13 (full 0):
 garbage-first heap   total 49152K, used 19657K [0x0000000080000000, 0x0000000100000000)
  region size 1024K, 2 young (2048K), 2 survivors (2048K)
 Metaspace       used 26997K, committed 27264K, reserved 1114112K
  class space    used 3579K, committed 3712K, reserved 1048576K
}
Event: 6.003 GC heap before
{Heap before GC invocations=13 (full 0):
 garbage-first heap   total 49152K, used 32969K [0x0000000080000000, 0x0000000100000000)
  region size 1024K, 14 young (14336K), 2 survivors (2048K)
 Metaspace       used 29101K, committed 29440K, reserved 1114112K
  class space    used 3938K, committed 4096K, reserved 1048576K
}
Event: 6.012 GC heap after
{Heap after GC invocations=14 (full 0):
 garbage-first heap   total 49152K, used 22595K [0x0000000080000000, 0x0000000100000000)
  region size 1024K, 3 young (3072K), 3 survivors (3072K)
 Metaspace       used 29101K, committed 29440K, reserved 1114112K
  class space    used 3938K, committed 4096K, reserved 1048576K
}
Event: 6.054 GC heap before
{Heap before GC invocations=14 (full 0):
 garbage-first heap   total 49152K, used 25667K [0x0000000080000000, 0x0000000100000000)
  region size 1024K, 4 young (4096K), 3 survivors (3072K)
 Metaspace       used 29103K, committed 29440K, reserved 1114112K
  class space    used 3938K, committed 4096K, reserved 1048576K
}
Event: 6.061 GC heap after
{Heap after GC invocations=15 (full 0):
 garbage-first heap   total 49152K, used 26135K [0x0000000080000000, 0x0000000100000000)
  region size 1024K, 2 young (2048K), 2 survivors (2048K)
 Metaspace       used 29103K, committed 29440K, reserved 1114112K
  class space    used 3938K, committed 4096K, reserved 1048576K
}
Event: 6.155 GC heap before
{Heap before GC invocations=16 (full 0):
 garbage-first heap   total 51200K, used 29207K [0x0000000080000000, 0x0000000100000000)
  region size 1024K, 5 young (5120K), 2 survivors (2048K)
 Metaspace       used 29282K, committed 29632K, reserved 1114112K
  class space    used 3972K, committed 4160K, reserved 1048576K
}
Event: 6.160 GC heap after
{Heap after GC invocations=17 (full 0):
 garbage-first heap   total 51200K, used 29583K [0x0000000080000000, 0x0000000100000000)
  region size 1024K, 2 young (2048K), 2 survivors (2048K)
 Metaspace       used 29282K, committed 29632K, reserved 1114112K
  class space    used 3972K, committed 4160K, reserved 1048576K
}
Event: 6.336 GC heap before
{Heap before GC invocations=18 (full 0):
 garbage-first heap   total 73728K, used 41871K [0x0000000080000000, 0x0000000100000000)
  region size 1024K, 3 young (3072K), 2 survivors (2048K)
 Metaspace       used 29282K, committed 29632K, reserved 1114112K
  class space    used 3972K, committed 4160K, reserved 1048576K
}
Event: 6.339 GC heap after
{Heap after GC invocations=19 (full 0):
 garbage-first heap   total 73728K, used 41818K [0x0000000080000000, 0x0000000100000000)
  region size 1024K, 1 young (1024K), 1 survivors (1024K)
 Metaspace       used 29282K, committed 29632K, reserved 1114112K
  class space    used 3972K, committed 4160K, reserved 1048576K
}
Event: 6.831 GC heap before
{Heap before GC invocations=20 (full 0):
 garbage-first heap   total 75776K, used 56154K [0x0000000080000000, 0x0000000100000000)
  region size 1024K, 14 young (14336K), 1 survivors (1024K)
 Metaspace       used 30921K, committed 31360K, reserved 1114112K
  class space    used 4219K, committed 4416K, reserved 1048576K
}
Event: 6.846 GC heap after
{Heap after GC invocations=21 (full 0):
 garbage-first heap   total 75776K, used 46080K [0x0000000080000000, 0x0000000100000000)
  region size 1024K, 2 young (2048K), 2 survivors (2048K)
 Metaspace       used 30921K, committed 31360K, reserved 1114112K
  class space    used 4219K, committed 4416K, reserved 1048576K
}
Event: 7.285 GC heap before
{Heap before GC invocations=21 (full 0):
 garbage-first heap   total 75776K, used 59392K [0x0000000080000000, 0x0000000100000000)
  region size 1024K, 15 young (15360K), 2 survivors (2048K)
 Metaspace       used 32723K, committed 33024K, reserved 1114112K
  class space    used 4523K, committed 4672K, reserved 1048576K
}
Event: 7.291 GC heap after
{Heap after GC invocations=22 (full 0):
 garbage-first heap   total 134144K, used 46967K [0x0000000080000000, 0x0000000100000000)
  region size 1024K, 1 young (1024K), 1 survivors (1024K)
 Metaspace       used 32723K, committed 33024K, reserved 1114112K
  class space    used 4523K, committed 4672K, reserved 1048576K
}
Event: 8.975 GC heap before
{Heap before GC invocations=23 (full 0):
 garbage-first heap   total 134144K, used 94071K [0x0000000080000000, 0x0000000100000000)
  region size 1024K, 47 young (48128K), 1 survivors (1024K)
 Metaspace       used 41762K, committed 42176K, reserved 1114112K
  class space    used 5582K, committed 5760K, reserved 1048576K
}
Event: 8.990 GC heap after
{Heap after GC invocations=24 (full 0):
 garbage-first heap   total 134144K, used 51873K [0x0000000080000000, 0x0000000100000000)
  region size 1024K, 6 young (6144K), 6 survivors (6144K)
 Metaspace       used 41762K, committed 42176K, reserved 1114112K
  class space    used 5582K, committed 5760K, reserved 1048576K
}
Event: 10.150 GC heap before
{Heap before GC invocations=24 (full 0):
 garbage-first heap   total 134144K, used 105121K [0x0000000080000000, 0x0000000100000000)
  region size 1024K, 52 young (53248K), 6 survivors (6144K)
 Metaspace       used 46503K, committed 46912K, reserved 1114112K
  class space    used 6160K, committed 6336K, reserved 1048576K
}
Event: 10.170 GC heap after
{Heap after GC invocations=25 (full 0):
 garbage-first heap   total 134144K, used 56852K [0x0000000080000000, 0x0000000100000000)
  region size 1024K, 4 young (4096K), 4 survivors (4096K)
 Metaspace       used 46503K, committed 46912K, reserved 1114112K
  class space    used 6160K, committed 6336K, reserved 1048576K
}
Event: 10.483 GC heap before
{Heap before GC invocations=25 (full 0):
 garbage-first heap   total 134144K, used 101908K [0x0000000080000000, 0x0000000100000000)
  region size 1024K, 48 young (49152K), 4 survivors (4096K)
 Metaspace       used 46693K, committed 47104K, reserved 1114112K
  class space    used 6161K, committed 6336K, reserved 1048576K
}
Event: 10.492 GC heap after
{Heap after GC invocations=26 (full 0):
 garbage-first heap   total 134144K, used 59945K [0x0000000080000000, 0x0000000100000000)
  region size 1024K, 3 young (3072K), 3 survivors (3072K)
 Metaspace       used 46693K, committed 47104K, reserved 1114112K
  class space    used 6161K, committed 6336K, reserved 1048576K
}

Dll operation events (2 events):
Event: 0.024 Loaded shared library C:\Program Files\Android\Android Studio\jbr\bin\java.dll
Event: 1.052 Loaded shared library C:\Program Files\Android\Android Studio\jbr\bin\verify.dll

Deoptimization events (20 events):
Event: 10.465 Thread 0x00000222bd710880 DEOPT PACKING pc=0x00000222a2fdcf98 sp=0x000000811bcfe690
Event: 10.465 Thread 0x00000222bd710880 DEOPT UNPACKING pc=0x00000222a9ca7d6b sp=0x000000811bcfdba8 mode 0
Event: 10.466 Thread 0x00000222bd710880 DEOPT PACKING pc=0x00000222a2fdcf98 sp=0x000000811bcfe000
Event: 10.466 Thread 0x00000222bd710880 DEOPT UNPACKING pc=0x00000222a9ca7d6b sp=0x000000811bcfd518 mode 0
Event: 10.466 Thread 0x00000222bd710880 DEOPT PACKING pc=0x00000222a2fdcf98 sp=0x000000811bcfe000
Event: 10.466 Thread 0x00000222bd710880 DEOPT UNPACKING pc=0x00000222a9ca7d6b sp=0x000000811bcfd518 mode 0
Event: 10.536 Thread 0x00000222bd710880 DEOPT PACKING pc=0x00000222a303681b sp=0x000000811bcfe480
Event: 10.536 Thread 0x00000222bd710880 DEOPT UNPACKING pc=0x00000222a9ca7d6b sp=0x000000811bcfd968 mode 0
Event: 10.549 Thread 0x00000222bd710880 DEOPT PACKING pc=0x00000222a2fee546 sp=0x000000811bcfe890
Event: 10.549 Thread 0x00000222bd710880 DEOPT UNPACKING pc=0x00000222a9ca7d6b sp=0x000000811bcfdee0 mode 0
Event: 10.571 Thread 0x00000222bd710880 DEOPT PACKING pc=0x00000222a2fdcf98 sp=0x000000811bcfe000
Event: 10.571 Thread 0x00000222bd710880 DEOPT UNPACKING pc=0x00000222a9ca7d6b sp=0x000000811bcfd518 mode 0
Event: 10.581 Thread 0x00000222bd710880 DEOPT PACKING pc=0x00000222a30352ce sp=0x000000811bcfe140
Event: 10.581 Thread 0x00000222bd710880 DEOPT UNPACKING pc=0x00000222a9ca7d6b sp=0x000000811bcfd5f0 mode 0
Event: 10.589 Thread 0x00000222bd710880 DEOPT PACKING pc=0x00000222a2fdcf98 sp=0x000000811bcfe000
Event: 10.589 Thread 0x00000222bd710880 DEOPT UNPACKING pc=0x00000222a9ca7d6b sp=0x000000811bcfd518 mode 0
Event: 10.600 Thread 0x00000222bd710880 DEOPT PACKING pc=0x00000222a2fdcf98 sp=0x000000811bcfe000
Event: 10.600 Thread 0x00000222bd710880 DEOPT UNPACKING pc=0x00000222a9ca7d6b sp=0x000000811bcfd518 mode 0
Event: 10.602 Thread 0x00000222bd710880 DEOPT PACKING pc=0x00000222a2fdcf98 sp=0x000000811bcfe000
Event: 10.602 Thread 0x00000222bd710880 DEOPT UNPACKING pc=0x00000222a9ca7d6b sp=0x000000811bcfd518 mode 0

Classes unloaded (0 events):
No events

Classes redefined (0 events):
No events

Internal exceptions (20 events):
Event: 9.375 Thread 0x00000222bd710880 Exception <a 'sun/nio/fs/WindowsException'{0x000000008700d7a0}> (0x000000008700d7a0) 
thrown [s\src\hotspot\share\prims\jni.cpp, line 517]
Event: 9.390 Thread 0x000002229f239850 Exception <a 'java/lang/ClassNotFoundException'{0x000000008705fb78}: sync_studio_tooling82_cnmqcdikbir79so8eibokwq2xBeanInfo> (0x000000008705fb78) 
thrown [s\src\hotspot\share\classfile\systemDictionary.cpp, line 256]
Event: 9.390 Thread 0x000002229f239850 Exception <a 'java/lang/ClassNotFoundException'{0x00000000870664a8}: sync_studio_tooling82_cnmqcdikbir79so8eibokwq2xCustomizer> (0x00000000870664a8) 
thrown [s\src\hotspot\share\classfile\systemDictionary.cpp, line 256]
Event: 9.404 Thread 0x000002229f239850 Exception <a 'java/lang/ClassNotFoundException'{0x00000000870b2040}: org/gradle/internal/metaobject/ConfigureDelegateBeanInfo> (0x00000000870b2040) 
thrown [s\src\hotspot\share\classfile\systemDictionary.cpp, line 256]
Event: 9.404 Thread 0x000002229f239850 Exception <a 'java/lang/ClassNotFoundException'{0x00000000870c1f80}: org/gradle/internal/metaobject/ConfigureDelegateCustomizer> (0x00000000870c1f80) 
thrown [s\src\hotspot\share\classfile\systemDictionary.cpp, line 256]
Event: 9.411 Thread 0x000002229f239850 Exception <a 'java/lang/ClassNotFoundException'{0x0000000086f19958}: org/gradle/api/internal/initialization/DefaultScriptHandlerBeanInfo> (0x0000000086f19958) 
thrown [s\src\hotspot\share\classfile\systemDictionary.cpp, line 256]
Event: 9.412 Thread 0x000002229f239850 Exception <a 'java/lang/ClassNotFoundException'{0x0000000086f29f20}: org/gradle/api/internal/initialization/DefaultScriptHandlerCustomizer> (0x0000000086f29f20) 
thrown [s\src\hotspot\share\classfile\systemDictionary.cpp, line 256]
Event: 9.563 Thread 0x000002229f239850 Implicit null exception at 0x00000222aa37c9ec to 0x00000222aa37caa0
Event: 9.572 Thread 0x000002229f239850 Exception <a 'java/lang/ClassNotFoundException'{0x0000000086974de0}: org/gradle/api/internal/artifacts/dsl/dependencies/DefaultDependencyHandler_DecoratedBeanInfo> (0x0000000086974de0) 
thrown [s\src\hotspot\share\classfile\systemDictionary.cpp, line 256]
Event: 9.572 Thread 0x000002229f239850 Exception <a 'java/lang/ClassNotFoundException'{0x000000008698a740}: org/gradle/api/internal/artifacts/dsl/dependencies/DefaultDependencyHandlerBeanInfo> (0x000000008698a740) 
thrown [s\src\hotspot\share\classfile\systemDictionary.cpp, line 256]
Event: 9.573 Thread 0x000002229f239850 Exception <a 'java/lang/ClassNotFoundException'{0x000000008699f8b8}: org/gradle/api/internal/artifacts/dsl/dependencies/DefaultDependencyHandlerCustomizer> (0x000000008699f8b8) 
thrown [s\src\hotspot\share\classfile\systemDictionary.cpp, line 256]
Event: 9.578 Thread 0x000002229f239850 Exception <a 'java/lang/ClassNotFoundException'{0x00000000869dfc70}: org/gradle/api/internal/artifacts/dsl/dependencies/DefaultDependencyHandler_DecoratedCustomizer> (0x00000000869dfc70) 
thrown [s\src\hotspot\share\classfile\systemDictionary.cpp, line 256]
Event: 9.582 Thread 0x000002229f239850 Exception <a 'java/lang/ClassNotFoundException'{0x0000000086821738}: sync_studio_tooling82_cnmqcdikbir79so8eibokwq2x$_run_closure1BeanInfo> (0x0000000086821738) 
thrown [s\src\hotspot\share\classfile\systemDictionary.cpp, line 256]
Event: 9.582 Thread 0x000002229f239850 Exception <a 'java/lang/ClassNotFoundException'{0x0000000086828720}: sync_studio_tooling82_cnmqcdikbir79so8eibokwq2x$_run_closure1Customizer> (0x0000000086828720) 
thrown [s\src\hotspot\share\classfile\systemDictionary.cpp, line 256]
Event: 9.779 Thread 0x000002229f239850 Exception <a 'java/lang/NoSuchMethodError'{0x0000000086517130}: 'java.lang.Object java.lang.invoke.DirectMethodHandle$Holder.newInvokeSpecial(java.lang.Object, int, java.lang.Object)'> (0x0000000086517130) 
thrown [s\src\hotspot\share\interpreter\linkResolver.cpp, line 771]
Event: 10.004 Thread 0x000002229f239850 Exception <a 'java/lang/NoSuchMethodError'{0x0000000085cd1bd0}: 'int java.lang.invoke.DirectMethodHandle$Holder.invokeStatic(java.lang.Object)'> (0x0000000085cd1bd0) 
thrown [s\src\hotspot\share\interpreter\linkResolver.cpp, line 771]
Event: 10.005 Thread 0x000002229f239850 Exception <a 'java/lang/NoSuchMethodError'{0x0000000085cd5fc0}: 'int java.lang.invoke.DirectMethodHandle$Holder.invokeStaticInit(java.lang.Object)'> (0x0000000085cd5fc0) 
thrown [s\src\hotspot\share\interpreter\linkResolver.cpp, line 771]
Event: 10.043 Thread 0x00000222bd710880 Exception <a 'sun/nio/fs/WindowsException'{0x00000000858ea788}> (0x00000000858ea788) 
thrown [s\src\hotspot\share\prims\jni.cpp, line 517]
Event: 10.046 Thread 0x00000222bd70dd30 Exception <a 'sun/nio/fs/WindowsException'{0x00000000857058f8}> (0x00000000857058f8) 
thrown [s\src\hotspot\share\prims\jni.cpp, line 517]
Event: 10.397 Thread 0x00000222bd70dd30 Implicit null exception at 0x00000222aa41c040 to 0x00000222aa41c7ef

VM Operations (20 events):
Event: 8.571 Executing VM operation: HandshakeAllThreads
Event: 8.572 Executing VM operation: HandshakeAllThreads done
Event: 8.853 Executing VM operation: HandshakeAllThreads
Event: 8.853 Executing VM operation: HandshakeAllThreads done
Event: 8.975 Executing VM operation: G1CollectForAllocation
Event: 8.990 Executing VM operation: G1CollectForAllocation done
Event: 9.337 Executing VM operation: HandshakeAllThreads
Event: 9.337 Executing VM operation: HandshakeAllThreads done
Event: 9.528 Executing VM operation: HandshakeAllThreads
Event: 9.528 Executing VM operation: HandshakeAllThreads done
Event: 9.550 Executing VM operation: HandshakeAllThreads
Event: 9.550 Executing VM operation: HandshakeAllThreads done
Event: 9.550 Executing VM operation: HandshakeAllThreads
Event: 9.550 Executing VM operation: HandshakeAllThreads done
Event: 9.553 Executing VM operation: ICBufferFull
Event: 9.553 Executing VM operation: ICBufferFull done
Event: 10.150 Executing VM operation: G1CollectForAllocation
Event: 10.192 Executing VM operation: G1CollectForAllocation done
Event: 10.482 Executing VM operation: G1CollectForAllocation
Event: 10.492 Executing VM operation: G1CollectForAllocation done

Events (20 events):
Event: 9.309 loading class java/nio/charset/UnsupportedCharsetException
Event: 9.309 loading class java/nio/charset/UnsupportedCharsetException done
Event: 9.312 loading class java/util/zip/Deflater
Event: 9.313 loading class java/util/zip/Deflater done
Event: 9.314 loading class java/util/zip/Deflater$DeflaterZStreamRef
Event: 9.314 loading class java/util/zip/Deflater$DeflaterZStreamRef done
Event: 9.319 loading class java/nio/channels/Channels
Event: 9.319 loading class java/nio/channels/Channels done
Event: 9.319 loading class sun/nio/ch/ChannelInputStream
Event: 9.320 loading class sun/nio/ch/ChannelInputStream done
Event: 9.371 loading class java/nio/file/StandardCopyOption
Event: 9.371 loading class java/nio/file/StandardCopyOption done
Event: 9.371 loading class sun/nio/fs/WindowsFileCopy
Event: 9.371 loading class sun/nio/fs/WindowsFileCopy done
Event: 9.952 loading class java/io/DeleteOnExitHook
Event: 9.954 loading class java/io/DeleteOnExitHook done
Event: 9.954 loading class java/io/DeleteOnExitHook$1
Event: 9.954 loading class java/io/DeleteOnExitHook$1 done
Event: 10.066 loading class java/security/Key
Event: 10.066 loading class java/security/Key done


Dynamic libraries:
0x00007ff64bd40000 - 0x00007ff64bd4a000 	C:\Program Files\Android\Android Studio\jbr\bin\java.exe
0x00007ffdc66d0000 - 0x00007ffdc68be000 	C:\Windows\SYSTEM32\ntdll.dll
0x00007ffdc42e0000 - 0x00007ffdc4393000 	C:\Windows\System32\KERNEL32.DLL
0x00007ffdc2ee0000 - 0x00007ffdc317d000 	C:\Windows\System32\KERNELBASE.dll
0x00007ffdc35b0000 - 0x00007ffdc36aa000 	C:\Windows\System32\ucrtbase.dll
0x00007ffdb0aa0000 - 0x00007ffdb0ab7000 	C:\Program Files\Android\Android Studio\jbr\bin\jli.dll
0x00007ffdb0d00000 - 0x00007ffdb0d1b000 	C:\Program Files\Android\Android Studio\jbr\bin\VCRUNTIME140.dll
0x00007ffdc3900000 - 0x00007ffdc3a97000 	C:\Windows\System32\USER32.dll
0x00007ffdc2750000 - 0x00007ffdc2770000 	C:\Windows\System32\win32u.dll
0x00007ffdc5d90000 - 0x00007ffdc5db9000 	C:\Windows\System32\GDI32.dll
0x00007ffdc3750000 - 0x00007ffdc38fb000 	C:\Windows\System32\gdi32full.dll
0x00007ffdc36b0000 - 0x00007ffdc3750000 	C:\Windows\System32\msvcp_win.dll
0x00007ffdb6140000 - 0x00007ffdb63b9000 	C:\Windows\WinSxS\amd64_microsoft.windows.common-controls_6595b64144ccf1df_6.0.17763.4974_none_de748dce53484fa6\COMCTL32.dll
0x00007ffdc41e0000 - 0x00007ffdc427e000 	C:\Windows\System32\msvcrt.dll
0x00007ffdc44d0000 - 0x00007ffdc47fb000 	C:\Windows\System32\combase.dll
0x00007ffdc3b70000 - 0x00007ffdc3c8e000 	C:\Windows\System32\RPCRT4.dll
0x00007ffdc3440000 - 0x00007ffdc34c2000 	C:\Windows\System32\bcryptPrimitives.dll
0x00007ffdc4400000 - 0x00007ffdc442e000 	C:\Windows\System32\IMM32.DLL
0x00007ffdb3b30000 - 0x00007ffdb3b3c000 	C:\Program Files\Android\Android Studio\jbr\bin\vcruntime140_1.dll
0x00007ffdb0500000 - 0x00007ffdb058d000 	C:\Program Files\Android\Android Studio\jbr\bin\msvcp140.dll
0x00007ffd9e520000 - 0x00007ffd9f1a0000 	C:\Program Files\Android\Android Studio\jbr\bin\server\jvm.dll
0x00007ffdc6010000 - 0x00007ffdc60b7000 	C:\Windows\System32\ADVAPI32.dll
0x00007ffdc4430000 - 0x00007ffdc44cf000 	C:\Windows\System32\sechost.dll
0x00007ffdb7bb0000 - 0x00007ffdb7bb9000 	C:\Windows\SYSTEM32\WSOCK32.dll
0x00007ffdc5dc0000 - 0x00007ffdc5e2d000 	C:\Windows\System32\WS2_32.dll
0x00007ffdc0750000 - 0x00007ffdc0774000 	C:\Windows\SYSTEM32\WINMM.dll
0x00007ffdb8b20000 - 0x00007ffdb8b2a000 	C:\Windows\SYSTEM32\VERSION.dll
0x00007ffdc0720000 - 0x00007ffdc074d000 	C:\Windows\SYSTEM32\WINMMBASE.dll
0x00007ffdc3180000 - 0x00007ffdc31ca000 	C:\Windows\System32\cfgmgr32.dll
0x00007ffdc26b0000 - 0x00007ffdc26c1000 	C:\Windows\System32\kernel.appcore.dll
0x00007ffdb2f00000 - 0x00007ffdb2f0a000 	C:\Program Files\Android\Android Studio\jbr\bin\jimage.dll
0x00007ffdb4ce0000 - 0x00007ffdb4ecd000 	C:\Windows\SYSTEM32\DBGHELP.DLL
0x00007ffdb4cb0000 - 0x00007ffdb4cda000 	C:\Windows\SYSTEM32\dbgcore.DLL
0x00007ffdb2660000 - 0x00007ffdb2685000 	C:\Program Files\Android\Android Studio\jbr\bin\java.dll
0x00007ffdb2bc0000 - 0x00007ffdb2bd8000 	C:\Program Files\Android\Android Studio\jbr\bin\zip.dll
0x00007ffdc4800000 - 0x00007ffdc5cf8000 	C:\Windows\System32\SHELL32.dll
0x00007ffdc6490000 - 0x00007ffdc6537000 	C:\Windows\System32\shcore.dll
0x00007ffdc2790000 - 0x00007ffdc2ed7000 	C:\Windows\System32\windows.storage.dll
0x00007ffdc2680000 - 0x00007ffdc26a3000 	C:\Windows\System32\profapi.dll
0x00007ffdc26d0000 - 0x00007ffdc272d000 	C:\Windows\System32\powrprof.dll
0x00007ffdc43a0000 - 0x00007ffdc43f2000 	C:\Windows\System32\shlwapi.dll
0x00007ffdc2770000 - 0x00007ffdc278b000 	C:\Windows\System32\cryptsp.dll
0x00007ffdb2540000 - 0x00007ffdb2559000 	C:\Program Files\Android\Android Studio\jbr\bin\net.dll
0x00007ffdb9e40000 - 0x00007ffdb9f3d000 	C:\Windows\SYSTEM32\WINHTTP.dll
0x00007ffdb1b90000 - 0x00007ffdb1bb0000 	C:\Windows\system32\PrxerDrv.dll
0x00007ffdc1e70000 - 0x00007ffdc1ed7000 	C:\Windows\system32\mswsock.dll
0x00007ffdb2520000 - 0x00007ffdb2536000 	C:\Program Files\Android\Android Studio\jbr\bin\nio.dll
0x00007ffdb2d80000 - 0x00007ffdb2d90000 	C:\Program Files\Android\Android Studio\jbr\bin\verify.dll
0x00007ffdb03b0000 - 0x00007ffdb03d7000 	C:\Users\Administrator\.gradle\native\68d5fa5c4cc2d200863cafc0d521ce42e7d3e7ee720ec0a83991735586a16f82\windows-amd64\native-platform.dll
0x00007ffdb0260000 - 0x00007ffdb03a4000 	C:\Users\Administrator\.gradle\native\e376f236ea51e6404a007f0833ffe2c6e607c4080706a723a18a27aeea778392\windows-amd64\native-platform-file-events.dll
0x00007ffdb1790000 - 0x00007ffdb1799000 	C:\Program Files\Android\Android Studio\jbr\bin\management.dll
0x00007ffdb0f60000 - 0x00007ffdb0f6b000 	C:\Program Files\Android\Android Studio\jbr\bin\management_ext.dll
0x00007ffdc6480000 - 0x00007ffdc6488000 	C:\Windows\System32\PSAPI.DLL
0x00007ffdc19f0000 - 0x00007ffdc1a23000 	C:\Windows\system32\rsaenh.dll
0x00007ffdc34d0000 - 0x00007ffdc34f6000 	C:\Windows\System32\bcrypt.dll
0x00007ffdc2580000 - 0x00007ffdc25a9000 	C:\Windows\SYSTEM32\USERENV.dll
0x00007ffdc2040000 - 0x00007ffdc204c000 	C:\Windows\SYSTEM32\CRYPTBASE.dll
0x00007ffdc1b80000 - 0x00007ffdc1bbd000 	C:\Windows\SYSTEM32\IPHLPAPI.DLL
0x00007ffdc6000000 - 0x00007ffdc6008000 	C:\Windows\System32\NSI.dll
0x00007ffdb8b00000 - 0x00007ffdb8b16000 	C:\Windows\SYSTEM32\dhcpcsvc6.DLL
0x00007ffdb92a0000 - 0x00007ffdb92bc000 	C:\Windows\SYSTEM32\dhcpcsvc.DLL
0x00007ffdc1bc0000 - 0x00007ffdc1c86000 	C:\Windows\SYSTEM32\DNSAPI.dll
0x00007ffdb2ef0000 - 0x00007ffdb2ef7000 	C:\Windows\system32\wshunix.dll

dbghelp: loaded successfully - version: 4.0.5 - missing functions: none
symbol engine: initialized successfully - sym options: 0x614 - pdb path: .;C:\Program Files\Android\Android Studio\jbr\bin;C:\Windows\SYSTEM32;C:\Windows\WinSxS\amd64_microsoft.windows.common-controls_6595b64144ccf1df_6.0.17763.4974_none_de748dce53484fa6;C:\Program Files\Android\Android Studio\jbr\bin\server;C:\Users\Administrator\.gradle\native\68d5fa5c4cc2d200863cafc0d521ce42e7d3e7ee720ec0a83991735586a16f82\windows-amd64;C:\Users\Administrator\.gradle\native\e376f236ea51e6404a007f0833ffe2c6e607c4080706a723a18a27aeea778392\windows-amd64

VM Arguments:
jvm_args: --add-opens=java.base/java.util=ALL-UNNAMED --add-opens=java.base/java.lang=ALL-UNNAMED --add-opens=java.base/java.lang.invoke=ALL-UNNAMED --add-opens=java.prefs/java.util.prefs=ALL-UNNAMED --add-opens=java.base/java.nio.charset=ALL-UNNAMED --add-opens=java.base/java.net=ALL-UNNAMED --add-opens=java.base/java.util.concurrent.atomic=ALL-UNNAMED -Xmx2048m -Dfile.encoding=UTF-8 -Duser.country=US -Duser.language=en -Duser.variant 
java_command: org.gradle.launcher.daemon.bootstrap.GradleDaemon 7.6.2
java_class_path (initial): C:\Users\Administrator\.gradle\wrapper\dists\gradle-7.6.2-bin\6ot4hgy1mty27tup86cmng5lx\gradle-7.6.2\lib\gradle-launcher-7.6.2.jar
Launcher Type: SUN_STANDARD

[Global flags]
     intx CICompilerCount                          = 2                                         {product} {ergonomic}
     uint ConcGCThreads                            = 1                                         {product} {ergonomic}
     uint G1ConcRefinementThreads                  = 2                                         {product} {ergonomic}
   size_t G1HeapRegionSize                         = 1048576                                   {product} {ergonomic}
    uintx GCDrainStackTargetSize                   = 64                                        {product} {ergonomic}
   size_t InitialHeapSize                          = 33554432                                  {product} {ergonomic}
   size_t MarkStackSize                            = 4194304                                   {product} {ergonomic}
   size_t MaxHeapSize                              = 2147483648                                {product} {command line}
   size_t MaxNewSize                               = 1287651328                                {product} {ergonomic}
   size_t MinHeapDeltaBytes                        = 1048576                                   {product} {ergonomic}
   size_t MinHeapSize                              = 8388608                                   {product} {ergonomic}
    uintx NonNMethodCodeHeapSize                   = 5826188                                {pd product} {ergonomic}
    uintx NonProfiledCodeHeapSize                  = 122916026                              {pd product} {ergonomic}
    uintx ProfiledCodeHeapSize                     = 122916026                              {pd product} {ergonomic}
    uintx ReservedCodeCacheSize                    = 251658240                              {pd product} {ergonomic}
     bool SegmentedCodeCache                       = true                                      {product} {ergonomic}
   size_t SoftMaxHeapSize                          = 2147483648                             {manageable} {ergonomic}
     bool UseCompressedClassPointers               = true                           {product lp64_product} {ergonomic}
     bool UseCompressedOops                        = true                           {product lp64_product} {ergonomic}
     bool UseG1GC                                  = true                                      {product} {ergonomic}
     bool UseLargePagesIndividualAllocation        = false                                  {pd product} {ergonomic}

Logging:
Log output configuration:
 #0: stdout all=warning uptime,level,tags
 #1: stderr all=off uptime,level,tags

Environment Variables:
PATH=C:\Windows\system32;C:\Windows;C:\Windows\System32\Wbem;C:\Windows\System32\WindowsPowerShell\v1.0\;C:\Windows\System32\OpenSSH\;C:\Users\Administrator\AppData\Local\Microsoft\WindowsApps;
USERNAME=Administrator
OS=Windows_NT
PROCESSOR_IDENTIFIER=Intel64 Family 6 Model 85 Stepping 7, GenuineIntel
TMP=C:\Users\ADMINI~1\AppData\Local\Temp\2
TEMP=C:\Users\ADMINI~1\AppData\Local\Temp\2


JNI global refs:
JNI global refs: 24, weak refs: 23

JNI global refs memory usage: 843, weak refs: 841

OOME stack traces (most recent first):
Classloader memory used:
Loader org.gradle.internal.classloader.VisitableURLClassLoader                         : 2695K
Loader bootstrap                                                                       : 2340K
Loader org.gradle.initialization.MixInLegacyTypesClassLoader                           : 633K
Loader jdk.internal.loader.ClassLoaders$PlatformClassLoader                            : 67347B
Loader org.gradle.internal.classloader.VisitableURLClassLoader                         : 52154B
Loader jdk.internal.loader.ClassLoaders$AppClassLoader                                 : 26001B
Loader jdk.internal.reflect.DelegatingClassLoader                                      : 21893B
Loader org.gradle.groovy.scripts.internal.DefaultScriptCompilationHandler$ScriptClassLoader: 3721B
Loader org.codehaus.groovy.runtime.callsite.CallSiteClassLoader                        : 876B

Classes loaded by more than one classloader:
Class org.gradle.api.GradleException                                                  : loaded 3 times (x 80B)
Class org.gradle.util.GradleVersion                                                   : loaded 2 times (x 81B)
Class org.gradle.internal.classpath.ClassPath                                         : loaded 2 times (x 68B)
Class org.gradle.api.internal.classpath.DefaultModuleRegistry                         : loaded 2 times (x 84B)
Class org.gradle.api.Action                                                           : loaded 2 times (x 68B)
Class org.gradle.api.internal.DefaultClassPathProvider                                : loaded 2 times (x 74B)
Class org.gradle.internal.installation.GradleInstallation$1                           : loaded 2 times (x 73B)
Class org.gradle.internal.exceptions.DefaultMultiCauseException                       : loaded 2 times (x 85B)
Class org.gradle.internal.time.MonotonicClock                                         : loaded 2 times (x 75B)
Class org.gradle.internal.classloader.FilteringClassLoader                            : loaded 2 times (x 102B)
Class org.gradle.internal.classpath.DefaultClassPath$ImmutableUniqueList$Builder      : loaded 2 times (x 73B)
Class org.gradle.internal.classloader.ClassLoaderVisitor                              : loaded 2 times (x 74B)
Class org.gradle.internal.time.DefaultCountdownTimer                                  : loaded 2 times (x 86B)
Class org.gradle.internal.service.DefaultServiceLocator                               : loaded 2 times (x 81B)
Class org.gradle.internal.service.UnknownServiceException                             : loaded 2 times (x 81B)
Class org.gradle.internal.classloader.DefaultClassLoaderFactory                       : loaded 2 times (x 80B)
Class org.gradle.internal.classloader.VisitableURLClassLoader$Spec                    : loaded 2 times (x 72B)
Class org.gradle.tooling.model.ProjectModel                                           : loaded 2 times (x 68B)
Class org.gradle.internal.installation.GradleInstallation                             : loaded 2 times (x 73B)
Class org.gradle.api.internal.classpath.ModuleRegistry                                : loaded 2 times (x 68B)
Class org.gradle.api.internal.ClassPathProvider                                       : loaded 2 times (x 68B)
Class org.gradle.internal.classloader.ClasspathUtil$1                                 : loaded 2 times (x 74B)
Class org.gradle.internal.classloader.ClassLoaderFactory                              : loaded 2 times (x 68B)
Class org.gradle.api.internal.classpath.ManifestUtil                                  : loaded 2 times (x 69B)
Class org.gradle.api.specs.Spec                                                       : loaded 2 times (x 68B)
Class org.gradle.internal.IoActions                                                   : loaded 2 times (x 69B)
Class org.gradle.api.internal.classpath.EffectiveClassPath                            : loaded 2 times (x 88B)
Class kotlin.jvm.internal.DefaultConstructorMarker                                    : loaded 2 times (x 69B)
Class org.gradle.internal.installation.CurrentGradleInstallation                      : loaded 2 times (x 71B)
Class org.gradle.internal.installation.CurrentGradleInstallationLocator               : loaded 2 times (x 69B)
Class org.gradle.api.internal.classpath.Module                                        : loaded 2 times (x 68B)
Class org.gradle.internal.service.CachingServiceLocator                               : loaded 2 times (x 80B)
Class org.gradle.internal.time.Timer                                                  : loaded 2 times (x 68B)
Class org.gradle.internal.classpath.DefaultClassPath                                  : loaded 2 times (x 88B)
Class org.gradle.api.Transformer                                                      : loaded 2 times (x 68B)
Class kotlin.jvm.functions.Function1                                                  : loaded 2 times (x 68B)
Class org.gradle.internal.time.Time                                                   : loaded 2 times (x 69B)
Class org.gradle.internal.time.TimeSource$1                                           : loaded 2 times (x 75B)
Class org.gradle.internal.classloader.SystemClassLoaderSpec                           : loaded 2 times (x 69B)
Class kotlin.Function                                                                 : loaded 2 times (x 68B)
Class org.gradle.api.UncheckedIOException                                             : loaded 2 times (x 80B)
Class org.gradle.internal.time.CountdownTimer                                         : loaded 2 times (x 68B)
Class org.gradle.internal.time.Clock                                                  : loaded 2 times (x 68B)
Class org.gradle.internal.classloader.ClasspathUtil                                   : loaded 2 times (x 69B)
Class org.gradle.api.internal.DefaultClassPathRegistry                                : loaded 2 times (x 74B)
Class org.gradle.api.internal.classpath.DefaultModuleRegistry$DefaultModule           : loaded 2 times (x 84B)
Class org.gradle.internal.time.TimeSource                                             : loaded 2 times (x 68B)
Class org.gradle.api.internal.classpath.UnknownModuleException                        : loaded 2 times (x 80B)
Class org.gradle.internal.service.ServiceLookupException                              : loaded 2 times (x 80B)
Class org.gradle.cache.GlobalCache                                                    : loaded 2 times (x 68B)
Class [Lorg.gradle.api.internal.ClassPathProvider;                                    : loaded 2 times (x 67B)
Class org.gradle.internal.operations.MultipleBuildOperationFailures                   : loaded 2 times (x 85B)
Class org.gradle.util.internal.GUtil                                                  : loaded 2 times (x 69B)
Class org.gradle.internal.classloader.ClassLoaderSpec                                 : loaded 2 times (x 69B)
Class org.gradle.internal.classloader.VisitableURLClassLoader                         : loaded 2 times (x 114B)
Class org.gradle.internal.Cast                                                        : loaded 2 times (x 69B)
Class org.gradle.api.internal.ClassPathRegistry                                       : loaded 2 times (x 68B)
Class org.gradle.internal.classloader.ClassLoaderHierarchy                            : loaded 2 times (x 68B)
Class org.gradle.internal.exceptions.MultiCauseException                              : loaded 2 times (x 68B)
Class org.gradle.internal.service.ServiceLocator                                      : loaded 2 times (x 68B)
Class org.gradle.internal.classpath.DefaultClassPath$ImmutableUniqueList              : loaded 2 times (x 159B)
Class org.gradle.internal.time.DefaultTimer                                           : loaded 2 times (x 78B)


---------------  S Y S T E M  ---------------

OS:
 Windows Server 2019 , 64 bit Build 17763 (10.0.17763.4974)
OS uptime: 0 days 23:57 hours

CPU: total 2 (initial active 2) (2 cores per cpu, 1 threads per core) family 6 model 85 stepping 7 microcode 0x0, cx8, cmov, fxsr, mmx, 3dnowpref, sse, sse2, sse3, ssse3, sse4.1, sse4.2, popcnt, lzcnt, tsc, tscinvbit, avx, avx2, aes, erms, clmul, bmi1, bmi2, rtm, avx512f, avx512cd, fma, vzeroupper, clflush, hv

Memory: 4k page, system-wide physical 2046M (91M free)
TotalPageFile size 8190M (AvailPageFile size 8M)
current process WorkingSet (physical memory assigned to process): 227M, peak: 229M
current process commit charge ("private bytes"): 316M, peak: 322M

vm_info: OpenJDK 64-Bit Server VM (17.0.7+0-b2043.56-10550314) for windows-amd64 JRE (17.0.7+0-b2043.56-10550314), built on Jul 24 2023 18:27:45 by "androidbuild" with MS VC++ 16.10 / 16.11 (VS2019)

END.
