#
# There is insufficient memory for the Java Runtime Environment to continue.
# Native memory allocation (mmap) failed to map 65536 bytes for Failed to commit metaspace.
# Possible reasons:
#   The system is out of physical RAM or swap space
#   The process is running with CompressedOops enabled, and the Java Heap may be blocking the growth of the native heap
# Possible solutions:
#   Reduce memory load on the system
#   Increase physical memory or swap space
#   Check if swap backing store is full
#   Decrease Java heap size (-Xmx/-Xms)
#   Decrease number of Java threads
#   Decrease Java thread stack sizes (-Xss)
#   Set larger code cache with -XX:ReservedCodeCacheSize=
#   JVM is running with Unscaled Compressed Oops mode in which the Java heap is
#     placed in the first 4GB address space. The Java Heap base address is the
#     maximum limit for the native heap growth. Please use -XX:HeapBaseMinAddress
#     to set the Java Heap base and to place the Java Heap above 4GB virtual address.
# This output file may be truncated or incomplete.
#
#  Out of Memory Error (virtualSpaceNode.cpp:110), pid=1748, tid=6852
#
# JRE version: OpenJDK Runtime Environment (17.0.7) (build 17.0.7+0-b2043.56-10550314)
# Java VM: OpenJDK 64-Bit Server VM (17.0.7+0-b2043.56-10550314, mixed mode, tiered, compressed oops, compressed class ptrs, g1 gc, windows-amd64)
# Core dump will be written. Default location: C:\Users\Administrator\AndroidStudioProjects\CPEVPN\hs_err_pid1748.mdmp
#

---------------  S U M M A R Y ------------

Command Line: --add-opens=java.base/java.util=ALL-UNNAMED --add-opens=java.base/java.lang=ALL-UNNAMED --add-opens=java.base/java.lang.invoke=ALL-UNNAMED --add-opens=java.prefs/java.util.prefs=ALL-UNNAMED --add-opens=java.base/java.nio.charset=ALL-UNNAMED --add-opens=java.base/java.net=ALL-UNNAMED --add-opens=java.base/java.util.concurrent.atomic=ALL-UNNAMED -Xmx2048m -Dfile.encoding=UTF-8 -Duser.country=US -Duser.language=en -Duser.variant org.gradle.launcher.daemon.bootstrap.GradleDaemon 7.6.2

Host: Intel(R) Xeon(R) Gold 6226R CPU @ 2.90GHz, 2 cores, 1G,  Windows Server 2019 , 64 bit Build 17763 (10.0.17763.4974)
Time: Tue Feb 13 09:41:35 2024 Pacific Standard Time elapsed time: 6.918054 seconds (0d 0h 0m 6s)

---------------  T H R E A D  ---------------

Current thread (0x00000288daefc880):  JavaThread "Daemon worker" [_thread_in_vm, id=6852, stack(0x000000e42f700000,0x000000e42f800000)]

Stack: [0x000000e42f700000,0x000000e42f800000]
Native frames: (J=compiled Java code, j=interpreted, Vv=VM code, C=native code)
V  [jvm.dll+0x683bfa]
V  [jvm.dll+0x8430a4]
V  [jvm.dll+0x8449be]
V  [jvm.dll+0x845023]
V  [jvm.dll+0x24ad2f]
V  [jvm.dll+0x83e45b]
V  [jvm.dll+0x6281e6]
V  [jvm.dll+0x1c29ee]
V  [jvm.dll+0x62ab31]
V  [jvm.dll+0x628b86]
V  [jvm.dll+0x372362]
V  [jvm.dll+0x1e66ab]
V  [jvm.dll+0x54a206]
V  [jvm.dll+0x7bd775]
V  [jvm.dll+0x7bd88e]
V  [jvm.dll+0x413a8a]
V  [jvm.dll+0x419c09]
C  [java.dll+0x17ec]

Java frames: (J=compiled Java code, j=interpreted, Vv=VM code)
J 743  java.lang.ClassLoader.defineClass1(Ljava/lang/ClassLoader;Ljava/lang/String;[BIILjava/security/ProtectionDomain;Ljava/lang/String;)Ljava/lang/Class; java.base@17.0.7 (0 bytes) @ 0x00000288e76da9db [0x00000288e76da920+0x00000000000000bb]
J 985 c1 java.lang.ClassLoader.defineClass(Ljava/lang/String;[BIILjava/security/ProtectionDomain;)Ljava/lang/Class; java.base@17.0.7 (43 bytes) @ 0x00000288dfda6744 [0x00000288dfda6400+0x0000000000000344]
J 780 c1 java.security.SecureClassLoader.defineClass(Ljava/lang/String;[BIILjava/security/CodeSource;)Ljava/lang/Class; java.base@17.0.7 (16 bytes) @ 0x00000288dfd2190c [0x00000288dfd21840+0x00000000000000cc]
J 978 c1 java.net.URLClassLoader.defineClass(Ljava/lang/String;Ljdk/internal/loader/Resource;)Ljava/lang/Class; java.base@17.0.7 (224 bytes) @ 0x00000288dfd9eaa4 [0x00000288dfd9d0c0+0x00000000000019e4]
J 2561 c1 java.net.URLClassLoader$1.run()Ljava/lang/Class; java.base@17.0.7 (81 bytes) @ 0x00000288e011cc64 [0x00000288e011c020+0x0000000000000c44]
J 2131 c2 java.net.URLClassLoader.findClass(Ljava/lang/String;)Ljava/lang/Class; java.base@17.0.7 (47 bytes) @ 0x00000288e77b6448 [0x00000288e77b6380+0x00000000000000c8]
J 2104 c1 org.gradle.internal.classloader.TransformingClassLoader.findClass(Ljava/lang/String;)Ljava/lang/Class; (203 bytes) @ 0x00000288e001520c [0x00000288e00141e0+0x000000000000102c]
J 2549 c1 java.lang.ClassLoader.loadClass(Ljava/lang/String;Z)Ljava/lang/Class; java.base@17.0.7 (121 bytes) @ 0x00000288e01194a4 [0x00000288e01192c0+0x00000000000001e4]
J 634 c1 java.lang.ClassLoader.loadClass(Ljava/lang/String;)Ljava/lang/Class; java.base@17.0.7 (7 bytes) @ 0x00000288dfcd7dbc [0x00000288dfcd7cc0+0x00000000000000fc]
v  ~StubRoutines::call_stub
j  org.gradle.api.internal.artifacts.DefaultDependencyManagementServices.create(Lorg/gradle/api/internal/file/FileResolver;Lorg/gradle/api/internal/file/FileCollectionFactory;Lorg/gradle/api/internal/artifacts/configurations/DependencyMetaDataProvider;Lorg/gradle/api/internal/artifacts/dsl/dependencies/ProjectFinder;Lorg/gradle/api/internal/DomainObjectContext;)Lorg/gradle/api/internal/artifacts/DependencyResolutionServices;+83
j  org.gradle.api.internal.initialization.DefaultScriptHandlerFactory.create(Lorg/gradle/groovy/scripts/ScriptSource;Lorg/gradle/api/internal/initialization/ClassLoaderScope;Lorg/gradle/api/internal/DomainObjectContext;)Lorg/gradle/api/internal/initialization/ScriptHandlerInternal;+21
j  org.gradle.api.internal.initialization.DefaultScriptHandlerFactory.create(Lorg/gradle/groovy/scripts/ScriptSource;Lorg/gradle/api/internal/initialization/ClassLoaderScope;)Lorg/gradle/api/internal/initialization/ScriptHandlerInternal;+6
j  org.gradle.configuration.DefaultInitScriptProcessor.process(Lorg/gradle/groovy/scripts/ScriptSource;Lorg/gradle/api/internal/GradleInternal;)V+90
j  org.gradle.initialization.InitScriptHandler$1.run(Lorg/gradle/internal/operations/BuildOperationContext;)V+66
j  org.gradle.internal.operations.DefaultBuildOperationRunner$1.execute(Lorg/gradle/internal/operations/RunnableBuildOperation;Lorg/gradle/internal/operations/BuildOperationContext;)V+2
j  org.gradle.internal.operations.DefaultBuildOperationRunner$1.execute(Lorg/gradle/internal/operations/BuildOperation;Lorg/gradle/internal/operations/BuildOperationContext;)V+6
j  org.gradle.internal.operations.DefaultBuildOperationRunner$2.execute(Lorg/gradle/internal/operations/BuildOperationDescriptor;Lorg/gradle/internal/operations/BuildOperationState;Lorg/gradle/internal/operations/BuildOperationState;Lorg/gradle/internal/operations/DefaultBuildOperationRunner$ReadableBuildOperationContext;Lorg/gradle/internal/operations/DefaultBuildOperationRunner$BuildOperationExecutionListener;)Lorg/gradle/internal/operations/BuildOperation;+22
j  org.gradle.internal.operations.DefaultBuildOperationRunner$2.execute(Lorg/gradle/internal/operations/BuildOperationDescriptor;Lorg/gradle/internal/operations/BuildOperationState;Lorg/gradle/internal/operations/BuildOperationState;Lorg/gradle/internal/operations/DefaultBuildOperationRunner$ReadableBuildOperationContext;Lorg/gradle/internal/operations/DefaultBuildOperationRunner$BuildOperationExecutionListener;)Ljava/lang/Object;+8
j  org.gradle.internal.operations.DefaultBuildOperationRunner.execute(Lorg/gradle/internal/operations/BuildOperationDescriptor$Builder;Lorg/gradle/internal/operations/BuildOperationState;Lorg/gradle/internal/operations/DefaultBuildOperationRunner$BuildOperationExecution;)Ljava/lang/Object;+141
j  org.gradle.internal.operations.DefaultBuildOperationRunner.execute(Lorg/gradle/internal/operations/BuildOperation;Lorg/gradle/internal/operations/BuildOperationWorker;Lorg/gradle/internal/operations/BuildOperationState;)V+18
j  org.gradle.internal.operations.DefaultBuildOperationRunner.run(Lorg/gradle/internal/operations/RunnableBuildOperation;)V+9
j  org.gradle.internal.operations.DefaultBuildOperationExecutor.run(Lorg/gradle/internal/operations/RunnableBuildOperation;)V+5
j  org.gradle.initialization.InitScriptHandler.executeScripts(Lorg/gradle/api/internal/GradleInternal;)V+34
j  org.gradle.initialization.InitScriptHandlingSettingsLoader.findAndLoadSettings(Lorg/gradle/api/internal/GradleInternal;)Lorg/gradle/api/internal/SettingsInternal;+5
j  org.gradle.initialization.GradlePropertiesHandlingSettingsLoader.findAndLoadSettings(Lorg/gradle/api/internal/GradleInternal;)Lorg/gradle/api/internal/SettingsInternal;+39
j  org.gradle.initialization.DefaultSettingsPreparer.prepareSettings(Lorg/gradle/api/internal/GradleInternal;)V+33
j  org.gradle.initialization.BuildOperationFiringSettingsPreparer$LoadBuild.doLoadBuild()V+11
j  org.gradle.initialization.BuildOperationFiringSettingsPreparer$LoadBuild.run(Lorg/gradle/internal/operations/BuildOperationContext;)V+1
j  org.gradle.internal.operations.DefaultBuildOperationRunner$1.execute(Lorg/gradle/internal/operations/RunnableBuildOperation;Lorg/gradle/internal/operations/BuildOperationContext;)V+2
j  org.gradle.internal.operations.DefaultBuildOperationRunner$1.execute(Lorg/gradle/internal/operations/BuildOperation;Lorg/gradle/internal/operations/BuildOperationContext;)V+6
j  org.gradle.internal.operations.DefaultBuildOperationRunner$2.execute(Lorg/gradle/internal/operations/BuildOperationDescriptor;Lorg/gradle/internal/operations/BuildOperationState;Lorg/gradle/internal/operations/BuildOperationState;Lorg/gradle/internal/operations/DefaultBuildOperationRunner$ReadableBuildOperationContext;Lorg/gradle/internal/operations/DefaultBuildOperationRunner$BuildOperationExecutionListener;)Lorg/gradle/internal/operations/BuildOperation;+22
j  org.gradle.internal.operations.DefaultBuildOperationRunner$2.execute(Lorg/gradle/internal/operations/BuildOperationDescriptor;Lorg/gradle/internal/operations/BuildOperationState;Lorg/gradle/internal/operations/BuildOperationState;Lorg/gradle/internal/operations/DefaultBuildOperationRunner$ReadableBuildOperationContext;Lorg/gradle/internal/operations/DefaultBuildOperationRunner$BuildOperationExecutionListener;)Ljava/lang/Object;+8
j  org.gradle.internal.operations.DefaultBuildOperationRunner.execute(Lorg/gradle/internal/operations/BuildOperationDescriptor$Builder;Lorg/gradle/internal/operations/BuildOperationState;Lorg/gradle/internal/operations/DefaultBuildOperationRunner$BuildOperationExecution;)Ljava/lang/Object;+141
j  org.gradle.internal.operations.DefaultBuildOperationRunner.execute(Lorg/gradle/internal/operations/BuildOperation;Lorg/gradle/internal/operations/BuildOperationWorker;Lorg/gradle/internal/operations/BuildOperationState;)V+18
j  org.gradle.internal.operations.DefaultBuildOperationRunner.run(Lorg/gradle/internal/operations/RunnableBuildOperation;)V+9
j  org.gradle.internal.operations.DefaultBuildOperationExecutor.run(Lorg/gradle/internal/operations/RunnableBuildOperation;)V+5
j  org.gradle.initialization.BuildOperationFiringSettingsPreparer.prepareSettings(Lorg/gradle/api/internal/GradleInternal;)V+13
j  org.gradle.initialization.VintageBuildModelController.lambda$prepareSettings$1()V+8
j  org.gradle.initialization.VintageBuildModelController$$Lambda$293+0x0000000100446210.run()V+4
j  org.gradle.internal.model.StateTransitionController.lambda$doTransition$12(Ljava/lang/Runnable;)Lorg/gradle/internal/build/ExecutionResult;+1
j  org.gradle.internal.model.StateTransitionController$$Lambda$295+0x00000001004466a0.get()Ljava/lang/Object;+4
j  org.gradle.internal.model.StateTransitionController.doTransition(Lorg/gradle/internal/model/StateTransitionController$State;Lorg/gradle/internal/model/StateTransitionController$State;Ljava/util/function/Supplier;)Lorg/gradle/internal/build/ExecutionResult;+24
j  org.gradle.internal.model.StateTransitionController.doTransition(Lorg/gradle/internal/model/StateTransitionController$State;Lorg/gradle/internal/model/StateTransitionController$State;Ljava/lang/Runnable;)V+9
j  org.gradle.internal.model.StateTransitionController.lambda$transitionIfNotPreviously$10(Lorg/gradle/internal/model/StateTransitionController$State;Lorg/gradle/internal/model/StateTransitionController$State;Ljava/lang/Runnable;)V+16
j  org.gradle.internal.model.StateTransitionController$$Lambda$294+0x0000000100446458.run()V+16
j  org.gradle.internal.work.DefaultSynchronizer.withLock(Ljava/lang/Runnable;)V+6
j  org.gradle.internal.model.StateTransitionController.transitionIfNotPreviously(Lorg/gradle/internal/model/StateTransitionController$State;Lorg/gradle/internal/model/StateTransitionController$State;Ljava/lang/Runnable;)V+13
j  org.gradle.initialization.VintageBuildModelController.prepareSettings()V+16
j  org.gradle.initialization.VintageBuildModelController.getLoadedSettings()Lorg/gradle/api/internal/SettingsInternal;+1
j  org.gradle.internal.build.DefaultBuildLifecycleController$$Lambda$291+0x0000000100445d80.get()Ljava/lang/Object;+4
j  org.gradle.internal.model.StateTransitionController.lambda$notInState$3(Lorg/gradle/internal/model/StateTransitionController$State;Ljava/util/function/Supplier;)Ljava/lang/Object;+11
j  org.gradle.internal.model.StateTransitionController$$Lambda$292+0x0000000100445fc8.create()Ljava/lang/Object;+12
j  org.gradle.internal.work.DefaultSynchronizer.withLock(Lorg/gradle/internal/Factory;)Ljava/lang/Object;+6
j  org.gradle.internal.model.StateTransitionController.notInState(Lorg/gradle/internal/model/StateTransitionController$State;Ljava/util/function/Supplier;)Ljava/lang/Object;+12
j  org.gradle.internal.build.DefaultBuildLifecycleController.loadSettings()V+21
j  org.gradle.internal.build.AbstractBuildState.ensureProjectsLoaded()V+4
j  org.gradle.plugins.ide.internal.tooling.GradleBuildBuilder.create(Lorg/gradle/internal/build/BuildState;)Lorg/gradle/plugins/ide/internal/tooling/model/DefaultGradleBuild;+1
j  org.gradle.plugins.ide.internal.tooling.GradleBuildBuilder.create(Lorg/gradle/internal/build/BuildState;)Ljava/lang/Object;+2
j  org.gradle.tooling.provider.model.internal.DefaultToolingModelBuilderRegistry$BuildScopedBuilder.build(Ljava/lang/Object;)Ljava/lang/Object;+8
j  org.gradle.tooling.provider.model.internal.DefaultToolingModelBuilderRegistry$BuildOperationWrappingBuilder$1.call(Lorg/gradle/internal/operations/BuildOperationContext;)Ljava/lang/Object;+11
j  org.gradle.internal.operations.DefaultBuildOperationRunner$CallableBuildOperationWorker.execute(Lorg/gradle/internal/operations/CallableBuildOperation;Lorg/gradle/internal/operations/BuildOperationContext;)V+3
j  org.gradle.internal.operations.DefaultBuildOperationRunner$CallableBuildOperationWorker.execute(Lorg/gradle/internal/operations/BuildOperation;Lorg/gradle/internal/operations/BuildOperationContext;)V+6
j  org.gradle.internal.operations.DefaultBuildOperationRunner$2.execute(Lorg/gradle/internal/operations/BuildOperationDescriptor;Lorg/gradle/internal/operations/BuildOperationState;Lorg/gradle/internal/operations/BuildOperationState;Lorg/gradle/internal/operations/DefaultBuildOperationRunner$ReadableBuildOperationContext;Lorg/gradle/internal/operations/DefaultBuildOperationRunner$BuildOperationExecutionListener;)Lorg/gradle/internal/operations/BuildOperation;+22
j  org.gradle.internal.operations.DefaultBuildOperationRunner$2.execute(Lorg/gradle/internal/operations/BuildOperationDescriptor;Lorg/gradle/internal/operations/BuildOperationState;Lorg/gradle/internal/operations/BuildOperationState;Lorg/gradle/internal/operations/DefaultBuildOperationRunner$ReadableBuildOperationContext;Lorg/gradle/internal/operations/DefaultBuildOperationRunner$BuildOperationExecutionListener;)Ljava/lang/Object;+8
j  org.gradle.internal.operations.DefaultBuildOperationRunner.execute(Lorg/gradle/internal/operations/BuildOperationDescriptor$Builder;Lorg/gradle/internal/operations/BuildOperationState;Lorg/gradle/internal/operations/DefaultBuildOperationRunner$BuildOperationExecution;)Ljava/lang/Object;+141
j  org.gradle.internal.operations.DefaultBuildOperationRunner.execute(Lorg/gradle/internal/operations/BuildOperation;Lorg/gradle/internal/operations/BuildOperationWorker;Lorg/gradle/internal/operations/BuildOperationState;)V+18
j  org.gradle.internal.operations.DefaultBuildOperationRunner.call(Lorg/gradle/internal/operations/CallableBuildOperation;)Ljava/lang/Object;+16
j  org.gradle.internal.operations.DefaultBuildOperationExecutor.call(Lorg/gradle/internal/operations/CallableBuildOperation;)Ljava/lang/Object;+5
j  org.gradle.tooling.provider.model.internal.DefaultToolingModelBuilderRegistry$BuildOperationWrappingBuilder.build(Ljava/lang/Object;)Ljava/lang/Object;+13
j  org.gradle.internal.build.DefaultBuildToolingModelController$AbstractToolingScope.getModel(Ljava/lang/String;Ljava/util/function/Function;)Ljava/lang/Object;+11
j  org.gradle.tooling.internal.provider.runner.DefaultBuildController.getModel(Ljava/lang/Object;Lorg/gradle/tooling/internal/protocol/ModelIdentifier;Ljava/lang/Object;)Lorg/gradle/tooling/internal/protocol/BuildResult;+72
j  org.gradle.tooling.internal.consumer.connection.ParameterAwareBuildControllerAdapter.getModel(Ljava/lang/Object;Lorg/gradle/tooling/internal/protocol/ModelIdentifier;Ljava/lang/Object;)Lorg/gradle/tooling/internal/protocol/BuildResult;+7
j  org.gradle.tooling.internal.consumer.connection.UnparameterizedBuildController.getModel(Lorg/gradle/tooling/model/Model;Ljava/lang/Class;Ljava/lang/Class;Lorg/gradle/api/Action;)Ljava/lang/Object;+44
j  org.gradle.tooling.internal.consumer.connection.NestedActionAwareBuildControllerAdapter.getModel(Lorg/gradle/tooling/model/Model;Ljava/lang/Class;Ljava/lang/Class;Lorg/gradle/api/Action;)Ljava/lang/Object;+6
j  org.gradle.tooling.internal.consumer.connection.UnparameterizedBuildController.getModel(Lorg/gradle/tooling/model/Model;Ljava/lang/Class;)Ljava/lang/Object;+5
j  org.gradle.tooling.internal.consumer.connection.NestedActionAwareBuildControllerAdapter.getModel(Lorg/gradle/tooling/model/Model;Ljava/lang/Class;)Ljava/lang/Object;+3
j  org.gradle.tooling.internal.consumer.connection.UnparameterizedBuildController.getBuildModel()Lorg/gradle/tooling/model/gradle/GradleBuild;+4
j  org.gradle.tooling.internal.consumer.connection.NestedActionAwareBuildControllerAdapter.getBuildModel()Lorg/gradle/tooling/model/gradle/GradleBuild;+1
j  org.jetbrains.plugins.gradle.model.ProjectImportAction.execute(Lorg/gradle/tooling/BuildController;)Lorg/jetbrains/plugins/gradle/model/ProjectImportAction$AllModels;+96
j  org.jetbrains.plugins.gradle.model.ProjectImportAction.execute(Lorg/gradle/tooling/BuildController;)Ljava/lang/Object;+2
j  org.gradle.tooling.internal.consumer.connection.InternalBuildActionAdapter.execute(Lorg/gradle/tooling/internal/protocol/InternalBuildControllerVersion2;)Ljava/lang/Object;+11
j  org.gradle.tooling.internal.provider.runner.AbstractClientProvidedBuildActionRunner$ActionAdapter.runAction(Lorg/gradle/internal/buildtree/BuildTreeModelController;Ljava/lang/Object;Lorg/gradle/tooling/internal/protocol/PhasedActionResult$Phase;)Lorg/gradle/tooling/internal/provider/serialization/SerializedPayload;+39
j  org.gradle.tooling.internal.provider.runner.AbstractClientProvidedBuildActionRunner$ActionAdapter.beforeTasks(Lorg/gradle/internal/buildtree/BuildTreeModelController;)V+15
j  org.gradle.internal.buildtree.DefaultBuildTreeModelCreator.beforeTasks(Lorg/gradle/internal/buildtree/BuildTreeModelAction;)V+10
j  org.gradle.internal.buildtree.DefaultBuildTreeLifecycleController.lambda$fromBuildModel$2(Lorg/gradle/internal/buildtree/BuildTreeModelAction;Z)Lorg/gradle/internal/build/ExecutionResult;+5
j  org.gradle.internal.buildtree.DefaultBuildTreeLifecycleController$$Lambda$285+0x00000001004137f8.get()Ljava/lang/Object;+12
j  org.gradle.internal.buildtree.DefaultBuildTreeLifecycleController.lambda$runBuild$5(Ljava/util/function/Supplier;)Ljava/lang/Object;+1
j  org.gradle.internal.buildtree.DefaultBuildTreeLifecycleController$$Lambda$286+0x0000000100413a40.get()Ljava/lang/Object;+8
j  org.gradle.internal.model.StateTransitionController.lambda$transition$5(Ljava/util/function/Supplier;)Lorg/gradle/internal/build/ExecutionResult;+1
j  org.gradle.internal.model.StateTransitionController$$Lambda$288+0x000000010042f000.get()Ljava/lang/Object;+4
j  org.gradle.internal.model.StateTransitionController.doTransition(Lorg/gradle/internal/model/StateTransitionController$State;Lorg/gradle/internal/model/StateTransitionController$State;Ljava/util/function/Supplier;)Lorg/gradle/internal/build/ExecutionResult;+24
j  org.gradle.internal.model.StateTransitionController.lambda$transition$6(Lorg/gradle/internal/model/StateTransitionController$State;Lorg/gradle/internal/model/StateTransitionController$State;Ljava/util/function/Supplier;)Ljava/lang/Object;+9
j  org.gradle.internal.model.StateTransitionController$$Lambda$287+0x0000000100413c88.create()Ljava/lang/Object;+16
j  org.gradle.internal.work.DefaultSynchronizer.withLock(Lorg/gradle/internal/Factory;)Ljava/lang/Object;+6
j  org.gradle.internal.model.StateTransitionController.transition(Lorg/gradle/internal/model/StateTransitionController$State;Lorg/gradle/internal/model/StateTransitionController$State;Ljava/util/function/Supplier;)Ljava/lang/Object;+13
j  org.gradle.internal.buildtree.DefaultBuildTreeLifecycleController.runBuild(Ljava/util/function/Supplier;)Ljava/lang/Object;+17
j  org.gradle.internal.buildtree.DefaultBuildTreeLifecycleController.fromBuildModel(ZLorg/gradle/internal/buildtree/BuildTreeModelAction;)Ljava/lang/Object;+9
j  org.gradle.tooling.internal.provider.runner.AbstractClientProvidedBuildActionRunner.runClientAction(Lorg/gradle/tooling/internal/provider/runner/AbstractClientProvidedBuildActionRunner$ClientAction;Lorg/gradle/internal/buildtree/BuildTreeLifecycleController;)Lorg/gradle/internal/buildtree/BuildActionRunner$Result;+22
j  org.gradle.tooling.internal.provider.runner.ClientProvidedPhasedActionRunner.run(Lorg/gradle/internal/invocation/BuildAction;Lorg/gradle/internal/buildtree/BuildTreeLifecycleController;)Lorg/gradle/internal/buildtree/BuildActionRunner$Result;+45
j  org.gradle.launcher.exec.ChainingBuildActionRunner.run(Lorg/gradle/internal/invocation/BuildAction;Lorg/gradle/internal/buildtree/BuildTreeLifecycleController;)Lorg/gradle/internal/buildtree/BuildActionRunner$Result;+34
j  org.gradle.internal.buildtree.ProblemReportingBuildActionRunner.run(Lorg/gradle/internal/invocation/BuildAction;Lorg/gradle/internal/buildtree/BuildTreeLifecycleController;)Lorg/gradle/internal/buildtree/BuildActionRunner$Result;+12
j  org.gradle.launcher.exec.BuildOutcomeReportingBuildActionRunner.run(Lorg/gradle/internal/invocation/BuildAction;Lorg/gradle/internal/buildtree/BuildTreeLifecycleController;)Lorg/gradle/internal/buildtree/BuildActionRunner$Result;+69
j  org.gradle.tooling.internal.provider.FileSystemWatchingBuildActionRunner.run(Lorg/gradle/internal/invocation/BuildAction;Lorg/gradle/internal/buildtree/BuildTreeLifecycleController;)Lorg/gradle/internal/buildtree/BuildActionRunner$Result;+331
j  org.gradle.launcher.exec.BuildCompletionNotifyingBuildActionRunner.run(Lorg/gradle/internal/invocation/BuildAction;Lorg/gradle/internal/buildtree/BuildTreeLifecycleController;)Lorg/gradle/internal/buildtree/BuildActionRunner$Result;+6
j  org.gradle.launcher.exec.RootBuildLifecycleBuildActionExecutor.lambda$execute$0(Lorg/gradle/internal/invocation/BuildAction;Lorg/gradle/internal/buildtree/BuildTreeLifecycleController;)Lorg/gradle/internal/buildtree/BuildActionRunner$Result;+6
j  org.gradle.launcher.exec.RootBuildLifecycleBuildActionExecutor$$Lambda$194+0x00000001003df5e8.apply(Ljava/lang/Object;)Ljava/lang/Object;+12
j  org.gradle.composite.internal.DefaultRootBuildState.run(Ljava/util/function/Function;)Ljava/lang/Object;+87
j  org.gradle.launcher.exec.RootBuildLifecycleBuildActionExecutor.execute(Lorg/gradle/internal/invocation/BuildAction;Lorg/gradle/internal/buildtree/BuildTreeContext;)Lorg/gradle/internal/buildtree/BuildActionRunner$Result;+28
j  org.gradle.internal.buildtree.DefaultBuildTreeContext.execute(Lorg/gradle/internal/invocation/BuildAction;)Lorg/gradle/internal/buildtree/BuildActionRunner$Result;+64
j  org.gradle.launcher.exec.BuildTreeLifecycleBuildActionExecutor.lambda$execute$0(Lorg/gradle/internal/invocation/BuildAction;Lorg/gradle/internal/buildtree/BuildTreeContext;)Lorg/gradle/internal/buildtree/BuildActionRunner$Result;+2
j  org.gradle.launcher.exec.BuildTreeLifecycleBuildActionExecutor$$Lambda$121+0x00000001002f7bb0.apply(Ljava/lang/Object;)Ljava/lang/Object;+8
j  org.gradle.internal.buildtree.BuildTreeState.run(Ljava/util/function/Function;)Ljava/lang/Object;+5
j  org.gradle.launcher.exec.BuildTreeLifecycleBuildActionExecutor.execute(Lorg/gradle/internal/invocation/BuildAction;Lorg/gradle/internal/session/BuildSessionContext;)Lorg/gradle/internal/buildtree/BuildActionRunner$Result;+181
j  org.gradle.launcher.exec.RunAsBuildOperationBuildActionExecutor$3.call(Lorg/gradle/internal/operations/BuildOperationContext;)Lorg/gradle/internal/buildtree/BuildActionRunner$Result;+25
j  org.gradle.launcher.exec.RunAsBuildOperationBuildActionExecutor$3.call(Lorg/gradle/internal/operations/BuildOperationContext;)Ljava/lang/Object;+2
j  org.gradle.internal.operations.DefaultBuildOperationRunner$CallableBuildOperationWorker.execute(Lorg/gradle/internal/operations/CallableBuildOperation;Lorg/gradle/internal/operations/BuildOperationContext;)V+3
j  org.gradle.internal.operations.DefaultBuildOperationRunner$CallableBuildOperationWorker.execute(Lorg/gradle/internal/operations/BuildOperation;Lorg/gradle/internal/operations/BuildOperationContext;)V+6
j  org.gradle.internal.operations.DefaultBuildOperationRunner$2.execute(Lorg/gradle/internal/operations/BuildOperationDescriptor;Lorg/gradle/internal/operations/BuildOperationState;Lorg/gradle/internal/operations/BuildOperationState;Lorg/gradle/internal/operations/DefaultBuildOperationRunner$ReadableBuildOperationContext;Lorg/gradle/internal/operations/DefaultBuildOperationRunner$BuildOperationExecutionListener;)Lorg/gradle/internal/operations/BuildOperation;+22
j  org.gradle.internal.operations.DefaultBuildOperationRunner$2.execute(Lorg/gradle/internal/operations/BuildOperationDescriptor;Lorg/gradle/internal/operations/BuildOperationState;Lorg/gradle/internal/operations/BuildOperationState;Lorg/gradle/internal/operations/DefaultBuildOperationRunner$ReadableBuildOperationContext;Lorg/gradle/internal/operations/DefaultBuildOperationRunner$BuildOperationExecutionListener;)Ljava/lang/Object;+8
j  org.gradle.internal.operations.DefaultBuildOperationRunner.execute(Lorg/gradle/internal/operations/BuildOperationDescriptor$Builder;Lorg/gradle/internal/operations/BuildOperationState;Lorg/gradle/internal/operations/DefaultBuildOperationRunner$BuildOperationExecution;)Ljava/lang/Object;+141
j  org.gradle.internal.operations.DefaultBuildOperationRunner.execute(Lorg/gradle/internal/operations/BuildOperation;Lorg/gradle/internal/operations/BuildOperationWorker;Lorg/gradle/internal/operations/BuildOperationState;)V+18
j  org.gradle.internal.operations.DefaultBuildOperationRunner.call(Lorg/gradle/internal/operations/CallableBuildOperation;)Ljava/lang/Object;+16
j  org.gradle.internal.operations.DefaultBuildOperationExecutor.call(Lorg/gradle/internal/operations/CallableBuildOperation;)Ljava/lang/Object;+5
j  org.gradle.launcher.exec.RunAsBuildOperationBuildActionExecutor.execute(Lorg/gradle/internal/invocation/BuildAction;Lorg/gradle/internal/session/BuildSessionContext;)Lorg/gradle/internal/buildtree/BuildActionRunner$Result;+23
j  org.gradle.launcher.exec.RunAsWorkerThreadBuildActionExecutor.lambda$execute$0(Lorg/gradle/internal/invocation/BuildAction;Lorg/gradle/internal/session/BuildSessionContext;)Lorg/gradle/internal/buildtree/BuildActionRunner$Result;+6
j  org.gradle.launcher.exec.RunAsWorkerThreadBuildActionExecutor$$Lambda$120+0x00000001002deca8.create()Ljava/lang/Object;+12
j  org.gradle.internal.work.DefaultWorkerLeaseService.withLocks(Ljava/util/Collection;Lorg/gradle/internal/Factory;)Ljava/lang/Object;+28
j  org.gradle.internal.work.DefaultWorkerLeaseService.runAsWorkerThread(Lorg/gradle/internal/Factory;)Ljava/lang/Object;+33
j  org.gradle.launcher.exec.RunAsWorkerThreadBuildActionExecutor.execute(Lorg/gradle/internal/invocation/BuildAction;Lorg/gradle/internal/session/BuildSessionContext;)Lorg/gradle/internal/buildtree/BuildActionRunner$Result;+12
j  org.gradle.tooling.internal.provider.continuous.ContinuousBuildActionExecutor.execute(Lorg/gradle/internal/invocation/BuildAction;Lorg/gradle/internal/session/BuildSessionContext;)Lorg/gradle/internal/buildtree/BuildActionRunner$Result;+58
j  org.gradle.tooling.internal.provider.SubscribableBuildActionExecutor.execute(Lorg/gradle/internal/invocation/BuildAction;Lorg/gradle/internal/session/BuildSessionContext;)Lorg/gradle/internal/buildtree/BuildActionRunner$Result;+30
j  org.gradle.internal.session.DefaultBuildSessionContext.execute(Lorg/gradle/internal/invocation/BuildAction;)Lorg/gradle/internal/buildtree/BuildActionRunner$Result;+64
j  org.gradle.tooling.internal.provider.BuildSessionLifecycleBuildActionExecuter$ActionImpl.apply(Lorg/gradle/internal/session/BuildSessionContext;)Lorg/gradle/launcher/exec/BuildActionResult;+6
j  org.gradle.tooling.internal.provider.BuildSessionLifecycleBuildActionExecuter$ActionImpl.apply(Ljava/lang/Object;)Ljava/lang/Object;+5
j  org.gradle.internal.session.BuildSessionState.run(Ljava/util/function/Function;)Ljava/lang/Object;+5
j  org.gradle.tooling.internal.provider.BuildSessionLifecycleBuildActionExecuter.execute(Lorg/gradle/internal/invocation/BuildAction;Lorg/gradle/launcher/exec/BuildActionParameters;Lorg/gradle/initialization/BuildRequestContext;)Lorg/gradle/launcher/exec/BuildActionResult;+95
j  org.gradle.tooling.internal.provider.BuildSessionLifecycleBuildActionExecuter.execute(Lorg/gradle/internal/invocation/BuildAction;Ljava/lang/Object;Ljava/lang/Object;)Lorg/gradle/launcher/exec/BuildActionResult;+10
j  org.gradle.tooling.internal.provider.StartParamsValidatingActionExecuter.execute(Lorg/gradle/internal/invocation/BuildAction;Lorg/gradle/launcher/exec/BuildActionParameters;Lorg/gradle/initialization/BuildRequestContext;)Lorg/gradle/launcher/exec/BuildActionResult;+177
j  org.gradle.tooling.internal.provider.StartParamsValidatingActionExecuter.execute(Lorg/gradle/internal/invocation/BuildAction;Ljava/lang/Object;Ljava/lang/Object;)Lorg/gradle/launcher/exec/BuildActionResult;+10
j  org.gradle.tooling.internal.provider.SessionFailureReportingActionExecuter.execute(Lorg/gradle/internal/invocation/BuildAction;Lorg/gradle/launcher/exec/BuildActionParameters;Lorg/gradle/initialization/BuildRequestContext;)Lorg/gradle/launcher/exec/BuildActionResult;+7
j  org.gradle.tooling.internal.provider.SessionFailureReportingActionExecuter.execute(Lorg/gradle/internal/invocation/BuildAction;Ljava/lang/Object;Ljava/lang/Object;)Lorg/gradle/launcher/exec/BuildActionResult;+10
j  org.gradle.tooling.internal.provider.SetupLoggingActionExecuter.execute(Lorg/gradle/internal/invocation/BuildAction;Lorg/gradle/launcher/exec/BuildActionParameters;Lorg/gradle/initialization/BuildRequestContext;)Lorg/gradle/launcher/exec/BuildActionResult;+50
j  org.gradle.tooling.internal.provider.SetupLoggingActionExecuter.execute(Lorg/gradle/internal/invocation/BuildAction;Ljava/lang/Object;Ljava/lang/Object;)Lorg/gradle/launcher/exec/BuildActionResult;+10
j  org.gradle.launcher.daemon.server.exec.ExecuteBuild.doBuild(Lorg/gradle/launcher/daemon/server/api/DaemonCommandExecution;Lorg/gradle/launcher/daemon/protocol/Build;)V+117
j  org.gradle.launcher.daemon.server.exec.BuildCommandOnly.execute(Lorg/gradle/launcher/daemon/server/api/DaemonCommandExecution;)V+49
j  org.gradle.launcher.daemon.server.api.DaemonCommandExecution.proceed()Z+23
j  org.gradle.launcher.daemon.server.exec.WatchForDisconnection.execute(Lorg/gradle/launcher/daemon/server/api/DaemonCommandExecution;)V+19
j  org.gradle.launcher.daemon.server.api.DaemonCommandExecution.proceed()Z+23
j  org.gradle.launcher.daemon.server.exec.ResetDeprecationLogger.execute(Lorg/gradle/launcher/daemon/server/api/DaemonCommandExecution;)V+7
j  org.gradle.launcher.daemon.server.api.DaemonCommandExecution.proceed()Z+23
j  org.gradle.launcher.daemon.server.exec.RequestStopIfSingleUsedDaemon.execute(Lorg/gradle/launcher/daemon/server/api/DaemonCommandExecution;)V+33
j  org.gradle.launcher.daemon.server.api.DaemonCommandExecution.proceed()Z+23
j  org.gradle.launcher.daemon.server.exec.ForwardClientInput$2.create()Ljava/lang/Void;+4
j  org.gradle.launcher.daemon.server.exec.ForwardClientInput$2.create()Ljava/lang/Object;+1
j  org.gradle.util.internal.Swapper.swap(Ljava/lang/Object;Lorg/gradle/internal/Factory;)Ljava/lang/Object;+21
j  org.gradle.launcher.daemon.server.exec.ForwardClientInput.execute(Lorg/gradle/launcher/daemon/server/api/DaemonCommandExecution;)V+63
j  org.gradle.launcher.daemon.server.api.DaemonCommandExecution.proceed()Z+23
j  org.gradle.launcher.daemon.server.exec.LogAndCheckHealth.execute(Lorg/gradle/launcher/daemon/server/api/DaemonCommandExecution;)V+28
j  org.gradle.launcher.daemon.server.api.DaemonCommandExecution.proceed()Z+23
j  org.gradle.launcher.daemon.server.exec.LogToClient.doBuild(Lorg/gradle/launcher/daemon/server/api/DaemonCommandExecution;Lorg/gradle/launcher/daemon/protocol/Build;)V+87
j  org.gradle.launcher.daemon.server.exec.BuildCommandOnly.execute(Lorg/gradle/launcher/daemon/server/api/DaemonCommandExecution;)V+49
j  org.gradle.launcher.daemon.server.api.DaemonCommandExecution.proceed()Z+23
j  org.gradle.launcher.daemon.server.exec.EstablishBuildEnvironment.doBuild(Lorg/gradle/launcher/daemon/server/api/DaemonCommandExecution;Lorg/gradle/launcher/daemon/protocol/Build;)V+356
j  org.gradle.launcher.daemon.server.exec.BuildCommandOnly.execute(Lorg/gradle/launcher/daemon/server/api/DaemonCommandExecution;)V+49
j  org.gradle.launcher.daemon.server.api.DaemonCommandExecution.proceed()Z+23
j  org.gradle.launcher.daemon.server.exec.StartBuildOrRespondWithBusy$1.run()V+44
j  org.gradle.launcher.daemon.server.DaemonStateCoordinator$1.run()V+4
j  org.gradle.internal.concurrent.ExecutorPolicy$CatchAndRecordFailures.onExecute(Ljava/lang/Runnable;)V+1
j  org.gradle.internal.concurrent.ManagedExecutorImpl$1.run()V+25
j  java.util.concurrent.ThreadPoolExecutor.runWorker(Ljava/util/concurrent/ThreadPoolExecutor$Worker;)V+92 java.base@17.0.7
j  java.util.concurrent.ThreadPoolExecutor$Worker.run()V+5 java.base@17.0.7
j  java.lang.Thread.run()V+11 java.base@17.0.7
v  ~StubRoutines::call_stub

---------------  P R O C E S S  ---------------

Threads class SMR info:
_java_thread_list=0x00000288fcc706a0, length=29, elements={
0x00000288daf11450, 0x00000288f5fcd0a0, 0x00000288f5fcf870, 0x00000288f6279080,
0x00000288f6279940, 0x00000288f627c630, 0x00000288f627d310, 0x00000288f6029770,
0x00000288f602a480, 0x00000288f603dd90, 0x00000288f63f1f40, 0x00000288f63f4450,
0x00000288daefb540, 0x00000288daefbee0, 0x00000288daefdbc0, 0x00000288daefba10,
0x00000288daefe560, 0x00000288daefc3b0, 0x00000288daefc880, 0x00000288daefcd50,
0x00000288daefd220, 0x00000288daefd6f0, 0x00000288fc6398b0, 0x00000288fc634210,
0x00000288fc637700, 0x00000288fc637230, 0x00000288fc634bb0, 0x00000288fc637bd0,
0x00000288fc635080
}

Java Threads: ( => current thread )
  0x00000288daf11450 JavaThread "main" [_thread_blocked, id=1060, stack(0x000000e42dd00000,0x000000e42de00000)]
  0x00000288f5fcd0a0 JavaThread "Reference Handler" daemon [_thread_blocked, id=9160, stack(0x000000e42e400000,0x000000e42e500000)]
  0x00000288f5fcf870 JavaThread "Finalizer" daemon [_thread_blocked, id=2148, stack(0x000000e42e500000,0x000000e42e600000)]
  0x00000288f6279080 JavaThread "Signal Dispatcher" daemon [_thread_blocked, id=6868, stack(0x000000e42e600000,0x000000e42e700000)]
  0x00000288f6279940 JavaThread "Attach Listener" daemon [_thread_blocked, id=6272, stack(0x000000e42e700000,0x000000e42e800000)]
  0x00000288f627c630 JavaThread "Service Thread" daemon [_thread_blocked, id=5992, stack(0x000000e42e800000,0x000000e42e900000)]
  0x00000288f627d310 JavaThread "Monitor Deflation Thread" daemon [_thread_blocked, id=6132, stack(0x000000e42e900000,0x000000e42ea00000)]
  0x00000288f6029770 JavaThread "C2 CompilerThread0" daemon [_thread_blocked, id=3408, stack(0x000000e42ea00000,0x000000e42eb00000)]
  0x00000288f602a480 JavaThread "C1 CompilerThread0" daemon [_thread_blocked, id=2112, stack(0x000000e42eb00000,0x000000e42ec00000)]
  0x00000288f603dd90 JavaThread "Sweeper thread" daemon [_thread_blocked, id=6612, stack(0x000000e42ec00000,0x000000e42ed00000)]
  0x00000288f63f1f40 JavaThread "Common-Cleaner" daemon [_thread_blocked, id=8448, stack(0x000000e42ed00000,0x000000e42ee00000)]
  0x00000288f63f4450 JavaThread "Notification Thread" daemon [_thread_blocked, id=5680, stack(0x000000e42ee00000,0x000000e42ef00000)]
  0x00000288daefb540 JavaThread "Daemon health stats" [_thread_blocked, id=6044, stack(0x000000e42f100000,0x000000e42f200000)]
  0x00000288daefbee0 JavaThread "Incoming local TCP Connector on port 65534" [_thread_in_native, id=7352, stack(0x000000e42f200000,0x000000e42f300000)]
  0x00000288daefdbc0 JavaThread "Daemon periodic checks" [_thread_blocked, id=4880, stack(0x000000e42f300000,0x000000e42f400000)]
  0x00000288daefba10 JavaThread "Daemon" [_thread_blocked, id=4268, stack(0x000000e42f400000,0x000000e42f500000)]
  0x00000288daefe560 JavaThread "Handler for socket connection from /127.0.0.1:65534 to /127.0.0.1:49152" [_thread_in_native, id=2692, stack(0x000000e42f500000,0x000000e42f600000)]
  0x00000288daefc3b0 JavaThread "Cancel handler" [_thread_blocked, id=8336, stack(0x000000e42f600000,0x000000e42f700000)]
=>0x00000288daefc880 JavaThread "Daemon worker" [_thread_in_vm, id=6852, stack(0x000000e42f700000,0x000000e42f800000)]
  0x00000288daefcd50 JavaThread "Asynchronous log dispatcher for DefaultDaemonConnection: socket connection from /127.0.0.1:65534 to /127.0.0.1:49152" [_thread_blocked, id=4140, stack(0x000000e42f800000,0x000000e42f900000)]
  0x00000288daefd220 JavaThread "Stdin handler" [_thread_blocked, id=5416, stack(0x000000e42f900000,0x000000e42fa00000)]
  0x00000288daefd6f0 JavaThread "Daemon client event forwarder" [_thread_blocked, id=7312, stack(0x000000e42fa00000,0x000000e42fb00000)]
  0x00000288fc6398b0 JavaThread "Cache worker for journal cache (C:\Users\Administrator\.gradle\caches\journal-1)" [_thread_blocked, id=1032, stack(0x000000e42fb00000,0x000000e42fc00000)]
  0x00000288fc634210 JavaThread "File lock request listener" [_thread_in_native, id=8612, stack(0x000000e42fc00000,0x000000e42fd00000)]
  0x00000288fc637700 JavaThread "Cache worker for file hash cache (C:\Users\Administrator\.gradle\caches\7.6.2\fileHashes)" [_thread_blocked, id=5044, stack(0x000000e42fd00000,0x000000e42fe00000)]
  0x00000288fc637230 JavaThread "File watcher server" daemon [_thread_in_native, id=1116, stack(0x000000e42fe00000,0x000000e42ff00000)]
  0x00000288fc634bb0 JavaThread "File watcher consumer" daemon [_thread_blocked, id=6100, stack(0x000000e42ff00000,0x000000e430000000)]
  0x00000288fc637bd0 JavaThread "jar transforms" [_thread_blocked, id=6976, stack(0x000000e430000000,0x000000e430100000)]
  0x00000288fc635080 JavaThread "jar transforms Thread 2" [_thread_blocked, id=8892, stack(0x000000e430100000,0x000000e430200000)]

Other Threads:
  0x00000288f5f6f8a0 VMThread "VM Thread" [stack: 0x000000e42e300000,0x000000e42e400000] [id=6920]
  0x00000288f63f4920 WatcherThread [stack: 0x000000e42ef00000,0x000000e42f000000] [id=8216]
  0x00000288daf6c470 GCTaskThread "GC Thread#0" [stack: 0x000000e42de00000,0x000000e42df00000] [id=8172]
  0x00000288f64ca580 GCTaskThread "GC Thread#1" [stack: 0x000000e42f000000,0x000000e42f100000] [id=6328]
  0x00000288daf7def0 ConcurrentGCThread "G1 Main Marker" [stack: 0x000000e42df00000,0x000000e42e000000] [id=6316]
  0x00000288daf7e880 ConcurrentGCThread "G1 Conc#0" [stack: 0x000000e42e000000,0x000000e42e100000] [id=6840]
  0x00000288dafad810 ConcurrentGCThread "G1 Refine#0" [stack: 0x000000e42e100000,0x000000e42e200000] [id=9192]
  0x00000288dafae140 ConcurrentGCThread "G1 Service" [stack: 0x000000e42e200000,0x000000e42e300000] [id=280]

Threads with active compile tasks:

VM state: not at safepoint (normal execution)

VM Mutex/Monitor currently owned by a thread:  ([mutex/lock_event])
[0x00000288daef5e30] Metaspace_lock - owner thread: 0x00000288daefc880

Heap address: 0x0000000080000000, size: 2048 MB, Compressed Oops mode: 32-bit

CDS archive(s) not mapped
Compressed class space mapped at: 0x0000000100000000-0x0000000140000000, reserved size: 1073741824
Narrow klass base: 0x0000000000000000, Narrow klass shift: 3, Narrow klass range: 0x140000000

GC Precious Log:
 CPUs: 2 total, 2 available
 Memory: 2046M
 Large Page Support: Disabled
 NUMA Support: Disabled
 Compressed Oops: Enabled (32-bit)
 Heap Region Size: 1M
 Heap Min Capacity: 8M
 Heap Initial Capacity: 32M
 Heap Max Capacity: 2G
 Pre-touch: Disabled
 Parallel Workers: 2
 Concurrent Workers: 1
 Concurrent Refinement Workers: 2
 Periodic GC: Disabled

Heap:
 garbage-first heap   total 100352K, used 52700K [0x0000000080000000, 0x0000000100000000)
  region size 1024K, 9 young (9216K), 1 survivors (1024K)
 Metaspace       used 30522K, committed 30848K, reserved 1114112K
  class space    used 4149K, committed 4288K, reserved 1048576K

Heap Regions: E=young(eden), S=young(survivor), O=old, HS=humongous(starts), HC=humongous(continues), CS=collection set, F=free, OA=open archive, CA=closed archive, TAMS=top-at-mark-start (previous, next)
|   0|0x0000000080000000, 0x0000000080100000, 0x0000000080100000|100%| O|  |TAMS 0x0000000080100000, 0x0000000080000000| Untracked 
|   1|0x0000000080100000, 0x0000000080200000, 0x0000000080200000|100%| O|  |TAMS 0x0000000080200000, 0x0000000080100000| Untracked 
|   2|0x0000000080200000, 0x0000000080300000, 0x0000000080300000|100%| O|  |TAMS 0x0000000080300000, 0x0000000080200000| Untracked 
|   3|0x0000000080300000, 0x0000000080400000, 0x0000000080400000|100%|HS|  |TAMS 0x0000000080400000, 0x0000000080300000| Complete 
|   4|0x0000000080400000, 0x0000000080500000, 0x0000000080500000|100%|HC|  |TAMS 0x0000000080500000, 0x0000000080400000| Complete 
|   5|0x0000000080500000, 0x0000000080600000, 0x0000000080600000|100%|HC|  |TAMS 0x0000000080600000, 0x0000000080500000| Complete 
|   6|0x0000000080600000, 0x0000000080700000, 0x0000000080700000|100%| O|  |TAMS 0x0000000080700000, 0x0000000080600000| Untracked 
|   7|0x0000000080700000, 0x0000000080800000, 0x0000000080800000|100%| O|  |TAMS 0x0000000080800000, 0x0000000080700000| Untracked 
|   8|0x0000000080800000, 0x0000000080900000, 0x0000000080900000|100%| O|  |TAMS 0x0000000080900000, 0x0000000080800000| Untracked 
|   9|0x0000000080900000, 0x0000000080a00000, 0x0000000080a00000|100%| O|  |TAMS 0x0000000080a00000, 0x0000000080900000| Untracked 
|  10|0x0000000080a00000, 0x0000000080b00000, 0x0000000080b00000|100%| O|  |TAMS 0x0000000080b00000, 0x0000000080a00000| Untracked 
|  11|0x0000000080b00000, 0x0000000080c00000, 0x0000000080c00000|100%| O|  |TAMS 0x0000000080c00000, 0x0000000080b00000| Untracked 
|  12|0x0000000080c00000, 0x0000000080d00000, 0x0000000080d00000|100%| O|  |TAMS 0x0000000080d00000, 0x0000000080c00000| Untracked 
|  13|0x0000000080d00000, 0x0000000080e00000, 0x0000000080e00000|100%| O|  |TAMS 0x0000000080e00000, 0x0000000080d00000| Untracked 
|  14|0x0000000080e00000, 0x0000000080f00000, 0x0000000080f00000|100%| O|  |TAMS 0x0000000080f00000, 0x0000000080e00000| Untracked 
|  15|0x0000000080f00000, 0x0000000081000000, 0x0000000081000000|100%| O|  |TAMS 0x0000000081000000, 0x0000000080f00000| Untracked 
|  16|0x0000000081000000, 0x0000000081000000, 0x0000000081100000|  0%| F|  |TAMS 0x0000000081000000, 0x0000000081000000| Untracked 
|  17|0x0000000081100000, 0x0000000081200000, 0x0000000081200000|100%| O|  |TAMS 0x0000000081200000, 0x0000000081100000| Untracked 
|  18|0x0000000081200000, 0x0000000081300000, 0x0000000081300000|100%| O|  |TAMS 0x0000000081300000, 0x0000000081200000| Untracked 
|  19|0x0000000081300000, 0x0000000081400000, 0x0000000081400000|100%|HS|  |TAMS 0x0000000081400000, 0x0000000081300000| Complete 
|  20|0x0000000081400000, 0x0000000081500000, 0x0000000081500000|100%|HC|  |TAMS 0x0000000081500000, 0x0000000081400000| Complete 
|  21|0x0000000081500000, 0x0000000081600000, 0x0000000081600000|100%|HS|  |TAMS 0x0000000081600000, 0x0000000081500000| Complete 
|  22|0x0000000081600000, 0x0000000081700000, 0x0000000081700000|100%|HC|  |TAMS 0x0000000081700000, 0x0000000081600000| Complete 
|  23|0x0000000081700000, 0x0000000081800000, 0x0000000081800000|100%|HC|  |TAMS 0x0000000081800000, 0x0000000081700000| Complete 
|  24|0x0000000081800000, 0x0000000081900000, 0x0000000081900000|100%|HS|  |TAMS 0x0000000081900000, 0x0000000081800000| Complete 
|  25|0x0000000081900000, 0x0000000081a00000, 0x0000000081a00000|100%|HC|  |TAMS 0x0000000081a00000, 0x0000000081900000| Complete 
|  26|0x0000000081a00000, 0x0000000081b00000, 0x0000000081b00000|100%|HS|  |TAMS 0x0000000081b00000, 0x0000000081a00000| Complete 
|  27|0x0000000081b00000, 0x0000000081c00000, 0x0000000081c00000|100%|HC|  |TAMS 0x0000000081c00000, 0x0000000081b00000| Complete 
|  28|0x0000000081c00000, 0x0000000081d00000, 0x0000000081d00000|100%|HC|  |TAMS 0x0000000081d00000, 0x0000000081c00000| Complete 
|  29|0x0000000081d00000, 0x0000000081e00000, 0x0000000081e00000|100%|HC|  |TAMS 0x0000000081e00000, 0x0000000081d00000| Complete 
|  30|0x0000000081e00000, 0x0000000081f00000, 0x0000000081f00000|100%|HC|  |TAMS 0x0000000081f00000, 0x0000000081e00000| Complete 
|  31|0x0000000081f00000, 0x0000000082000000, 0x0000000082000000|100%|HC|  |TAMS 0x0000000082000000, 0x0000000081f00000| Complete 
|  32|0x0000000082000000, 0x0000000082100000, 0x0000000082100000|100%|HC|  |TAMS 0x0000000082100000, 0x0000000082000000| Complete 
|  33|0x0000000082100000, 0x0000000082200000, 0x0000000082200000|100%|HC|  |TAMS 0x0000000082200000, 0x0000000082100000| Complete 
|  34|0x0000000082200000, 0x0000000082300000, 0x0000000082300000|100%|HC|  |TAMS 0x0000000082300000, 0x0000000082200000| Complete 
|  35|0x0000000082300000, 0x0000000082400000, 0x0000000082400000|100%|HC|  |TAMS 0x0000000082400000, 0x0000000082300000| Complete 
|  36|0x0000000082400000, 0x0000000082500000, 0x0000000082500000|100%|HC|  |TAMS 0x0000000082500000, 0x0000000082400000| Complete 
|  37|0x0000000082500000, 0x0000000082600000, 0x0000000082600000|100%|HC|  |TAMS 0x0000000082600000, 0x0000000082500000| Complete 
|  38|0x0000000082600000, 0x0000000082700000, 0x0000000082700000|100%|HS|  |TAMS 0x0000000082700000, 0x0000000082600000| Complete 
|  39|0x0000000082700000, 0x0000000082800000, 0x0000000082800000|100%|HC|  |TAMS 0x0000000082800000, 0x0000000082700000| Complete 
|  40|0x0000000082800000, 0x0000000082900000, 0x0000000082900000|100%| O|  |TAMS 0x0000000082900000, 0x0000000082800000| Untracked 
|  41|0x0000000082900000, 0x0000000082900000, 0x0000000082a00000|  0%| F|  |TAMS 0x0000000082900000, 0x0000000082900000| Untracked 
|  42|0x0000000082a00000, 0x0000000082b00000, 0x0000000082b00000|100%| S|CS|TAMS 0x0000000082a00000, 0x0000000082a00000| Complete 
|  43|0x0000000082b00000, 0x0000000082c00000, 0x0000000082c00000|100%| O|  |TAMS 0x0000000082c00000, 0x0000000082b00000| Untracked 
|  44|0x0000000082c00000, 0x0000000082d00000, 0x0000000082d00000|100%| O|  |TAMS 0x0000000082d00000, 0x0000000082c00000| Untracked 
|  45|0x0000000082d00000, 0x0000000082d77200, 0x0000000082e00000| 46%| O|  |TAMS 0x0000000082d42000, 0x0000000082d00000| Untracked 
|  46|0x0000000082e00000, 0x0000000082e00000, 0x0000000082f00000|  0%| F|  |TAMS 0x0000000082e00000, 0x0000000082e00000| Untracked 
|  47|0x0000000082f00000, 0x0000000082f00000, 0x0000000083000000|  0%| F|  |TAMS 0x0000000082f00000, 0x0000000082f00000| Untracked 
|  48|0x0000000083000000, 0x0000000083000000, 0x0000000083100000|  0%| F|  |TAMS 0x0000000083000000, 0x0000000083000000| Untracked 
|  49|0x0000000083100000, 0x0000000083100000, 0x0000000083200000|  0%| F|  |TAMS 0x0000000083100000, 0x0000000083100000| Untracked 
|  50|0x0000000083200000, 0x0000000083200000, 0x0000000083300000|  0%| F|  |TAMS 0x0000000083200000, 0x0000000083200000| Untracked 
|  51|0x0000000083300000, 0x0000000083300000, 0x0000000083400000|  0%| F|  |TAMS 0x0000000083300000, 0x0000000083300000| Untracked 
|  52|0x0000000083400000, 0x0000000083400000, 0x0000000083500000|  0%| F|  |TAMS 0x0000000083400000, 0x0000000083400000| Untracked 
|  53|0x0000000083500000, 0x0000000083500000, 0x0000000083600000|  0%| F|  |TAMS 0x0000000083500000, 0x0000000083500000| Untracked 
|  54|0x0000000083600000, 0x0000000083600000, 0x0000000083700000|  0%| F|  |TAMS 0x0000000083600000, 0x0000000083600000| Untracked 
|  55|0x0000000083700000, 0x0000000083700000, 0x0000000083800000|  0%| F|  |TAMS 0x0000000083700000, 0x0000000083700000| Untracked 
|  56|0x0000000083800000, 0x0000000083800000, 0x0000000083900000|  0%| F|  |TAMS 0x0000000083800000, 0x0000000083800000| Untracked 
|  57|0x0000000083900000, 0x0000000083900000, 0x0000000083a00000|  0%| F|  |TAMS 0x0000000083900000, 0x0000000083900000| Untracked 
|  58|0x0000000083a00000, 0x0000000083a00000, 0x0000000083b00000|  0%| F|  |TAMS 0x0000000083a00000, 0x0000000083a00000| Untracked 
|  59|0x0000000083b00000, 0x0000000083b00000, 0x0000000083c00000|  0%| F|  |TAMS 0x0000000083b00000, 0x0000000083b00000| Untracked 
|  60|0x0000000083c00000, 0x0000000083c00000, 0x0000000083d00000|  0%| F|  |TAMS 0x0000000083c00000, 0x0000000083c00000| Untracked 
|  61|0x0000000083d00000, 0x0000000083d00000, 0x0000000083e00000|  0%| F|  |TAMS 0x0000000083d00000, 0x0000000083d00000| Untracked 
|  62|0x0000000083e00000, 0x0000000083e00000, 0x0000000083f00000|  0%| F|  |TAMS 0x0000000083e00000, 0x0000000083e00000| Untracked 
|  63|0x0000000083f00000, 0x0000000083f00000, 0x0000000084000000|  0%| F|  |TAMS 0x0000000083f00000, 0x0000000083f00000| Untracked 
|  64|0x0000000084000000, 0x0000000084000000, 0x0000000084100000|  0%| F|  |TAMS 0x0000000084000000, 0x0000000084000000| Untracked 
|  65|0x0000000084100000, 0x0000000084100000, 0x0000000084200000|  0%| F|  |TAMS 0x0000000084100000, 0x0000000084100000| Untracked 
|  66|0x0000000084200000, 0x0000000084200000, 0x0000000084300000|  0%| F|  |TAMS 0x0000000084200000, 0x0000000084200000| Untracked 
|  67|0x0000000084300000, 0x0000000084300000, 0x0000000084400000|  0%| F|  |TAMS 0x0000000084300000, 0x0000000084300000| Untracked 
|  68|0x0000000084400000, 0x0000000084400000, 0x0000000084500000|  0%| F|  |TAMS 0x0000000084400000, 0x0000000084400000| Untracked 
|  69|0x0000000084500000, 0x0000000084500000, 0x0000000084600000|  0%| F|  |TAMS 0x0000000084500000, 0x0000000084500000| Untracked 
|  70|0x0000000084600000, 0x0000000084600000, 0x0000000084700000|  0%| F|  |TAMS 0x0000000084600000, 0x0000000084600000| Untracked 
|  71|0x0000000084700000, 0x0000000084700000, 0x0000000084800000|  0%| F|  |TAMS 0x0000000084700000, 0x0000000084700000| Untracked 
|  72|0x0000000084800000, 0x0000000084800000, 0x0000000084900000|  0%| F|  |TAMS 0x0000000084800000, 0x0000000084800000| Untracked 
|  73|0x0000000084900000, 0x0000000084900000, 0x0000000084a00000|  0%| F|  |TAMS 0x0000000084900000, 0x0000000084900000| Untracked 
|  74|0x0000000084a00000, 0x0000000084a00000, 0x0000000084b00000|  0%| F|  |TAMS 0x0000000084a00000, 0x0000000084a00000| Untracked 
|  75|0x0000000084b00000, 0x0000000084b00000, 0x0000000084c00000|  0%| F|  |TAMS 0x0000000084b00000, 0x0000000084b00000| Untracked 
|  76|0x0000000084c00000, 0x0000000084c00000, 0x0000000084d00000|  0%| F|  |TAMS 0x0000000084c00000, 0x0000000084c00000| Untracked 
|  77|0x0000000084d00000, 0x0000000084d00000, 0x0000000084e00000|  0%| F|  |TAMS 0x0000000084d00000, 0x0000000084d00000| Untracked 
|  78|0x0000000084e00000, 0x0000000084e00000, 0x0000000084f00000|  0%| F|  |TAMS 0x0000000084e00000, 0x0000000084e00000| Untracked 
|  79|0x0000000084f00000, 0x0000000084f00000, 0x0000000085000000|  0%| F|  |TAMS 0x0000000084f00000, 0x0000000084f00000| Untracked 
|  80|0x0000000085000000, 0x0000000085000000, 0x0000000085100000|  0%| F|  |TAMS 0x0000000085000000, 0x0000000085000000| Untracked 
|  81|0x0000000085100000, 0x0000000085100000, 0x0000000085200000|  0%| F|  |TAMS 0x0000000085100000, 0x0000000085100000| Untracked 
|  82|0x0000000085200000, 0x0000000085200000, 0x0000000085300000|  0%| F|  |TAMS 0x0000000085200000, 0x0000000085200000| Untracked 
|  83|0x0000000085300000, 0x0000000085300000, 0x0000000085400000|  0%| F|  |TAMS 0x0000000085300000, 0x0000000085300000| Untracked 
|  84|0x0000000085400000, 0x0000000085400000, 0x0000000085500000|  0%| F|  |TAMS 0x0000000085400000, 0x0000000085400000| Untracked 
|  85|0x0000000085500000, 0x0000000085500000, 0x0000000085600000|  0%| F|  |TAMS 0x0000000085500000, 0x0000000085500000| Untracked 
|  86|0x0000000085600000, 0x0000000085600000, 0x0000000085700000|  0%| F|  |TAMS 0x0000000085600000, 0x0000000085600000| Untracked 
|  87|0x0000000085700000, 0x0000000085700000, 0x0000000085800000|  0%| F|  |TAMS 0x0000000085700000, 0x0000000085700000| Untracked 
|  88|0x0000000085800000, 0x0000000085800000, 0x0000000085900000|  0%| F|  |TAMS 0x0000000085800000, 0x0000000085800000| Untracked 
|  89|0x0000000085900000, 0x0000000085953210, 0x0000000085a00000| 32%| E|  |TAMS 0x0000000085900000, 0x0000000085900000| Complete 
|  90|0x0000000085a00000, 0x0000000085b00000, 0x0000000085b00000|100%| E|CS|TAMS 0x0000000085a00000, 0x0000000085a00000| Complete 
|  91|0x0000000085b00000, 0x0000000085c00000, 0x0000000085c00000|100%| E|CS|TAMS 0x0000000085b00000, 0x0000000085b00000| Complete 
|  92|0x0000000085c00000, 0x0000000085d00000, 0x0000000085d00000|100%| E|CS|TAMS 0x0000000085c00000, 0x0000000085c00000| Complete 
|  93|0x0000000085d00000, 0x0000000085e00000, 0x0000000085e00000|100%| E|CS|TAMS 0x0000000085d00000, 0x0000000085d00000| Complete 
|  94|0x0000000085e00000, 0x0000000085f00000, 0x0000000085f00000|100%| E|CS|TAMS 0x0000000085e00000, 0x0000000085e00000| Complete 
|  95|0x0000000085f00000, 0x0000000086000000, 0x0000000086000000|100%| E|CS|TAMS 0x0000000085f00000, 0x0000000085f00000| Complete 
|  96|0x0000000086000000, 0x0000000086100000, 0x0000000086100000|100%| E|CS|TAMS 0x0000000086000000, 0x0000000086000000| Complete 
|2047|0x00000000fff00000, 0x0000000100000000, 0x0000000100000000|100%| O|  |TAMS 0x0000000100000000, 0x00000000fff00000| Untracked 

Card table byte_map: [0x00000288ef3d0000,0x00000288ef7d0000] _byte_map_base: 0x00000288eefd0000

Marking Bits (Prev, Next): (CMBitMap*) 0x00000288daf6c9d0, (CMBitMap*) 0x00000288daf6c990
 Prev Bits: [0x00000288f1bd0000, 0x00000288f3bd0000)
 Next Bits: [0x00000288efbd0000, 0x00000288f1bd0000)

Polling page: 0x00000288dafd0000

Metaspace:

Usage:
  Non-class:     25.75 MB used.
      Class:      4.05 MB used.
       Both:     29.81 MB used.

Virtual space:
  Non-class space:       64.00 MB reserved,      25.94 MB ( 41%) committed,  1 nodes.
      Class space:        1.00 GB reserved,       4.19 MB ( <1%) committed,  1 nodes.
             Both:        1.06 GB reserved,      30.13 MB (  3%) committed. 

Chunk freelists:
   Non-Class:  6.06 MB
       Class:  11.67 MB
        Both:  17.73 MB

MaxMetaspaceSize: unlimited
CompressedClassSpaceSize: 1.00 GB
Initial GC threshold: 21.00 MB
Current GC threshold: 48.56 MB
CDS: off
MetaspaceReclaimPolicy: balanced
 - commit_granule_bytes: 65536.
 - commit_granule_words: 8192.
 - virtual_space_node_default_size: 8388608.
 - enlarge_chunks_in_place: 1.
 - new_chunks_are_fully_committed: 0.
 - uncommit_free_chunks: 1.
 - use_allocation_guard: 0.
 - handle_deallocations: 1.


Internal statistics:

num_allocs_failed_limit: 3.
num_arena_births: 322.
num_arena_deaths: 0.
num_vsnodes_births: 2.
num_vsnodes_deaths: 0.
num_space_committed: 482.
num_space_uncommitted: 0.
num_chunks_returned_to_freelist: 3.
num_chunks_taken_from_freelist: 1151.
num_chunk_merges: 0.
num_chunk_splits: 720.
num_chunks_enlarged: 500.
num_inconsistent_stats: 0.

CodeHeap 'non-profiled nmethods': size=120064Kb used=1507Kb max_used=1507Kb free=118556Kb
 bounds [0x00000288e7690000, 0x00000288e7900000, 0x00000288eebd0000]
CodeHeap 'profiled nmethods': size=120000Kb used=5833Kb max_used=5833Kb free=114166Kb
 bounds [0x00000288dfbd0000, 0x00000288e0190000, 0x00000288e7100000]
CodeHeap 'non-nmethods': size=5696Kb used=1240Kb max_used=1297Kb free=4455Kb
 bounds [0x00000288e7100000, 0x00000288e7370000, 0x00000288e7690000]
 total_blobs=3266 nmethods=2726 adapters=452
 compilation: enabled
              stopped_count=0, restarted_count=0
 full_count=0

Compilation events (20 events):
Event: 6.820 Thread 0x00000288f6029770 2721       4       java.net.URI::match (56 bytes)
Event: 6.820 Thread 0x00000288f602a480 2720       1       org.objectweb.asm.MethodWriter::hasAsmInstructions (5 bytes)
Event: 6.820 Thread 0x00000288f602a480 nmethod 2720 0x00000288e7808210 code [0x00000288e78083a0, 0x00000288e7808478]
Event: 6.821 Thread 0x00000288f6029770 nmethod 2721 0x00000288e7808510 code [0x00000288e7808680, 0x00000288e7808778]
Event: 6.846 Thread 0x00000288f602a480 2722       3       java.lang.invoke.MethodHandles$Lookup::getDirectMethodForConstant (72 bytes)
Event: 6.847 Thread 0x00000288f602a480 nmethod 2722 0x00000288e017a290 code [0x00000288e017a5e0, 0x00000288e017b8c8]
Event: 6.848 Thread 0x00000288f602a480 2723   !   3       java.lang.invoke.MethodHandles$Lookup::canBeCached (150 bytes)
Event: 6.850 Thread 0x00000288f602a480 nmethod 2723 0x00000288e017bf10 code [0x00000288e017c360, 0x00000288e017e668]
Event: 6.850 Thread 0x00000288f602a480 2724       3       java.lang.invoke.MethodHandles$Lookup::resolveOrFail (44 bytes)
Event: 6.851 Thread 0x00000288f602a480 nmethod 2724 0x00000288e017f210 code [0x00000288e017f4c0, 0x00000288e0180168]
Event: 6.851 Thread 0x00000288f602a480 2725       3       java.lang.invoke.MemberName::asSpecial (89 bytes)
Event: 6.852 Thread 0x00000288f602a480 nmethod 2725 0x00000288e0180590 code [0x00000288e0180860, 0x00000288e0181528]
Event: 6.887 Thread 0x00000288f602a480 2726       3       java.util.concurrent.ConcurrentHashMap$EntryIterator::next (5 bytes)
Event: 6.887 Thread 0x00000288f602a480 nmethod 2726 0x00000288e0181990 code [0x00000288e0181b20, 0x00000288e0181c68]
Event: 6.887 Thread 0x00000288f602a480 2727       3       java.util.concurrent.ConcurrentHashMap$MapEntry::<init> (20 bytes)
Event: 6.887 Thread 0x00000288f602a480 nmethod 2727 0x00000288e0181d10 code [0x00000288e0181ec0, 0x00000288e0182138]
Event: 6.891 Thread 0x00000288f602a480 2728       3       com.google.common.base.Preconditions::checkArgument (13 bytes)
Event: 6.891 Thread 0x00000288f602a480 nmethod 2728 0x00000288e0182210 code [0x00000288e01823c0, 0x00000288e01825a8]
Event: 6.894 Thread 0x00000288f6029770 2729       4       java.lang.invoke.VarHandleByteArrayAsInts$ArrayHandle::get (36 bytes)
Event: 6.895 Thread 0x00000288f6029770 nmethod 2729 0x00000288e7808890 code [0x00000288e7808a20, 0x00000288e7808b58]

GC Heap History (20 events):
Event: 3.763 GC heap before
{Heap before GC invocations=8 (full 0):
 garbage-first heap   total 40960K, used 27867K [0x0000000080000000, 0x0000000100000000)
  region size 1024K, 14 young (14336K), 2 survivors (2048K)
 Metaspace       used 19646K, committed 19904K, reserved 1114112K
  class space    used 2349K, committed 2496K, reserved 1048576K
}
Event: 3.774 GC heap after
{Heap after GC invocations=9 (full 0):
 garbage-first heap   total 40960K, used 17355K [0x0000000080000000, 0x0000000100000000)
  region size 1024K, 2 young (2048K), 2 survivors (2048K)
 Metaspace       used 19646K, committed 19904K, reserved 1114112K
  class space    used 2349K, committed 2496K, reserved 1048576K
}
Event: 4.093 GC heap before
{Heap before GC invocations=9 (full 0):
 garbage-first heap   total 40960K, used 22475K [0x0000000080000000, 0x0000000100000000)
  region size 1024K, 9 young (9216K), 2 survivors (2048K)
 Metaspace       used 21271K, committed 21504K, reserved 1114112K
  class space    used 2575K, committed 2688K, reserved 1048576K
}
Event: 4.103 GC heap after
{Heap after GC invocations=10 (full 0):
 garbage-first heap   total 40960K, used 17893K [0x0000000080000000, 0x0000000100000000)
  region size 1024K, 1 young (1024K), 1 survivors (1024K)
 Metaspace       used 21271K, committed 21504K, reserved 1114112K
  class space    used 2575K, committed 2688K, reserved 1048576K
}
Event: 4.571 GC heap before
{Heap before GC invocations=11 (full 0):
 garbage-first heap   total 40960K, used 30181K [0x0000000080000000, 0x0000000100000000)
  region size 1024K, 13 young (13312K), 1 survivors (1024K)
 Metaspace       used 23429K, committed 23680K, reserved 1114112K
  class space    used 2961K, committed 3072K, reserved 1048576K
}
Event: 4.576 GC heap after
{Heap after GC invocations=12 (full 0):
 garbage-first heap   total 40960K, used 18419K [0x0000000080000000, 0x0000000100000000)
  region size 1024K, 1 young (1024K), 1 survivors (1024K)
 Metaspace       used 23429K, committed 23680K, reserved 1114112K
  class space    used 2961K, committed 3072K, reserved 1048576K
}
Event: 4.609 GC heap before
{Heap before GC invocations=12 (full 0):
 garbage-first heap   total 40960K, used 18419K [0x0000000080000000, 0x0000000100000000)
  region size 1024K, 2 young (2048K), 1 survivors (1024K)
 Metaspace       used 23594K, committed 23808K, reserved 1114112K
  class space    used 2995K, committed 3072K, reserved 1048576K
}
Event: 4.617 GC heap after
{Heap after GC invocations=13 (full 0):
 garbage-first heap   total 49152K, used 18298K [0x0000000080000000, 0x0000000100000000)
  region size 1024K, 1 young (1024K), 1 survivors (1024K)
 Metaspace       used 23594K, committed 23808K, reserved 1114112K
  class space    used 2995K, committed 3072K, reserved 1048576K
}
Event: 5.573 GC heap before
{Heap before GC invocations=13 (full 0):
 garbage-first heap   total 49152K, used 35706K [0x0000000080000000, 0x0000000100000000)
  region size 1024K, 18 young (18432K), 1 survivors (1024K)
 Metaspace       used 26343K, committed 26688K, reserved 1114112K
  class space    used 3468K, committed 3648K, reserved 1048576K
}
Event: 5.580 GC heap after
{Heap after GC invocations=14 (full 0):
 garbage-first heap   total 49152K, used 19296K [0x0000000080000000, 0x0000000100000000)
  region size 1024K, 2 young (2048K), 2 survivors (2048K)
 Metaspace       used 26343K, committed 26688K, reserved 1114112K
  class space    used 3468K, committed 3648K, reserved 1048576K
}
Event: 6.252 GC heap before
{Heap before GC invocations=14 (full 0):
 garbage-first heap   total 49152K, used 36704K [0x0000000080000000, 0x0000000100000000)
  region size 1024K, 18 young (18432K), 2 survivors (2048K)
 Metaspace       used 29120K, committed 29504K, reserved 1114112K
  class space    used 3939K, committed 4096K, reserved 1048576K
}
Event: 6.262 GC heap after
{Heap after GC invocations=15 (full 0):
 garbage-first heap   total 49152K, used 22664K [0x0000000080000000, 0x0000000100000000)
  region size 1024K, 3 young (3072K), 3 survivors (3072K)
 Metaspace       used 29120K, committed 29504K, reserved 1114112K
  class space    used 3939K, committed 4096K, reserved 1048576K
}
Event: 6.275 GC heap before
{Heap before GC invocations=15 (full 0):
 garbage-first heap   total 49152K, used 25736K [0x0000000080000000, 0x0000000100000000)
  region size 1024K, 4 young (4096K), 3 survivors (3072K)
 Metaspace       used 29122K, committed 29504K, reserved 1114112K
  class space    used 3939K, committed 4096K, reserved 1048576K
}
Event: 6.283 GC heap after
{Heap after GC invocations=16 (full 0):
 garbage-first heap   total 49152K, used 26150K [0x0000000080000000, 0x0000000100000000)
  region size 1024K, 2 young (2048K), 2 survivors (2048K)
 Metaspace       used 29122K, committed 29504K, reserved 1114112K
  class space    used 3939K, committed 4096K, reserved 1048576K
}
Event: 6.435 GC heap before
{Heap before GC invocations=17 (full 0):
 garbage-first heap   total 49152K, used 44582K [0x0000000080000000, 0x0000000100000000)
  region size 1024K, 5 young (5120K), 2 survivors (2048K)
 Metaspace       used 29307K, committed 29632K, reserved 1114112K
  class space    used 3975K, committed 4160K, reserved 1048576K
}
Event: 6.443 GC heap after
{Heap after GC invocations=18 (full 0):
 garbage-first heap   total 50176K, used 44504K [0x0000000080000000, 0x0000000100000000)
  region size 1024K, 2 young (2048K), 2 survivors (2048K)
 Metaspace       used 29307K, committed 29632K, reserved 1114112K
  class space    used 3975K, committed 4160K, reserved 1048576K
}
Event: 6.497 GC heap before
{Heap before GC invocations=18 (full 0):
 garbage-first heap   total 50176K, used 44504K [0x0000000080000000, 0x0000000100000000)
  region size 1024K, 3 young (3072K), 2 survivors (2048K)
 Metaspace       used 29415K, committed 29824K, reserved 1114112K
  class space    used 3987K, committed 4160K, reserved 1048576K
}
Event: 6.505 GC heap after
{Heap after GC invocations=19 (full 0):
 garbage-first heap   total 50176K, used 44469K [0x0000000080000000, 0x0000000100000000)
  region size 1024K, 1 young (1024K), 1 survivors (1024K)
 Metaspace       used 29415K, committed 29824K, reserved 1114112K
  class space    used 3987K, committed 4160K, reserved 1048576K
}
Event: 6.554 GC heap before
{Heap before GC invocations=19 (full 0):
 garbage-first heap   total 50176K, used 44469K [0x0000000080000000, 0x0000000100000000)
  region size 1024K, 2 young (2048K), 1 survivors (1024K)
 Metaspace       used 29415K, committed 29824K, reserved 1114112K
  class space    used 3987K, committed 4160K, reserved 1048576K
}
Event: 6.562 GC heap after
{Heap after GC invocations=20 (full 0):
 garbage-first heap   total 100352K, used 45532K [0x0000000080000000, 0x0000000100000000)
  region size 1024K, 1 young (1024K), 1 survivors (1024K)
 Metaspace       used 29415K, committed 29824K, reserved 1114112K
  class space    used 3987K, committed 4160K, reserved 1048576K
}

Dll operation events (2 events):
Event: 0.021 Loaded shared library C:\Program Files\Android\Android Studio\jbr\bin\java.dll
Event: 0.698 Loaded shared library C:\Program Files\Android\Android Studio\jbr\bin\verify.dll

Deoptimization events (20 events):
Event: 6.241 Thread 0x00000288daefc880 Uncommon trap: trap_request=0xffffff45 fr.pc=0x00000288e77aff2c relative=0x0000000000005e4c
Event: 6.242 Thread 0x00000288daefc880 Uncommon trap: reason=unstable_if action=reinterpret pc=0x00000288e77aff2c method=java.net.URLClassLoader.getAndVerifyPackage(Ljava/lang/String;Ljava/util/jar/Manifest;Ljava/net/URL;)Ljava/lang/Package; @ 62 c2
Event: 6.242 Thread 0x00000288daefc880 DEOPT PACKING pc=0x00000288e77aff2c sp=0x000000e42f7fbfc0
Event: 6.242 Thread 0x00000288daefc880 DEOPT UNPACKING pc=0x00000288e7159423 sp=0x000000e42f7fbee0 mode 2
Event: 6.329 Thread 0x00000288daefc880 DEOPT PACKING pc=0x00000288dfc95cbd sp=0x000000e42f7fb230
Event: 6.329 Thread 0x00000288daefc880 DEOPT UNPACKING pc=0x00000288e7157d6b sp=0x000000e42f7fa6b8 mode 0
Event: 6.355 Thread 0x00000288daefc880 DEOPT PACKING pc=0x00000288dffda6d4 sp=0x000000e42f7fa030
Event: 6.355 Thread 0x00000288daefc880 DEOPT UNPACKING pc=0x00000288e7157d6b sp=0x000000e42f7f9588 mode 0
Event: 6.386 Thread 0x00000288daefc880 DEOPT PACKING pc=0x00000288e0114969 sp=0x000000e42f7f9130
Event: 6.386 Thread 0x00000288daefc880 DEOPT UNPACKING pc=0x00000288e7157d6b sp=0x000000e42f7f86b0 mode 0
Event: 6.419 Thread 0x00000288daefc880 DEOPT PACKING pc=0x00000288e0114969 sp=0x000000e42f7f9130
Event: 6.419 Thread 0x00000288daefc880 DEOPT UNPACKING pc=0x00000288e7157d6b sp=0x000000e42f7f86b0 mode 0
Event: 6.483 Thread 0x00000288daefc880 DEOPT PACKING pc=0x00000288e0117050 sp=0x000000e42f7fa060
Event: 6.483 Thread 0x00000288daefc880 DEOPT UNPACKING pc=0x00000288e7157d6b sp=0x000000e42f7f95a8 mode 0
Event: 6.686 Thread 0x00000288daefc880 DEOPT PACKING pc=0x00000288e011fb82 sp=0x000000e42f7fa090
Event: 6.686 Thread 0x00000288daefc880 DEOPT UNPACKING pc=0x00000288e7157d6b sp=0x000000e42f7f9508 mode 0
Event: 6.860 Thread 0x00000288daefc880 Uncommon trap: trap_request=0xffffff45 fr.pc=0x00000288e7762a04 relative=0x0000000000000604
Event: 6.860 Thread 0x00000288daefc880 Uncommon trap: reason=unstable_if action=reinterpret pc=0x00000288e7762a04 method=java.util.Properties$LineReader.readLine()I @ 95 c2
Event: 6.860 Thread 0x00000288daefc880 DEOPT PACKING pc=0x00000288e7762a04 sp=0x000000e42f7fadb0
Event: 6.860 Thread 0x00000288daefc880 DEOPT UNPACKING pc=0x00000288e7159423 sp=0x000000e42f7fad60 mode 2

Classes unloaded (0 events):
No events

Classes redefined (0 events):
No events

Internal exceptions (20 events):
Event: 6.676 Thread 0x00000288daefc880 Exception <a 'java/lang/NoSuchMethodError'{0x00000000860f2f20}: static Lorg/jetbrains/plugins/gradle/model/ExternalProject;.<clinit>()V> (0x00000000860f2f20) 
thrown [s\src\hotspot\share\prims\jni.cpp, line 1108]
Event: 6.683 Thread 0x00000288daefc880 Exception <a 'java/lang/NoSuchMethodError'{0x0000000085f0ae38}: static Lorg/jetbrains/plugins/gradle/model/BuildScriptClasspathModel;.<clinit>()V> (0x0000000085f0ae38) 
thrown [s\src\hotspot\share\prims\jni.cpp, line 1108]
Event: 6.685 Thread 0x00000288daefc880 Exception <a 'java/lang/NoSuchMethodError'{0x0000000085f15cd8}: static Lorg/jetbrains/plugins/gradle/model/GradleExtensions;.<clinit>()V> (0x0000000085f15cd8) 
thrown [s\src\hotspot\share\prims\jni.cpp, line 1108]
Event: 6.686 Thread 0x00000288daefc880 Exception <a 'java/lang/NoSuchMethodError'{0x0000000085f20a30}: static Lorg/jetbrains/plugins/gradle/model/tests/ExternalTestsModel;.<clinit>()V> (0x0000000085f20a30) 
thrown [s\src\hotspot\share\prims\jni.cpp, line 1108]
Event: 6.690 Thread 0x00000288daefc880 Exception <a 'java/lang/NoSuchMethodError'{0x0000000085f2d250}: static Lorg/jetbrains/plugins/gradle/model/IntelliJProjectSettings;.<clinit>()V> (0x0000000085f2d250) 
thrown [s\src\hotspot\share\prims\jni.cpp, line 1108]
Event: 6.690 Thread 0x00000288daefc880 Exception <a 'java/lang/NoSuchMethodError'{0x0000000085f34eb0}: static Lorg/jetbrains/plugins/gradle/model/IntelliJSettings;.<clinit>()V> (0x0000000085f34eb0) 
thrown [s\src\hotspot\share\prims\jni.cpp, line 1108]
Event: 6.696 Thread 0x00000288daefc880 Exception <a 'java/lang/NoSuchMethodError'{0x0000000085f3f198}: static Lorg/jetbrains/plugins/gradle/model/DependencyAccessorsModel;.<clinit>()V> (0x0000000085f3f198) 
thrown [s\src\hotspot\share\prims\jni.cpp, line 1108]
Event: 6.699 Thread 0x00000288daefc880 Exception <a 'java/lang/NoSuchMethodError'{0x0000000085f50c10}: static Lorg/jetbrains/kotlin/idea/gradleTooling/PrepareKotlinIdeImportTaskModel;.<clinit>()V> (0x0000000085f50c10) 
thrown [s\src\hotspot\share\prims\jni.cpp, line 1108]
Event: 6.702 Thread 0x00000288daefc880 Exception <a 'java/lang/NoSuchMethodError'{0x0000000085f5ce28}: static Lorg/jetbrains/plugins/gradle/model/ExternalProjectDependency;.<clinit>()V> (0x0000000085f5ce28) 
thrown [s\src\hotspot\share\prims\jni.cpp, line 1108]
Event: 6.709 Thread 0x00000288daefc880 Exception <a 'java/lang/NoSuchMethodError'{0x0000000085f66a10}: static Lorg/jetbrains/plugins/gradle/model/ExternalLibraryDependency;.<clinit>()V> (0x0000000085f66a10) 
thrown [s\src\hotspot\share\prims\jni.cpp, line 1108]
Event: 6.710 Thread 0x00000288daefc880 Exception <a 'java/lang/NoSuchMethodError'{0x0000000085f6ff58}: static Lorg/jetbrains/plugins/gradle/model/FileCollectionDependency;.<clinit>()V> (0x0000000085f6ff58) 
thrown [s\src\hotspot\share\prims\jni.cpp, line 1108]
Event: 6.711 Thread 0x00000288daefc880 Exception <a 'java/lang/NoSuchMethodError'{0x0000000085f79238}: static Lorg/jetbrains/plugins/gradle/model/UnresolvedExternalDependency;.<clinit>()V> (0x0000000085f79238) 
thrown [s\src\hotspot\share\prims\jni.cpp, line 1108]
Event: 6.725 Thread 0x00000288daefc880 Exception <a 'java/lang/NoSuchMethodError'{0x0000000085e09590}: static Lorg/gradle/tooling/internal/consumer/versioning/VersionDetails;.<clinit>()V> (0x0000000085e09590) 
thrown [s\src\hotspot\share\prims\jni.cpp, line 1108]
Event: 6.725 Thread 0x00000288daefc880 Exception <a 'java/lang/NoSuchMethodError'{0x0000000085e0bf38}: static Lorg/gradle/tooling/internal/consumer/versioning/VersionDetails$R26VersionDetails;.<clinit>()V> (0x0000000085e0bf38) 
thrown [s\src\hotspot\share\prims\jni.cpp, line 1108]
Event: 6.725 Thread 0x00000288daefc880 Exception <a 'java/lang/NoSuchMethodError'{0x0000000085e0d4b0}: static Lorg/gradle/tooling/internal/consumer/versioning/VersionDetails$R28VersionDetails;.<clinit>()V> (0x0000000085e0d4b0) 
thrown [s\src\hotspot\share\prims\jni.cpp, line 1108]
Event: 6.725 Thread 0x00000288daefc880 Exception <a 'java/lang/NoSuchMethodError'{0x0000000085e0e9b8}: static Lorg/gradle/tooling/internal/consumer/versioning/VersionDetails$R35VersionDetails;.<clinit>()V> (0x0000000085e0e9b8) 
thrown [s\src\hotspot\share\prims\jni.cpp, line 1108]
Event: 6.725 Thread 0x00000288daefc880 Exception <a 'java/lang/NoSuchMethodError'{0x0000000085e10088}: static Lorg/gradle/tooling/internal/consumer/versioning/VersionDetails$R44VersionDetails;.<clinit>()V> (0x0000000085e10088) 
thrown [s\src\hotspot\share\prims\jni.cpp, line 1108]
Event: 6.725 Thread 0x00000288daefc880 Exception <a 'java/lang/NoSuchMethodError'{0x0000000085e11690}: static Lorg/gradle/tooling/internal/consumer/versioning/VersionDetails$R48VersionDetails;.<clinit>()V> (0x0000000085e11690) 
thrown [s\src\hotspot\share\prims\jni.cpp, line 1108]
Event: 6.726 Thread 0x00000288daefc880 Exception <a 'java/lang/NoSuchMethodError'{0x0000000085e12890}: static Lorg/gradle/tooling/internal/consumer/versioning/VersionDetails$R51VersionDetails;.<clinit>()V> (0x0000000085e12890) 
thrown [s\src\hotspot\share\prims\jni.cpp, line 1108]
Event: 6.780 Thread 0x00000288daefc880 Exception <a 'java/lang/NoSuchMethodError'{0x0000000085d00c58}: 'java.lang.Object java.lang.invoke.DirectMethodHandle$Holder.newInvokeSpecial(java.lang.Object, java.lang.Object, int)'> (0x0000000085d00c58) 
thrown [s\src\hotspot\share\interpreter\linkResolver.cpp, line 771]

VM Operations (20 events):
Event: 6.275 Executing VM operation: G1TryInitiateConcMark
Event: 6.300 Executing VM operation: G1TryInitiateConcMark done
Event: 6.308 Executing VM operation: G1Concurrent
Event: 6.312 Executing VM operation: G1Concurrent done
Event: 6.322 Executing VM operation: G1Concurrent
Event: 6.323 Executing VM operation: G1Concurrent done
Event: 6.435 Executing VM operation: G1CollectForAllocation
Event: 6.443 Executing VM operation: G1CollectForAllocation done
Event: 6.497 Executing VM operation: G1CollectForAllocation
Event: 6.505 Executing VM operation: G1CollectForAllocation done
Event: 6.531 Executing VM operation: G1CollectForAllocation
Event: 6.563 Executing VM operation: G1CollectForAllocation done
Event: 6.587 Executing VM operation: G1Concurrent
Event: 6.593 Executing VM operation: G1Concurrent done
Event: 6.603 Executing VM operation: G1Concurrent
Event: 6.604 Executing VM operation: G1Concurrent done
Event: 6.744 Executing VM operation: HandshakeAllThreads
Event: 6.755 Executing VM operation: HandshakeAllThreads done
Event: 6.775 Executing VM operation: HandshakeAllThreads
Event: 6.775 Executing VM operation: HandshakeAllThreads done

Events (20 events):
Event: 6.359 loading class java/io/ObjectStreamClass$ExceptionInfo
Event: 6.359 loading class java/io/ObjectStreamClass$ExceptionInfo done
Event: 6.751 loading class java/util/concurrent/locks/ReentrantReadWriteLock
Event: 6.752 loading class java/util/concurrent/locks/ReadWriteLock
Event: 6.752 loading class java/util/concurrent/locks/ReadWriteLock done
Event: 6.752 loading class java/util/concurrent/locks/ReentrantReadWriteLock done
Event: 6.752 loading class java/util/concurrent/locks/ReentrantReadWriteLock$NonfairSync
Event: 6.752 loading class java/util/concurrent/locks/ReentrantReadWriteLock$Sync
Event: 6.753 loading class java/util/concurrent/locks/ReentrantReadWriteLock$Sync done
Event: 6.753 loading class java/util/concurrent/locks/ReentrantReadWriteLock$NonfairSync done
Event: 6.753 loading class java/util/concurrent/locks/ReentrantReadWriteLock$Sync$ThreadLocalHoldCounter
Event: 6.753 loading class java/util/concurrent/locks/ReentrantReadWriteLock$Sync$ThreadLocalHoldCounter done
Event: 6.753 loading class java/util/concurrent/locks/ReentrantReadWriteLock$ReadLock
Event: 6.753 loading class java/util/concurrent/locks/ReentrantReadWriteLock$ReadLock done
Event: 6.753 loading class java/util/concurrent/locks/ReentrantReadWriteLock$WriteLock
Event: 6.753 loading class java/util/concurrent/locks/ReentrantReadWriteLock$WriteLock done
Event: 6.774 loading class java/util/concurrent/Executors$FinalizableDelegatedExecutorService
Event: 6.774 loading class java/util/concurrent/Executors$DelegatedExecutorService
Event: 6.774 loading class java/util/concurrent/Executors$DelegatedExecutorService done
Event: 6.774 loading class java/util/concurrent/Executors$FinalizableDelegatedExecutorService done


Dynamic libraries:
0x00007ff64bd40000 - 0x00007ff64bd4a000 	C:\Program Files\Android\Android Studio\jbr\bin\java.exe
0x00007ffdc66d0000 - 0x00007ffdc68be000 	C:\Windows\SYSTEM32\ntdll.dll
0x00007ffdc42e0000 - 0x00007ffdc4393000 	C:\Windows\System32\KERNEL32.DLL
0x00007ffdc2ee0000 - 0x00007ffdc317d000 	C:\Windows\System32\KERNELBASE.dll
0x00007ffdc35b0000 - 0x00007ffdc36aa000 	C:\Windows\System32\ucrtbase.dll
0x00007ffdb0d00000 - 0x00007ffdb0d1b000 	C:\Program Files\Android\Android Studio\jbr\bin\VCRUNTIME140.dll
0x00007ffdb0aa0000 - 0x00007ffdb0ab7000 	C:\Program Files\Android\Android Studio\jbr\bin\jli.dll
0x00007ffdc3900000 - 0x00007ffdc3a97000 	C:\Windows\System32\USER32.dll
0x00007ffdc2750000 - 0x00007ffdc2770000 	C:\Windows\System32\win32u.dll
0x00007ffdc5d90000 - 0x00007ffdc5db9000 	C:\Windows\System32\GDI32.dll
0x00007ffdc3750000 - 0x00007ffdc38fb000 	C:\Windows\System32\gdi32full.dll
0x00007ffdc36b0000 - 0x00007ffdc3750000 	C:\Windows\System32\msvcp_win.dll
0x00007ffdb6140000 - 0x00007ffdb63b9000 	C:\Windows\WinSxS\amd64_microsoft.windows.common-controls_6595b64144ccf1df_6.0.17763.4974_none_de748dce53484fa6\COMCTL32.dll
0x00007ffdc41e0000 - 0x00007ffdc427e000 	C:\Windows\System32\msvcrt.dll
0x00007ffdc44d0000 - 0x00007ffdc47fb000 	C:\Windows\System32\combase.dll
0x00007ffdc3b70000 - 0x00007ffdc3c8e000 	C:\Windows\System32\RPCRT4.dll
0x00007ffdc3440000 - 0x00007ffdc34c2000 	C:\Windows\System32\bcryptPrimitives.dll
0x00007ffdc4400000 - 0x00007ffdc442e000 	C:\Windows\System32\IMM32.DLL
0x00007ffdb3b30000 - 0x00007ffdb3b3c000 	C:\Program Files\Android\Android Studio\jbr\bin\vcruntime140_1.dll
0x00007ffdb0500000 - 0x00007ffdb058d000 	C:\Program Files\Android\Android Studio\jbr\bin\msvcp140.dll
0x00007ffd9e520000 - 0x00007ffd9f1a0000 	C:\Program Files\Android\Android Studio\jbr\bin\server\jvm.dll
0x00007ffdc6010000 - 0x00007ffdc60b7000 	C:\Windows\System32\ADVAPI32.dll
0x00007ffdc4430000 - 0x00007ffdc44cf000 	C:\Windows\System32\sechost.dll
0x00007ffdc0750000 - 0x00007ffdc0774000 	C:\Windows\SYSTEM32\WINMM.dll
0x00007ffdb7bb0000 - 0x00007ffdb7bb9000 	C:\Windows\SYSTEM32\WSOCK32.dll
0x00007ffdc5dc0000 - 0x00007ffdc5e2d000 	C:\Windows\System32\WS2_32.dll
0x00007ffdb8b20000 - 0x00007ffdb8b2a000 	C:\Windows\SYSTEM32\VERSION.dll
0x00007ffdc0720000 - 0x00007ffdc074d000 	C:\Windows\SYSTEM32\WINMMBASE.dll
0x00007ffdc3180000 - 0x00007ffdc31ca000 	C:\Windows\System32\cfgmgr32.dll
0x00007ffdc26b0000 - 0x00007ffdc26c1000 	C:\Windows\System32\kernel.appcore.dll
0x00007ffdb2f00000 - 0x00007ffdb2f0a000 	C:\Program Files\Android\Android Studio\jbr\bin\jimage.dll
0x00007ffdb4ce0000 - 0x00007ffdb4ecd000 	C:\Windows\SYSTEM32\DBGHELP.DLL
0x00007ffdb4cb0000 - 0x00007ffdb4cda000 	C:\Windows\SYSTEM32\dbgcore.DLL
0x00007ffdb2660000 - 0x00007ffdb2685000 	C:\Program Files\Android\Android Studio\jbr\bin\java.dll
0x00007ffdb2bc0000 - 0x00007ffdb2bd8000 	C:\Program Files\Android\Android Studio\jbr\bin\zip.dll
0x00007ffdc4800000 - 0x00007ffdc5cf8000 	C:\Windows\System32\SHELL32.dll
0x00007ffdc6490000 - 0x00007ffdc6537000 	C:\Windows\System32\shcore.dll
0x00007ffdc2790000 - 0x00007ffdc2ed7000 	C:\Windows\System32\windows.storage.dll
0x00007ffdc2680000 - 0x00007ffdc26a3000 	C:\Windows\System32\profapi.dll
0x00007ffdc26d0000 - 0x00007ffdc272d000 	C:\Windows\System32\powrprof.dll
0x00007ffdc43a0000 - 0x00007ffdc43f2000 	C:\Windows\System32\shlwapi.dll
0x00007ffdc2770000 - 0x00007ffdc278b000 	C:\Windows\System32\cryptsp.dll
0x00007ffdb2540000 - 0x00007ffdb2559000 	C:\Program Files\Android\Android Studio\jbr\bin\net.dll
0x00007ffdb9e40000 - 0x00007ffdb9f3d000 	C:\Windows\SYSTEM32\WINHTTP.dll
0x00007ffdb1b90000 - 0x00007ffdb1bb0000 	C:\Windows\system32\PrxerDrv.dll
0x00007ffdc1e70000 - 0x00007ffdc1ed7000 	C:\Windows\system32\mswsock.dll
0x00007ffdb2520000 - 0x00007ffdb2536000 	C:\Program Files\Android\Android Studio\jbr\bin\nio.dll
0x00007ffdb2d80000 - 0x00007ffdb2d90000 	C:\Program Files\Android\Android Studio\jbr\bin\verify.dll
0x00007ffdb03b0000 - 0x00007ffdb03d7000 	C:\Users\Administrator\.gradle\native\68d5fa5c4cc2d200863cafc0d521ce42e7d3e7ee720ec0a83991735586a16f82\windows-amd64\native-platform.dll
0x00007ffdb0260000 - 0x00007ffdb03a4000 	C:\Users\Administrator\.gradle\native\e376f236ea51e6404a007f0833ffe2c6e607c4080706a723a18a27aeea778392\windows-amd64\native-platform-file-events.dll
0x00007ffdb1790000 - 0x00007ffdb1799000 	C:\Program Files\Android\Android Studio\jbr\bin\management.dll
0x00007ffdb0f60000 - 0x00007ffdb0f6b000 	C:\Program Files\Android\Android Studio\jbr\bin\management_ext.dll
0x00007ffdc6480000 - 0x00007ffdc6488000 	C:\Windows\System32\PSAPI.DLL
0x00007ffdc19f0000 - 0x00007ffdc1a23000 	C:\Windows\system32\rsaenh.dll
0x00007ffdc34d0000 - 0x00007ffdc34f6000 	C:\Windows\System32\bcrypt.dll
0x00007ffdc2580000 - 0x00007ffdc25a9000 	C:\Windows\SYSTEM32\USERENV.dll
0x00007ffdc2040000 - 0x00007ffdc204c000 	C:\Windows\SYSTEM32\CRYPTBASE.dll
0x00007ffdc1b80000 - 0x00007ffdc1bbd000 	C:\Windows\SYSTEM32\IPHLPAPI.DLL
0x00007ffdc6000000 - 0x00007ffdc6008000 	C:\Windows\System32\NSI.dll
0x00007ffdb8b00000 - 0x00007ffdb8b16000 	C:\Windows\SYSTEM32\dhcpcsvc6.DLL
0x00007ffdb92a0000 - 0x00007ffdb92bc000 	C:\Windows\SYSTEM32\dhcpcsvc.DLL
0x00007ffdc1bc0000 - 0x00007ffdc1c86000 	C:\Windows\SYSTEM32\DNSAPI.dll
0x00007ffdb2ef0000 - 0x00007ffdb2ef7000 	C:\Windows\system32\wshunix.dll

dbghelp: loaded successfully - version: 4.0.5 - missing functions: none
symbol engine: initialized successfully - sym options: 0x614 - pdb path: .;C:\Program Files\Android\Android Studio\jbr\bin;C:\Windows\SYSTEM32;C:\Windows\WinSxS\amd64_microsoft.windows.common-controls_6595b64144ccf1df_6.0.17763.4974_none_de748dce53484fa6;C:\Program Files\Android\Android Studio\jbr\bin\server;C:\Users\Administrator\.gradle\native\68d5fa5c4cc2d200863cafc0d521ce42e7d3e7ee720ec0a83991735586a16f82\windows-amd64;C:\Users\Administrator\.gradle\native\e376f236ea51e6404a007f0833ffe2c6e607c4080706a723a18a27aeea778392\windows-amd64

VM Arguments:
jvm_args: --add-opens=java.base/java.util=ALL-UNNAMED --add-opens=java.base/java.lang=ALL-UNNAMED --add-opens=java.base/java.lang.invoke=ALL-UNNAMED --add-opens=java.prefs/java.util.prefs=ALL-UNNAMED --add-opens=java.base/java.nio.charset=ALL-UNNAMED --add-opens=java.base/java.net=ALL-UNNAMED --add-opens=java.base/java.util.concurrent.atomic=ALL-UNNAMED -Xmx2048m -Dfile.encoding=UTF-8 -Duser.country=US -Duser.language=en -Duser.variant 
java_command: org.gradle.launcher.daemon.bootstrap.GradleDaemon 7.6.2
java_class_path (initial): C:\Users\Administrator\.gradle\wrapper\dists\gradle-7.6.2-bin\6ot4hgy1mty27tup86cmng5lx\gradle-7.6.2\lib\gradle-launcher-7.6.2.jar
Launcher Type: SUN_STANDARD

[Global flags]
     intx CICompilerCount                          = 2                                         {product} {ergonomic}
     uint ConcGCThreads                            = 1                                         {product} {ergonomic}
     uint G1ConcRefinementThreads                  = 2                                         {product} {ergonomic}
   size_t G1HeapRegionSize                         = 1048576                                   {product} {ergonomic}
    uintx GCDrainStackTargetSize                   = 64                                        {product} {ergonomic}
   size_t InitialHeapSize                          = 33554432                                  {product} {ergonomic}
   size_t MarkStackSize                            = 4194304                                   {product} {ergonomic}
   size_t MaxHeapSize                              = 2147483648                                {product} {command line}
   size_t MaxNewSize                               = 1287651328                                {product} {ergonomic}
   size_t MinHeapDeltaBytes                        = 1048576                                   {product} {ergonomic}
   size_t MinHeapSize                              = 8388608                                   {product} {ergonomic}
    uintx NonNMethodCodeHeapSize                   = 5826188                                {pd product} {ergonomic}
    uintx NonProfiledCodeHeapSize                  = 122916026                              {pd product} {ergonomic}
    uintx ProfiledCodeHeapSize                     = 122916026                              {pd product} {ergonomic}
    uintx ReservedCodeCacheSize                    = 251658240                              {pd product} {ergonomic}
     bool SegmentedCodeCache                       = true                                      {product} {ergonomic}
   size_t SoftMaxHeapSize                          = 2147483648                             {manageable} {ergonomic}
     bool UseCompressedClassPointers               = true                           {product lp64_product} {ergonomic}
     bool UseCompressedOops                        = true                           {product lp64_product} {ergonomic}
     bool UseG1GC                                  = true                                      {product} {ergonomic}
     bool UseLargePagesIndividualAllocation        = false                                  {pd product} {ergonomic}

Logging:
Log output configuration:
 #0: stdout all=warning uptime,level,tags
 #1: stderr all=off uptime,level,tags

Environment Variables:
PATH=C:\Windows\system32;C:\Windows;C:\Windows\System32\Wbem;C:\Windows\System32\WindowsPowerShell\v1.0\;C:\Windows\System32\OpenSSH\;C:\Users\Administrator\AppData\Local\Microsoft\WindowsApps;
USERNAME=Administrator
OS=Windows_NT
PROCESSOR_IDENTIFIER=Intel64 Family 6 Model 85 Stepping 7, GenuineIntel
TMP=C:\Users\ADMINI~1\AppData\Local\Temp\2
TEMP=C:\Users\ADMINI~1\AppData\Local\Temp\2


JNI global refs:
JNI global refs: 22, weak refs: 0

JNI global refs memory usage: 843, weak refs: 841

OOME stack traces (most recent first):
Classloader memory used:
Loader bootstrap                                                                       : 1897K
Loader org.gradle.internal.classloader.VisitableURLClassLoader                         : 1592K
Loader org.gradle.initialization.MixInLegacyTypesClassLoader                           : 214K
Loader org.gradle.internal.classloader.VisitableURLClassLoader                         : 52186B
Loader jdk.internal.loader.ClassLoaders$AppClassLoader                                 : 26008B
Loader jdk.internal.reflect.DelegatingClassLoader                                      : 20604B
Loader jdk.internal.loader.ClassLoaders$PlatformClassLoader                            : 14825B

Classes loaded by more than one classloader:
Class org.gradle.api.GradleException                                                  : loaded 3 times (x 80B)
Class org.gradle.util.GradleVersion                                                   : loaded 2 times (x 81B)
Class org.gradle.internal.classpath.ClassPath                                         : loaded 2 times (x 68B)
Class org.gradle.api.internal.classpath.DefaultModuleRegistry                         : loaded 2 times (x 84B)
Class org.gradle.api.Action                                                           : loaded 2 times (x 68B)
Class org.gradle.api.internal.DefaultClassPathProvider                                : loaded 2 times (x 74B)
Class org.gradle.internal.installation.GradleInstallation$1                           : loaded 2 times (x 73B)
Class org.gradle.internal.exceptions.DefaultMultiCauseException                       : loaded 2 times (x 85B)
Class org.gradle.internal.time.MonotonicClock                                         : loaded 2 times (x 75B)
Class org.gradle.internal.classloader.FilteringClassLoader                            : loaded 2 times (x 102B)
Class org.gradle.internal.classpath.DefaultClassPath$ImmutableUniqueList$Builder      : loaded 2 times (x 73B)
Class org.gradle.internal.classloader.ClassLoaderVisitor                              : loaded 2 times (x 74B)
Class org.gradle.internal.time.DefaultCountdownTimer                                  : loaded 2 times (x 86B)
Class org.gradle.internal.service.DefaultServiceLocator                               : loaded 2 times (x 81B)
Class org.gradle.internal.service.UnknownServiceException                             : loaded 2 times (x 81B)
Class org.gradle.internal.classloader.DefaultClassLoaderFactory                       : loaded 2 times (x 80B)
Class org.gradle.internal.classloader.VisitableURLClassLoader$Spec                    : loaded 2 times (x 72B)
Class org.gradle.tooling.model.ProjectModel                                           : loaded 2 times (x 68B)
Class org.gradle.internal.installation.GradleInstallation                             : loaded 2 times (x 73B)
Class org.gradle.api.internal.classpath.ModuleRegistry                                : loaded 2 times (x 68B)
Class org.gradle.api.internal.ClassPathProvider                                       : loaded 2 times (x 68B)
Class org.gradle.internal.classloader.ClasspathUtil$1                                 : loaded 2 times (x 74B)
Class org.gradle.internal.classloader.ClassLoaderFactory                              : loaded 2 times (x 68B)
Class org.gradle.api.internal.classpath.ManifestUtil                                  : loaded 2 times (x 69B)
Class org.gradle.api.specs.Spec                                                       : loaded 2 times (x 68B)
Class org.gradle.internal.IoActions                                                   : loaded 2 times (x 69B)
Class org.gradle.api.internal.classpath.EffectiveClassPath                            : loaded 2 times (x 88B)
Class kotlin.jvm.internal.DefaultConstructorMarker                                    : loaded 2 times (x 69B)
Class org.gradle.internal.installation.CurrentGradleInstallation                      : loaded 2 times (x 71B)
Class org.gradle.internal.installation.CurrentGradleInstallationLocator               : loaded 2 times (x 69B)
Class org.gradle.api.internal.classpath.Module                                        : loaded 2 times (x 68B)
Class org.gradle.internal.service.CachingServiceLocator                               : loaded 2 times (x 80B)
Class org.gradle.internal.time.Timer                                                  : loaded 2 times (x 68B)
Class org.gradle.internal.classpath.DefaultClassPath                                  : loaded 2 times (x 88B)
Class org.gradle.api.Transformer                                                      : loaded 2 times (x 68B)
Class kotlin.jvm.functions.Function1                                                  : loaded 2 times (x 68B)
Class org.gradle.internal.time.Time                                                   : loaded 2 times (x 69B)
Class org.gradle.internal.time.TimeSource$1                                           : loaded 2 times (x 75B)
Class org.gradle.internal.classloader.SystemClassLoaderSpec                           : loaded 2 times (x 69B)
Class kotlin.Function                                                                 : loaded 2 times (x 68B)
Class org.gradle.api.UncheckedIOException                                             : loaded 2 times (x 80B)
Class org.gradle.internal.time.CountdownTimer                                         : loaded 2 times (x 68B)
Class org.gradle.internal.time.Clock                                                  : loaded 2 times (x 68B)
Class org.gradle.internal.classloader.ClasspathUtil                                   : loaded 2 times (x 69B)
Class org.gradle.api.internal.DefaultClassPathRegistry                                : loaded 2 times (x 74B)
Class org.gradle.api.internal.classpath.DefaultModuleRegistry$DefaultModule           : loaded 2 times (x 84B)
Class org.gradle.internal.time.TimeSource                                             : loaded 2 times (x 68B)
Class org.gradle.api.internal.classpath.UnknownModuleException                        : loaded 2 times (x 80B)
Class org.gradle.internal.service.ServiceLookupException                              : loaded 2 times (x 80B)
Class org.gradle.cache.GlobalCache                                                    : loaded 2 times (x 68B)
Class [Lorg.gradle.api.internal.ClassPathProvider;                                    : loaded 2 times (x 67B)
Class org.gradle.internal.operations.MultipleBuildOperationFailures                   : loaded 2 times (x 85B)
Class org.gradle.util.internal.GUtil                                                  : loaded 2 times (x 69B)
Class org.gradle.internal.classloader.ClassLoaderSpec                                 : loaded 2 times (x 69B)
Class org.gradle.internal.classloader.VisitableURLClassLoader                         : loaded 2 times (x 114B)
Class org.gradle.internal.Cast                                                        : loaded 2 times (x 69B)
Class org.gradle.api.internal.ClassPathRegistry                                       : loaded 2 times (x 68B)
Class org.gradle.internal.classloader.ClassLoaderHierarchy                            : loaded 2 times (x 68B)
Class org.gradle.internal.exceptions.MultiCauseException                              : loaded 2 times (x 68B)
Class org.gradle.internal.service.ServiceLocator                                      : loaded 2 times (x 68B)
Class org.gradle.internal.classpath.DefaultClassPath$ImmutableUniqueList              : loaded 2 times (x 159B)
Class org.gradle.internal.time.DefaultTimer                                           : loaded 2 times (x 78B)


---------------  S Y S T E M  ---------------

OS:
 Windows Server 2019 , 64 bit Build 17763 (10.0.17763.4974)
OS uptime: 1 days 0:00 hours

CPU: total 2 (initial active 2) (2 cores per cpu, 1 threads per core) family 6 model 85 stepping 7 microcode 0x0, cx8, cmov, fxsr, mmx, 3dnowpref, sse, sse2, sse3, ssse3, sse4.1, sse4.2, popcnt, lzcnt, tsc, tscinvbit, avx, avx2, aes, erms, clmul, bmi1, bmi2, rtm, avx512f, avx512cd, fma, vzeroupper, clflush, hv

Memory: 4k page, system-wide physical 2046M (67M free)
TotalPageFile size 8190M (AvailPageFile size 5M)
current process WorkingSet (physical memory assigned to process): 107M, peak: 120M
current process commit charge ("private bytes"): 234M, peak: 235M

vm_info: OpenJDK 64-Bit Server VM (17.0.7+0-b2043.56-10550314) for windows-amd64 JRE (17.0.7+0-b2043.56-10550314), built on Jul 24 2023 18:27:45 by "androidbuild" with MS VC++ 16.10 / 16.11 (VS2019)

END.
