#
# There is insufficient memory for the Java Runtime Environment to continue.
# Native memory allocation (mmap) failed to map 98566144 bytes for G1 virtual space
# Possible reasons:
#   The system is out of physical RAM or swap space
#   The process is running with CompressedOops enabled, and the Java Heap may be blocking the growth of the native heap
# Possible solutions:
#   Reduce memory load on the system
#   Increase physical memory or swap space
#   Check if swap backing store is full
#   Decrease Java heap size (-Xmx/-Xms)
#   Decrease number of Java threads
#   Decrease Java thread stack sizes (-Xss)
#   Set larger code cache with -XX:ReservedCodeCacheSize=
#   JVM is running with Unscaled Compressed Oops mode in which the Java heap is
#     placed in the first 4GB address space. The Java Heap base address is the
#     maximum limit for the native heap growth. Please use -XX:HeapBaseMinAddress
#     to set the Java Heap base and to place the Java Heap above 4GB virtual address.
# This output file may be truncated or incomplete.
#
#  Out of Memory Error (os_windows.cpp:3771), pid=2628, tid=6664
#
# JRE version: OpenJDK Runtime Environment (17.0.7) (build 17.0.7+0-b2043.56-10550314)
# Java VM: OpenJDK 64-Bit Server VM (17.0.7+0-b2043.56-10550314, mixed mode, tiered, compressed oops, compressed class ptrs, g1 gc, windows-amd64)
# Core dump will be written. Default location: C:\Users\Administrator\AndroidStudioProjects\CPEVPN\hs_err_pid2628.mdmp
#

---------------  S U M M A R Y ------------

Command Line: --add-opens=java.base/java.util=ALL-UNNAMED --add-opens=java.base/java.lang=ALL-UNNAMED --add-opens=java.base/java.lang.invoke=ALL-UNNAMED --add-opens=java.prefs/java.util.prefs=ALL-UNNAMED --add-opens=java.base/java.nio.charset=ALL-UNNAMED --add-opens=java.base/java.net=ALL-UNNAMED --add-opens=java.base/java.util.concurrent.atomic=ALL-UNNAMED -Xmx2048m -Dfile.encoding=UTF-8 -Duser.country=US -Duser.language=en -Duser.variant org.gradle.launcher.daemon.bootstrap.GradleDaemon 7.6.2

Host: Intel(R) Xeon(R) Gold 6226R CPU @ 2.90GHz, 2 cores, 1G,  Windows Server 2019 , 64 bit Build 17763 (10.0.17763.4974)
Time: Tue Feb 13 09:28:41 2024 Pacific Standard Time elapsed time: 8.974790 seconds (0d 0h 0m 8s)

---------------  T H R E A D  ---------------

Current thread (0x0000026d7c030390):  VMThread "VM Thread" [stack: 0x000000b5bc700000,0x000000b5bc800000] [id=6664]

Stack: [0x000000b5bc700000,0x000000b5bc800000]
Native frames: (J=compiled Java code, j=interpreted, Vv=VM code, C=native code)
V  [jvm.dll+0x683bfa]
V  [jvm.dll+0x8430a4]
V  [jvm.dll+0x8449be]
V  [jvm.dll+0x845023]
V  [jvm.dll+0x24ad2f]
V  [jvm.dll+0x680ac9]
V  [jvm.dll+0x67519a]
V  [jvm.dll+0x30b3cb]
V  [jvm.dll+0x312876]
V  [jvm.dll+0x36221e]
V  [jvm.dll+0x36244f]
V  [jvm.dll+0x2e14a8]
V  [jvm.dll+0x2df684]
V  [jvm.dll+0x2dec8c]
V  [jvm.dll+0x32382b]
V  [jvm.dll+0x8496eb]
V  [jvm.dll+0x84a424]
V  [jvm.dll+0x84a93d]
V  [jvm.dll+0x84ad14]
V  [jvm.dll+0x84ade0]
V  [jvm.dll+0x7f2aea]
V  [jvm.dll+0x682a35]
C  [ucrtbase.dll+0x2268a]
C  [KERNEL32.DLL+0x17ac4]
C  [ntdll.dll+0x5a4e1]

VM_Operation (0x000000b5bdbf8870): G1CollectForAllocation, mode: safepoint, requested by thread 0x0000026d7ddf46e0


---------------  P R O C E S S  ---------------

Threads class SMR info:
_java_thread_list=0x0000026d7ede59f0, length=29, elements={
0x0000026d70000f30, 0x0000026d7c07a830, 0x0000026d7c07c3b0, 0x0000026d7c0e6e20,
0x0000026d7c0e78e0, 0x0000026d7c0ea1b0, 0x0000026d7c0ed640, 0x0000026d7c0ee2e0,
0x0000026d7c0c8440, 0x0000026d7c0d69a0, 0x0000026d7c474f10, 0x0000026d7c4793f0,
0x0000026d7d029680, 0x0000026d7d0bde40, 0x0000026d7de06020, 0x0000026d7de49020,
0x0000026d7d65cc00, 0x0000026d7daa6840, 0x0000026d7ddf46e0, 0x0000026d7ddf4f30,
0x0000026d6ffecc80, 0x0000026d6ffeaad0, 0x0000026d6ffed620, 0x0000026d6ffed150,
0x0000026d6ffedaf0, 0x0000026d6ffeafa0, 0x0000026d6ffee490, 0x0000026d6ffeb470,
0x0000026d6ffebe10
}

Java Threads: ( => current thread )
  0x0000026d70000f30 JavaThread "main" [_thread_blocked, id=5012, stack(0x000000b5bc100000,0x000000b5bc200000)]
  0x0000026d7c07a830 JavaThread "Reference Handler" daemon [_thread_blocked, id=5044, stack(0x000000b5bc800000,0x000000b5bc900000)]
  0x0000026d7c07c3b0 JavaThread "Finalizer" daemon [_thread_blocked, id=8376, stack(0x000000b5bc900000,0x000000b5bca00000)]
  0x0000026d7c0e6e20 JavaThread "Signal Dispatcher" daemon [_thread_blocked, id=7520, stack(0x000000b5bca00000,0x000000b5bcb00000)]
  0x0000026d7c0e78e0 JavaThread "Attach Listener" daemon [_thread_blocked, id=7940, stack(0x000000b5bcb00000,0x000000b5bcc00000)]
  0x0000026d7c0ea1b0 JavaThread "Service Thread" daemon [_thread_blocked, id=5560, stack(0x000000b5bcc00000,0x000000b5bcd00000)]
  0x0000026d7c0ed640 JavaThread "Monitor Deflation Thread" daemon [_thread_blocked, id=4420, stack(0x000000b5bcd00000,0x000000b5bce00000)]
  0x0000026d7c0ee2e0 JavaThread "C2 CompilerThread0" daemon [_thread_blocked, id=5296, stack(0x000000b5bce00000,0x000000b5bcf00000)]
  0x0000026d7c0c8440 JavaThread "C1 CompilerThread0" daemon [_thread_blocked, id=5164, stack(0x000000b5bcf00000,0x000000b5bd000000)]
  0x0000026d7c0d69a0 JavaThread "Sweeper thread" daemon [_thread_blocked, id=6244, stack(0x000000b5bd000000,0x000000b5bd100000)]
  0x0000026d7c474f10 JavaThread "Common-Cleaner" daemon [_thread_blocked, id=2772, stack(0x000000b5bd100000,0x000000b5bd200000)]
  0x0000026d7c4793f0 JavaThread "Notification Thread" daemon [_thread_blocked, id=7272, stack(0x000000b5bd200000,0x000000b5bd300000)]
  0x0000026d7d029680 JavaThread "Daemon health stats" [_thread_blocked, id=7296, stack(0x000000b5bd500000,0x000000b5bd600000)]
  0x0000026d7d0bde40 JavaThread "Incoming local TCP Connector on port 65405" [_thread_in_native, id=3364, stack(0x000000b5bd600000,0x000000b5bd700000)]
  0x0000026d7de06020 JavaThread "Daemon periodic checks" [_thread_blocked, id=5804, stack(0x000000b5bd700000,0x000000b5bd800000)]
  0x0000026d7de49020 JavaThread "Daemon" [_thread_blocked, id=8520, stack(0x000000b5bd800000,0x000000b5bd900000)]
  0x0000026d7d65cc00 JavaThread "Handler for socket connection from /127.0.0.1:65405 to /127.0.0.1:65406" [_thread_in_native, id=5420, stack(0x000000b5bd900000,0x000000b5bda00000)]
  0x0000026d7daa6840 JavaThread "Cancel handler" [_thread_blocked, id=6916, stack(0x000000b5bda00000,0x000000b5bdb00000)]
  0x0000026d7ddf46e0 JavaThread "Daemon worker" [_thread_blocked, id=8272, stack(0x000000b5bdb00000,0x000000b5bdc00000)]
  0x0000026d7ddf4f30 JavaThread "Asynchronous log dispatcher for DefaultDaemonConnection: socket connection from /127.0.0.1:65405 to /127.0.0.1:65406" [_thread_blocked, id=8924, stack(0x000000b5bdc00000,0x000000b5bdd00000)]
  0x0000026d6ffecc80 JavaThread "Stdin handler" [_thread_blocked, id=7312, stack(0x000000b5bdd00000,0x000000b5bde00000)]
  0x0000026d6ffeaad0 JavaThread "Daemon client event forwarder" [_thread_blocked, id=4920, stack(0x000000b5bde00000,0x000000b5bdf00000)]
  0x0000026d6ffed620 JavaThread "Cache worker for journal cache (C:\Users\Administrator\.gradle\caches\journal-1)" [_thread_blocked, id=4712, stack(0x000000b5bdf00000,0x000000b5be000000)]
  0x0000026d6ffed150 JavaThread "File lock request listener" [_thread_in_native, id=8004, stack(0x000000b5be000000,0x000000b5be100000)]
  0x0000026d6ffedaf0 JavaThread "Cache worker for file hash cache (C:\Users\Administrator\.gradle\caches\7.6.2\fileHashes)" [_thread_blocked, id=5524, stack(0x000000b5be100000,0x000000b5be200000)]
  0x0000026d6ffeafa0 JavaThread "File watcher server" daemon [_thread_in_native, id=2876, stack(0x000000b5be200000,0x000000b5be300000)]
  0x0000026d6ffee490 JavaThread "File watcher consumer" daemon [_thread_blocked, id=6120, stack(0x000000b5be300000,0x000000b5be400000)]
  0x0000026d6ffeb470 JavaThread "jar transforms" [_thread_blocked, id=3024, stack(0x000000b5be400000,0x000000b5be500000)]
  0x0000026d6ffebe10 JavaThread "jar transforms Thread 2" [_thread_blocked, id=8900, stack(0x000000b5be500000,0x000000b5be600000)]

Other Threads:
=>0x0000026d7c030390 VMThread "VM Thread" [stack: 0x000000b5bc700000,0x000000b5bc800000] [id=6664]
  0x0000026d7c4798c0 WatcherThread [stack: 0x000000b5bd300000,0x000000b5bd400000] [id=2712]
  0x0000026d7005bf50 GCTaskThread "GC Thread#0" [stack: 0x000000b5bc200000,0x000000b5bc300000] [id=5036]
  0x0000026d7c55c200 GCTaskThread "GC Thread#1" [stack: 0x000000b5bd400000,0x000000b5bd500000] [id=7268]
  0x0000026d7006ce10 ConcurrentGCThread "G1 Main Marker" [stack: 0x000000b5bc300000,0x000000b5bc400000] [id=3716]
  0x0000026d7006d730 ConcurrentGCThread "G1 Conc#0" [stack: 0x000000b5bc400000,0x000000b5bc500000] [id=8208]
  0x0000026d7009dea0 ConcurrentGCThread "G1 Refine#0" [stack: 0x000000b5bc500000,0x000000b5bc600000] [id=3028]
  0x0000026d7009e7d0 ConcurrentGCThread "G1 Service" [stack: 0x000000b5bc600000,0x000000b5bc700000] [id=620]

Threads with active compile tasks:

VM state: at safepoint (normal execution)

VM Mutex/Monitor currently owned by a thread:  ([mutex/lock_event])
[0x0000026d6fffdb00] Threads_lock - owner thread: 0x0000026d7c030390
[0x0000026d6fffcf30] Heap_lock - owner thread: 0x0000026d7ddf46e0

Heap address: 0x0000000080000000, size: 2048 MB, Compressed Oops mode: 32-bit

CDS archive(s) not mapped
Compressed class space mapped at: 0x0000000100000000-0x0000000140000000, reserved size: 1073741824
Narrow klass base: 0x0000000000000000, Narrow klass shift: 3, Narrow klass range: 0x140000000

GC Precious Log:
 CPUs: 2 total, 2 available
 Memory: 2046M
 Large Page Support: Disabled
 NUMA Support: Disabled
 Compressed Oops: Enabled (32-bit)
 Heap Region Size: 1M
 Heap Min Capacity: 8M
 Heap Initial Capacity: 32M
 Heap Max Capacity: 2G
 Pre-touch: Disabled
 Parallel Workers: 2
 Concurrent Workers: 1
 Concurrent Refinement Workers: 2
 Periodic GC: Disabled

Heap:
 garbage-first heap   total 48128K, used 44716K [0x0000000080000000, 0x0000000100000000)
  region size 1024K, 1 young (1024K), 1 survivors (1024K)
 Metaspace       used 29466K, committed 29824K, reserved 1114112K
  class space    used 3998K, committed 4160K, reserved 1048576K

Heap Regions: E=young(eden), S=young(survivor), O=old, HS=humongous(starts), HC=humongous(continues), CS=collection set, F=free, OA=open archive, CA=closed archive, TAMS=top-at-mark-start (previous, next)
|   0|0x0000000080000000, 0x0000000080100000, 0x0000000080100000|100%| O|  |TAMS 0x0000000080100000, 0x0000000080100000| Untracked 
|   1|0x0000000080100000, 0x0000000080200000, 0x0000000080200000|100%| O|  |TAMS 0x0000000080200000, 0x0000000080200000| Untracked 
|   2|0x0000000080200000, 0x0000000080300000, 0x0000000080300000|100%| O|  |TAMS 0x0000000080300000, 0x0000000080300000| Untracked 
|   3|0x0000000080300000, 0x0000000080400000, 0x0000000080400000|100%|HS|  |TAMS 0x0000000080400000, 0x0000000080400000| Complete 
|   4|0x0000000080400000, 0x0000000080500000, 0x0000000080500000|100%|HC|  |TAMS 0x0000000080500000, 0x0000000080500000| Complete 
|   5|0x0000000080500000, 0x0000000080600000, 0x0000000080600000|100%|HC|  |TAMS 0x0000000080600000, 0x0000000080600000| Complete 
|   6|0x0000000080600000, 0x0000000080700000, 0x0000000080700000|100%| O|  |TAMS 0x0000000080700000, 0x0000000080700000| Untracked 
|   7|0x0000000080700000, 0x0000000080800000, 0x0000000080800000|100%| O|  |TAMS 0x0000000080800000, 0x0000000080800000| Untracked 
|   8|0x0000000080800000, 0x0000000080900000, 0x0000000080900000|100%| O|  |TAMS 0x0000000080900000, 0x0000000080900000| Untracked 
|   9|0x0000000080900000, 0x0000000080a00000, 0x0000000080a00000|100%| O|  |TAMS 0x0000000080a00000, 0x0000000080a00000| Untracked 
|  10|0x0000000080a00000, 0x0000000080b00000, 0x0000000080b00000|100%| O|  |TAMS 0x0000000080a00000, 0x0000000080b00000| Untracked 
|  11|0x0000000080b00000, 0x0000000080c00000, 0x0000000080c00000|100%| O|  |TAMS 0x0000000080c00000, 0x0000000080c00000| Untracked 
|  12|0x0000000080c00000, 0x0000000080d00000, 0x0000000080d00000|100%| O|  |TAMS 0x0000000080d00000, 0x0000000080d00000| Untracked 
|  13|0x0000000080d00000, 0x0000000080e00000, 0x0000000080e00000|100%| O|  |TAMS 0x0000000080e00000, 0x0000000080e00000| Untracked 
|  14|0x0000000080e00000, 0x0000000080f00000, 0x0000000080f00000|100%| O|  |TAMS 0x0000000080f00000, 0x0000000080f00000| Untracked 
|  15|0x0000000080f00000, 0x0000000081000000, 0x0000000081000000|100%| O|  |TAMS 0x0000000081000000, 0x0000000081000000| Untracked 
|  16|0x0000000081000000, 0x0000000081000000, 0x0000000081100000|  0%| F|  |TAMS 0x0000000081000000, 0x0000000081000000| Untracked 
|  17|0x0000000081100000, 0x0000000081200000, 0x0000000081200000|100%| O|  |TAMS 0x0000000081200000, 0x0000000081200000| Untracked 
|  18|0x0000000081200000, 0x0000000081300000, 0x0000000081300000|100%| O|  |TAMS 0x00000000812a5200, 0x0000000081300000| Untracked 
|  19|0x0000000081300000, 0x0000000081400000, 0x0000000081400000|100%|HS|  |TAMS 0x0000000081400000, 0x0000000081400000| Complete 
|  20|0x0000000081400000, 0x0000000081500000, 0x0000000081500000|100%|HC|  |TAMS 0x0000000081500000, 0x0000000081500000| Complete 
|  21|0x0000000081500000, 0x0000000081600000, 0x0000000081600000|100%|HS|  |TAMS 0x0000000081600000, 0x0000000081600000| Complete 
|  22|0x0000000081600000, 0x0000000081700000, 0x0000000081700000|100%|HC|  |TAMS 0x0000000081700000, 0x0000000081700000| Complete 
|  23|0x0000000081700000, 0x0000000081800000, 0x0000000081800000|100%|HC|  |TAMS 0x0000000081800000, 0x0000000081800000| Complete 
|  24|0x0000000081800000, 0x0000000081900000, 0x0000000081900000|100%|HS|  |TAMS 0x0000000081800000, 0x0000000081900000| Complete 
|  25|0x0000000081900000, 0x0000000081a00000, 0x0000000081a00000|100%|HC|  |TAMS 0x0000000081900000, 0x0000000081a00000| Complete 
|  26|0x0000000081a00000, 0x0000000081b00000, 0x0000000081b00000|100%|HS|  |TAMS 0x0000000081a00000, 0x0000000081b00000| Complete 
|  27|0x0000000081b00000, 0x0000000081c00000, 0x0000000081c00000|100%|HC|  |TAMS 0x0000000081b00000, 0x0000000081c00000| Complete 
|  28|0x0000000081c00000, 0x0000000081d00000, 0x0000000081d00000|100%|HC|  |TAMS 0x0000000081c00000, 0x0000000081d00000| Complete 
|  29|0x0000000081d00000, 0x0000000081e00000, 0x0000000081e00000|100%|HC|  |TAMS 0x0000000081d00000, 0x0000000081e00000| Complete 
|  30|0x0000000081e00000, 0x0000000081f00000, 0x0000000081f00000|100%|HC|  |TAMS 0x0000000081e00000, 0x0000000081f00000| Complete 
|  31|0x0000000081f00000, 0x0000000082000000, 0x0000000082000000|100%|HC|  |TAMS 0x0000000081f00000, 0x0000000082000000| Complete 
|  32|0x0000000082000000, 0x0000000082100000, 0x0000000082100000|100%|HC|  |TAMS 0x0000000082000000, 0x0000000082100000| Complete 
|  33|0x0000000082100000, 0x0000000082200000, 0x0000000082200000|100%|HC|  |TAMS 0x0000000082100000, 0x0000000082200000| Complete 
|  34|0x0000000082200000, 0x0000000082300000, 0x0000000082300000|100%|HC|  |TAMS 0x0000000082200000, 0x0000000082300000| Complete 
|  35|0x0000000082300000, 0x0000000082400000, 0x0000000082400000|100%|HC|  |TAMS 0x0000000082300000, 0x0000000082400000| Complete 
|  36|0x0000000082400000, 0x0000000082500000, 0x0000000082500000|100%|HC|  |TAMS 0x0000000082400000, 0x0000000082500000| Complete 
|  37|0x0000000082500000, 0x0000000082600000, 0x0000000082600000|100%|HC|  |TAMS 0x0000000082500000, 0x0000000082600000| Complete 
|  38|0x0000000082600000, 0x0000000082700000, 0x0000000082700000|100%| O|  |TAMS 0x0000000082600000, 0x0000000082700000| Untracked 
|  39|0x0000000082700000, 0x0000000082800000, 0x0000000082800000|100%| O|  |TAMS 0x0000000082700000, 0x0000000082800000| Untracked 
|  40|0x0000000082800000, 0x00000000828f8b98, 0x0000000082900000| 97%| S|CS|TAMS 0x0000000082800000, 0x0000000082800000| Complete 
|  41|0x0000000082900000, 0x0000000082900000, 0x0000000082a00000|  0%| F|  |TAMS 0x0000000082900000, 0x0000000082900000| Untracked 
|  42|0x0000000082a00000, 0x0000000082b00000, 0x0000000082b00000|100%|HS|  |TAMS 0x0000000082a00000, 0x0000000082b00000| Complete 
|  43|0x0000000082b00000, 0x0000000082c00000, 0x0000000082c00000|100%|HC|  |TAMS 0x0000000082b00000, 0x0000000082c00000| Complete 
|  44|0x0000000082c00000, 0x0000000082d00000, 0x0000000082d00000|100%| O|  |TAMS 0x0000000082c00000, 0x0000000082d00000| Untracked 
|  45|0x0000000082d00000, 0x0000000082db2800, 0x0000000082e00000| 69%| O|  |TAMS 0x0000000082d00000, 0x0000000082db2800| Untracked 
|  46|0x0000000082e00000, 0x0000000082e00000, 0x0000000082f00000|  0%| F|  |TAMS 0x0000000082e00000, 0x0000000082e00000| Untracked 

Card table byte_map: [0x0000026d754e0000,0x0000026d758e0000] _byte_map_base: 0x0000026d750e0000

Marking Bits (Prev, Next): (CMBitMap*) 0x0000026d7005c470, (CMBitMap*) 0x0000026d7005c4b0
 Prev Bits: [0x0000026d75ce0000, 0x0000026d77ce0000)
 Next Bits: [0x0000026d77ce0000, 0x0000026d79ce0000)

Polling page: 0x0000026d6fd70000

Metaspace:

Usage:
  Non-class:     24.87 MB used.
      Class:      3.91 MB used.
       Both:     28.78 MB used.

Virtual space:
  Non-class space:       64.00 MB reserved,      25.06 MB ( 39%) committed,  1 nodes.
      Class space:        1.00 GB reserved,       4.06 MB ( <1%) committed,  1 nodes.
             Both:        1.06 GB reserved,      29.13 MB (  3%) committed. 

Chunk freelists:
   Non-Class:  6.85 MB
       Class:  11.82 MB
        Both:  18.67 MB

MaxMetaspaceSize: unlimited
CompressedClassSpaceSize: 1.00 GB
Initial GC threshold: 21.00 MB
Current GC threshold: 48.06 MB
CDS: off
MetaspaceReclaimPolicy: balanced
 - commit_granule_bytes: 65536.
 - commit_granule_words: 8192.
 - virtual_space_node_default_size: 8388608.
 - enlarge_chunks_in_place: 1.
 - new_chunks_are_fully_committed: 0.
 - uncommit_free_chunks: 1.
 - use_allocation_guard: 0.
 - handle_deallocations: 1.


Internal statistics:

num_allocs_failed_limit: 3.
num_arena_births: 298.
num_arena_deaths: 0.
num_vsnodes_births: 2.
num_vsnodes_deaths: 0.
num_space_committed: 466.
num_space_uncommitted: 0.
num_chunks_returned_to_freelist: 3.
num_chunks_taken_from_freelist: 1077.
num_chunk_merges: 0.
num_chunk_splits: 675.
num_chunks_enlarged: 471.
num_inconsistent_stats: 0.

CodeHeap 'non-profiled nmethods': size=120064Kb used=1467Kb max_used=1467Kb free=118596Kb
 bounds [0x0000026d07ac0000, 0x0000026d07d30000, 0x0000026d0f000000]
CodeHeap 'profiled nmethods': size=120000Kb used=5579Kb max_used=5579Kb free=114420Kb
 bounds [0x0000026d00000000, 0x0000026d00580000, 0x0000026d07530000]
CodeHeap 'non-nmethods': size=5696Kb used=1235Kb max_used=1298Kb free=4460Kb
 bounds [0x0000026d07530000, 0x0000026d077a0000, 0x0000026d07ac0000]
 total_blobs=3219 nmethods=2680 adapters=451
 compilation: enabled
              stopped_count=0, restarted_count=0
 full_count=0

Compilation events (20 events):
Event: 8.956 Thread 0x0000026d7c0c8440 2672       3       java.lang.Class::getDeclaredMethod (63 bytes)
Event: 8.957 Thread 0x0000026d7c0ee2e0 2674       4       com.google.common.collect.Hashing::smear (19 bytes)
Event: 8.957 Thread 0x0000026d7c0c8440 nmethod 2672 0x0000026d0056cd10 code [0x0000026d0056cfe0, 0x0000026d0056dc18]
Event: 8.957 Thread 0x0000026d7c0c8440 2673       3       com.google.common.cache.LocalCache::recordsAccess (5 bytes)
Event: 8.957 Thread 0x0000026d7c0c8440 nmethod 2673 0x0000026d0056e110 code [0x0000026d0056e2a0, 0x0000026d0056e498]
Event: 8.957 Thread 0x0000026d7c0ee2e0 nmethod 2674 0x0000026d07c2e810 code [0x0000026d07c2e980, 0x0000026d07c2e9f8]
Event: 8.958 Thread 0x0000026d7c0c8440 2675       1       java.lang.ClassValue::version (5 bytes)
Event: 8.958 Thread 0x0000026d7c0c8440 nmethod 2675 0x0000026d07c2eb10 code [0x0000026d07c2eca0, 0x0000026d07c2ed78]
Event: 8.958 Thread 0x0000026d7c0c8440 2676       3       java.lang.ClassValue$Entry::version (8 bytes)
Event: 8.958 Thread 0x0000026d7c0c8440 nmethod 2676 0x0000026d0056e590 code [0x0000026d0056e720, 0x0000026d0056e9d8]
Event: 8.958 Thread 0x0000026d7c0c8440 2677       3       org.gradle.internal.io.StreamByteBuffer$StreamByteBufferChunk::read (25 bytes)
Event: 8.959 Thread 0x0000026d7c0c8440 nmethod 2677 0x0000026d0056ea90 code [0x0000026d0056ec40, 0x0000026d0056ee48]
Event: 8.959 Thread 0x0000026d7c0c8440 2679       3       org.gradle.internal.io.StreamByteBuffer$StreamByteBufferInputStream::readImpl (150 bytes)
Event: 8.959 Thread 0x0000026d7c0c8440 nmethod 2679 0x0000026d0056ef10 code [0x0000026d0056f140, 0x0000026d0056f928]
Event: 8.959 Thread 0x0000026d7c0c8440 2678       3       org.gradle.internal.io.StreamByteBuffer$StreamByteBufferInputStream::read (8 bytes)
Event: 8.959 Thread 0x0000026d7c0c8440 nmethod 2678 0x0000026d0056fc90 code [0x0000026d0056fe40, 0x0000026d0056ff88]
Event: 8.961 Thread 0x0000026d7c0c8440 2680       3       java.util.concurrent.locks.AbstractQueuedSynchronizer$Node::clearStatus (12 bytes)
Event: 8.962 Thread 0x0000026d7c0c8440 nmethod 2680 0x0000026d00570090 code [0x0000026d00570240, 0x0000026d00570408]
Event: 8.962 Thread 0x0000026d7c0c8440 2681   !   3       java.util.concurrent.locks.AbstractQueuedSynchronizer::acquire (407 bytes)
Event: 8.963 Thread 0x0000026d7c0c8440 nmethod 2681 0x0000026d00570490 code [0x0000026d00570820, 0x0000026d00572388]

GC Heap History (20 events):
Event: 3.892 GC heap after
{Heap after GC invocations=9 (full 0):
 garbage-first heap   total 39936K, used 17321K [0x0000000080000000, 0x0000000100000000)
  region size 1024K, 2 young (2048K), 2 survivors (2048K)
 Metaspace       used 19068K, committed 19328K, reserved 1114112K
  class space    used 2240K, committed 2368K, reserved 1048576K
}
Event: 4.495 GC heap before
{Heap before GC invocations=9 (full 0):
 garbage-first heap   total 39936K, used 26537K [0x0000000080000000, 0x0000000100000000)
  region size 1024K, 12 young (12288K), 2 survivors (2048K)
 Metaspace       used 21058K, committed 21248K, reserved 1114112K
  class space    used 2540K, committed 2624K, reserved 1048576K
}
Event: 4.503 GC heap after
{Heap after GC invocations=10 (full 0):
 garbage-first heap   total 39936K, used 18052K [0x0000000080000000, 0x0000000100000000)
  region size 1024K, 1 young (1024K), 1 survivors (1024K)
 Metaspace       used 21058K, committed 21248K, reserved 1114112K
  class space    used 2540K, committed 2624K, reserved 1048576K
}
Event: 4.552 GC heap before
{Heap before GC invocations=10 (full 0):
 garbage-first heap   total 39936K, used 19076K [0x0000000080000000, 0x0000000100000000)
  region size 1024K, 3 young (3072K), 1 survivors (1024K)
 Metaspace       used 21323K, committed 21504K, reserved 1114112K
  class space    used 2584K, committed 2688K, reserved 1048576K
}
Event: 4.556 GC heap after
{Heap after GC invocations=11 (full 0):
 garbage-first heap   total 39936K, used 17959K [0x0000000080000000, 0x0000000100000000)
  region size 1024K, 1 young (1024K), 1 survivors (1024K)
 Metaspace       used 21323K, committed 21504K, reserved 1114112K
  class space    used 2584K, committed 2688K, reserved 1048576K
}
Event: 5.101 GC heap before
{Heap before GC invocations=12 (full 0):
 garbage-first heap   total 39936K, used 28199K [0x0000000080000000, 0x0000000100000000)
  region size 1024K, 12 young (12288K), 1 survivors (1024K)
 Metaspace       used 23260K, committed 23552K, reserved 1114112K
  class space    used 2935K, committed 3072K, reserved 1048576K
}
Event: 5.106 GC heap after
{Heap after GC invocations=13 (full 0):
 garbage-first heap   total 48128K, used 18555K [0x0000000080000000, 0x0000000100000000)
  region size 1024K, 2 young (2048K), 2 survivors (2048K)
 Metaspace       used 23260K, committed 23552K, reserved 1114112K
  class space    used 2935K, committed 3072K, reserved 1048576K
}
Event: 5.139 GC heap before
{Heap before GC invocations=13 (full 0):
 garbage-first heap   total 48128K, used 18555K [0x0000000080000000, 0x0000000100000000)
  region size 1024K, 3 young (3072K), 2 survivors (2048K)
 Metaspace       used 23448K, committed 23680K, reserved 1114112K
  class space    used 2964K, committed 3072K, reserved 1048576K
}
Event: 5.143 GC heap after
{Heap after GC invocations=14 (full 0):
 garbage-first heap   total 48128K, used 18289K [0x0000000080000000, 0x0000000100000000)
  region size 1024K, 1 young (1024K), 1 survivors (1024K)
 Metaspace       used 23448K, committed 23680K, reserved 1114112K
  class space    used 2964K, committed 3072K, reserved 1048576K
}
Event: 5.789 GC heap before
{Heap before GC invocations=14 (full 0):
 garbage-first heap   total 48128K, used 35697K [0x0000000080000000, 0x0000000100000000)
  region size 1024K, 18 young (18432K), 1 survivors (1024K)
 Metaspace       used 26229K, committed 26496K, reserved 1114112K
  class space    used 3445K, committed 3584K, reserved 1048576K
}
Event: 5.798 GC heap after
{Heap after GC invocations=15 (full 0):
 garbage-first heap   total 48128K, used 19254K [0x0000000080000000, 0x0000000100000000)
  region size 1024K, 2 young (2048K), 2 survivors (2048K)
 Metaspace       used 26229K, committed 26496K, reserved 1114112K
  class space    used 3445K, committed 3584K, reserved 1048576K
}
Event: 8.711 GC heap before
{Heap before GC invocations=15 (full 0):
 garbage-first heap   total 48128K, used 37686K [0x0000000080000000, 0x0000000100000000)
  region size 1024K, 19 young (19456K), 2 survivors (2048K)
 Metaspace       used 29179K, committed 29504K, reserved 1114112K
  class space    used 3951K, committed 4096K, reserved 1048576K
}
Event: 8.729 GC heap after
{Heap after GC invocations=16 (full 0):
 garbage-first heap   total 48128K, used 22770K [0x0000000080000000, 0x0000000100000000)
  region size 1024K, 3 young (3072K), 3 survivors (3072K)
 Metaspace       used 29179K, committed 29504K, reserved 1114112K
  class space    used 3951K, committed 4096K, reserved 1048576K
}
Event: 8.757 GC heap before
{Heap before GC invocations=16 (full 0):
 garbage-first heap   total 48128K, used 25842K [0x0000000080000000, 0x0000000100000000)
  region size 1024K, 4 young (4096K), 3 survivors (3072K)
 Metaspace       used 29181K, committed 29504K, reserved 1114112K
  class space    used 3951K, committed 4096K, reserved 1048576K
}
Event: 8.762 GC heap after
{Heap after GC invocations=17 (full 0):
 garbage-first heap   total 48128K, used 26370K [0x0000000080000000, 0x0000000100000000)
  region size 1024K, 2 young (2048K), 2 survivors (2048K)
 Metaspace       used 29181K, committed 29504K, reserved 1114112K
  class space    used 3951K, committed 4096K, reserved 1048576K
}
Event: 8.896 GC heap before
{Heap before GC invocations=18 (full 0):
 garbage-first heap   total 48128K, used 41730K [0x0000000080000000, 0x0000000100000000)
  region size 1024K, 5 young (5120K), 2 survivors (2048K)
 Metaspace       used 29359K, committed 29696K, reserved 1114112K
  class space    used 3984K, committed 4160K, reserved 1048576K
}
Event: 8.903 GC heap after
{Heap after GC invocations=19 (full 0):
 garbage-first heap   total 48128K, used 42090K [0x0000000080000000, 0x0000000100000000)
  region size 1024K, 2 young (2048K), 2 survivors (2048K)
 Metaspace       used 29359K, committed 29696K, reserved 1114112K
  class space    used 3984K, committed 4160K, reserved 1048576K
}
Event: 8.903 GC heap before
{Heap before GC invocations=19 (full 0):
 garbage-first heap   total 48128K, used 44138K [0x0000000080000000, 0x0000000100000000)
  region size 1024K, 2 young (2048K), 2 survivors (2048K)
 Metaspace       used 29359K, committed 29696K, reserved 1114112K
  class space    used 3984K, committed 4160K, reserved 1048576K
}
Event: 8.910 GC heap after
{Heap after GC invocations=20 (full 0):
 garbage-first heap   total 48128K, used 43722K [0x0000000080000000, 0x0000000100000000)
  region size 1024K, 0 young (0K), 0 survivors (0K)
 Metaspace       used 29359K, committed 29696K, reserved 1114112K
  class space    used 3984K, committed 4160K, reserved 1048576K
}
Event: 8.964 GC heap before
{Heap before GC invocations=20 (full 0):
 garbage-first heap   total 48128K, used 44746K [0x0000000080000000, 0x0000000100000000)
  region size 1024K, 2 young (2048K), 0 survivors (0K)
 Metaspace       used 29466K, committed 29824K, reserved 1114112K
  class space    used 3998K, committed 4160K, reserved 1048576K
}

Dll operation events (2 events):
Event: 0.022 Loaded shared library C:\Program Files\Android\Android Studio\jbr\bin\java.dll
Event: 0.962 Loaded shared library C:\Program Files\Android\Android Studio\jbr\bin\verify.dll

Deoptimization events (20 events):
Event: 8.692 Thread 0x0000026d7ddf46e0 Uncommon trap: trap_request=0xffffffc6 fr.pc=0x0000026d07bbce68 relative=0x0000000000004e08
Event: 8.692 Thread 0x0000026d7ddf46e0 Uncommon trap: reason=bimorphic_or_optimized_type_check action=maybe_recompile pc=0x0000026d07bbce68 method=java.lang.ClassLoader.loadClass(Ljava/lang/String;Z)Ljava/lang/Class; @ 38 c2
Event: 8.692 Thread 0x0000026d7ddf46e0 DEOPT PACKING pc=0x0000026d07bbce68 sp=0x000000b5bdbfa210
Event: 8.692 Thread 0x0000026d7ddf46e0 DEOPT UNPACKING pc=0x0000026d07589423 sp=0x000000b5bdbfa230 mode 2
Event: 8.693 Thread 0x0000026d7ddf46e0 Uncommon trap: trap_request=0xffffffc6 fr.pc=0x0000026d07bbce68 relative=0x0000000000004e08
Event: 8.693 Thread 0x0000026d7ddf46e0 Uncommon trap: reason=bimorphic_or_optimized_type_check action=maybe_recompile pc=0x0000026d07bbce68 method=java.lang.ClassLoader.loadClass(Ljava/lang/String;Z)Ljava/lang/Class; @ 38 c2
Event: 8.693 Thread 0x0000026d7ddf46e0 DEOPT PACKING pc=0x0000026d07bbce68 sp=0x000000b5bdbfa450
Event: 8.693 Thread 0x0000026d7ddf46e0 DEOPT UNPACKING pc=0x0000026d07589423 sp=0x000000b5bdbfa470 mode 2
Event: 8.693 Thread 0x0000026d7ddf46e0 Uncommon trap: trap_request=0xffffffc6 fr.pc=0x0000026d07bbce68 relative=0x0000000000004e08
Event: 8.693 Thread 0x0000026d7ddf46e0 Uncommon trap: reason=bimorphic_or_optimized_type_check action=maybe_recompile pc=0x0000026d07bbce68 method=java.lang.ClassLoader.loadClass(Ljava/lang/String;Z)Ljava/lang/Class; @ 38 c2
Event: 8.693 Thread 0x0000026d7ddf46e0 DEOPT PACKING pc=0x0000026d07bbce68 sp=0x000000b5bdbfb590
Event: 8.693 Thread 0x0000026d7ddf46e0 DEOPT UNPACKING pc=0x0000026d07589423 sp=0x000000b5bdbfb5b0 mode 2
Event: 8.701 Thread 0x0000026d7ddf46e0 Uncommon trap: trap_request=0xffffff45 fr.pc=0x0000026d07bd6cb4 relative=0x0000000000006454
Event: 8.701 Thread 0x0000026d7ddf46e0 Uncommon trap: reason=unstable_if action=reinterpret pc=0x0000026d07bd6cb4 method=java.net.URLClassLoader.getAndVerifyPackage(Ljava/lang/String;Ljava/util/jar/Manifest;Ljava/net/URL;)Ljava/lang/Package; @ 62 c2
Event: 8.701 Thread 0x0000026d7ddf46e0 DEOPT PACKING pc=0x0000026d07bd6cb4 sp=0x000000b5bdbfb870
Event: 8.701 Thread 0x0000026d7ddf46e0 DEOPT UNPACKING pc=0x0000026d07589423 sp=0x000000b5bdbfb5f8 mode 2
Event: 8.851 Thread 0x0000026d7ddf46e0 DEOPT PACKING pc=0x0000026d000c6313 sp=0x000000b5bdbf9a70
Event: 8.851 Thread 0x0000026d7ddf46e0 DEOPT UNPACKING pc=0x0000026d07587d6b sp=0x000000b5bdbf9000 mode 0
Event: 8.910 Thread 0x0000026d7ddf46e0 DEOPT PACKING pc=0x0000026d000c6313 sp=0x000000b5bdbf8a30
Event: 8.910 Thread 0x0000026d7ddf46e0 DEOPT UNPACKING pc=0x0000026d07587d6b sp=0x000000b5bdbf7fc0 mode 0

Classes unloaded (0 events):
No events

Classes redefined (0 events):
No events

Internal exceptions (20 events):
Event: 8.699 Thread 0x0000026d7ddf46e0 Exception <a 'java/lang/NoSuchMethodError'{0x0000000081fa1c50}: static Lorg/gradle/tooling/internal/consumer/connection/InternalPhasedActionAdapter;.<clinit>()V> (0x0000000081fa1c50) 
thrown [s\src\hotspot\share\prims\jni.cpp, line 1108]
Event: 8.706 Thread 0x0000026d7ddf46e0 Exception <a 'java/lang/NoSuchMethodError'{0x0000000081ebac70}: static Lorg/gradle/tooling/internal/consumer/connection/InternalBuildActionAdapter;.<clinit>()V> (0x0000000081ebac70) 
thrown [s\src\hotspot\share\prims\jni.cpp, line 1108]
Event: 8.838 Thread 0x0000026d7ddf46e0 Exception <a 'java/lang/NoSuchMethodError'{0x0000000082eb9c78}: static Ljava/lang/Object;.<clinit>()V> (0x0000000082eb9c78) 
thrown [s\src\hotspot\share\prims\jni.cpp, line 1108]
Event: 8.839 Thread 0x0000026d7ddf46e0 Exception <a 'java/lang/NoSuchMethodError'{0x0000000082ec1340}: static Lorg/jetbrains/plugins/gradle/model/ProjectImportActionWithCustomSerializer;.<clinit>()V> (0x0000000082ec1340) 
thrown [s\src\hotspot\share\prims\jni.cpp, line 1108]
Event: 8.847 Thread 0x0000026d7ddf46e0 Exception <a 'java/lang/NoSuchMethodError'{0x0000000082ef3740}: static Lorg/jetbrains/kotlin/idea/gradleTooling/KotlinDslScriptModelProvider;.<clinit>()V> (0x0000000082ef3740) 
thrown [s\src\hotspot\share\prims\jni.cpp, line 1108]
Event: 8.854 Thread 0x0000026d7ddf46e0 Exception <a 'java/lang/NoSuchMethodError'{0x0000000082b7b808}: static Lorg/jetbrains/plugins/gradle/model/ClassSetProjectImportModelProvider;.<clinit>()V> (0x0000000082b7b808) 
thrown [s\src\hotspot\share\prims\jni.cpp, line 1108]
Event: 8.863 Thread 0x0000026d7ddf46e0 Exception <a 'java/lang/NoSuchMethodError'{0x0000000082bda058}: static Ljava/lang/Object;.<clinit>()V> (0x0000000082bda058) 
thrown [s\src\hotspot\share\prims\jni.cpp, line 1108]
Event: 8.864 Thread 0x0000026d7ddf46e0 Exception <a 'java/lang/NoSuchMethodError'{0x0000000082be76f8}: static Lorg/jetbrains/kotlin/idea/gradleTooling/KotlinGradleModel;.<clinit>()V> (0x0000000082be76f8) 
thrown [s\src\hotspot\share\prims\jni.cpp, line 1108]
Event: 8.867 Thread 0x0000026d7ddf46e0 Exception <a 'java/lang/NoSuchMethodError'{0x0000000082bfbc68}: static Lorg/jetbrains/plugins/gradle/model/AnnotationProcessingModel;.<clinit>()V> (0x0000000082bfbc68) 
thrown [s\src\hotspot\share\prims\jni.cpp, line 1108]
Event: 8.868 Thread 0x0000026d7ddf46e0 Exception <a 'java/lang/NoSuchMethodError'{0x0000000082a09cb8}: static Lorg/jetbrains/plugins/gradle/model/RepositoriesModel;.<clinit>()V> (0x0000000082a09cb8) 
thrown [s\src\hotspot\share\prims\jni.cpp, line 1108]
Event: 8.923 Thread 0x0000026d7ddf46e0 Exception <a 'java/lang/NoSuchMethodError'{0x0000000082e40200}: static Lorg/jetbrains/kotlin/android/synthetic/idea/AndroidExtensionsGradleModel;.<clinit>()V> (0x0000000082e40200) 
thrown [s\src\hotspot\share\prims\jni.cpp, line 1108]
Event: 8.928 Thread 0x0000026d7ddf46e0 Exception <a 'java/lang/NoSuchMethodError'{0x0000000082e76a18}: static Lcom/android/tools/idea/gradle/project/sync/AndroidExtraModelProvider;.<clinit>()V> (0x0000000082e76a18) 
thrown [s\src\hotspot\share\prims\jni.cpp, line 1108]
Event: 8.937 Thread 0x0000026d7ddf46e0 Exception <a 'java/lang/NoSuchMethodError'{0x0000000082ecc308}: static Lcom/android/tools/idea/gradle/project/sync/SyncActionOptions;.<clinit>()V> (0x0000000082ecc308) 
thrown [s\src\hotspot\share\prims\jni.cpp, line 1108]
Event: 8.945 Thread 0x0000026d7ddf46e0 Exception <a 'java/lang/NoSuchMethodError'{0x0000000082ecf078}: static Lcom/android/tools/idea/gradle/project/sync/SyncProjectActionOptions;.<clinit>()V> (0x0000000082ecf078) 
thrown [s\src\hotspot\share\prims\jni.cpp, line 1108]
Event: 8.946 Thread 0x0000026d7ddf46e0 Exception <a 'java/lang/NoSuchMethodError'{0x0000000082ed2068}: static Lcom/android/tools/idea/gradle/project/sync/SingleVariantSyncActionOptions;.<clinit>()V> (0x0000000082ed2068) 
thrown [s\src\hotspot\share\prims\jni.cpp, line 1108]
Event: 8.948 Thread 0x0000026d7ddf46e0 Exception <a 'java/lang/NoSuchMethodError'{0x0000000082ee4d30}: static Lcom/android/tools/idea/gradle/project/sync/GradleSyncStudioFlags;.<clinit>()V> (0x0000000082ee4d30) 
thrown [s\src\hotspot\share\prims\jni.cpp, line 1108]
Event: 8.951 Thread 0x0000026d7ddf46e0 Exception <a 'java/lang/NoSuchMethodError'{0x0000000082ef84e0}: static Lcom/android/tools/idea/gradle/project/sync/AdditionalClassifierArtifactsActionOptions;.<clinit>()V> (0x0000000082ef84e0) 
thrown [s\src\hotspot\share\prims\jni.cpp, line 1108]
Event: 8.953 Thread 0x0000026d7ddf46e0 Exception <a 'java/lang/NoSuchMethodError'{0x00000000829095f8}: static Lcom/android/tools/idea/gradle/project/sync/SelectedVariants;.<clinit>()V> (0x00000000829095f8) 
thrown [s\src\hotspot\share\prims\jni.cpp, line 1108]
Event: 8.957 Thread 0x0000026d7ddf46e0 Exception <a 'java/lang/NoSuchMethodError'{0x0000000082936f40}: static Lcom/android/tools/idea/gradle/project/sync/SelectedVariant;.<clinit>()V> (0x0000000082936f40) 
thrown [s\src\hotspot\share\prims\jni.cpp, line 1108]
Event: 8.958 Thread 0x0000026d7ddf46e0 Exception <a 'java/lang/NoSuchMethodError'{0x0000000082949fb0}: static Lcom/android/tools/idea/gradle/project/sync/VariantDetails;.<clinit>()V> (0x0000000082949fb0) 
thrown [s\src\hotspot\share\prims\jni.cpp, line 1108]

VM Operations (20 events):
Event: 5.143 Executing VM operation: G1CollectForAllocation done
Event: 5.789 Executing VM operation: G1CollectForAllocation
Event: 5.798 Executing VM operation: G1CollectForAllocation done
Event: 6.236 Executing VM operation: HandshakeAllThreads
Event: 6.236 Executing VM operation: HandshakeAllThreads done
Event: 7.240 Executing VM operation: Cleanup
Event: 7.241 Executing VM operation: Cleanup done
Event: 8.711 Executing VM operation: G1TryInitiateConcMark
Event: 8.730 Executing VM operation: G1TryInitiateConcMark done
Event: 8.757 Executing VM operation: G1TryInitiateConcMark
Event: 8.779 Executing VM operation: G1TryInitiateConcMark done
Event: 8.779 Executing VM operation: G1Concurrent
Event: 8.783 Executing VM operation: G1Concurrent done
Event: 8.793 Executing VM operation: G1Concurrent
Event: 8.794 Executing VM operation: G1Concurrent done
Event: 8.895 Executing VM operation: G1CollectForAllocation
Event: 8.903 Executing VM operation: G1CollectForAllocation done
Event: 8.903 Executing VM operation: G1CollectForAllocation
Event: 8.910 Executing VM operation: G1CollectForAllocation done
Event: 8.964 Executing VM operation: G1CollectForAllocation

Events (20 events):
Event: 6.128 loading class java/util/stream/ForEachOps$ForEachOp done
Event: 6.128 loading class java/util/stream/ForEachOps$ForEachOp$OfRef done
Event: 6.135 Thread 0x0000026d6ffeafa0 Thread added: 0x0000026d6ffeafa0
Event: 6.135 loading class java/util/concurrent/locks/AbstractQueuedSynchronizer$SharedNode
Event: 6.135 loading class java/util/concurrent/locks/AbstractQueuedSynchronizer$SharedNode done
Event: 6.140 loading class java/io/InterruptedIOException
Event: 6.140 loading class java/io/InterruptedIOException done
Event: 6.142 Thread 0x0000026d6ffee490 Thread added: 0x0000026d6ffee490
Event: 6.149 loading class java/util/ArrayDeque$DeqSpliterator
Event: 6.150 loading class java/util/ArrayDeque$DeqSpliterator done
Event: 6.191 loading class java/nio/charset/CharacterCodingException
Event: 6.191 loading class java/nio/charset/CharacterCodingException done
Event: 6.192 loading class java/lang/Short$ShortCache
Event: 6.193 loading class java/lang/Short$ShortCache done
Event: 8.655 Thread 0x0000026d6ffeb470 Thread added: 0x0000026d6ffeb470
Event: 8.655 Thread 0x0000026d6ffebe10 Thread added: 0x0000026d6ffebe10
Event: 8.656 loading class sun/nio/fs/WindowsPath$1
Event: 8.656 loading class sun/nio/fs/WindowsPath$1 done
Event: 8.848 loading class java/io/ObjectStreamClass$ExceptionInfo
Event: 8.848 loading class java/io/ObjectStreamClass$ExceptionInfo done


Dynamic libraries:
0x00007ff64bd40000 - 0x00007ff64bd4a000 	C:\Program Files\Android\Android Studio\jbr\bin\java.exe
0x00007ffdc66d0000 - 0x00007ffdc68be000 	C:\Windows\SYSTEM32\ntdll.dll
0x00007ffdc42e0000 - 0x00007ffdc4393000 	C:\Windows\System32\KERNEL32.DLL
0x00007ffdc2ee0000 - 0x00007ffdc317d000 	C:\Windows\System32\KERNELBASE.dll
0x00007ffdc35b0000 - 0x00007ffdc36aa000 	C:\Windows\System32\ucrtbase.dll
0x00007ffdb0aa0000 - 0x00007ffdb0ab7000 	C:\Program Files\Android\Android Studio\jbr\bin\jli.dll
0x00007ffdb0d00000 - 0x00007ffdb0d1b000 	C:\Program Files\Android\Android Studio\jbr\bin\VCRUNTIME140.dll
0x00007ffdc3900000 - 0x00007ffdc3a97000 	C:\Windows\System32\USER32.dll
0x00007ffdc2750000 - 0x00007ffdc2770000 	C:\Windows\System32\win32u.dll
0x00007ffdc5d90000 - 0x00007ffdc5db9000 	C:\Windows\System32\GDI32.dll
0x00007ffdc3750000 - 0x00007ffdc38fb000 	C:\Windows\System32\gdi32full.dll
0x00007ffdc36b0000 - 0x00007ffdc3750000 	C:\Windows\System32\msvcp_win.dll
0x00007ffdb6140000 - 0x00007ffdb63b9000 	C:\Windows\WinSxS\amd64_microsoft.windows.common-controls_6595b64144ccf1df_6.0.17763.4974_none_de748dce53484fa6\COMCTL32.dll
0x00007ffdc41e0000 - 0x00007ffdc427e000 	C:\Windows\System32\msvcrt.dll
0x00007ffdc44d0000 - 0x00007ffdc47fb000 	C:\Windows\System32\combase.dll
0x00007ffdc3b70000 - 0x00007ffdc3c8e000 	C:\Windows\System32\RPCRT4.dll
0x00007ffdc3440000 - 0x00007ffdc34c2000 	C:\Windows\System32\bcryptPrimitives.dll
0x00007ffdc4400000 - 0x00007ffdc442e000 	C:\Windows\System32\IMM32.DLL
0x00007ffdb3b30000 - 0x00007ffdb3b3c000 	C:\Program Files\Android\Android Studio\jbr\bin\vcruntime140_1.dll
0x00007ffdb0500000 - 0x00007ffdb058d000 	C:\Program Files\Android\Android Studio\jbr\bin\msvcp140.dll
0x00007ffd9e520000 - 0x00007ffd9f1a0000 	C:\Program Files\Android\Android Studio\jbr\bin\server\jvm.dll
0x00007ffdc6010000 - 0x00007ffdc60b7000 	C:\Windows\System32\ADVAPI32.dll
0x00007ffdc4430000 - 0x00007ffdc44cf000 	C:\Windows\System32\sechost.dll
0x00007ffdb7bb0000 - 0x00007ffdb7bb9000 	C:\Windows\SYSTEM32\WSOCK32.dll
0x00007ffdc0750000 - 0x00007ffdc0774000 	C:\Windows\SYSTEM32\WINMM.dll
0x00007ffdb8b20000 - 0x00007ffdb8b2a000 	C:\Windows\SYSTEM32\VERSION.dll
0x00007ffdc5dc0000 - 0x00007ffdc5e2d000 	C:\Windows\System32\WS2_32.dll
0x00007ffdc0720000 - 0x00007ffdc074d000 	C:\Windows\SYSTEM32\winmmbase.dll
0x00007ffdc3180000 - 0x00007ffdc31ca000 	C:\Windows\System32\cfgmgr32.dll
0x00007ffdc26b0000 - 0x00007ffdc26c1000 	C:\Windows\System32\kernel.appcore.dll
0x00007ffdb2f00000 - 0x00007ffdb2f0a000 	C:\Program Files\Android\Android Studio\jbr\bin\jimage.dll
0x00007ffdb4ce0000 - 0x00007ffdb4ecd000 	C:\Windows\SYSTEM32\DBGHELP.DLL
0x00007ffdb4cb0000 - 0x00007ffdb4cda000 	C:\Windows\SYSTEM32\dbgcore.DLL
0x00007ffdb2660000 - 0x00007ffdb2685000 	C:\Program Files\Android\Android Studio\jbr\bin\java.dll
0x00007ffdb2bc0000 - 0x00007ffdb2bd8000 	C:\Program Files\Android\Android Studio\jbr\bin\zip.dll
0x00007ffdc4800000 - 0x00007ffdc5cf8000 	C:\Windows\System32\SHELL32.dll
0x00007ffdc6490000 - 0x00007ffdc6537000 	C:\Windows\System32\shcore.dll
0x00007ffdc2790000 - 0x00007ffdc2ed7000 	C:\Windows\System32\windows.storage.dll
0x00007ffdc2680000 - 0x00007ffdc26a3000 	C:\Windows\System32\profapi.dll
0x00007ffdc26d0000 - 0x00007ffdc272d000 	C:\Windows\System32\powrprof.dll
0x00007ffdc43a0000 - 0x00007ffdc43f2000 	C:\Windows\System32\shlwapi.dll
0x00007ffdc2770000 - 0x00007ffdc278b000 	C:\Windows\System32\cryptsp.dll
0x00007ffdb2540000 - 0x00007ffdb2559000 	C:\Program Files\Android\Android Studio\jbr\bin\net.dll
0x00007ffdb9e40000 - 0x00007ffdb9f3d000 	C:\Windows\SYSTEM32\WINHTTP.dll
0x00007ffdb1b90000 - 0x00007ffdb1bb0000 	C:\Windows\system32\PrxerDrv.dll
0x00007ffdc1e70000 - 0x00007ffdc1ed7000 	C:\Windows\system32\mswsock.dll
0x00007ffdb2520000 - 0x00007ffdb2536000 	C:\Program Files\Android\Android Studio\jbr\bin\nio.dll
0x00007ffdb2d80000 - 0x00007ffdb2d90000 	C:\Program Files\Android\Android Studio\jbr\bin\verify.dll
0x00007ffdb03b0000 - 0x00007ffdb03d7000 	C:\Users\Administrator\.gradle\native\68d5fa5c4cc2d200863cafc0d521ce42e7d3e7ee720ec0a83991735586a16f82\windows-amd64\native-platform.dll
0x00007ffdb0260000 - 0x00007ffdb03a4000 	C:\Users\Administrator\.gradle\native\e376f236ea51e6404a007f0833ffe2c6e607c4080706a723a18a27aeea778392\windows-amd64\native-platform-file-events.dll
0x00007ffdb1790000 - 0x00007ffdb1799000 	C:\Program Files\Android\Android Studio\jbr\bin\management.dll
0x00007ffdb0f60000 - 0x00007ffdb0f6b000 	C:\Program Files\Android\Android Studio\jbr\bin\management_ext.dll
0x00007ffdc6480000 - 0x00007ffdc6488000 	C:\Windows\System32\PSAPI.DLL
0x00007ffdc19f0000 - 0x00007ffdc1a23000 	C:\Windows\system32\rsaenh.dll
0x00007ffdc34d0000 - 0x00007ffdc34f6000 	C:\Windows\System32\bcrypt.dll
0x00007ffdc2580000 - 0x00007ffdc25a9000 	C:\Windows\SYSTEM32\USERENV.dll
0x00007ffdc2040000 - 0x00007ffdc204c000 	C:\Windows\SYSTEM32\CRYPTBASE.dll
0x00007ffdc1b80000 - 0x00007ffdc1bbd000 	C:\Windows\SYSTEM32\IPHLPAPI.DLL
0x00007ffdc6000000 - 0x00007ffdc6008000 	C:\Windows\System32\NSI.dll
0x00007ffdb8b00000 - 0x00007ffdb8b16000 	C:\Windows\SYSTEM32\dhcpcsvc6.DLL
0x00007ffdb92a0000 - 0x00007ffdb92bc000 	C:\Windows\SYSTEM32\dhcpcsvc.DLL
0x00007ffdc1bc0000 - 0x00007ffdc1c86000 	C:\Windows\SYSTEM32\DNSAPI.dll
0x00007ffdb2ef0000 - 0x00007ffdb2ef7000 	C:\Windows\system32\wshunix.dll

dbghelp: loaded successfully - version: 4.0.5 - missing functions: none
symbol engine: initialized successfully - sym options: 0x614 - pdb path: .;C:\Program Files\Android\Android Studio\jbr\bin;C:\Windows\SYSTEM32;C:\Windows\WinSxS\amd64_microsoft.windows.common-controls_6595b64144ccf1df_6.0.17763.4974_none_de748dce53484fa6;C:\Program Files\Android\Android Studio\jbr\bin\server;C:\Users\Administrator\.gradle\native\68d5fa5c4cc2d200863cafc0d521ce42e7d3e7ee720ec0a83991735586a16f82\windows-amd64;C:\Users\Administrator\.gradle\native\e376f236ea51e6404a007f0833ffe2c6e607c4080706a723a18a27aeea778392\windows-amd64

VM Arguments:
jvm_args: --add-opens=java.base/java.util=ALL-UNNAMED --add-opens=java.base/java.lang=ALL-UNNAMED --add-opens=java.base/java.lang.invoke=ALL-UNNAMED --add-opens=java.prefs/java.util.prefs=ALL-UNNAMED --add-opens=java.base/java.nio.charset=ALL-UNNAMED --add-opens=java.base/java.net=ALL-UNNAMED --add-opens=java.base/java.util.concurrent.atomic=ALL-UNNAMED -Xmx2048m -Dfile.encoding=UTF-8 -Duser.country=US -Duser.language=en -Duser.variant 
java_command: org.gradle.launcher.daemon.bootstrap.GradleDaemon 7.6.2
java_class_path (initial): C:\Users\Administrator\.gradle\wrapper\dists\gradle-7.6.2-bin\6ot4hgy1mty27tup86cmng5lx\gradle-7.6.2\lib\gradle-launcher-7.6.2.jar
Launcher Type: SUN_STANDARD

[Global flags]
     intx CICompilerCount                          = 2                                         {product} {ergonomic}
     uint ConcGCThreads                            = 1                                         {product} {ergonomic}
     uint G1ConcRefinementThreads                  = 2                                         {product} {ergonomic}
   size_t G1HeapRegionSize                         = 1048576                                   {product} {ergonomic}
    uintx GCDrainStackTargetSize                   = 64                                        {product} {ergonomic}
   size_t InitialHeapSize                          = 33554432                                  {product} {ergonomic}
   size_t MarkStackSize                            = 4194304                                   {product} {ergonomic}
   size_t MaxHeapSize                              = 2147483648                                {product} {command line}
   size_t MaxNewSize                               = 1287651328                                {product} {ergonomic}
   size_t MinHeapDeltaBytes                        = 1048576                                   {product} {ergonomic}
   size_t MinHeapSize                              = 8388608                                   {product} {ergonomic}
    uintx NonNMethodCodeHeapSize                   = 5826188                                {pd product} {ergonomic}
    uintx NonProfiledCodeHeapSize                  = 122916026                              {pd product} {ergonomic}
    uintx ProfiledCodeHeapSize                     = 122916026                              {pd product} {ergonomic}
    uintx ReservedCodeCacheSize                    = 251658240                              {pd product} {ergonomic}
     bool SegmentedCodeCache                       = true                                      {product} {ergonomic}
   size_t SoftMaxHeapSize                          = 2147483648                             {manageable} {ergonomic}
     bool UseCompressedClassPointers               = true                           {product lp64_product} {ergonomic}
     bool UseCompressedOops                        = true                           {product lp64_product} {ergonomic}
     bool UseG1GC                                  = true                                      {product} {ergonomic}
     bool UseLargePagesIndividualAllocation        = false                                  {pd product} {ergonomic}

Logging:
Log output configuration:
 #0: stdout all=warning uptime,level,tags
 #1: stderr all=off uptime,level,tags

Environment Variables:
PATH=C:\Windows\system32;C:\Windows;C:\Windows\System32\Wbem;C:\Windows\System32\WindowsPowerShell\v1.0\;C:\Windows\System32\OpenSSH\;C:\Users\Administrator\AppData\Local\Microsoft\WindowsApps;
USERNAME=Administrator
OS=Windows_NT
PROCESSOR_IDENTIFIER=Intel64 Family 6 Model 85 Stepping 7, GenuineIntel
TMP=C:\Users\ADMINI~1\AppData\Local\Temp\2
TEMP=C:\Users\ADMINI~1\AppData\Local\Temp\2


JNI global refs:
JNI global refs: 22, weak refs: 0

JNI global refs memory usage: 843, weak refs: 841

OOME stack traces (most recent first):
Classloader memory used:
Loader bootstrap                                                                       : 1885K
Loader org.gradle.internal.classloader.VisitableURLClassLoader                         : 1535K
Loader org.gradle.initialization.MixInLegacyTypesClassLoader                           : 183K
Loader jdk.internal.loader.ClassLoaders$AppClassLoader                                 : 26001B
Loader org.gradle.internal.classloader.VisitableURLClassLoader                         : 25064B
Loader jdk.internal.reflect.DelegatingClassLoader                                      : 15997B
Loader jdk.internal.loader.ClassLoaders$PlatformClassLoader                            : 14868B

Classes loaded by more than one classloader:
Class org.gradle.internal.installation.GradleInstallation                             : loaded 2 times (x 73B)
Class org.gradle.util.GradleVersion                                                   : loaded 2 times (x 81B)
Class org.gradle.internal.classpath.ClassPath                                         : loaded 2 times (x 68B)
Class org.gradle.api.internal.classpath.DefaultModuleRegistry                         : loaded 2 times (x 84B)
Class org.gradle.api.Action                                                           : loaded 2 times (x 68B)
Class org.gradle.api.internal.DefaultClassPathProvider                                : loaded 2 times (x 74B)
Class org.gradle.internal.installation.GradleInstallation$1                           : loaded 2 times (x 73B)
Class org.gradle.internal.classloader.FilteringClassLoader                            : loaded 2 times (x 102B)
Class org.gradle.internal.classpath.DefaultClassPath$ImmutableUniqueList$Builder      : loaded 2 times (x 73B)
Class org.gradle.internal.classloader.ClassLoaderVisitor                              : loaded 2 times (x 74B)
Class org.gradle.internal.service.DefaultServiceLocator                               : loaded 2 times (x 81B)
Class org.gradle.internal.service.UnknownServiceException                             : loaded 2 times (x 81B)
Class org.gradle.internal.classloader.DefaultClassLoaderFactory                       : loaded 2 times (x 80B)
Class org.gradle.internal.classloader.VisitableURLClassLoader$Spec                    : loaded 2 times (x 72B)
Class org.gradle.api.GradleException                                                  : loaded 2 times (x 80B)
Class org.gradle.api.internal.classpath.ModuleRegistry                                : loaded 2 times (x 68B)
Class org.gradle.api.internal.ClassPathProvider                                       : loaded 2 times (x 68B)
Class org.gradle.internal.classloader.ClasspathUtil$1                                 : loaded 2 times (x 74B)
Class org.gradle.internal.classloader.ClassLoaderFactory                              : loaded 2 times (x 68B)
Class org.gradle.api.internal.classpath.ManifestUtil                                  : loaded 2 times (x 69B)
Class org.gradle.api.specs.Spec                                                       : loaded 2 times (x 68B)
Class org.gradle.internal.IoActions                                                   : loaded 2 times (x 69B)
Class org.gradle.api.internal.classpath.EffectiveClassPath                            : loaded 2 times (x 88B)
Class kotlin.jvm.internal.DefaultConstructorMarker                                    : loaded 2 times (x 69B)
Class org.gradle.internal.installation.CurrentGradleInstallation                      : loaded 2 times (x 71B)
Class org.gradle.internal.installation.CurrentGradleInstallationLocator               : loaded 2 times (x 69B)
Class org.gradle.api.internal.classpath.Module                                        : loaded 2 times (x 68B)
Class org.gradle.internal.service.CachingServiceLocator                               : loaded 2 times (x 80B)
Class org.gradle.internal.classpath.DefaultClassPath                                  : loaded 2 times (x 88B)
Class org.gradle.api.Transformer                                                      : loaded 2 times (x 68B)
Class kotlin.jvm.functions.Function1                                                  : loaded 2 times (x 68B)
Class org.gradle.internal.classloader.SystemClassLoaderSpec                           : loaded 2 times (x 69B)
Class kotlin.Function                                                                 : loaded 2 times (x 68B)
Class org.gradle.api.UncheckedIOException                                             : loaded 2 times (x 80B)
Class org.gradle.internal.classloader.ClasspathUtil                                   : loaded 2 times (x 69B)
Class org.gradle.api.internal.DefaultClassPathRegistry                                : loaded 2 times (x 74B)
Class org.gradle.api.internal.classpath.DefaultModuleRegistry$DefaultModule           : loaded 2 times (x 84B)
Class org.gradle.api.internal.classpath.UnknownModuleException                        : loaded 2 times (x 80B)
Class org.gradle.internal.service.ServiceLookupException                              : loaded 2 times (x 80B)
Class org.gradle.cache.GlobalCache                                                    : loaded 2 times (x 68B)
Class [Lorg.gradle.api.internal.ClassPathProvider;                                    : loaded 2 times (x 67B)
Class org.gradle.util.internal.GUtil                                                  : loaded 2 times (x 69B)
Class org.gradle.internal.classloader.ClassLoaderSpec                                 : loaded 2 times (x 69B)
Class org.gradle.internal.classloader.VisitableURLClassLoader                         : loaded 2 times (x 114B)
Class org.gradle.internal.Cast                                                        : loaded 2 times (x 69B)
Class org.gradle.api.internal.ClassPathRegistry                                       : loaded 2 times (x 68B)
Class org.gradle.internal.classloader.ClassLoaderHierarchy                            : loaded 2 times (x 68B)
Class org.gradle.internal.service.ServiceLocator                                      : loaded 2 times (x 68B)
Class org.gradle.internal.classpath.DefaultClassPath$ImmutableUniqueList              : loaded 2 times (x 159B)


---------------  S Y S T E M  ---------------

OS:
 Windows Server 2019 , 64 bit Build 17763 (10.0.17763.4974)
OS uptime: 0 days 23:47 hours

CPU: total 2 (initial active 2) (2 cores per cpu, 1 threads per core) family 6 model 85 stepping 7 microcode 0x0, cx8, cmov, fxsr, mmx, 3dnowpref, sse, sse2, sse3, ssse3, sse4.1, sse4.2, popcnt, lzcnt, tsc, tscinvbit, avx, avx2, aes, erms, clmul, bmi1, bmi2, rtm, avx512f, avx512cd, fma, vzeroupper, clflush, hv

Memory: 4k page, system-wide physical 2046M (85M free)
TotalPageFile size 8180M (AvailPageFile size 86M)
current process WorkingSet (physical memory assigned to process): 136M, peak: 136M
current process commit charge ("private bytes"): 179M, peak: 274M

vm_info: OpenJDK 64-Bit Server VM (17.0.7+0-b2043.56-10550314) for windows-amd64 JRE (17.0.7+0-b2043.56-10550314), built on Jul 24 2023 18:27:45 by "androidbuild" with MS VC++ 16.10 / 16.11 (VS2019)

END.
