#
# There is insufficient memory for the Java Runtime Environment to continue.
# Native memory allocation (malloc) failed to allocate 32744 bytes for ChunkPool::allocate
# Possible reasons:
#   The system is out of physical RAM or swap space
#   The process is running with CompressedOops enabled, and the Java Heap may be blocking the growth of the native heap
# Possible solutions:
#   Reduce memory load on the system
#   Increase physical memory or swap space
#   Check if swap backing store is full
#   Decrease Java heap size (-Xmx/-Xms)
#   Decrease number of Java threads
#   Decrease Java thread stack sizes (-Xss)
#   Set larger code cache with -XX:ReservedCodeCacheSize=
#   JVM is running with Unscaled Compressed Oops mode in which the Java heap is
#     placed in the first 4GB address space. The Java Heap base address is the
#     maximum limit for the native heap growth. Please use -XX:HeapBaseMinAddress
#     to set the Java Heap base and to place the Java Heap above 4GB virtual address.
# This output file may be truncated or incomplete.
#
#  Out of Memory Error (arena.cpp:78), pid=1548, tid=1620
#
# JRE version: OpenJDK Runtime Environment (17.0.7) (build 17.0.7+0-b2043.56-10550314)
# Java VM: OpenJDK 64-Bit Server VM (17.0.7+0-b2043.56-10550314, mixed mode, tiered, compressed oops, compressed class ptrs, g1 gc, windows-amd64)
# Core dump will be written. Default location: C:\Users\Administrator\AndroidStudioProjects\CPEVPN\hs_err_pid1548.mdmp
#

---------------  S U M M A R Y ------------

Command Line: --add-opens=java.base/java.util=ALL-UNNAMED --add-opens=java.base/java.lang=ALL-UNNAMED --add-opens=java.base/java.lang.invoke=ALL-UNNAMED --add-opens=java.prefs/java.util.prefs=ALL-UNNAMED --add-opens=java.base/java.nio.charset=ALL-UNNAMED --add-opens=java.base/java.net=ALL-UNNAMED --add-opens=java.base/java.util.concurrent.atomic=ALL-UNNAMED -Xmx2048m -Dfile.encoding=UTF-8 -Duser.country=US -Duser.language=en -Duser.variant org.gradle.launcher.daemon.bootstrap.GradleDaemon 7.6.2

Host: Intel(R) Xeon(R) Gold 6226R CPU @ 2.90GHz, 2 cores, 1G,  Windows Server 2019 , 64 bit Build 17763 (10.0.17763.4974)
Time: Tue Feb 13 09:38:34 2024 Pacific Standard Time elapsed time: 15.376374 seconds (0d 0h 0m 15s)

---------------  T H R E A D  ---------------

Current thread (0x00000197a18e1640):  JavaThread "C2 CompilerThread0" daemon [_thread_in_native, id=1620, stack(0x0000009194200000,0x0000009194300000)]


Current CompileTask:
C2:  15376 5111 %     4       org.objectweb.asm.ClassReader::readCode @ 2186 (5109 bytes)

Stack: [0x0000009194200000,0x0000009194300000]
Native frames: (J=compiled Java code, j=interpreted, Vv=VM code, C=native code)
V  [jvm.dll+0x683bfa]
V  [jvm.dll+0x8430a4]
V  [jvm.dll+0x8449be]
V  [jvm.dll+0x845023]
V  [jvm.dll+0x24ad2f]
V  [jvm.dll+0xac47c]
V  [jvm.dll+0xac82c]
V  [jvm.dll+0x36f4dc]
V  [jvm.dll+0x56dd9d]
V  [jvm.dll+0x334850]
V  [jvm.dll+0x333cca]
V  [jvm.dll+0x21d251]
V  [jvm.dll+0x21c671]
V  [jvm.dll+0x1a605d]
V  [jvm.dll+0x22c148]
V  [jvm.dll+0x22a209]
V  [jvm.dll+0x7f858c]
V  [jvm.dll+0x7f2aea]
V  [jvm.dll+0x682a35]
C  [ucrtbase.dll+0x2268a]
C  [KERNEL32.DLL+0x17ac4]
C  [ntdll.dll+0x5a4e1]


---------------  P R O C E S S  ---------------

Threads class SMR info:
_java_thread_list=0x00000197a7fac830, length=35, elements={
0x0000019786651770, 0x00000197a1786620, 0x00000197a1748f70, 0x00000197a1761da0,
0x00000197a18dd400, 0x00000197a18de0d0, 0x00000197a18e09a0, 0x00000197a18e1640,
0x00000197a18ed710, 0x00000197a19227b0, 0x00000197a1a60370, 0x00000197a1a60840,
0x00000197a7146680, 0x00000197a70b5c20, 0x00000197a6ecfd60, 0x00000197a71ac080,
0x00000197a77aa060, 0x000001978663aed0, 0x000001978663aa00, 0x000001978663a530,
0x000001978663b3a0, 0x000001978663b870, 0x000001978663bd40, 0x000001978663c210,
0x000001978663c6e0, 0x000001978663cbb0, 0x000001978663d550, 0x00000197a7fb23c0,
0x00000197a7fb1a20, 0x00000197a7fb0210, 0x00000197a7fb1550, 0x00000197a7fb2890,
0x00000197a7fb06e0, 0x00000197a7fafd40, 0x00000197a7fb1080
}

Java Threads: ( => current thread )
  0x0000019786651770 JavaThread "main" [_thread_blocked, id=1572, stack(0x0000009193500000,0x0000009193600000)]
  0x00000197a1786620 JavaThread "Reference Handler" daemon [_thread_blocked, id=4188, stack(0x0000009193c00000,0x0000009193d00000)]
  0x00000197a1748f70 JavaThread "Finalizer" daemon [_thread_blocked, id=9108, stack(0x0000009193d00000,0x0000009193e00000)]
  0x00000197a1761da0 JavaThread "Signal Dispatcher" daemon [_thread_blocked, id=8612, stack(0x0000009193e00000,0x0000009193f00000)]
  0x00000197a18dd400 JavaThread "Attach Listener" daemon [_thread_blocked, id=8336, stack(0x0000009193f00000,0x0000009194000000)]
  0x00000197a18de0d0 JavaThread "Service Thread" daemon [_thread_blocked, id=6852, stack(0x0000009194000000,0x0000009194100000)]
  0x00000197a18e09a0 JavaThread "Monitor Deflation Thread" daemon [_thread_blocked, id=7324, stack(0x0000009194100000,0x0000009194200000)]
=>0x00000197a18e1640 JavaThread "C2 CompilerThread0" daemon [_thread_in_native, id=1620, stack(0x0000009194200000,0x0000009194300000)]
  0x00000197a18ed710 JavaThread "C1 CompilerThread0" daemon [_thread_blocked, id=1116, stack(0x0000009194300000,0x0000009194400000)]
  0x00000197a19227b0 JavaThread "Sweeper thread" daemon [_thread_blocked, id=6500, stack(0x0000009194400000,0x0000009194500000)]
  0x00000197a1a60370 JavaThread "Common-Cleaner" daemon [_thread_blocked, id=7312, stack(0x0000009194500000,0x0000009194600000)]
  0x00000197a1a60840 JavaThread "Notification Thread" daemon [_thread_blocked, id=5012, stack(0x0000009194600000,0x0000009194700000)]
  0x00000197a7146680 JavaThread "Daemon health stats" [_thread_blocked, id=7372, stack(0x0000009194900000,0x0000009194a00000)]
  0x00000197a70b5c20 JavaThread "Incoming local TCP Connector on port 65493" [_thread_in_native, id=32, stack(0x0000009194a00000,0x0000009194b00000)]
  0x00000197a6ecfd60 JavaThread "Daemon periodic checks" [_thread_blocked, id=6416, stack(0x0000009194b00000,0x0000009194c00000)]
  0x00000197a71ac080 JavaThread "Daemon" [_thread_blocked, id=5092, stack(0x0000009194c00000,0x0000009194d00000)]
  0x00000197a77aa060 JavaThread "Handler for socket connection from /127.0.0.1:65493 to /127.0.0.1:65494" [_thread_in_native, id=8912, stack(0x0000009194d00000,0x0000009194e00000)]
  0x000001978663aed0 JavaThread "Cancel handler" [_thread_blocked, id=8544, stack(0x0000009194e00000,0x0000009194f00000)]
  0x000001978663aa00 JavaThread "Daemon worker" [_thread_blocked, id=4080, stack(0x0000009194f00000,0x0000009195000000)]
  0x000001978663a530 JavaThread "Asynchronous log dispatcher for DefaultDaemonConnection: socket connection from /127.0.0.1:65493 to /127.0.0.1:65494" [_thread_blocked, id=6400, stack(0x0000009195000000,0x0000009195100000)]
  0x000001978663b3a0 JavaThread "Stdin handler" [_thread_blocked, id=5756, stack(0x0000009195100000,0x0000009195200000)]
  0x000001978663b870 JavaThread "Daemon client event forwarder" [_thread_blocked, id=2776, stack(0x0000009195200000,0x0000009195300000)]
  0x000001978663bd40 JavaThread "Cache worker for journal cache (C:\Users\Administrator\.gradle\caches\journal-1)" [_thread_blocked, id=8656, stack(0x0000009195300000,0x0000009195400000)]
  0x000001978663c210 JavaThread "File lock request listener" [_thread_in_native, id=5304, stack(0x0000009195400000,0x0000009195500000)]
  0x000001978663c6e0 JavaThread "Cache worker for file hash cache (C:\Users\Administrator\.gradle\caches\7.6.2\fileHashes)" [_thread_blocked, id=7272, stack(0x0000009195500000,0x0000009195600000)]
  0x000001978663cbb0 JavaThread "File watcher server" daemon [_thread_in_native, id=3788, stack(0x0000009195600000,0x0000009195700000)]
  0x000001978663d550 JavaThread "File watcher consumer" daemon [_thread_blocked, id=5444, stack(0x0000009195700000,0x0000009195800000)]
  0x00000197a7fb23c0 JavaThread "jar transforms" [_thread_in_vm, id=5780, stack(0x0000009195800000,0x0000009195900000)]
  0x00000197a7fb1a20 JavaThread "jar transforms Thread 2" [_thread_in_native, id=9056, stack(0x0000009195900000,0x0000009195a00000)]
  0x00000197a7fb0210 JavaThread "Cache worker for checksums cache (C:\Users\Administrator\AndroidStudioProjects\CPEVPN\.gradle\7.6.2\checksums)" [_thread_blocked, id=2976, stack(0x0000009195a00000,0x0000009195b00000)]
  0x00000197a7fb1550 JavaThread "Cache worker for cache directory md-rule (C:\Users\Administrator\.gradle\caches\7.6.2\md-rule)" [_thread_blocked, id=7328, stack(0x0000009195b00000,0x0000009195c00000)]
  0x00000197a7fb2890 JavaThread "Cache worker for file content cache (C:\Users\Administrator\.gradle\caches\7.6.2\fileContent)" [_thread_blocked, id=4688, stack(0x0000009195c00000,0x0000009195d00000)]
  0x00000197a7fb06e0 JavaThread "Cache worker for file hash cache (C:\Users\Administrator\AndroidStudioProjects\CPEVPN\.gradle\7.6.2\fileHashes)" [_thread_blocked, id=8548, stack(0x0000009195d00000,0x0000009195e00000)]
  0x00000197a7fafd40 JavaThread "Cache worker for cache directory md-supplier (C:\Users\Administrator\.gradle\caches\7.6.2\md-supplier)" [_thread_blocked, id=2912, stack(0x0000009195e00000,0x0000009195f00000)]
  0x00000197a7fb1080 JavaThread "Cache worker for execution history cache (C:\Users\Administrator\.gradle\caches\7.6.2\executionHistory)" [_thread_blocked, id=7152, stack(0x0000009195f00000,0x0000009196000000)]

Other Threads:
  0x00000197a17459f0 VMThread "VM Thread" [stack: 0x0000009193b00000,0x0000009193c00000] [id=4072]
  0x00000197a1a6bf00 WatcherThread [stack: 0x0000009194700000,0x0000009194800000] [id=7048]
  0x00000197866ac720 GCTaskThread "GC Thread#0" [stack: 0x0000009193600000,0x0000009193700000] [id=6992]
  0x00000197a1c93400 GCTaskThread "GC Thread#1" [stack: 0x0000009194800000,0x0000009194900000] [id=8892]
  0x00000197866be1a0 ConcurrentGCThread "G1 Main Marker" [stack: 0x0000009193700000,0x0000009193800000] [id=6700]
  0x00000197866beac0 ConcurrentGCThread "G1 Conc#0" [stack: 0x0000009193800000,0x0000009193900000] [id=5944]
  0x000001978670e9f0 ConcurrentGCThread "G1 Refine#0" [stack: 0x0000009193900000,0x0000009193a00000] [id=7268]
  0x00000197a15afd10 ConcurrentGCThread "G1 Service" [stack: 0x0000009193a00000,0x0000009193b00000] [id=9168]

Threads with active compile tasks:
C2 CompilerThread0    15408 5111 %     4       org.objectweb.asm.ClassReader::readCode @ 2186 (5109 bytes)

VM state: not at safepoint (normal execution)

VM Mutex/Monitor currently owned by a thread: None

Heap address: 0x0000000080000000, size: 2048 MB, Compressed Oops mode: 32-bit

CDS archive(s) not mapped
Compressed class space mapped at: 0x0000000100000000-0x0000000140000000, reserved size: 1073741824
Narrow klass base: 0x0000000000000000, Narrow klass shift: 3, Narrow klass range: 0x140000000

GC Precious Log:
 CPUs: 2 total, 2 available
 Memory: 2046M
 Large Page Support: Disabled
 NUMA Support: Disabled
 Compressed Oops: Enabled (32-bit)
 Heap Region Size: 1M
 Heap Min Capacity: 8M
 Heap Initial Capacity: 32M
 Heap Max Capacity: 2G
 Pre-touch: Disabled
 Parallel Workers: 2
 Concurrent Workers: 1
 Concurrent Refinement Workers: 2
 Periodic GC: Disabled

Heap:
 garbage-first heap   total 133120K, used 83653K [0x0000000080000000, 0x0000000100000000)
  region size 1024K, 26 young (26624K), 5 survivors (5120K)
 Metaspace       used 52154K, committed 52544K, reserved 1114112K
  class space    used 6937K, committed 7104K, reserved 1048576K

Heap Regions: E=young(eden), S=young(survivor), O=old, HS=humongous(starts), HC=humongous(continues), CS=collection set, F=free, OA=open archive, CA=closed archive, TAMS=top-at-mark-start (previous, next)
|   0|0x0000000080000000, 0x0000000080100000, 0x0000000080100000|100%| O|  |TAMS 0x0000000080100000, 0x0000000080100000| Untracked 
|   1|0x0000000080100000, 0x0000000080200000, 0x0000000080200000|100%| O|  |TAMS 0x0000000080200000, 0x0000000080200000| Untracked 
|   2|0x0000000080200000, 0x0000000080300000, 0x0000000080300000|100%| O|  |TAMS 0x0000000080300000, 0x0000000080300000| Untracked 
|   3|0x0000000080300000, 0x0000000080400000, 0x0000000080400000|100%|HS|  |TAMS 0x0000000080400000, 0x0000000080400000| Complete 
|   4|0x0000000080400000, 0x0000000080500000, 0x0000000080500000|100%|HC|  |TAMS 0x0000000080500000, 0x0000000080500000| Complete 
|   5|0x0000000080500000, 0x0000000080600000, 0x0000000080600000|100%|HC|  |TAMS 0x0000000080600000, 0x0000000080600000| Complete 
|   6|0x0000000080600000, 0x0000000080700000, 0x0000000080700000|100%| O|  |TAMS 0x0000000080700000, 0x0000000080700000| Untracked 
|   7|0x0000000080700000, 0x0000000080800000, 0x0000000080800000|100%| O|  |TAMS 0x0000000080800000, 0x0000000080800000| Untracked 
|   8|0x0000000080800000, 0x0000000080900000, 0x0000000080900000|100%| O|  |TAMS 0x0000000080900000, 0x0000000080900000| Untracked 
|   9|0x0000000080900000, 0x0000000080a00000, 0x0000000080a00000|100%| O|  |TAMS 0x0000000080a00000, 0x0000000080a00000| Untracked 
|  10|0x0000000080a00000, 0x0000000080b00000, 0x0000000080b00000|100%| O|  |TAMS 0x0000000080b00000, 0x0000000080b00000| Untracked 
|  11|0x0000000080b00000, 0x0000000080c00000, 0x0000000080c00000|100%| O|  |TAMS 0x0000000080c00000, 0x0000000080c00000| Untracked 
|  12|0x0000000080c00000, 0x0000000080d00000, 0x0000000080d00000|100%| O|  |TAMS 0x0000000080d00000, 0x0000000080d00000| Untracked 
|  13|0x0000000080d00000, 0x0000000080e00000, 0x0000000080e00000|100%| O|  |TAMS 0x0000000080e00000, 0x0000000080e00000| Untracked 
|  14|0x0000000080e00000, 0x0000000080f00000, 0x0000000080f00000|100%| O|  |TAMS 0x0000000080f00000, 0x0000000080f00000| Untracked 
|  15|0x0000000080f00000, 0x0000000081000000, 0x0000000081000000|100%| O|  |TAMS 0x0000000081000000, 0x0000000081000000| Untracked 
|  16|0x0000000081000000, 0x0000000081100000, 0x0000000081100000|100%| O|  |TAMS 0x0000000081100000, 0x0000000081100000| Untracked 
|  17|0x0000000081100000, 0x0000000081200000, 0x0000000081200000|100%| O|  |TAMS 0x0000000081200000, 0x0000000081200000| Untracked 
|  18|0x0000000081200000, 0x0000000081300000, 0x0000000081300000|100%|HS|  |TAMS 0x0000000081300000, 0x0000000081300000| Complete 
|  19|0x0000000081300000, 0x0000000081400000, 0x0000000081400000|100%|HC|  |TAMS 0x0000000081400000, 0x0000000081400000| Complete 
|  20|0x0000000081400000, 0x0000000081500000, 0x0000000081500000|100%|HS|  |TAMS 0x0000000081500000, 0x0000000081500000| Complete 
|  21|0x0000000081500000, 0x0000000081600000, 0x0000000081600000|100%|HC|  |TAMS 0x0000000081600000, 0x0000000081600000| Complete 
|  22|0x0000000081600000, 0x0000000081700000, 0x0000000081700000|100%|HC|  |TAMS 0x0000000081700000, 0x0000000081700000| Complete 
|  23|0x0000000081700000, 0x0000000081800000, 0x0000000081800000|100%| O|  |TAMS 0x0000000081800000, 0x0000000081800000| Untracked 
|  24|0x0000000081800000, 0x0000000081900000, 0x0000000081900000|100%|HS|  |TAMS 0x0000000081900000, 0x0000000081900000| Complete 
|  25|0x0000000081900000, 0x0000000081a00000, 0x0000000081a00000|100%|HC|  |TAMS 0x0000000081a00000, 0x0000000081a00000| Complete 
|  26|0x0000000081a00000, 0x0000000081b00000, 0x0000000081b00000|100%| O|  |TAMS 0x0000000081b00000, 0x0000000081b00000| Untracked 
|  27|0x0000000081b00000, 0x0000000081c00000, 0x0000000081c00000|100%|HS|  |TAMS 0x0000000081c00000, 0x0000000081c00000| Complete 
|  28|0x0000000081c00000, 0x0000000081d00000, 0x0000000081d00000|100%|HC|  |TAMS 0x0000000081d00000, 0x0000000081d00000| Complete 
|  29|0x0000000081d00000, 0x0000000081e00000, 0x0000000081e00000|100%|HC|  |TAMS 0x0000000081e00000, 0x0000000081e00000| Complete 
|  30|0x0000000081e00000, 0x0000000081f00000, 0x0000000081f00000|100%|HC|  |TAMS 0x0000000081f00000, 0x0000000081f00000| Complete 
|  31|0x0000000081f00000, 0x0000000082000000, 0x0000000082000000|100%|HC|  |TAMS 0x0000000082000000, 0x0000000082000000| Complete 
|  32|0x0000000082000000, 0x0000000082100000, 0x0000000082100000|100%|HC|  |TAMS 0x0000000082100000, 0x0000000082100000| Complete 
|  33|0x0000000082100000, 0x0000000082200000, 0x0000000082200000|100%|HC|  |TAMS 0x0000000082200000, 0x0000000082200000| Complete 
|  34|0x0000000082200000, 0x0000000082300000, 0x0000000082300000|100%|HC|  |TAMS 0x0000000082300000, 0x0000000082300000| Complete 
|  35|0x0000000082300000, 0x0000000082400000, 0x0000000082400000|100%|HC|  |TAMS 0x0000000082400000, 0x0000000082400000| Complete 
|  36|0x0000000082400000, 0x0000000082500000, 0x0000000082500000|100%|HC|  |TAMS 0x0000000082500000, 0x0000000082500000| Complete 
|  37|0x0000000082500000, 0x0000000082600000, 0x0000000082600000|100%|HC|  |TAMS 0x0000000082600000, 0x0000000082600000| Complete 
|  38|0x0000000082600000, 0x0000000082700000, 0x0000000082700000|100%|HC|  |TAMS 0x0000000082700000, 0x0000000082700000| Complete 
|  39|0x0000000082700000, 0x0000000082800000, 0x0000000082800000|100%| O|  |TAMS 0x0000000082800000, 0x0000000082800000| Untracked 
|  40|0x0000000082800000, 0x0000000082900000, 0x0000000082900000|100%|HS|  |TAMS 0x0000000082900000, 0x0000000082900000| Complete 
|  41|0x0000000082900000, 0x0000000082a00000, 0x0000000082a00000|100%|HC|  |TAMS 0x0000000082a00000, 0x0000000082a00000| Complete 
|  42|0x0000000082a00000, 0x0000000082b00000, 0x0000000082b00000|100%| O|  |TAMS 0x0000000082b00000, 0x0000000082b00000| Untracked 
|  43|0x0000000082b00000, 0x0000000082c00000, 0x0000000082c00000|100%| O|  |TAMS 0x0000000082c00000, 0x0000000082c00000| Untracked 
|  44|0x0000000082c00000, 0x0000000082d00000, 0x0000000082d00000|100%| O|  |TAMS 0x0000000082d00000, 0x0000000082d00000| Untracked 
|  45|0x0000000082d00000, 0x0000000082e00000, 0x0000000082e00000|100%| O|  |TAMS 0x0000000082e00000, 0x0000000082e00000| Untracked 
|  46|0x0000000082e00000, 0x0000000082f00000, 0x0000000082f00000|100%| O|  |TAMS 0x0000000082f00000, 0x0000000082f00000| Untracked 
|  47|0x0000000082f00000, 0x0000000083000000, 0x0000000083000000|100%| O|  |TAMS 0x0000000083000000, 0x0000000083000000| Untracked 
|  48|0x0000000083000000, 0x0000000083100000, 0x0000000083100000|100%| O|  |TAMS 0x0000000083100000, 0x0000000083100000| Untracked 
|  49|0x0000000083100000, 0x0000000083200000, 0x0000000083200000|100%| O|  |TAMS 0x0000000083200000, 0x0000000083200000| Untracked 
|  50|0x0000000083200000, 0x0000000083300000, 0x0000000083300000|100%| O|  |TAMS 0x0000000083300000, 0x0000000083300000| Untracked 
|  51|0x0000000083300000, 0x0000000083400000, 0x0000000083400000|100%| O|  |TAMS 0x0000000083400000, 0x0000000083400000| Untracked 
|  52|0x0000000083400000, 0x0000000083500000, 0x0000000083500000|100%| O|  |TAMS 0x0000000083500000, 0x0000000083500000| Untracked 
|  53|0x0000000083500000, 0x0000000083600000, 0x0000000083600000|100%| O|  |TAMS 0x0000000083600000, 0x0000000083600000| Untracked 
|  54|0x0000000083600000, 0x00000000836b1600, 0x0000000083700000| 69%| O|  |TAMS 0x000000008364ac00, 0x00000000836b1600| Untracked 
|  55|0x0000000083700000, 0x0000000083800000, 0x0000000083800000|100%|HS|  |TAMS 0x0000000083700000, 0x0000000083800000| Complete 
|  56|0x0000000083800000, 0x0000000083900000, 0x0000000083900000|100%|HC|  |TAMS 0x0000000083800000, 0x0000000083900000| Complete 
|  57|0x0000000083900000, 0x0000000083a00000, 0x0000000083a00000|100%|HS|  |TAMS 0x0000000083900000, 0x0000000083900000| Complete 
|  58|0x0000000083a00000, 0x0000000083a00000, 0x0000000083b00000|  0%| F|  |TAMS 0x0000000083a00000, 0x0000000083a00000| Untracked 
|  59|0x0000000083b00000, 0x0000000083b00000, 0x0000000083c00000|  0%| F|  |TAMS 0x0000000083b00000, 0x0000000083b00000| Untracked 
|  60|0x0000000083c00000, 0x0000000083c00000, 0x0000000083d00000|  0%| F|  |TAMS 0x0000000083c00000, 0x0000000083c00000| Untracked 
|  61|0x0000000083d00000, 0x0000000083d00000, 0x0000000083e00000|  0%| F|  |TAMS 0x0000000083d00000, 0x0000000083d00000| Untracked 
|  62|0x0000000083e00000, 0x0000000083e00000, 0x0000000083f00000|  0%| F|  |TAMS 0x0000000083e00000, 0x0000000083e00000| Untracked 
|  63|0x0000000083f00000, 0x0000000083f00000, 0x0000000084000000|  0%| F|  |TAMS 0x0000000083f00000, 0x0000000083f00000| Untracked 
|  64|0x0000000084000000, 0x0000000084000000, 0x0000000084100000|  0%| F|  |TAMS 0x0000000084000000, 0x0000000084000000| Untracked 
|  65|0x0000000084100000, 0x0000000084100000, 0x0000000084200000|  0%| F|  |TAMS 0x0000000084100000, 0x0000000084100000| Untracked 
|  66|0x0000000084200000, 0x0000000084200000, 0x0000000084300000|  0%| F|  |TAMS 0x0000000084200000, 0x0000000084200000| Untracked 
|  67|0x0000000084300000, 0x0000000084300000, 0x0000000084400000|  0%| F|  |TAMS 0x0000000084300000, 0x0000000084300000| Untracked 
|  68|0x0000000084400000, 0x0000000084400000, 0x0000000084500000|  0%| F|  |TAMS 0x0000000084400000, 0x0000000084400000| Untracked 
|  69|0x0000000084500000, 0x0000000084500000, 0x0000000084600000|  0%| F|  |TAMS 0x0000000084500000, 0x0000000084500000| Untracked 
|  70|0x0000000084600000, 0x0000000084600000, 0x0000000084700000|  0%| F|  |TAMS 0x0000000084600000, 0x0000000084600000| Untracked 
|  71|0x0000000084700000, 0x0000000084700000, 0x0000000084800000|  0%| F|  |TAMS 0x0000000084700000, 0x0000000084700000| Untracked 
|  72|0x0000000084800000, 0x0000000084800000, 0x0000000084900000|  0%| F|  |TAMS 0x0000000084800000, 0x0000000084800000| Untracked 
|  73|0x0000000084900000, 0x0000000084900000, 0x0000000084a00000|  0%| F|  |TAMS 0x0000000084900000, 0x0000000084900000| Untracked 
|  74|0x0000000084a00000, 0x0000000084a00000, 0x0000000084b00000|  0%| F|  |TAMS 0x0000000084a00000, 0x0000000084a00000| Untracked 
|  75|0x0000000084b00000, 0x0000000084b00000, 0x0000000084c00000|  0%| F|  |TAMS 0x0000000084b00000, 0x0000000084b00000| Untracked 
|  76|0x0000000084c00000, 0x0000000084c00000, 0x0000000084d00000|  0%| F|  |TAMS 0x0000000084c00000, 0x0000000084c00000| Untracked 
|  77|0x0000000084d00000, 0x0000000084d00000, 0x0000000084e00000|  0%| F|  |TAMS 0x0000000084d00000, 0x0000000084d00000| Untracked 
|  78|0x0000000084e00000, 0x0000000084e00000, 0x0000000084f00000|  0%| F|  |TAMS 0x0000000084e00000, 0x0000000084e00000| Untracked 
|  79|0x0000000084f00000, 0x0000000084f00000, 0x0000000085000000|  0%| F|  |TAMS 0x0000000084f00000, 0x0000000084f00000| Untracked 
|  80|0x0000000085000000, 0x0000000085000000, 0x0000000085100000|  0%| F|  |TAMS 0x0000000085000000, 0x0000000085000000| Untracked 
|  81|0x0000000085100000, 0x0000000085100000, 0x0000000085200000|  0%| F|  |TAMS 0x0000000085100000, 0x0000000085100000| Untracked 
|  82|0x0000000085200000, 0x0000000085200000, 0x0000000085300000|  0%| F|  |TAMS 0x0000000085200000, 0x0000000085200000| Untracked 
|  83|0x0000000085300000, 0x0000000085300000, 0x0000000085400000|  0%| F|  |TAMS 0x0000000085300000, 0x0000000085300000| Untracked 
|  84|0x0000000085400000, 0x0000000085400000, 0x0000000085500000|  0%| F|  |TAMS 0x0000000085400000, 0x0000000085400000| Untracked 
|  85|0x0000000085500000, 0x0000000085500000, 0x0000000085600000|  0%| F|  |TAMS 0x0000000085500000, 0x0000000085500000| Untracked 
|  86|0x0000000085600000, 0x0000000085600000, 0x0000000085700000|  0%| F|  |TAMS 0x0000000085600000, 0x0000000085600000| Untracked 
|  87|0x0000000085700000, 0x0000000085700000, 0x0000000085800000|  0%| F|  |TAMS 0x0000000085700000, 0x0000000085700000| Untracked 
|  88|0x0000000085800000, 0x0000000085800000, 0x0000000085900000|  0%| F|  |TAMS 0x0000000085800000, 0x0000000085800000| Untracked 
|  89|0x0000000085900000, 0x0000000085900000, 0x0000000085a00000|  0%| F|  |TAMS 0x0000000085900000, 0x0000000085900000| Untracked 
|  90|0x0000000085a00000, 0x0000000085a00000, 0x0000000085b00000|  0%| F|  |TAMS 0x0000000085a00000, 0x0000000085a00000| Untracked 
|  91|0x0000000085b00000, 0x0000000085b00000, 0x0000000085c00000|  0%| F|  |TAMS 0x0000000085b00000, 0x0000000085b00000| Untracked 
|  92|0x0000000085c00000, 0x0000000085c00000, 0x0000000085d00000|  0%| F|  |TAMS 0x0000000085c00000, 0x0000000085c00000| Untracked 
|  93|0x0000000085d00000, 0x0000000085d00000, 0x0000000085e00000|  0%| F|  |TAMS 0x0000000085d00000, 0x0000000085d00000| Untracked 
|  94|0x0000000085e00000, 0x0000000085e00000, 0x0000000085f00000|  0%| F|  |TAMS 0x0000000085e00000, 0x0000000085e00000| Untracked 
|  95|0x0000000085f00000, 0x0000000085f00000, 0x0000000086000000|  0%| F|  |TAMS 0x0000000085f00000, 0x0000000085f00000| Untracked 
|  96|0x0000000086000000, 0x0000000086000000, 0x0000000086100000|  0%| F|  |TAMS 0x0000000086000000, 0x0000000086000000| Untracked 
|  97|0x0000000086100000, 0x0000000086100000, 0x0000000086200000|  0%| F|  |TAMS 0x0000000086100000, 0x0000000086100000| Untracked 
|  98|0x0000000086200000, 0x0000000086200000, 0x0000000086300000|  0%| F|  |TAMS 0x0000000086200000, 0x0000000086200000| Untracked 
|  99|0x0000000086300000, 0x0000000086300000, 0x0000000086400000|  0%| F|  |TAMS 0x0000000086300000, 0x0000000086300000| Untracked 
| 100|0x0000000086400000, 0x0000000086400000, 0x0000000086500000|  0%| F|  |TAMS 0x0000000086400000, 0x0000000086400000| Untracked 
| 101|0x0000000086500000, 0x0000000086500000, 0x0000000086600000|  0%| F|  |TAMS 0x0000000086500000, 0x0000000086500000| Untracked 
| 102|0x0000000086600000, 0x0000000086600000, 0x0000000086700000|  0%| F|  |TAMS 0x0000000086600000, 0x0000000086600000| Untracked 
| 103|0x0000000086700000, 0x0000000086700000, 0x0000000086800000|  0%| F|  |TAMS 0x0000000086700000, 0x0000000086700000| Untracked 
| 104|0x0000000086800000, 0x0000000086857518, 0x0000000086900000| 34%| E|  |TAMS 0x0000000086800000, 0x0000000086800000| Complete 
| 105|0x0000000086900000, 0x0000000086a00000, 0x0000000086a00000|100%| E|CS|TAMS 0x0000000086900000, 0x0000000086900000| Complete 
| 106|0x0000000086a00000, 0x0000000086b00000, 0x0000000086b00000|100%| E|CS|TAMS 0x0000000086a00000, 0x0000000086a00000| Complete 
| 107|0x0000000086b00000, 0x0000000086c00000, 0x0000000086c00000|100%| E|CS|TAMS 0x0000000086b00000, 0x0000000086b00000| Complete 
| 108|0x0000000086c00000, 0x0000000086d00000, 0x0000000086d00000|100%| E|CS|TAMS 0x0000000086c00000, 0x0000000086c00000| Complete 
| 109|0x0000000086d00000, 0x0000000086e00000, 0x0000000086e00000|100%| E|  |TAMS 0x0000000086d00000, 0x0000000086d00000| Complete 
| 110|0x0000000086e00000, 0x0000000086f00000, 0x0000000086f00000|100%| E|CS|TAMS 0x0000000086e00000, 0x0000000086e00000| Complete 
| 111|0x0000000086f00000, 0x0000000087000000, 0x0000000087000000|100%| E|CS|TAMS 0x0000000086f00000, 0x0000000086f00000| Complete 
| 112|0x0000000087000000, 0x0000000087100000, 0x0000000087100000|100%| E|CS|TAMS 0x0000000087000000, 0x0000000087000000| Complete 
| 113|0x0000000087100000, 0x0000000087200000, 0x0000000087200000|100%| E|CS|TAMS 0x0000000087100000, 0x0000000087100000| Complete 
| 114|0x0000000087200000, 0x0000000087300000, 0x0000000087300000|100%| E|CS|TAMS 0x0000000087200000, 0x0000000087200000| Complete 
| 115|0x0000000087300000, 0x0000000087400000, 0x0000000087400000|100%| E|CS|TAMS 0x0000000087300000, 0x0000000087300000| Complete 
| 116|0x0000000087400000, 0x0000000087500000, 0x0000000087500000|100%| S|CS|TAMS 0x0000000087400000, 0x0000000087400000| Complete 
| 117|0x0000000087500000, 0x0000000087600000, 0x0000000087600000|100%| S|CS|TAMS 0x0000000087500000, 0x0000000087500000| Complete 
| 118|0x0000000087600000, 0x0000000087700000, 0x0000000087700000|100%| S|CS|TAMS 0x0000000087600000, 0x0000000087600000| Complete 
| 119|0x0000000087700000, 0x0000000087800000, 0x0000000087800000|100%| S|CS|TAMS 0x0000000087700000, 0x0000000087700000| Complete 
| 120|0x0000000087800000, 0x0000000087900000, 0x0000000087900000|100%| S|CS|TAMS 0x0000000087800000, 0x0000000087800000| Complete 
| 121|0x0000000087900000, 0x0000000087a00000, 0x0000000087a00000|100%| E|CS|TAMS 0x0000000087900000, 0x0000000087900000| Complete 
| 122|0x0000000087a00000, 0x0000000087b00000, 0x0000000087b00000|100%| E|CS|TAMS 0x0000000087a00000, 0x0000000087a00000| Complete 
| 123|0x0000000087b00000, 0x0000000087c00000, 0x0000000087c00000|100%| E|CS|TAMS 0x0000000087b00000, 0x0000000087b00000| Complete 
| 124|0x0000000087c00000, 0x0000000087d00000, 0x0000000087d00000|100%| E|CS|TAMS 0x0000000087c00000, 0x0000000087c00000| Complete 
| 125|0x0000000087d00000, 0x0000000087e00000, 0x0000000087e00000|100%| E|CS|TAMS 0x0000000087d00000, 0x0000000087d00000| Complete 
| 126|0x0000000087e00000, 0x0000000087f00000, 0x0000000087f00000|100%| E|CS|TAMS 0x0000000087e00000, 0x0000000087e00000| Complete 
| 127|0x0000000087f00000, 0x0000000088000000, 0x0000000088000000|100%| E|CS|TAMS 0x0000000087f00000, 0x0000000087f00000| Complete 
| 128|0x0000000088000000, 0x0000000088100000, 0x0000000088100000|100%| E|CS|TAMS 0x0000000088000000, 0x0000000088000000| Complete 
| 129|0x0000000088100000, 0x0000000088200000, 0x0000000088200000|100%| E|CS|TAMS 0x0000000088100000, 0x0000000088100000| Complete 

Card table byte_map: [0x000001979ab60000,0x000001979af60000] _byte_map_base: 0x000001979a760000

Marking Bits (Prev, Next): (CMBitMap*) 0x00000197866acc80, (CMBitMap*) 0x00000197866acc40
 Prev Bits: [0x000001979d360000, 0x000001979f360000)
 Next Bits: [0x000001979b360000, 0x000001979d360000)

Polling page: 0x0000019786710000

Metaspace:

Usage:
  Non-class:     44.16 MB used.
      Class:      6.77 MB used.
       Both:     50.93 MB used.

Virtual space:
  Non-class space:       64.00 MB reserved,      44.38 MB ( 69%) committed,  1 nodes.
      Class space:        1.00 GB reserved,       6.94 MB ( <1%) committed,  1 nodes.
             Both:        1.06 GB reserved,      51.31 MB (  5%) committed. 

Chunk freelists:
   Non-Class:  3.00 MB
       Class:  9.06 MB
        Both:  12.06 MB

MaxMetaspaceSize: unlimited
CompressedClassSpaceSize: 1.00 GB
Initial GC threshold: 21.00 MB
Current GC threshold: 84.94 MB
CDS: off
MetaspaceReclaimPolicy: balanced
 - commit_granule_bytes: 65536.
 - commit_granule_words: 8192.
 - virtual_space_node_default_size: 8388608.
 - enlarge_chunks_in_place: 1.
 - new_chunks_are_fully_committed: 0.
 - uncommit_free_chunks: 1.
 - use_allocation_guard: 0.
 - handle_deallocations: 1.


Internal statistics:

num_allocs_failed_limit: 3.
num_arena_births: 422.
num_arena_deaths: 2.
num_vsnodes_births: 2.
num_vsnodes_deaths: 0.
num_space_committed: 821.
num_space_uncommitted: 0.
num_chunks_returned_to_freelist: 6.
num_chunks_taken_from_freelist: 2038.
num_chunk_merges: 0.
num_chunk_splits: 1345.
num_chunks_enlarged: 953.
num_inconsistent_stats: 0.

CodeHeap 'non-profiled nmethods': size=120064Kb used=2154Kb max_used=2728Kb free=117909Kb
 bounds [0x0000019792e10000, 0x00000197930c0000, 0x000001979a350000]
CodeHeap 'profiled nmethods': size=120000Kb used=8891Kb max_used=10034Kb free=111108Kb
 bounds [0x000001978b350000, 0x000001978bd30000, 0x0000019792880000]
CodeHeap 'non-nmethods': size=5696Kb used=2322Kb max_used=2394Kb free=3373Kb
 bounds [0x0000019792880000, 0x0000019792af0000, 0x0000019792e10000]
 total_blobs=5236 nmethods=4405 adapters=743
 compilation: enabled
              stopped_count=0, restarted_count=0
 full_count=0

Compilation events (20 events):
Event: 15.086 Thread 0x00000197a18ed710 5151       2       com.google.common.hash.Hashing$ChecksumType$1::get (5 bytes)
Event: 15.086 Thread 0x00000197a18ed710 nmethod 5151 0x000001978b4feb90 code [0x000001978b4fed20, 0x000001978b4fee78]
Event: 15.104 Thread 0x00000197a18ed710 5153 %     3       org.objectweb.asm.SymbolTable::addConstantUtf8 @ 12 (98 bytes)
Event: 15.105 Thread 0x00000197a18ed710 nmethod 5153% 0x000001978b649e10 code [0x000001978b64a040, 0x000001978b64a6f8]
Event: 15.105 Thread 0x00000197a18ed710 5154       3       org.objectweb.asm.SymbolTable::addConstantUtf8 (98 bytes)
Event: 15.105 Thread 0x00000197a18ed710 nmethod 5154 0x000001978b56ee10 code [0x000001978b56f040, 0x000001978b56f618]
Event: 15.215 Thread 0x00000197a18ed710 5161       2       com.google.common.hash.AbstractHashFunction::hashBytes (28 bytes)
Event: 15.216 Thread 0x00000197a18ed710 nmethod 5161 0x000001978b56e390 code [0x000001978b56e5a0, 0x000001978b56ea18]
Event: 15.221 Thread 0x00000197a18ed710 5162       2       org.objectweb.asm.ClassReader::readLong (29 bytes)
Event: 15.221 Thread 0x00000197a18ed710 nmethod 5162 0x000001978b56df10 code [0x000001978b56e0c0, 0x000001978b56e258]
Event: 15.221 Thread 0x00000197a18ed710 5163       2       org.objectweb.asm.SymbolTable::addConstantLongOrDouble (109 bytes)
Event: 15.222 Thread 0x00000197a18ed710 nmethod 5163 0x000001978b6c0c10 code [0x000001978b6c0e00, 0x000001978b6c1188]
Event: 15.232 Thread 0x00000197a18ed710 5164       2       org.objectweb.asm.Type::getObjectType (31 bytes)
Event: 15.232 Thread 0x00000197a18ed710 nmethod 5164 0x000001978b6c0510 code [0x000001978b6c06c0, 0x000001978b6c09d8]
Event: 15.271 Thread 0x00000197a18ed710 5166 %     3       org.objectweb.asm.MethodWriter::computeMaxStackAndLocal @ 343 (420 bytes)
Event: 15.272 Thread 0x00000197a18ed710 nmethod 5166% 0x000001978b374b90 code [0x000001978b374e20, 0x000001978b375e28]
Event: 15.272 Thread 0x00000197a18ed710 5167       3       org.objectweb.asm.MethodWriter::computeMaxStackAndLocal (420 bytes)
Event: 15.273 Thread 0x00000197a18ed710 nmethod 5167 0x000001978b54a410 code [0x000001978b54a6a0, 0x000001978b54b648]
Event: 15.344 Thread 0x00000197a18ed710 5169       2       org.objectweb.asm.MethodVisitor::visitTableSwitchInsn (20 bytes)
Event: 15.344 Thread 0x00000197a18ed710 nmethod 5169 0x000001978baddd90 code [0x000001978baddf20, 0x000001978bade048]

GC Heap History (20 events):
Event: 9.239 GC heap before
{Heap before GC invocations=20 (full 0):
 garbage-first heap   total 81920K, used 64224K [0x0000000080000000, 0x0000000100000000)
  region size 1024K, 18 young (18432K), 1 survivors (1024K)
 Metaspace       used 36479K, committed 36800K, reserved 1114112K
  class space    used 5051K, committed 5184K, reserved 1048576K
}
Event: 9.246 GC heap after
{Heap after GC invocations=21 (full 0):
 garbage-first heap   total 110592K, used 48418K [0x0000000080000000, 0x0000000100000000)
  region size 1024K, 2 young (2048K), 2 survivors (2048K)
 Metaspace       used 36479K, committed 36800K, reserved 1114112K
  class space    used 5051K, committed 5184K, reserved 1048576K
}
Event: 10.126 GC heap before
{Heap before GC invocations=22 (full 0):
 garbage-first heap   total 110592K, used 86306K [0x0000000080000000, 0x0000000100000000)
  region size 1024K, 39 young (39936K), 2 survivors (2048K)
 Metaspace       used 41259K, committed 41600K, reserved 1114112K
  class space    used 5692K, committed 5824K, reserved 1048576K
}
Event: 10.139 GC heap after
{Heap after GC invocations=23 (full 0):
 garbage-first heap   total 110592K, used 51782K [0x0000000080000000, 0x0000000100000000)
  region size 1024K, 5 young (5120K), 5 survivors (5120K)
 Metaspace       used 41259K, committed 41600K, reserved 1114112K
  class space    used 5692K, committed 5824K, reserved 1048576K
}
Event: 12.232 GC heap before
{Heap before GC invocations=23 (full 0):
 garbage-first heap   total 110592K, used 84550K [0x0000000080000000, 0x0000000100000000)
  region size 1024K, 38 young (38912K), 5 survivors (5120K)
 Metaspace       used 48068K, committed 48384K, reserved 1114112K
  class space    used 6458K, committed 6592K, reserved 1048576K
}
Event: 12.264 GC heap after
{Heap after GC invocations=24 (full 0):
 garbage-first heap   total 110592K, used 55699K [0x0000000080000000, 0x0000000100000000)
  region size 1024K, 5 young (5120K), 5 survivors (5120K)
 Metaspace       used 48068K, committed 48384K, reserved 1114112K
  class space    used 6458K, committed 6592K, reserved 1048576K
}
Event: 12.316 GC heap before
{Heap before GC invocations=24 (full 0):
 garbage-first heap   total 110592K, used 57747K [0x0000000080000000, 0x0000000100000000)
  region size 1024K, 9 young (9216K), 5 survivors (5120K)
 Metaspace       used 48236K, committed 48576K, reserved 1114112K
  class space    used 6473K, committed 6656K, reserved 1048576K
}
Event: 12.329 GC heap after
{Heap after GC invocations=25 (full 0):
 garbage-first heap   total 110592K, used 57012K [0x0000000080000000, 0x0000000100000000)
  region size 1024K, 2 young (2048K), 2 survivors (2048K)
 Metaspace       used 48236K, committed 48576K, reserved 1114112K
  class space    used 6473K, committed 6656K, reserved 1048576K
}
Event: 13.337 GC heap before
{Heap before GC invocations=26 (full 0):
 garbage-first heap   total 110592K, used 89780K [0x0000000080000000, 0x0000000100000000)
  region size 1024K, 31 young (31744K), 2 survivors (2048K)
 Metaspace       used 50567K, committed 51008K, reserved 1114112K
  class space    used 6742K, committed 6912K, reserved 1048576K
}
Event: 13.345 GC heap after
{Heap after GC invocations=27 (full 0):
 garbage-first heap   total 110592K, used 57772K [0x0000000080000000, 0x0000000100000000)
  region size 1024K, 3 young (3072K), 3 survivors (3072K)
 Metaspace       used 50567K, committed 51008K, reserved 1114112K
  class space    used 6742K, committed 6912K, reserved 1048576K
}
Event: 13.793 GC heap before
{Heap before GC invocations=27 (full 0):
 garbage-first heap   total 110592K, used 65964K [0x0000000080000000, 0x0000000100000000)
  region size 1024K, 12 young (12288K), 3 survivors (3072K)
 Metaspace       used 51725K, committed 52160K, reserved 1114112K
  class space    used 6917K, committed 7104K, reserved 1048576K
}
Event: 13.806 GC heap after
{Heap after GC invocations=28 (full 0):
 garbage-first heap   total 110592K, used 57822K [0x0000000080000000, 0x0000000100000000)
  region size 1024K, 3 young (3072K), 3 survivors (3072K)
 Metaspace       used 51725K, committed 52160K, reserved 1114112K
  class space    used 6917K, committed 7104K, reserved 1048576K
}
Event: 14.252 GC heap before
{Heap before GC invocations=29 (full 0):
 garbage-first heap   total 110592K, used 63966K [0x0000000080000000, 0x0000000100000000)
  region size 1024K, 8 young (8192K), 3 survivors (3072K)
 Metaspace       used 51728K, committed 52160K, reserved 1114112K
  class space    used 6917K, committed 7104K, reserved 1048576K
}
Event: 14.259 GC heap after
{Heap after GC invocations=30 (full 0):
 garbage-first heap   total 110592K, used 57850K [0x0000000080000000, 0x0000000100000000)
  region size 1024K, 3 young (3072K), 3 survivors (3072K)
 Metaspace       used 51728K, committed 52160K, reserved 1114112K
  class space    used 6917K, committed 7104K, reserved 1048576K
}
Event: 15.033 GC heap before
{Heap before GC invocations=31 (full 0):
 garbage-first heap   total 110592K, used 92666K [0x0000000080000000, 0x0000000100000000)
  region size 1024K, 35 young (35840K), 3 survivors (3072K)
 Metaspace       used 52131K, committed 52544K, reserved 1114112K
  class space    used 6937K, committed 7104K, reserved 1048576K
}
Event: 15.041 GC heap after
{Heap after GC invocations=32 (full 0):
 garbage-first heap   total 110592K, used 60547K [0x0000000080000000, 0x0000000100000000)
  region size 1024K, 3 young (3072K), 3 survivors (3072K)
 Metaspace       used 52131K, committed 52544K, reserved 1114112K
  class space    used 6937K, committed 7104K, reserved 1048576K
}
Event: 15.110 GC heap before
{Heap before GC invocations=32 (full 0):
 garbage-first heap   total 110592K, used 71811K [0x0000000080000000, 0x0000000100000000)
  region size 1024K, 15 young (15360K), 3 survivors (3072K)
 Metaspace       used 52150K, committed 52544K, reserved 1114112K
  class space    used 6937K, committed 7104K, reserved 1048576K
}
Event: 15.118 GC heap after
{Heap after GC invocations=33 (full 0):
 garbage-first heap   total 133120K, used 60583K [0x0000000080000000, 0x0000000100000000)
  region size 1024K, 3 young (3072K), 3 survivors (3072K)
 Metaspace       used 52150K, committed 52544K, reserved 1114112K
  class space    used 6937K, committed 7104K, reserved 1048576K
}
Event: 15.172 GC heap before
{Heap before GC invocations=33 (full 0):
 garbage-first heap   total 133120K, used 69799K [0x0000000080000000, 0x0000000100000000)
  region size 1024K, 12 young (12288K), 3 survivors (3072K)
 Metaspace       used 52150K, committed 52544K, reserved 1114112K
  class space    used 6937K, committed 7104K, reserved 1048576K
}
Event: 15.188 GC heap after
{Heap after GC invocations=34 (full 0):
 garbage-first heap   total 133120K, used 63173K [0x0000000080000000, 0x0000000100000000)
  region size 1024K, 5 young (5120K), 5 survivors (5120K)
 Metaspace       used 52150K, committed 52544K, reserved 1114112K
  class space    used 6937K, committed 7104K, reserved 1048576K
}

Dll operation events (2 events):
Event: 0.017 Loaded shared library C:\Program Files\Android\Android Studio\jbr\bin\java.dll
Event: 0.642 Loaded shared library C:\Program Files\Android\Android Studio\jbr\bin\verify.dll

Deoptimization events (20 events):
Event: 14.771 Thread 0x00000197a7fb23c0 DEOPT PACKING pc=0x0000019792f15cb8 sp=0x00000091958fdb80
Event: 14.771 Thread 0x00000197a7fb23c0 DEOPT UNPACKING pc=0x00000197928d9423 sp=0x00000091958fdb80 mode 2
Event: 14.918 Thread 0x00000197a7fb1a20 Uncommon trap: trap_request=0xffffff45 fr.pc=0x0000019792fa8974 relative=0x0000000000000734
Event: 14.918 Thread 0x00000197a7fb1a20 Uncommon trap: reason=unstable_if action=reinterpret pc=0x0000019792fa8974 method=org.objectweb.asm.ClassReader.readUtf(II[C)Ljava/lang/String; @ 69 c2
Event: 14.918 Thread 0x00000197a7fb1a20 DEOPT PACKING pc=0x0000019792fa8974 sp=0x00000091959fd9e0
Event: 14.918 Thread 0x00000197a7fb1a20 DEOPT UNPACKING pc=0x00000197928d9423 sp=0x00000091959fd980 mode 2
Event: 14.918 Thread 0x00000197a7fb1a20 Uncommon trap: trap_request=0xffffff45 fr.pc=0x0000019792e29f14 relative=0x00000000000003f4
Event: 14.918 Thread 0x00000197a7fb1a20 Uncommon trap: reason=unstable_if action=reinterpret pc=0x0000019792e29f14 method=java.lang.StringUTF16.compress([CII)[B @ 13 c2
Event: 14.918 Thread 0x00000197a7fb1a20 DEOPT PACKING pc=0x0000019792e29f14 sp=0x00000091959fd890
Event: 14.918 Thread 0x00000197a7fb1a20 DEOPT UNPACKING pc=0x00000197928d9423 sp=0x00000091959fd7f8 mode 2
Event: 14.923 Thread 0x00000197a7fb1a20 DEOPT PACKING pc=0x000001978b7e70bb sp=0x00000091959fe140
Event: 14.923 Thread 0x00000197a7fb1a20 DEOPT UNPACKING pc=0x00000197928d7d6b sp=0x00000091959fd5b0 mode 0
Event: 14.933 Thread 0x00000197a7fb1a20 Uncommon trap: trap_request=0xffffff45 fr.pc=0x0000019792e2a4bc relative=0x000000000000021c
Event: 14.933 Thread 0x00000197a7fb1a20 Uncommon trap: reason=unstable_if action=reinterpret pc=0x0000019792e2a4bc method=java.lang.StringUTF16.compress([CII)[B @ 13 c2
Event: 14.933 Thread 0x00000197a7fb1a20 DEOPT PACKING pc=0x0000019792e2a4bc sp=0x00000091959fd8e0
Event: 14.933 Thread 0x00000197a7fb1a20 DEOPT UNPACKING pc=0x00000197928d9423 sp=0x00000091959fd868 mode 2
Event: 15.105 Thread 0x00000197a7fb23c0 DEOPT PACKING pc=0x000001978b69009b sp=0x00000091958fe230
Event: 15.105 Thread 0x00000197a7fb23c0 DEOPT UNPACKING pc=0x00000197928d7d6b sp=0x00000091958fd718 mode 0
Event: 15.273 Thread 0x00000197a7fb23c0 DEOPT PACKING pc=0x000001978b3526ce sp=0x00000091958fdd70
Event: 15.273 Thread 0x00000197a7fb23c0 DEOPT UNPACKING pc=0x00000197928d7d6b sp=0x00000091958fd220 mode 0

Classes unloaded (2 events):
Event: 13.847 Thread 0x00000197a17459f0 Unloading class 0x0000000100600558 '_BuildScript_$_run_closure1'
Event: 13.847 Thread 0x00000197a17459f0 Unloading class 0x0000000100600000 '_BuildScript_'

Classes redefined (0 events):
No events

Internal exceptions (20 events):
Event: 12.834 Thread 0x000001978663aa00 Exception <a 'java/lang/ClassNotFoundException'{0x00000000858354b8}: sync_studio_tooling8_d2y7vaq7rshvm794adkepenr1BeanInfo> (0x00000000858354b8) 
thrown [s\src\hotspot\share\classfile\systemDictionary.cpp, line 256]
Event: 12.835 Thread 0x000001978663aa00 Exception <a 'java/lang/ClassNotFoundException'{0x000000008583bdc8}: sync_studio_tooling8_d2y7vaq7rshvm794adkepenr1Customizer> (0x000000008583bdc8) 
thrown [s\src\hotspot\share\classfile\systemDictionary.cpp, line 256]
Event: 12.843 Thread 0x000001978663aa00 Exception <a 'java/lang/ClassNotFoundException'{0x00000000858881e8}: org/gradle/internal/metaobject/ConfigureDelegateBeanInfo> (0x00000000858881e8) 
thrown [s\src\hotspot\share\classfile\systemDictionary.cpp, line 256]
Event: 12.844 Thread 0x000001978663aa00 Exception <a 'java/lang/ClassNotFoundException'{0x0000000085897f18}: org/gradle/internal/metaobject/ConfigureDelegateCustomizer> (0x0000000085897f18) 
thrown [s\src\hotspot\share\classfile\systemDictionary.cpp, line 256]
Event: 12.851 Thread 0x000001978663aa00 Exception <a 'java/lang/ClassNotFoundException'{0x00000000858efca0}: org/gradle/api/internal/initialization/DefaultScriptHandlerBeanInfo> (0x00000000858efca0) 
thrown [s\src\hotspot\share\classfile\systemDictionary.cpp, line 256]
Event: 12.852 Thread 0x000001978663aa00 Exception <a 'java/lang/ClassNotFoundException'{0x00000000857004f8}: org/gradle/api/internal/initialization/DefaultScriptHandlerCustomizer> (0x00000000857004f8) 
thrown [s\src\hotspot\share\classfile\systemDictionary.cpp, line 256]
Event: 13.005 Thread 0x000001978663aa00 Implicit null exception at 0x000001979302f0ec to 0x000001979302f1a0
Event: 13.013 Thread 0x000001978663aa00 Exception <a 'java/lang/ClassNotFoundException'{0x000000008515bc48}: org/gradle/api/internal/artifacts/dsl/dependencies/DefaultDependencyHandler_DecoratedBeanInfo> (0x000000008515bc48) 
thrown [s\src\hotspot\share\classfile\systemDictionary.cpp, line 256]
Event: 13.013 Thread 0x000001978663aa00 Exception <a 'java/lang/ClassNotFoundException'{0x0000000085171350}: org/gradle/api/internal/artifacts/dsl/dependencies/DefaultDependencyHandlerBeanInfo> (0x0000000085171350) 
thrown [s\src\hotspot\share\classfile\systemDictionary.cpp, line 256]
Event: 13.014 Thread 0x000001978663aa00 Exception <a 'java/lang/ClassNotFoundException'{0x0000000085186768}: org/gradle/api/internal/artifacts/dsl/dependencies/DefaultDependencyHandlerCustomizer> (0x0000000085186768) 
thrown [s\src\hotspot\share\classfile\systemDictionary.cpp, line 256]
Event: 13.022 Thread 0x000001978663aa00 Exception <a 'java/lang/ClassNotFoundException'{0x00000000851c6b50}: org/gradle/api/internal/artifacts/dsl/dependencies/DefaultDependencyHandler_DecoratedCustomizer> (0x00000000851c6b50) 
thrown [s\src\hotspot\share\classfile\systemDictionary.cpp, line 256]
Event: 13.026 Thread 0x000001978663aa00 Exception <a 'java/lang/ClassNotFoundException'{0x0000000085008590}: sync_studio_tooling8_d2y7vaq7rshvm794adkepenr1$_run_closure1BeanInfo> (0x0000000085008590) 
thrown [s\src\hotspot\share\classfile\systemDictionary.cpp, line 256]
Event: 13.026 Thread 0x000001978663aa00 Exception <a 'java/lang/ClassNotFoundException'{0x000000008500f578}: sync_studio_tooling8_d2y7vaq7rshvm794adkepenr1$_run_closure1Customizer> (0x000000008500f578) 
thrown [s\src\hotspot\share\classfile\systemDictionary.cpp, line 256]
Event: 13.209 Thread 0x000001978663aa00 Exception <a 'java/lang/NoSuchMethodError'{0x0000000084e25410}: 'java.lang.Object java.lang.invoke.DirectMethodHandle$Holder.newInvokeSpecial(java.lang.Object, int, java.lang.Object)'> (0x0000000084e25410) 
thrown [s\src\hotspot\share\interpreter\linkResolver.cpp, line 771]
Event: 13.624 Thread 0x000001978663aa00 Exception <a 'java/lang/NoSuchMethodError'{0x000000008632bca8}: 'int java.lang.invoke.DirectMethodHandle$Holder.invokeStatic(java.lang.Object)'> (0x000000008632bca8) 
thrown [s\src\hotspot\share\interpreter\linkResolver.cpp, line 771]
Event: 13.624 Thread 0x000001978663aa00 Exception <a 'java/lang/NoSuchMethodError'{0x0000000086330098}: 'int java.lang.invoke.DirectMethodHandle$Holder.invokeStaticInit(java.lang.Object)'> (0x0000000086330098) 
thrown [s\src\hotspot\share\interpreter\linkResolver.cpp, line 771]
Event: 14.218 Thread 0x00000197a7fb23c0 Implicit null exception at 0x0000019792e2674b to 0x0000019792e26bcf
Event: 14.250 Thread 0x00000197a7fb23c0 Exception <a 'sun/nio/fs/WindowsException'{0x0000000086718048}> (0x0000000086718048) 
thrown [s\src\hotspot\share\prims\jni.cpp, line 517]
Event: 14.364 Thread 0x00000197a7fb1a20 Exception <a 'sun/nio/fs/WindowsException'{0x0000000086be9c88}> (0x0000000086be9c88) 
thrown [s\src\hotspot\share\prims\jni.cpp, line 517]
Event: 15.258 Thread 0x00000197a7fb1a20 Exception <a 'sun/nio/fs/WindowsException'{0x000000008710d6c8}> (0x000000008710d6c8) 
thrown [s\src\hotspot\share\prims\jni.cpp, line 517]

VM Operations (20 events):
Event: 13.336 Executing VM operation: G1CollectForAllocation
Event: 13.346 Executing VM operation: G1CollectForAllocation done
Event: 13.793 Executing VM operation: G1TryInitiateConcMark
Event: 13.806 Executing VM operation: G1TryInitiateConcMark done
Event: 13.846 Executing VM operation: G1Concurrent
Event: 13.903 Executing VM operation: G1Concurrent done
Event: 13.925 Executing VM operation: G1Concurrent
Event: 13.941 Executing VM operation: G1Concurrent done
Event: 14.252 Executing VM operation: G1TryInitiateConcMark
Event: 14.259 Executing VM operation: G1TryInitiateConcMark done
Event: 14.308 Executing VM operation: G1Concurrent
Event: 14.314 Executing VM operation: G1Concurrent done
Event: 14.336 Executing VM operation: G1Concurrent
Event: 14.336 Executing VM operation: G1Concurrent done
Event: 15.011 Executing VM operation: G1CollectForAllocation
Event: 15.044 Executing VM operation: G1CollectForAllocation done
Event: 15.110 Executing VM operation: G1TryInitiateConcMark
Event: 15.122 Executing VM operation: G1TryInitiateConcMark done
Event: 15.172 Executing VM operation: G1TryInitiateConcMark
Event: 15.188 Executing VM operation: G1TryInitiateConcMark done

Events (20 events):
Event: 13.182 Thread 0x00000197a19227b0 flushing nmethod 0x000001978bb7f710
Event: 13.182 Thread 0x00000197a19227b0 flushing nmethod 0x000001978bb87690
Event: 13.182 Thread 0x00000197a19227b0 flushing nmethod 0x000001978bb9b790
Event: 13.182 Thread 0x00000197a19227b0 flushing nmethod 0x000001978bb9fb90
Event: 13.183 Thread 0x00000197a19227b0 flushing nmethod 0x000001978bc0c110
Event: 13.183 Thread 0x00000197a19227b0 flushing nmethod 0x000001978bc5b910
Event: 13.183 Thread 0x00000197a19227b0 flushing nmethod 0x000001978bc5f690
Event: 13.183 Thread 0x00000197a19227b0 flushing nmethod 0x000001978bc62410
Event: 13.183 Thread 0x00000197a19227b0 flushing nmethod 0x000001978bc73810
Event: 13.183 Thread 0x00000197a19227b0 flushing nmethod 0x000001978bcb4f90
Event: 13.300 loading class java/util/concurrent/LinkedBlockingDeque$Itr
Event: 13.300 loading class java/util/concurrent/LinkedBlockingDeque$AbstractItr
Event: 13.300 loading class java/util/concurrent/LinkedBlockingDeque$AbstractItr done
Event: 13.300 loading class java/util/concurrent/LinkedBlockingDeque$Itr done
Event: 13.556 loading class java/io/DeleteOnExitHook
Event: 13.556 loading class java/io/DeleteOnExitHook done
Event: 13.556 loading class java/io/DeleteOnExitHook$1
Event: 13.557 loading class java/io/DeleteOnExitHook$1 done
Event: 14.282 loading class java/security/Key
Event: 14.283 loading class java/security/Key done


Dynamic libraries:
0x00007ff64bd40000 - 0x00007ff64bd4a000 	C:\Program Files\Android\Android Studio\jbr\bin\java.exe
0x00007ffdc66d0000 - 0x00007ffdc68be000 	C:\Windows\SYSTEM32\ntdll.dll
0x00007ffdc42e0000 - 0x00007ffdc4393000 	C:\Windows\System32\KERNEL32.DLL
0x00007ffdc2ee0000 - 0x00007ffdc317d000 	C:\Windows\System32\KERNELBASE.dll
0x00007ffdc35b0000 - 0x00007ffdc36aa000 	C:\Windows\System32\ucrtbase.dll
0x00007ffdb0aa0000 - 0x00007ffdb0ab7000 	C:\Program Files\Android\Android Studio\jbr\bin\jli.dll
0x00007ffdb0d00000 - 0x00007ffdb0d1b000 	C:\Program Files\Android\Android Studio\jbr\bin\VCRUNTIME140.dll
0x00007ffdc3900000 - 0x00007ffdc3a97000 	C:\Windows\System32\USER32.dll
0x00007ffdc2750000 - 0x00007ffdc2770000 	C:\Windows\System32\win32u.dll
0x00007ffdc5d90000 - 0x00007ffdc5db9000 	C:\Windows\System32\GDI32.dll
0x00007ffdc3750000 - 0x00007ffdc38fb000 	C:\Windows\System32\gdi32full.dll
0x00007ffdc36b0000 - 0x00007ffdc3750000 	C:\Windows\System32\msvcp_win.dll
0x00007ffdb6140000 - 0x00007ffdb63b9000 	C:\Windows\WinSxS\amd64_microsoft.windows.common-controls_6595b64144ccf1df_6.0.17763.4974_none_de748dce53484fa6\COMCTL32.dll
0x00007ffdc41e0000 - 0x00007ffdc427e000 	C:\Windows\System32\msvcrt.dll
0x00007ffdc44d0000 - 0x00007ffdc47fb000 	C:\Windows\System32\combase.dll
0x00007ffdc3b70000 - 0x00007ffdc3c8e000 	C:\Windows\System32\RPCRT4.dll
0x00007ffdc3440000 - 0x00007ffdc34c2000 	C:\Windows\System32\bcryptPrimitives.dll
0x00007ffdc4400000 - 0x00007ffdc442e000 	C:\Windows\System32\IMM32.DLL
0x00007ffdb3b30000 - 0x00007ffdb3b3c000 	C:\Program Files\Android\Android Studio\jbr\bin\vcruntime140_1.dll
0x00007ffdb0500000 - 0x00007ffdb058d000 	C:\Program Files\Android\Android Studio\jbr\bin\msvcp140.dll
0x00007ffd9e520000 - 0x00007ffd9f1a0000 	C:\Program Files\Android\Android Studio\jbr\bin\server\jvm.dll
0x00007ffdc6010000 - 0x00007ffdc60b7000 	C:\Windows\System32\ADVAPI32.dll
0x00007ffdc4430000 - 0x00007ffdc44cf000 	C:\Windows\System32\sechost.dll
0x00007ffdb7bb0000 - 0x00007ffdb7bb9000 	C:\Windows\SYSTEM32\WSOCK32.dll
0x00007ffdc0750000 - 0x00007ffdc0774000 	C:\Windows\SYSTEM32\WINMM.dll
0x00007ffdb8b20000 - 0x00007ffdb8b2a000 	C:\Windows\SYSTEM32\VERSION.dll
0x00007ffdc5dc0000 - 0x00007ffdc5e2d000 	C:\Windows\System32\WS2_32.dll
0x00007ffdc0720000 - 0x00007ffdc074d000 	C:\Windows\SYSTEM32\WINMMBASE.dll
0x00007ffdc3180000 - 0x00007ffdc31ca000 	C:\Windows\System32\cfgmgr32.dll
0x00007ffdc26b0000 - 0x00007ffdc26c1000 	C:\Windows\System32\kernel.appcore.dll
0x00007ffdb2f00000 - 0x00007ffdb2f0a000 	C:\Program Files\Android\Android Studio\jbr\bin\jimage.dll
0x00007ffdb4ce0000 - 0x00007ffdb4ecd000 	C:\Windows\SYSTEM32\DBGHELP.DLL
0x00007ffdb4cb0000 - 0x00007ffdb4cda000 	C:\Windows\SYSTEM32\dbgcore.DLL
0x00007ffdb2660000 - 0x00007ffdb2685000 	C:\Program Files\Android\Android Studio\jbr\bin\java.dll
0x00007ffdb2bc0000 - 0x00007ffdb2bd8000 	C:\Program Files\Android\Android Studio\jbr\bin\zip.dll
0x00007ffdc4800000 - 0x00007ffdc5cf8000 	C:\Windows\System32\SHELL32.dll
0x00007ffdc6490000 - 0x00007ffdc6537000 	C:\Windows\System32\shcore.dll
0x00007ffdc2790000 - 0x00007ffdc2ed7000 	C:\Windows\System32\windows.storage.dll
0x00007ffdc2680000 - 0x00007ffdc26a3000 	C:\Windows\System32\profapi.dll
0x00007ffdc26d0000 - 0x00007ffdc272d000 	C:\Windows\System32\powrprof.dll
0x00007ffdc43a0000 - 0x00007ffdc43f2000 	C:\Windows\System32\shlwapi.dll
0x00007ffdc2770000 - 0x00007ffdc278b000 	C:\Windows\System32\cryptsp.dll
0x00007ffdb2540000 - 0x00007ffdb2559000 	C:\Program Files\Android\Android Studio\jbr\bin\net.dll
0x00007ffdb9e40000 - 0x00007ffdb9f3d000 	C:\Windows\SYSTEM32\WINHTTP.dll
0x00007ffdb1b90000 - 0x00007ffdb1bb0000 	C:\Windows\system32\PrxerDrv.dll
0x00007ffdc1e70000 - 0x00007ffdc1ed7000 	C:\Windows\system32\mswsock.dll
0x00007ffdb2520000 - 0x00007ffdb2536000 	C:\Program Files\Android\Android Studio\jbr\bin\nio.dll
0x00007ffdb2d80000 - 0x00007ffdb2d90000 	C:\Program Files\Android\Android Studio\jbr\bin\verify.dll
0x00007ffdb03b0000 - 0x00007ffdb03d7000 	C:\Users\Administrator\.gradle\native\68d5fa5c4cc2d200863cafc0d521ce42e7d3e7ee720ec0a83991735586a16f82\windows-amd64\native-platform.dll
0x00007ffdb0260000 - 0x00007ffdb03a4000 	C:\Users\Administrator\.gradle\native\e376f236ea51e6404a007f0833ffe2c6e607c4080706a723a18a27aeea778392\windows-amd64\native-platform-file-events.dll
0x00007ffdb1790000 - 0x00007ffdb1799000 	C:\Program Files\Android\Android Studio\jbr\bin\management.dll
0x00007ffdb0f60000 - 0x00007ffdb0f6b000 	C:\Program Files\Android\Android Studio\jbr\bin\management_ext.dll
0x00007ffdc6480000 - 0x00007ffdc6488000 	C:\Windows\System32\PSAPI.DLL
0x00007ffdc19f0000 - 0x00007ffdc1a23000 	C:\Windows\system32\rsaenh.dll
0x00007ffdc34d0000 - 0x00007ffdc34f6000 	C:\Windows\System32\bcrypt.dll
0x00007ffdc2580000 - 0x00007ffdc25a9000 	C:\Windows\SYSTEM32\USERENV.dll
0x00007ffdc2040000 - 0x00007ffdc204c000 	C:\Windows\SYSTEM32\CRYPTBASE.dll
0x00007ffdc1b80000 - 0x00007ffdc1bbd000 	C:\Windows\SYSTEM32\IPHLPAPI.DLL
0x00007ffdc6000000 - 0x00007ffdc6008000 	C:\Windows\System32\NSI.dll
0x00007ffdb8b00000 - 0x00007ffdb8b16000 	C:\Windows\SYSTEM32\dhcpcsvc6.DLL
0x00007ffdb92a0000 - 0x00007ffdb92bc000 	C:\Windows\SYSTEM32\dhcpcsvc.DLL
0x00007ffdc1bc0000 - 0x00007ffdc1c86000 	C:\Windows\SYSTEM32\DNSAPI.dll
0x00007ffdb2ef0000 - 0x00007ffdb2ef7000 	C:\Windows\system32\wshunix.dll

dbghelp: loaded successfully - version: 4.0.5 - missing functions: none
symbol engine: initialized successfully - sym options: 0x614 - pdb path: .;C:\Program Files\Android\Android Studio\jbr\bin;C:\Windows\SYSTEM32;C:\Windows\WinSxS\amd64_microsoft.windows.common-controls_6595b64144ccf1df_6.0.17763.4974_none_de748dce53484fa6;C:\Program Files\Android\Android Studio\jbr\bin\server;C:\Users\Administrator\.gradle\native\68d5fa5c4cc2d200863cafc0d521ce42e7d3e7ee720ec0a83991735586a16f82\windows-amd64;C:\Users\Administrator\.gradle\native\e376f236ea51e6404a007f0833ffe2c6e607c4080706a723a18a27aeea778392\windows-amd64

VM Arguments:
jvm_args: --add-opens=java.base/java.util=ALL-UNNAMED --add-opens=java.base/java.lang=ALL-UNNAMED --add-opens=java.base/java.lang.invoke=ALL-UNNAMED --add-opens=java.prefs/java.util.prefs=ALL-UNNAMED --add-opens=java.base/java.nio.charset=ALL-UNNAMED --add-opens=java.base/java.net=ALL-UNNAMED --add-opens=java.base/java.util.concurrent.atomic=ALL-UNNAMED -Xmx2048m -Dfile.encoding=UTF-8 -Duser.country=US -Duser.language=en -Duser.variant 
java_command: org.gradle.launcher.daemon.bootstrap.GradleDaemon 7.6.2
java_class_path (initial): C:\Users\Administrator\.gradle\wrapper\dists\gradle-7.6.2-bin\6ot4hgy1mty27tup86cmng5lx\gradle-7.6.2\lib\gradle-launcher-7.6.2.jar
Launcher Type: SUN_STANDARD

[Global flags]
     intx CICompilerCount                          = 2                                         {product} {ergonomic}
     uint ConcGCThreads                            = 1                                         {product} {ergonomic}
     uint G1ConcRefinementThreads                  = 2                                         {product} {ergonomic}
   size_t G1HeapRegionSize                         = 1048576                                   {product} {ergonomic}
    uintx GCDrainStackTargetSize                   = 64                                        {product} {ergonomic}
   size_t InitialHeapSize                          = 33554432                                  {product} {ergonomic}
   size_t MarkStackSize                            = 4194304                                   {product} {ergonomic}
   size_t MaxHeapSize                              = 2147483648                                {product} {command line}
   size_t MaxNewSize                               = 1287651328                                {product} {ergonomic}
   size_t MinHeapDeltaBytes                        = 1048576                                   {product} {ergonomic}
   size_t MinHeapSize                              = 8388608                                   {product} {ergonomic}
    uintx NonNMethodCodeHeapSize                   = 5826188                                {pd product} {ergonomic}
    uintx NonProfiledCodeHeapSize                  = 122916026                              {pd product} {ergonomic}
    uintx ProfiledCodeHeapSize                     = 122916026                              {pd product} {ergonomic}
    uintx ReservedCodeCacheSize                    = 251658240                              {pd product} {ergonomic}
     bool SegmentedCodeCache                       = true                                      {product} {ergonomic}
   size_t SoftMaxHeapSize                          = 2147483648                             {manageable} {ergonomic}
     bool UseCompressedClassPointers               = true                           {product lp64_product} {ergonomic}
     bool UseCompressedOops                        = true                           {product lp64_product} {ergonomic}
     bool UseG1GC                                  = true                                      {product} {ergonomic}
     bool UseLargePagesIndividualAllocation        = false                                  {pd product} {ergonomic}

Logging:
Log output configuration:
 #0: stdout all=warning uptime,level,tags
 #1: stderr all=off uptime,level,tags

Environment Variables:
PATH=C:\Windows\system32;C:\Windows;C:\Windows\System32\Wbem;C:\Windows\System32\WindowsPowerShell\v1.0\;C:\Windows\System32\OpenSSH\;C:\Users\Administrator\AppData\Local\Microsoft\WindowsApps;
USERNAME=Administrator
OS=Windows_NT
PROCESSOR_IDENTIFIER=Intel64 Family 6 Model 85 Stepping 7, GenuineIntel
TMP=C:\Users\ADMINI~1\AppData\Local\Temp\2
TEMP=C:\Users\ADMINI~1\AppData\Local\Temp\2


JNI global refs:
JNI global refs: 23, weak refs: 21

JNI global refs memory usage: 843, weak refs: 841

OOME stack traces (most recent first):
Classloader memory used:
Loader org.gradle.internal.classloader.VisitableURLClassLoader                         : 3331K
Loader bootstrap                                                                       : 2385K
Loader org.gradle.initialization.MixInLegacyTypesClassLoader                           : 633K
Loader jdk.internal.loader.ClassLoaders$PlatformClassLoader                            : 65607B
Loader org.gradle.internal.classloader.VisitableURLClassLoader                         : 52183B
Loader jdk.internal.loader.ClassLoaders$AppClassLoader                                 : 26008B
Loader jdk.internal.reflect.DelegatingClassLoader                                      : 22765B
Loader org.gradle.groovy.scripts.internal.DefaultScriptCompilationHandler$ScriptClassLoader: 3707B
Loader groovy.lang.GroovyClassLoader$InnerLoader                                       : 1458B
Loader org.codehaus.groovy.runtime.callsite.CallSiteClassLoader                        : 876B


[error occurred during error reporting (Classloader stats), id 0xe0000001, Out of Memory Error (s\src\hotspot\share\memory\arena.cpp:78)]


---------------  S Y S T E M  ---------------

OS:
 Windows Server 2019 , 64 bit Build 17763 (10.0.17763.4974)
OS uptime: 0 days 23:57 hours

CPU: total 2 (initial active 2) (2 cores per cpu, 1 threads per core) family 6 model 85 stepping 7 microcode 0x0, cx8, cmov, fxsr, mmx, 3dnowpref, sse, sse2, sse3, ssse3, sse4.1, sse4.2, popcnt, lzcnt, tsc, tscinvbit, avx, avx2, aes, erms, clmul, bmi1, bmi2, rtm, avx512f, avx512cd, fma, vzeroupper, clflush, hv

Memory: 4k page, system-wide physical 2046M (18M free)
TotalPageFile size 8190M (AvailPageFile size 4M)
current process WorkingSet (physical memory assigned to process): 226M, peak: 226M
current process commit charge ("private bytes"): 321M, peak: 321M

vm_info: OpenJDK 64-Bit Server VM (17.0.7+0-b2043.56-10550314) for windows-amd64 JRE (17.0.7+0-b2043.56-10550314), built on Jul 24 2023 18:27:45 by "androidbuild" with MS VC++ 16.10 / 16.11 (VS2019)

END.
