#
# There is insufficient memory for the Java Runtime Environment to continue.
# Native memory allocation (mmap) failed to map 77594624 bytes for G1 virtual space
# Possible reasons:
#   The system is out of physical RAM or swap space
#   The process is running with CompressedOops enabled, and the Java Heap may be blocking the growth of the native heap
# Possible solutions:
#   Reduce memory load on the system
#   Increase physical memory or swap space
#   Check if swap backing store is full
#   Decrease Java heap size (-Xmx/-Xms)
#   Decrease number of Java threads
#   Decrease Java thread stack sizes (-Xss)
#   Set larger code cache with -XX:ReservedCodeCacheSize=
#   JVM is running with Unscaled Compressed Oops mode in which the Java heap is
#     placed in the first 4GB address space. The Java Heap base address is the
#     maximum limit for the native heap growth. Please use -XX:HeapBaseMinAddress
#     to set the Java Heap base and to place the Java Heap above 4GB virtual address.
# This output file may be truncated or incomplete.
#
#  Out of Memory Error (os_windows.cpp:3771), pid=8484, tid=8476
#
# JRE version: OpenJDK Runtime Environment (17.0.7) (build 17.0.7+0-b2043.56-10550314)
# Java VM: OpenJDK 64-Bit Server VM (17.0.7+0-b2043.56-10550314, mixed mode, tiered, compressed oops, compressed class ptrs, g1 gc, windows-amd64)
# Core dump will be written. Default location: C:\Users\Administrator\AndroidStudioProjects\CPEVPN\hs_err_pid8484.mdmp
#

---------------  S U M M A R Y ------------

Command Line: --add-opens=java.base/java.util=ALL-UNNAMED --add-opens=java.base/java.lang=ALL-UNNAMED --add-opens=java.base/java.lang.invoke=ALL-UNNAMED --add-opens=java.prefs/java.util.prefs=ALL-UNNAMED --add-opens=java.base/java.nio.charset=ALL-UNNAMED --add-opens=java.base/java.net=ALL-UNNAMED --add-opens=java.base/java.util.concurrent.atomic=ALL-UNNAMED -Xmx2048m -Dfile.encoding=UTF-8 -Duser.country=US -Duser.language=en -Duser.variant org.gradle.launcher.daemon.bootstrap.GradleDaemon 7.6.2

Host: Intel(R) Xeon(R) Gold 6226R CPU @ 2.90GHz, 2 cores, 1G,  Windows Server 2019 , 64 bit Build 17763 (10.0.17763.4974)
Time: Tue Feb 13 09:40:29 2024 Pacific Standard Time elapsed time: 7.512784 seconds (0d 0h 0m 7s)

---------------  T H R E A D  ---------------

Current thread (0x00000270372603c0):  VMThread "VM Thread" [stack: 0x000000c820500000,0x000000c820600000] [id=8476]

Stack: [0x000000c820500000,0x000000c820600000]
Native frames: (J=compiled Java code, j=interpreted, Vv=VM code, C=native code)
V  [jvm.dll+0x683bfa]
V  [jvm.dll+0x8430a4]
V  [jvm.dll+0x8449be]
V  [jvm.dll+0x845023]
V  [jvm.dll+0x24ad2f]
V  [jvm.dll+0x680ac9]
V  [jvm.dll+0x67519a]
V  [jvm.dll+0x30b3cb]
V  [jvm.dll+0x312876]
V  [jvm.dll+0x36221e]
V  [jvm.dll+0x36244f]
V  [jvm.dll+0x2e14a8]
V  [jvm.dll+0x2df684]
V  [jvm.dll+0x2dec8c]
V  [jvm.dll+0x32382b]
V  [jvm.dll+0x8496eb]
V  [jvm.dll+0x84a424]
V  [jvm.dll+0x84a93d]
V  [jvm.dll+0x84ad14]
V  [jvm.dll+0x84ade0]
V  [jvm.dll+0x7f2aea]
V  [jvm.dll+0x682a35]
C  [ucrtbase.dll+0x2268a]
C  [KERNEL32.DLL+0x17ac4]
C  [ntdll.dll+0x5a4e1]

VM_Operation (0x000000c8219f94f0): G1CollectForAllocation, mode: safepoint, requested by thread 0x000002701c1fe7e0


---------------  P R O C E S S  ---------------

Threads class SMR info:
_java_thread_list=0x000002703e144e30, length=34, elements={
0x000002701c212640, 0x000002703729a2c0, 0x000002703729ad80, 0x00000270372a3190,
0x00000270372b9d80, 0x00000270372ba640, 0x00000270372baf00, 0x00000270372f3410,
0x0000027037327c40, 0x000002703732e130, 0x00000270376cd840, 0x00000270376cdd10,
0x000002703ce644f0, 0x000002703d9f22e0, 0x000002703d589430, 0x000002703d5c7010,
0x000002703d5c8050, 0x000002701c1fc630, 0x000002701c1fe7e0, 0x000002701c1ff650,
0x000002701c1ffb20, 0x000002701c1fcfd0, 0x000002701c1fc160, 0x000002701c1fe310,
0x000002701c1fd4a0, 0x000002701c1fd970, 0x000002703e3ad800, 0x000002703e3b3d10,
0x000002703e3b0cf0, 0x000002703e3ae1a0, 0x000002703e3b0820, 0x000002703e3b11c0,
0x000002703e3b29d0, 0x000002703e3ac4c0
}

Java Threads: ( => current thread )
  0x000002701c212640 JavaThread "main" [_thread_blocked, id=6332, stack(0x000000c81ff00000,0x000000c820000000)]
  0x000002703729a2c0 JavaThread "Reference Handler" daemon [_thread_blocked, id=8780, stack(0x000000c820600000,0x000000c820700000)]
  0x000002703729ad80 JavaThread "Finalizer" daemon [_thread_blocked, id=6384, stack(0x000000c820700000,0x000000c820800000)]
  0x00000270372a3190 JavaThread "Signal Dispatcher" daemon [_thread_blocked, id=8816, stack(0x000000c820800000,0x000000c820900000)]
  0x00000270372b9d80 JavaThread "Attach Listener" daemon [_thread_blocked, id=2512, stack(0x000000c820900000,0x000000c820a00000)]
  0x00000270372ba640 JavaThread "Service Thread" daemon [_thread_blocked, id=9076, stack(0x000000c820a00000,0x000000c820b00000)]
  0x00000270372baf00 JavaThread "Monitor Deflation Thread" daemon [_thread_blocked, id=4220, stack(0x000000c820b00000,0x000000c820c00000)]
  0x00000270372f3410 JavaThread "C2 CompilerThread0" daemon [_thread_blocked, id=5660, stack(0x000000c820c00000,0x000000c820d00000)]
  0x0000027037327c40 JavaThread "C1 CompilerThread0" daemon [_thread_blocked, id=9180, stack(0x000000c820d00000,0x000000c820e00000)]
  0x000002703732e130 JavaThread "Sweeper thread" daemon [_thread_blocked, id=8584, stack(0x000000c820e00000,0x000000c820f00000)]
  0x00000270376cd840 JavaThread "Common-Cleaner" daemon [_thread_blocked, id=8296, stack(0x000000c820f00000,0x000000c821000000)]
  0x00000270376cdd10 JavaThread "Notification Thread" daemon [_thread_blocked, id=1576, stack(0x000000c821000000,0x000000c821100000)]
  0x000002703ce644f0 JavaThread "Daemon health stats" [_thread_blocked, id=8748, stack(0x000000c821300000,0x000000c821400000)]
  0x000002703d9f22e0 JavaThread "Incoming local TCP Connector on port 65510" [_thread_in_native, id=724, stack(0x000000c821400000,0x000000c821500000)]
  0x000002703d589430 JavaThread "Daemon periodic checks" [_thread_blocked, id=8724, stack(0x000000c821500000,0x000000c821600000)]
  0x000002703d5c7010 JavaThread "Daemon" [_thread_blocked, id=5256, stack(0x000000c821600000,0x000000c821700000)]
  0x000002703d5c8050 JavaThread "Handler for socket connection from /127.0.0.1:65510 to /127.0.0.1:65511" [_thread_in_native, id=6408, stack(0x000000c821700000,0x000000c821800000)]
  0x000002701c1fc630 JavaThread "Cancel handler" [_thread_blocked, id=972, stack(0x000000c821800000,0x000000c821900000)]
  0x000002701c1fe7e0 JavaThread "Daemon worker" [_thread_blocked, id=7040, stack(0x000000c821900000,0x000000c821a00000)]
  0x000002701c1ff650 JavaThread "Asynchronous log dispatcher for DefaultDaemonConnection: socket connection from /127.0.0.1:65510 to /127.0.0.1:65511" [_thread_blocked, id=7316, stack(0x000000c821a00000,0x000000c821b00000)]
  0x000002701c1ffb20 JavaThread "Stdin handler" [_thread_blocked, id=4876, stack(0x000000c821b00000,0x000000c821c00000)]
  0x000002701c1fcfd0 JavaThread "Daemon client event forwarder" [_thread_blocked, id=4388, stack(0x000000c821c00000,0x000000c821d00000)]
  0x000002701c1fc160 JavaThread "Cache worker for journal cache (C:\Users\Administrator\.gradle\caches\journal-1)" [_thread_blocked, id=8664, stack(0x000000c821d00000,0x000000c821e00000)]
  0x000002701c1fe310 JavaThread "File lock request listener" [_thread_in_native, id=6696, stack(0x000000c821e00000,0x000000c821f00000)]
  0x000002701c1fd4a0 JavaThread "Cache worker for file hash cache (C:\Users\Administrator\.gradle\caches\7.6.2\fileHashes)" [_thread_blocked, id=7756, stack(0x000000c821f00000,0x000000c822000000)]
  0x000002701c1fd970 JavaThread "File watcher server" daemon [_thread_in_native, id=8084, stack(0x000000c822000000,0x000000c822100000)]
  0x000002703e3ad800 JavaThread "File watcher consumer" daemon [_thread_blocked, id=4636, stack(0x000000c822100000,0x000000c822200000)]
  0x000002703e3b3d10 JavaThread "jar transforms" [_thread_blocked, id=7264, stack(0x000000c822200000,0x000000c822300000)]
  0x000002703e3b0cf0 JavaThread "jar transforms Thread 2" [_thread_blocked, id=8004, stack(0x000000c822300000,0x000000c822400000)]
  0x000002703e3ae1a0 JavaThread "Cache worker for checksums cache (C:\Users\Administrator\AndroidStudioProjects\CPEVPN\.gradle\7.6.2\checksums)" [_thread_blocked, id=8728, stack(0x000000c822400000,0x000000c822500000)]
  0x000002703e3b0820 JavaThread "Cache worker for cache directory md-rule (C:\Users\Administrator\.gradle\caches\7.6.2\md-rule)" [_thread_blocked, id=8768, stack(0x000000c822500000,0x000000c822600000)]
  0x000002703e3b11c0 JavaThread "Cache worker for file content cache (C:\Users\Administrator\.gradle\caches\7.6.2\fileContent)" [_thread_blocked, id=8824, stack(0x000000c822600000,0x000000c822700000)]
  0x000002703e3b29d0 JavaThread "Cache worker for file hash cache (C:\Users\Administrator\AndroidStudioProjects\CPEVPN\.gradle\7.6.2\fileHashes)" [_thread_blocked, id=7940, stack(0x000000c822700000,0x000000c822800000)]
  0x000002703e3ac4c0 JavaThread "Cache worker for cache directory md-supplier (C:\Users\Administrator\.gradle\caches\7.6.2\md-supplier)" [_thread_blocked, id=6900, stack(0x000000c822800000,0x000000c822900000)]

Other Threads:
=>0x00000270372603c0 VMThread "VM Thread" [stack: 0x000000c820500000,0x000000c820600000] [id=8476]
  0x00000270376ce1e0 WatcherThread [stack: 0x000000c821100000,0x000000c821200000] [id=2324]
  0x000002701c26d4b0 GCTaskThread "GC Thread#0" [stack: 0x000000c820000000,0x000000c820100000] [id=5880]
  0x00000270377676e0 GCTaskThread "GC Thread#1" [stack: 0x000000c821200000,0x000000c821300000] [id=3476]
  0x000002701c27e300 ConcurrentGCThread "G1 Main Marker" [stack: 0x000000c820100000,0x000000c820200000] [id=2656]
  0x000002701c27ec20 ConcurrentGCThread "G1 Conc#0" [stack: 0x000000c820200000,0x000000c820300000] [id=7932]
  0x000002701c2ac310 ConcurrentGCThread "G1 Refine#0" [stack: 0x000000c820300000,0x000000c820400000] [id=8212]
  0x000002701c2accb0 ConcurrentGCThread "G1 Service" [stack: 0x000000c820400000,0x000000c820500000] [id=5148]

Threads with active compile tasks:

VM state: at safepoint (normal execution)

VM Mutex/Monitor currently owned by a thread:  ([mutex/lock_event])
[0x000002701c20f600] Threads_lock - owner thread: 0x00000270372603c0
[0x000002701c20ebe0] Heap_lock - owner thread: 0x000002701c1fe7e0

Heap address: 0x0000000080000000, size: 2048 MB, Compressed Oops mode: 32-bit

CDS archive(s) not mapped
Compressed class space mapped at: 0x0000000100000000-0x0000000140000000, reserved size: 1073741824
Narrow klass base: 0x0000000000000000, Narrow klass shift: 3, Narrow klass range: 0x140000000

GC Precious Log:
 CPUs: 2 total, 2 available
 Memory: 2046M
 Large Page Support: Disabled
 NUMA Support: Disabled
 Compressed Oops: Enabled (32-bit)
 Heap Region Size: 1M
 Heap Min Capacity: 8M
 Heap Initial Capacity: 32M
 Heap Max Capacity: 2G
 Pre-touch: Disabled
 Parallel Workers: 2
 Concurrent Workers: 1
 Concurrent Refinement Workers: 2
 Periodic GC: Disabled

Heap:
 garbage-first heap   total 75776K, used 46869K [0x0000000080000000, 0x0000000100000000)
  region size 1024K, 1 young (1024K), 1 survivors (1024K)
 Metaspace       used 32733K, committed 33088K, reserved 1114112K
  class space    used 4518K, committed 4672K, reserved 1048576K

Heap Regions: E=young(eden), S=young(survivor), O=old, HS=humongous(starts), HC=humongous(continues), CS=collection set, F=free, OA=open archive, CA=closed archive, TAMS=top-at-mark-start (previous, next)
|   0|0x0000000080000000, 0x0000000080100000, 0x0000000080100000|100%| O|  |TAMS 0x0000000080100000, 0x0000000080100000| Untracked 
|   1|0x0000000080100000, 0x0000000080200000, 0x0000000080200000|100%| O|  |TAMS 0x0000000080200000, 0x0000000080200000| Untracked 
|   2|0x0000000080200000, 0x0000000080300000, 0x0000000080300000|100%| O|  |TAMS 0x0000000080300000, 0x0000000080300000| Untracked 
|   3|0x0000000080300000, 0x0000000080400000, 0x0000000080400000|100%|HS|  |TAMS 0x0000000080400000, 0x0000000080400000| Complete 
|   4|0x0000000080400000, 0x0000000080500000, 0x0000000080500000|100%|HC|  |TAMS 0x0000000080500000, 0x0000000080500000| Complete 
|   5|0x0000000080500000, 0x0000000080600000, 0x0000000080600000|100%|HC|  |TAMS 0x0000000080600000, 0x0000000080600000| Complete 
|   6|0x0000000080600000, 0x0000000080700000, 0x0000000080700000|100%| O|  |TAMS 0x0000000080700000, 0x0000000080700000| Untracked 
|   7|0x0000000080700000, 0x0000000080800000, 0x0000000080800000|100%| O|  |TAMS 0x0000000080800000, 0x0000000080800000| Untracked 
|   8|0x0000000080800000, 0x0000000080900000, 0x0000000080900000|100%| O|  |TAMS 0x0000000080900000, 0x0000000080900000| Untracked 
|   9|0x0000000080900000, 0x0000000080a00000, 0x0000000080a00000|100%| O|  |TAMS 0x0000000080a00000, 0x0000000080a00000| Untracked 
|  10|0x0000000080a00000, 0x0000000080b00000, 0x0000000080b00000|100%| O|  |TAMS 0x0000000080b00000, 0x0000000080b00000| Untracked 
|  11|0x0000000080b00000, 0x0000000080c00000, 0x0000000080c00000|100%| O|  |TAMS 0x0000000080c00000, 0x0000000080c00000| Untracked 
|  12|0x0000000080c00000, 0x0000000080d00000, 0x0000000080d00000|100%| O|  |TAMS 0x0000000080d00000, 0x0000000080d00000| Untracked 
|  13|0x0000000080d00000, 0x0000000080e00000, 0x0000000080e00000|100%| O|  |TAMS 0x0000000080e00000, 0x0000000080e00000| Untracked 
|  14|0x0000000080e00000, 0x0000000080f00000, 0x0000000080f00000|100%| O|  |TAMS 0x0000000080f00000, 0x0000000080f00000| Untracked 
|  15|0x0000000080f00000, 0x0000000081000000, 0x0000000081000000|100%| O|  |TAMS 0x0000000081000000, 0x0000000081000000| Untracked 
|  16|0x0000000081000000, 0x0000000081000000, 0x0000000081100000|  0%| F|  |TAMS 0x0000000081000000, 0x0000000081000000| Untracked 
|  17|0x0000000081100000, 0x0000000081200000, 0x0000000081200000|100%| O|  |TAMS 0x0000000081200000, 0x0000000081200000| Untracked 
|  18|0x0000000081200000, 0x0000000081300000, 0x0000000081300000|100%| O|  |TAMS 0x0000000081300000, 0x0000000081300000| Untracked 
|  19|0x0000000081300000, 0x0000000081400000, 0x0000000081400000|100%|HS|  |TAMS 0x0000000081400000, 0x0000000081400000| Complete 
|  20|0x0000000081400000, 0x0000000081500000, 0x0000000081500000|100%|HC|  |TAMS 0x0000000081500000, 0x0000000081500000| Complete 
|  21|0x0000000081500000, 0x0000000081600000, 0x0000000081600000|100%|HS|  |TAMS 0x0000000081600000, 0x0000000081600000| Complete 
|  22|0x0000000081600000, 0x0000000081700000, 0x0000000081700000|100%|HC|  |TAMS 0x0000000081700000, 0x0000000081700000| Complete 
|  23|0x0000000081700000, 0x0000000081800000, 0x0000000081800000|100%|HC|  |TAMS 0x0000000081800000, 0x0000000081800000| Complete 
|  24|0x0000000081800000, 0x0000000081900000, 0x0000000081900000|100%| O|  |TAMS 0x000000008188b200, 0x0000000081900000| Untracked 
|  25|0x0000000081900000, 0x0000000081a00000, 0x0000000081a00000|100%|HS|  |TAMS 0x0000000081a00000, 0x0000000081a00000| Complete 
|  26|0x0000000081a00000, 0x0000000081b00000, 0x0000000081b00000|100%|HC|  |TAMS 0x0000000081b00000, 0x0000000081b00000| Complete 
|  27|0x0000000081b00000, 0x0000000081c00000, 0x0000000081c00000|100%|HS|  |TAMS 0x0000000081c00000, 0x0000000081c00000| Complete 
|  28|0x0000000081c00000, 0x0000000081d00000, 0x0000000081d00000|100%|HC|  |TAMS 0x0000000081d00000, 0x0000000081d00000| Complete 
|  29|0x0000000081d00000, 0x0000000081e00000, 0x0000000081e00000|100%|HC|  |TAMS 0x0000000081e00000, 0x0000000081e00000| Complete 
|  30|0x0000000081e00000, 0x0000000081f00000, 0x0000000081f00000|100%|HC|  |TAMS 0x0000000081f00000, 0x0000000081f00000| Complete 
|  31|0x0000000081f00000, 0x0000000082000000, 0x0000000082000000|100%|HC|  |TAMS 0x0000000082000000, 0x0000000082000000| Complete 
|  32|0x0000000082000000, 0x0000000082100000, 0x0000000082100000|100%|HC|  |TAMS 0x0000000082100000, 0x0000000082100000| Complete 
|  33|0x0000000082100000, 0x0000000082200000, 0x0000000082200000|100%|HC|  |TAMS 0x0000000082200000, 0x0000000082200000| Complete 
|  34|0x0000000082200000, 0x0000000082300000, 0x0000000082300000|100%|HC|  |TAMS 0x0000000082300000, 0x0000000082300000| Complete 
|  35|0x0000000082300000, 0x0000000082400000, 0x0000000082400000|100%|HC|  |TAMS 0x0000000082400000, 0x0000000082400000| Complete 
|  36|0x0000000082400000, 0x0000000082500000, 0x0000000082500000|100%|HC|  |TAMS 0x0000000082500000, 0x0000000082500000| Complete 
|  37|0x0000000082500000, 0x0000000082600000, 0x0000000082600000|100%|HC|  |TAMS 0x0000000082600000, 0x0000000082600000| Complete 
|  38|0x0000000082600000, 0x0000000082700000, 0x0000000082700000|100%|HC|  |TAMS 0x0000000082700000, 0x0000000082700000| Complete 
|  39|0x0000000082700000, 0x0000000082800000, 0x0000000082800000|100%| O|  |TAMS 0x0000000082700000, 0x0000000082800000| Untracked 
|  40|0x0000000082800000, 0x0000000082900000, 0x0000000082900000|100%|HS|  |TAMS 0x0000000082800000, 0x0000000082900000| Complete 
|  41|0x0000000082900000, 0x0000000082a00000, 0x0000000082a00000|100%|HC|  |TAMS 0x0000000082900000, 0x0000000082a00000| Complete 
|  42|0x0000000082a00000, 0x0000000082b00000, 0x0000000082b00000|100%| O|  |TAMS 0x0000000082a00000, 0x0000000082b00000| Untracked 
|  43|0x0000000082b00000, 0x0000000082c00000, 0x0000000082c00000|100%| O|  |TAMS 0x0000000082b00000, 0x0000000082c00000| Untracked 
|  44|0x0000000082c00000, 0x0000000082d00000, 0x0000000082d00000|100%| O|  |TAMS 0x0000000082c00000, 0x0000000082d00000| Untracked 
|  45|0x0000000082d00000, 0x0000000082e00000, 0x0000000082e00000|100%| O|  |TAMS 0x0000000082d00000, 0x0000000082e00000| Untracked 
|  46|0x0000000082e00000, 0x0000000082e1fc00, 0x0000000082f00000| 12%| O|  |TAMS 0x0000000082e00000, 0x0000000082e1fc00| Untracked 
|  47|0x0000000082f00000, 0x0000000082f00000, 0x0000000083000000|  0%| F|  |TAMS 0x0000000082f00000, 0x0000000082f00000| Untracked 
|  48|0x0000000083000000, 0x0000000083000000, 0x0000000083100000|  0%| F|  |TAMS 0x0000000083000000, 0x0000000083000000| Untracked 
|  49|0x0000000083100000, 0x0000000083100000, 0x0000000083200000|  0%| F|  |TAMS 0x0000000083100000, 0x0000000083100000| Untracked 
|  50|0x0000000083200000, 0x0000000083200000, 0x0000000083300000|  0%| F|  |TAMS 0x0000000083200000, 0x0000000083200000| Untracked 
|  51|0x0000000083300000, 0x0000000083300000, 0x0000000083400000|  0%| F|  |TAMS 0x0000000083300000, 0x0000000083300000| Untracked 
|  52|0x0000000083400000, 0x0000000083400000, 0x0000000083500000|  0%| F|  |TAMS 0x0000000083400000, 0x0000000083400000| Untracked 
|  53|0x0000000083500000, 0x0000000083500000, 0x0000000083600000|  0%| F|  |TAMS 0x0000000083500000, 0x0000000083500000| Untracked 
|  54|0x0000000083600000, 0x0000000083600000, 0x0000000083700000|  0%| F|  |TAMS 0x0000000083600000, 0x0000000083600000| Untracked 
|  55|0x0000000083700000, 0x0000000083700000, 0x0000000083800000|  0%| F|  |TAMS 0x0000000083700000, 0x0000000083700000| Untracked 
|  56|0x0000000083800000, 0x0000000083800000, 0x0000000083900000|  0%| F|  |TAMS 0x0000000083800000, 0x0000000083800000| Untracked 
|  57|0x0000000083900000, 0x0000000083900000, 0x0000000083a00000|  0%| F|  |TAMS 0x0000000083900000, 0x0000000083900000| Untracked 
|  58|0x0000000083a00000, 0x0000000083a00000, 0x0000000083b00000|  0%| F|  |TAMS 0x0000000083a00000, 0x0000000083a00000| Untracked 
|  59|0x0000000083b00000, 0x0000000083b00000, 0x0000000083c00000|  0%| F|  |TAMS 0x0000000083b00000, 0x0000000083b00000| Untracked 
|  60|0x0000000083c00000, 0x0000000083ca5970, 0x0000000083d00000| 64%| S|CS|TAMS 0x0000000083c00000, 0x0000000083c00000| Complete 
|  61|0x0000000083d00000, 0x0000000083d00000, 0x0000000083e00000|  0%| F|  |TAMS 0x0000000083d00000, 0x0000000083d00000| Untracked 
|  62|0x0000000083e00000, 0x0000000083e00000, 0x0000000083f00000|  0%| F|  |TAMS 0x0000000083e00000, 0x0000000083e00000| Untracked 
|  63|0x0000000083f00000, 0x0000000083f00000, 0x0000000084000000|  0%| F|  |TAMS 0x0000000083f00000, 0x0000000083f00000| Untracked 
|  64|0x0000000084000000, 0x0000000084000000, 0x0000000084100000|  0%| F|  |TAMS 0x0000000084000000, 0x0000000084000000| Untracked 
|  65|0x0000000084100000, 0x0000000084100000, 0x0000000084200000|  0%| F|  |TAMS 0x0000000084100000, 0x0000000084100000| Untracked 
|  66|0x0000000084200000, 0x0000000084200000, 0x0000000084300000|  0%| F|  |TAMS 0x0000000084200000, 0x0000000084200000| Untracked 
|  67|0x0000000084300000, 0x0000000084300000, 0x0000000084400000|  0%| F|  |TAMS 0x0000000084300000, 0x0000000084300000| Untracked 
|  68|0x0000000084400000, 0x0000000084400000, 0x0000000084500000|  0%| F|  |TAMS 0x0000000084400000, 0x0000000084400000| Untracked 
|  69|0x0000000084500000, 0x0000000084500000, 0x0000000084600000|  0%| F|  |TAMS 0x0000000084500000, 0x0000000084500000| Untracked 
|  70|0x0000000084600000, 0x0000000084600000, 0x0000000084700000|  0%| F|  |TAMS 0x0000000084600000, 0x0000000084600000| Untracked 
|  71|0x0000000084700000, 0x0000000084700000, 0x0000000084800000|  0%| F|  |TAMS 0x0000000084700000, 0x0000000084700000| Untracked 
|  72|0x0000000084800000, 0x0000000084800000, 0x0000000084900000|  0%| F|  |TAMS 0x0000000084800000, 0x0000000084800000| Untracked 
|  73|0x0000000084900000, 0x0000000084900000, 0x0000000084a00000|  0%| F|  |TAMS 0x0000000084900000, 0x0000000084900000| Untracked 

Card table byte_map: [0x0000027030710000,0x0000027030b10000] _byte_map_base: 0x0000027030310000

Marking Bits (Prev, Next): (CMBitMap*) 0x000002701c26d9d0, (CMBitMap*) 0x000002701c26da10
 Prev Bits: [0x0000027030f10000, 0x0000027032f10000)
 Next Bits: [0x0000027032f10000, 0x0000027034f10000)

Polling page: 0x000002701bf80000

Metaspace:

Usage:
  Non-class:     27.55 MB used.
      Class:      4.41 MB used.
       Both:     31.97 MB used.

Virtual space:
  Non-class space:       64.00 MB reserved,      27.75 MB ( 43%) committed,  1 nodes.
      Class space:        1.00 GB reserved,       4.56 MB ( <1%) committed,  1 nodes.
             Both:        1.06 GB reserved,      32.31 MB (  3%) committed. 

Chunk freelists:
   Non-Class:  4.06 MB
       Class:  11.33 MB
        Both:  15.39 MB

MaxMetaspaceSize: unlimited
CompressedClassSpaceSize: 1.00 GB
Initial GC threshold: 21.00 MB
Current GC threshold: 48.25 MB
CDS: off
MetaspaceReclaimPolicy: balanced
 - commit_granule_bytes: 65536.
 - commit_granule_words: 8192.
 - virtual_space_node_default_size: 8388608.
 - enlarge_chunks_in_place: 1.
 - new_chunks_are_fully_committed: 0.
 - uncommit_free_chunks: 1.
 - use_allocation_guard: 0.
 - handle_deallocations: 1.


Internal statistics:

num_allocs_failed_limit: 3.
num_arena_births: 340.
num_arena_deaths: 0.
num_vsnodes_births: 2.
num_vsnodes_deaths: 0.
num_space_committed: 517.
num_space_uncommitted: 0.
num_chunks_returned_to_freelist: 3.
num_chunks_taken_from_freelist: 1278.
num_chunk_merges: 3.
num_chunk_splits: 809.
num_chunks_enlarged: 549.
num_inconsistent_stats: 0.

CodeHeap 'non-profiled nmethods': size=120064Kb used=1533Kb max_used=1533Kb free=118530Kb
 bounds [0x00000270289d0000, 0x0000027028c40000, 0x000002702ff10000]
CodeHeap 'profiled nmethods': size=120000Kb used=6127Kb max_used=6127Kb free=113872Kb
 bounds [0x0000027020f10000, 0x0000027021510000, 0x0000027028440000]
CodeHeap 'non-nmethods': size=5696Kb used=1238Kb max_used=1303Kb free=4457Kb
 bounds [0x0000027028440000, 0x00000270286b0000, 0x00000270289d0000]
 total_blobs=3386 nmethods=2843 adapters=455
 compilation: enabled
              stopped_count=0, restarted_count=0
 full_count=0

Compilation events (20 events):
Event: 7.443 Thread 0x0000027037327c40 2826       3       java.lang.invoke.MethodHandles$Lookup::checkMethodName (45 bytes)
Event: 7.444 Thread 0x0000027037327c40 nmethod 2826 0x0000027021507010 code [0x0000027021507260, 0x0000027021507988]
Event: 7.461 Thread 0x0000027037327c40 2835       3       com.google.common.cache.LocalCache::refreshes (15 bytes)
Event: 7.461 Thread 0x0000027037327c40 nmethod 2835 0x0000027021507c90 code [0x0000027021507e20, 0x0000027021507f98]
Event: 7.461 Thread 0x0000027037327c40 2836       3       com.google.common.cache.LocalCache::usesAccessQueue (20 bytes)
Event: 7.462 Thread 0x0000027037327c40 nmethod 2836 0x0000027021508010 code [0x00000270215081c0, 0x0000027021508518]
Event: 7.467 Thread 0x0000027037327c40 2837       3       java.lang.invoke.InvokerBytecodeGenerator::emitStaticInvoke (258 bytes)
Event: 7.468 Thread 0x0000027037327c40 nmethod 2837 0x0000027021508610 code [0x0000027021508920, 0x0000027021509888]
Event: 7.468 Thread 0x0000027037327c40 2838       3       java.lang.invoke.InvokerBytecodeGenerator::refKindOpcode (112 bytes)
Event: 7.468 Thread 0x0000027037327c40 nmethod 2838 0x0000027021509e90 code [0x000002702150a100, 0x000002702150a9b8]
Event: 7.471 Thread 0x0000027037327c40 2839       3       java.util.ImmutableCollections$SetN::contains (26 bytes)
Event: 7.471 Thread 0x0000027037327c40 nmethod 2839 0x000002702150ac10 code [0x000002702150ade0, 0x000002702150b118]
Event: 7.471 Thread 0x0000027037327c40 2840       3       java.lang.WeakPairMap$Pair$Weak::first (5 bytes)
Event: 7.471 Thread 0x0000027037327c40 nmethod 2840 0x000002702150b210 code [0x000002702150b3a0, 0x000002702150b558]
Event: 7.471 Thread 0x0000027037327c40 2841       3       java.lang.reflect.ProxyGenerator$ProxyMethod::codeClassForName (26 bytes)
Event: 7.471 Thread 0x00000270372f3410 2842       4       jdk.internal.org.objectweb.asm.Frame::push (109 bytes)
Event: 7.471 Thread 0x0000027037327c40 nmethod 2841 0x000002702150b610 code [0x000002702150b7e0, 0x000002702150bb88]
Event: 7.475 Thread 0x00000270372f3410 nmethod 2842 0x0000027028b4ea90 code [0x0000027028b4ec20, 0x0000027028b4f298]
Event: 7.487 Thread 0x0000027037327c40 2843       1       java.lang.invoke.MethodHandleImpl$IntrinsicMethodHandle::getTarget (5 bytes)
Event: 7.487 Thread 0x0000027037327c40 nmethod 2843 0x0000027028b4f490 code [0x0000027028b4f620, 0x0000027028b4f6f8]

GC Heap History (20 events):
Event: 5.064 GC heap after
{Heap after GC invocations=11 (full 0):
 garbage-first heap   total 39936K, used 18334K [0x0000000080000000, 0x0000000100000000)
  region size 1024K, 2 young (2048K), 2 survivors (2048K)
 Metaspace       used 23225K, committed 23488K, reserved 1114112K
  class space    used 2931K, committed 3072K, reserved 1048576K
}
Event: 5.122 GC heap before
{Heap before GC invocations=11 (full 0):
 garbage-first heap   total 39936K, used 19358K [0x0000000080000000, 0x0000000100000000)
  region size 1024K, 3 young (3072K), 2 survivors (2048K)
 Metaspace       used 23416K, committed 23680K, reserved 1114112K
  class space    used 2961K, committed 3072K, reserved 1048576K
}
Event: 5.132 GC heap after
{Heap after GC invocations=12 (full 0):
 garbage-first heap   total 48128K, used 18165K [0x0000000080000000, 0x0000000100000000)
  region size 1024K, 1 young (1024K), 1 survivors (1024K)
 Metaspace       used 23416K, committed 23680K, reserved 1114112K
  class space    used 2961K, committed 3072K, reserved 1048576K
}
Event: 5.773 GC heap before
{Heap before GC invocations=12 (full 0):
 garbage-first heap   total 48128K, used 33525K [0x0000000080000000, 0x0000000100000000)
  region size 1024K, 16 young (16384K), 1 survivors (1024K)
 Metaspace       used 25995K, committed 26304K, reserved 1114112K
  class space    used 3399K, committed 3584K, reserved 1048576K
}
Event: 5.783 GC heap after
{Heap after GC invocations=13 (full 0):
 garbage-first heap   total 48128K, used 19007K [0x0000000080000000, 0x0000000100000000)
  region size 1024K, 2 young (2048K), 2 survivors (2048K)
 Metaspace       used 25995K, committed 26304K, reserved 1114112K
  class space    used 3399K, committed 3584K, reserved 1048576K
}
Event: 6.224 GC heap before
{Heap before GC invocations=13 (full 0):
 garbage-first heap   total 48128K, used 34367K [0x0000000080000000, 0x0000000100000000)
  region size 1024K, 17 young (17408K), 2 survivors (2048K)
 Metaspace       used 28525K, committed 28800K, reserved 1114112K
  class space    used 3844K, committed 3968K, reserved 1048576K
}
Event: 6.231 GC heap after
{Heap after GC invocations=14 (full 0):
 garbage-first heap   total 48128K, used 20002K [0x0000000080000000, 0x0000000100000000)
  region size 1024K, 2 young (2048K), 2 survivors (2048K)
 Metaspace       used 28525K, committed 28800K, reserved 1114112K
  class space    used 3844K, committed 3968K, reserved 1048576K
}
Event: 6.406 GC heap before
{Heap before GC invocations=14 (full 0):
 garbage-first heap   total 48128K, used 25122K [0x0000000080000000, 0x0000000100000000)
  region size 1024K, 6 young (6144K), 2 survivors (2048K)
 Metaspace       used 29116K, committed 29440K, reserved 1114112K
  class space    used 3937K, committed 4096K, reserved 1048576K
}
Event: 6.412 GC heap after
{Heap after GC invocations=15 (full 0):
 garbage-first heap   total 48128K, used 22765K [0x0000000080000000, 0x0000000100000000)
  region size 1024K, 2 young (2048K), 2 survivors (2048K)
 Metaspace       used 29116K, committed 29440K, reserved 1114112K
  class space    used 3937K, committed 4096K, reserved 1048576K
}
Event: 6.424 GC heap before
{Heap before GC invocations=15 (full 0):
 garbage-first heap   total 48128K, used 25837K [0x0000000080000000, 0x0000000100000000)
  region size 1024K, 3 young (3072K), 2 survivors (2048K)
 Metaspace       used 29117K, committed 29440K, reserved 1114112K
  class space    used 3937K, committed 4096K, reserved 1048576K
}
Event: 6.428 GC heap after
{Heap after GC invocations=16 (full 0):
 garbage-first heap   total 73728K, used 25972K [0x0000000080000000, 0x0000000100000000)
  region size 1024K, 1 young (1024K), 1 survivors (1024K)
 Metaspace       used 29117K, committed 29440K, reserved 1114112K
  class space    used 3937K, committed 4096K, reserved 1048576K
}
Event: 6.772 GC heap before
{Heap before GC invocations=16 (full 0):
 garbage-first heap   total 73728K, used 29044K [0x0000000080000000, 0x0000000100000000)
  region size 1024K, 4 young (4096K), 1 survivors (1024K)
 Metaspace       used 29310K, committed 29632K, reserved 1114112K
  class space    used 3971K, committed 4160K, reserved 1048576K
}
Event: 6.779 GC heap after
{Heap after GC invocations=17 (full 0):
 garbage-first heap   total 73728K, used 29665K [0x0000000080000000, 0x0000000100000000)
  region size 1024K, 3 young (3072K), 3 survivors (3072K)
 Metaspace       used 29310K, committed 29632K, reserved 1114112K
  class space    used 3971K, committed 4160K, reserved 1048576K
}
Event: 6.808 GC heap before
{Heap before GC invocations=17 (full 0):
 garbage-first heap   total 73728K, used 41953K [0x0000000080000000, 0x0000000100000000)
  region size 1024K, 4 young (4096K), 3 survivors (3072K)
 Metaspace       used 29311K, committed 29632K, reserved 1114112K
  class space    used 3971K, committed 4160K, reserved 1048576K
}
Event: 6.811 GC heap after
{Heap after GC invocations=18 (full 0):
 garbage-first heap   total 73728K, used 41976K [0x0000000080000000, 0x0000000100000000)
  region size 1024K, 2 young (2048K), 2 survivors (2048K)
 Metaspace       used 29311K, committed 29632K, reserved 1114112K
  class space    used 3971K, committed 4160K, reserved 1048576K
}
Event: 7.193 GC heap before
{Heap before GC invocations=19 (full 0):
 garbage-first heap   total 75776K, used 56312K [0x0000000080000000, 0x0000000100000000)
  region size 1024K, 15 young (15360K), 2 survivors (2048K)
 Metaspace       used 30903K, committed 31296K, reserved 1114112K
  class space    used 4213K, committed 4416K, reserved 1048576K
}
Event: 7.198 GC heap after
{Heap after GC invocations=20 (full 0):
 garbage-first heap   total 75776K, used 46560K [0x0000000080000000, 0x0000000100000000)
  region size 1024K, 2 young (2048K), 2 survivors (2048K)
 Metaspace       used 30903K, committed 31296K, reserved 1114112K
  class space    used 4213K, committed 4416K, reserved 1048576K
}
Event: 7.221 GC heap before
{Heap before GC invocations=20 (full 0):
 garbage-first heap   total 75776K, used 47584K [0x0000000080000000, 0x0000000100000000)
  region size 1024K, 3 young (3072K), 2 survivors (2048K)
 Metaspace       used 31027K, committed 31424K, reserved 1114112K
  class space    used 4233K, committed 4416K, reserved 1048576K
}
Event: 7.227 GC heap after
{Heap after GC invocations=21 (full 0):
 garbage-first heap   total 75776K, used 46247K [0x0000000080000000, 0x0000000100000000)
  region size 1024K, 1 young (1024K), 1 survivors (1024K)
 Metaspace       used 31027K, committed 31424K, reserved 1114112K
  class space    used 4233K, committed 4416K, reserved 1048576K
}
Event: 7.499 GC heap before
{Heap before GC invocations=21 (full 0):
 garbage-first heap   total 75776K, used 58535K [0x0000000080000000, 0x0000000100000000)
  region size 1024K, 13 young (13312K), 1 survivors (1024K)
 Metaspace       used 32733K, committed 33088K, reserved 1114112K
  class space    used 4518K, committed 4672K, reserved 1048576K
}

Dll operation events (2 events):
Event: 0.028 Loaded shared library C:\Program Files\Android\Android Studio\jbr\bin\java.dll
Event: 0.933 Loaded shared library C:\Program Files\Android\Android Studio\jbr\bin\verify.dll

Deoptimization events (20 events):
Event: 6.397 Thread 0x000002701c1fe7e0 DEOPT PACKING pc=0x0000027028ae1934 sp=0x000000c8219fbdf0
Event: 6.397 Thread 0x000002701c1fe7e0 DEOPT UNPACKING pc=0x0000027028499423 sp=0x000000c8219fbb78 mode 2
Event: 6.420 Thread 0x000002701c1fe7e0 DEOPT PACKING pc=0x0000027020fd433d sp=0x000000c8219faf90
Event: 6.420 Thread 0x000002701c1fe7e0 DEOPT UNPACKING pc=0x0000027028497d6b sp=0x000000c8219fa428 mode 0
Event: 6.461 Thread 0x000002701c1fe7e0 DEOPT PACKING pc=0x000002702127f608 sp=0x000000c8219fa190
Event: 6.461 Thread 0x000002701c1fe7e0 DEOPT UNPACKING pc=0x0000027028497d6b sp=0x000000c8219f9698 mode 0
Event: 6.844 Thread 0x000002701c1fe7e0 DEOPT PACKING pc=0x000002702145c469 sp=0x000000c8219f8e80
Event: 6.844 Thread 0x000002701c1fe7e0 DEOPT UNPACKING pc=0x0000027028497d6b sp=0x000000c8219f8400 mode 0
Event: 6.906 Thread 0x000002701c1fe7e0 DEOPT PACKING pc=0x000002702145c469 sp=0x000000c8219f8990
Event: 6.906 Thread 0x000002701c1fe7e0 DEOPT UNPACKING pc=0x0000027028497d6b sp=0x000000c8219f7f10 mode 0
Event: 6.917 Thread 0x000002701c1fe7e0 DEOPT PACKING pc=0x0000027021313354 sp=0x000000c8219f89d0
Event: 6.917 Thread 0x000002701c1fe7e0 DEOPT UNPACKING pc=0x0000027028497d6b sp=0x000000c8219f7f28 mode 0
Event: 7.068 Thread 0x000002701c1fe7e0 Uncommon trap: trap_request=0xffffff45 fr.pc=0x0000027028a968a4 relative=0x0000000000000624
Event: 7.068 Thread 0x000002701c1fe7e0 Uncommon trap: reason=unstable_if action=reinterpret pc=0x0000027028a968a4 method=java.util.Properties$LineReader.readLine()I @ 95 c2
Event: 7.068 Thread 0x000002701c1fe7e0 DEOPT PACKING pc=0x0000027028a968a4 sp=0x000000c8219fabc0
Event: 7.068 Thread 0x000002701c1fe7e0 DEOPT UNPACKING pc=0x0000027028499423 sp=0x000000c8219fab70 mode 2
Event: 7.383 Thread 0x000002701c1fe7e0 Uncommon trap: trap_request=0xffffff45 fr.pc=0x0000027028a1f11c relative=0x00000000000004dc
Event: 7.383 Thread 0x000002701c1fe7e0 Uncommon trap: reason=unstable_if action=reinterpret pc=0x0000027028a1f11c method=java.util.HashMap.hash(Ljava/lang/Object;)I @ 1 c2
Event: 7.383 Thread 0x000002701c1fe7e0 DEOPT PACKING pc=0x0000027028a1f11c sp=0x000000c8219f7660
Event: 7.383 Thread 0x000002701c1fe7e0 DEOPT UNPACKING pc=0x0000027028499423 sp=0x000000c8219f7508 mode 2

Classes unloaded (0 events):
No events

Classes redefined (0 events):
No events

Internal exceptions (20 events):
Event: 6.961 Thread 0x000002701c1fe7e0 Exception <a 'java/lang/NoSuchMethodError'{0x00000000844c2540}: static Lorg/jetbrains/plugins/gradle/model/FileCollectionDependency;.<clinit>()V> (0x00000000844c2540) 
thrown [s\src\hotspot\share\prims\jni.cpp, line 1108]
Event: 6.962 Thread 0x000002701c1fe7e0 Exception <a 'java/lang/NoSuchMethodError'{0x00000000844cb820}: static Lorg/jetbrains/plugins/gradle/model/UnresolvedExternalDependency;.<clinit>()V> (0x00000000844cb820) 
thrown [s\src\hotspot\share\prims\jni.cpp, line 1108]
Event: 6.973 Thread 0x000002701c1fe7e0 Exception <a 'java/lang/NoSuchMethodError'{0x000000008435b7b8}: static Lorg/gradle/tooling/internal/consumer/versioning/VersionDetails;.<clinit>()V> (0x000000008435b7b8) 
thrown [s\src\hotspot\share\prims\jni.cpp, line 1108]
Event: 6.973 Thread 0x000002701c1fe7e0 Exception <a 'java/lang/NoSuchMethodError'{0x000000008435e160}: static Lorg/gradle/tooling/internal/consumer/versioning/VersionDetails$R26VersionDetails;.<clinit>()V> (0x000000008435e160) 
thrown [s\src\hotspot\share\prims\jni.cpp, line 1108]
Event: 6.973 Thread 0x000002701c1fe7e0 Exception <a 'java/lang/NoSuchMethodError'{0x000000008435f6d8}: static Lorg/gradle/tooling/internal/consumer/versioning/VersionDetails$R28VersionDetails;.<clinit>()V> (0x000000008435f6d8) 
thrown [s\src\hotspot\share\prims\jni.cpp, line 1108]
Event: 6.973 Thread 0x000002701c1fe7e0 Exception <a 'java/lang/NoSuchMethodError'{0x0000000084360be0}: static Lorg/gradle/tooling/internal/consumer/versioning/VersionDetails$R35VersionDetails;.<clinit>()V> (0x0000000084360be0) 
thrown [s\src\hotspot\share\prims\jni.cpp, line 1108]
Event: 6.973 Thread 0x000002701c1fe7e0 Exception <a 'java/lang/NoSuchMethodError'{0x00000000843622b0}: static Lorg/gradle/tooling/internal/consumer/versioning/VersionDetails$R44VersionDetails;.<clinit>()V> (0x00000000843622b0) 
thrown [s\src\hotspot\share\prims\jni.cpp, line 1108]
Event: 6.973 Thread 0x000002701c1fe7e0 Exception <a 'java/lang/NoSuchMethodError'{0x00000000843638b8}: static Lorg/gradle/tooling/internal/consumer/versioning/VersionDetails$R48VersionDetails;.<clinit>()V> (0x00000000843638b8) 
thrown [s\src\hotspot\share\prims\jni.cpp, line 1108]
Event: 6.973 Thread 0x000002701c1fe7e0 Exception <a 'java/lang/NoSuchMethodError'{0x0000000084364ab8}: static Lorg/gradle/tooling/internal/consumer/versioning/VersionDetails$R51VersionDetails;.<clinit>()V> (0x0000000084364ab8) 
thrown [s\src\hotspot\share\prims\jni.cpp, line 1108]
Event: 7.010 Thread 0x000002701c1fe7e0 Exception <a 'java/lang/NoSuchMethodError'{0x0000000084252520}: 'java.lang.Object java.lang.invoke.DirectMethodHandle$Holder.newInvokeSpecial(java.lang.Object, java.lang.Object, int)'> (0x0000000084252520) 
thrown [s\src\hotspot\share\interpreter\linkResolver.cpp, line 771]
Event: 7.267 Thread 0x000002701c1fe7e0 Exception <a 'java/lang/NoSuchMethodError'{0x000000008479db60}: 'java.lang.Object java.lang.invoke.DirectMethodHandle$Holder.invokeSpecialIFC(java.lang.Object, java.lang.Object, java.lang.Object, java.lang.Object)'> (0x000000008479db60) 
thrown [s\src\hotspot\share\interpreter\linkResolver.cpp, line 771]
Event: 7.383 Thread 0x000002701c1fe7e0 Implicit null exception at 0x0000027028a1ec93 to 0x0000027028a1f100
Event: 7.444 Thread 0x000002701c1fe7e0 Exception <a 'java/lang/NoSuchMethodError'{0x0000000083f5d850}: 'java.lang.Object java.lang.invoke.DirectMethodHandle$Holder.invokeSpecial(java.lang.Object, java.lang.Object, java.lang.Object, java.lang.Object, java.lang.Object, java.lang.Object, java.lang.Object, java.lang.Object, java.lang.Object, java.lang.Object, java.lang.Object, java.lang.Object, java.lang.Object)'> (0x0000000083f5d850) 
thrown [s\src\hotspot\share\interpreter\linkResolver.cpp, line 771]
Event: 7.445 Thread 0x000002701c1fe7e0 Exception <a 'java/lang/NoSuchMethodError'{0x0000000083f6f320}: 'java.lang.Object java.lang.invoke.DirectMethodHandle$Holder.newInvokeSpecial(java.lang.Object, java.lang.Object, java.lang.Object, java.lang.Object, java.lang.Object, java.lang.Object, java.lang.Object, java.lang.Object, java.lang.Object, java.lang.Object, java.lang.Object)'> (0x0000000083f6f320) 
thrown [s\src\hotspot\share\interpreter\linkResolver.cpp, line 771]
Event: 7.445 Thread 0x000002701c1fe7e0 Exception <a 'java/lang/NoSuchMethodError'{0x0000000083f75440}: 'java.lang.Object java.lang.invoke.DirectMethodHandle$Holder.invokeSpecial(java.lang.Object, java.lang.Object, java.lang.Object, java.lang.Object, java.lang.Object, java.lang.Object, java.lang.Object, java.lang.Object, java.lang.Object, java.lang.Object, java.lang.Object, java.lang.Object)'> (0x0000000083f75440) 
thrown [s\src\hotspot\share\interpreter\linkResolver.cpp, line 771]
Event: 7.445 Thread 0x000002701c1fe7e0 Exception <a 'java/lang/NoSuchMethodError'{0x0000000083f7aad8}: 'java.lang.Object java.lang.invoke.Invokers$Holder.linkToTargetMethod(java.lang.Object, java.lang.Object, java.lang.Object, java.lang.Object, java.lang.Object, java.lang.Object, java.lang.Object, java.lang.Object, java.lang.Object, java.lang.Object, java.lang.Object)'> (0x0000000083f7aad8) 
thrown [s\src\hotspot\share\interpreter\linkResolver.cpp, line 771]
Event: 7.452 Thread 0x000002701c1fe7e0 Exception <a 'java/lang/NoSuchMethodError'{0x0000000083fc4b40}: 'java.lang.Object java.lang.invoke.DirectMethodHandle$Holder.invokeSpecial(java.lang.Object, java.lang.Object, java.lang.Object, java.lang.Object, java.lang.Object, java.lang.Object, java.lang.Object, java.lang.Object, java.lang.Object, java.lang.Object, java.lang.Object, java.lang.Object, java.lang.Object, java.lang.Object)'> (0x0000000083fc4b40) 
thrown [s\src\hotspot\share\interpreter\linkResolver.cpp, line 771]
Event: 7.452 Thread 0x000002701c1fe7e0 Exception <a 'java/lang/NoSuchMethodError'{0x0000000083fd71b8}: 'java.lang.Object java.lang.invoke.DirectMethodHandle$Holder.newInvokeSpecial(java.lang.Object, java.lang.Object, java.lang.Object, java.lang.Object, java.lang.Object, java.lang.Object, java.lang.Object, java.lang.Object, java.lang.Object, java.lang.Object, java.lang.Object, java.lang.Object)'> (0x0000000083fd71b8) 
thrown [s\src\hotspot\share\interpreter\linkResolver.cpp, line 771]
Event: 7.453 Thread 0x000002701c1fe7e0 Exception <a 'java/lang/NoSuchMethodError'{0x0000000083fdcb50}: 'java.lang.Object java.lang.invoke.Invokers$Holder.linkToTargetMethod(java.lang.Object, java.lang.Object, java.lang.Object, java.lang.Object, java.lang.Object, java.lang.Object, java.lang.Object, java.lang.Object, java.lang.Object, java.lang.Object, java.lang.Object, java.lang.Object)'> (0x0000000083fdcb50) 
thrown [s\src\hotspot\share\interpreter\linkResolver.cpp, line 771]
Event: 7.467 Thread 0x000002701c1fe7e0 Exception <a 'java/lang/NoSuchMethodError'{0x0000000083e71a18}: 'java.lang.Object java.lang.invoke.DirectMethodHandle$Holder.invokeStaticInit(java.lang.Object, java.lang.Object, java.lang.Object, java.lang.Object)'> (0x0000000083e71a18) 
thrown [s\src\hotspot\share\interpreter\linkResolver.cpp, line 771]

VM Operations (20 events):
Event: 6.428 Executing VM operation: G1TryInitiateConcMark done
Event: 6.771 Executing VM operation: G1TryInitiateConcMark
Event: 6.779 Executing VM operation: G1TryInitiateConcMark done
Event: 6.808 Executing VM operation: G1TryInitiateConcMark
Event: 6.811 Executing VM operation: G1TryInitiateConcMark done
Event: 6.829 Executing VM operation: G1Concurrent
Event: 6.833 Executing VM operation: G1Concurrent done
Event: 6.842 Executing VM operation: G1Concurrent
Event: 6.842 Executing VM operation: G1Concurrent done
Event: 7.008 Executing VM operation: HandshakeAllThreads
Event: 7.008 Executing VM operation: HandshakeAllThreads done
Event: 7.143 Executing VM operation: HandshakeAllThreads
Event: 7.145 Executing VM operation: HandshakeAllThreads done
Event: 7.193 Executing VM operation: G1CollectForAllocation
Event: 7.198 Executing VM operation: G1CollectForAllocation done
Event: 7.221 Executing VM operation: G1CollectForAllocation
Event: 7.227 Executing VM operation: G1CollectForAllocation done
Event: 7.387 Executing VM operation: HandshakeAllThreads
Event: 7.388 Executing VM operation: HandshakeAllThreads done
Event: 7.499 Executing VM operation: G1CollectForAllocation

Events (20 events):
Event: 6.992 loading class java/util/concurrent/locks/ReentrantReadWriteLock$WriteLock done
Event: 7.007 loading class java/util/concurrent/Executors$FinalizableDelegatedExecutorService
Event: 7.007 loading class java/util/concurrent/Executors$DelegatedExecutorService
Event: 7.007 loading class java/util/concurrent/Executors$DelegatedExecutorService done
Event: 7.007 loading class java/util/concurrent/Executors$FinalizableDelegatedExecutorService done
Event: 7.257 Thread 0x000002703e3ae1a0 Thread added: 0x000002703e3ae1a0
Event: 7.291 Thread 0x000002703e3b0820 Thread added: 0x000002703e3b0820
Event: 7.317 Thread 0x000002703e3b11c0 Thread added: 0x000002703e3b11c0
Event: 7.390 loading class java/lang/Class$EnclosingMethodInfo
Event: 7.390 loading class java/lang/Class$EnclosingMethodInfo done
Event: 7.394 loading class sun/reflect/generics/tree/IntSignature
Event: 7.394 loading class sun/reflect/generics/tree/IntSignature done
Event: 7.395 loading class sun/reflect/generics/tree/ArrayTypeSignature
Event: 7.395 loading class sun/reflect/generics/tree/ArrayTypeSignature done
Event: 7.401 loading class java/lang/SafeVarargs
Event: 7.401 loading class java/lang/SafeVarargs done
Event: 7.412 loading class java/util/regex/Pattern$GroupCurly
Event: 7.413 loading class java/util/regex/Pattern$GroupCurly done
Event: 7.461 Thread 0x000002703e3b29d0 Thread added: 0x000002703e3b29d0
Event: 7.489 Thread 0x000002703e3ac4c0 Thread added: 0x000002703e3ac4c0


Dynamic libraries:
0x00007ff64bd40000 - 0x00007ff64bd4a000 	C:\Program Files\Android\Android Studio\jbr\bin\java.exe
0x00007ffdc66d0000 - 0x00007ffdc68be000 	C:\Windows\SYSTEM32\ntdll.dll
0x00007ffdc42e0000 - 0x00007ffdc4393000 	C:\Windows\System32\KERNEL32.DLL
0x00007ffdc2ee0000 - 0x00007ffdc317d000 	C:\Windows\System32\KERNELBASE.dll
0x00007ffdc35b0000 - 0x00007ffdc36aa000 	C:\Windows\System32\ucrtbase.dll
0x00007ffdb0aa0000 - 0x00007ffdb0ab7000 	C:\Program Files\Android\Android Studio\jbr\bin\jli.dll
0x00007ffdb0d00000 - 0x00007ffdb0d1b000 	C:\Program Files\Android\Android Studio\jbr\bin\VCRUNTIME140.dll
0x00007ffdc3900000 - 0x00007ffdc3a97000 	C:\Windows\System32\USER32.dll
0x00007ffdc2750000 - 0x00007ffdc2770000 	C:\Windows\System32\win32u.dll
0x00007ffdc5d90000 - 0x00007ffdc5db9000 	C:\Windows\System32\GDI32.dll
0x00007ffdc3750000 - 0x00007ffdc38fb000 	C:\Windows\System32\gdi32full.dll
0x00007ffdb6140000 - 0x00007ffdb63b9000 	C:\Windows\WinSxS\amd64_microsoft.windows.common-controls_6595b64144ccf1df_6.0.17763.4974_none_de748dce53484fa6\COMCTL32.dll
0x00007ffdc36b0000 - 0x00007ffdc3750000 	C:\Windows\System32\msvcp_win.dll
0x00007ffdc41e0000 - 0x00007ffdc427e000 	C:\Windows\System32\msvcrt.dll
0x00007ffdc44d0000 - 0x00007ffdc47fb000 	C:\Windows\System32\combase.dll
0x00007ffdc3b70000 - 0x00007ffdc3c8e000 	C:\Windows\System32\RPCRT4.dll
0x00007ffdc3440000 - 0x00007ffdc34c2000 	C:\Windows\System32\bcryptPrimitives.dll
0x00007ffdc4400000 - 0x00007ffdc442e000 	C:\Windows\System32\IMM32.DLL
0x00007ffdb3b30000 - 0x00007ffdb3b3c000 	C:\Program Files\Android\Android Studio\jbr\bin\vcruntime140_1.dll
0x00007ffdb0500000 - 0x00007ffdb058d000 	C:\Program Files\Android\Android Studio\jbr\bin\msvcp140.dll
0x00007ffd9e520000 - 0x00007ffd9f1a0000 	C:\Program Files\Android\Android Studio\jbr\bin\server\jvm.dll
0x00007ffdc6010000 - 0x00007ffdc60b7000 	C:\Windows\System32\ADVAPI32.dll
0x00007ffdc4430000 - 0x00007ffdc44cf000 	C:\Windows\System32\sechost.dll
0x00007ffdb7bb0000 - 0x00007ffdb7bb9000 	C:\Windows\SYSTEM32\WSOCK32.dll
0x00007ffdc5dc0000 - 0x00007ffdc5e2d000 	C:\Windows\System32\WS2_32.dll
0x00007ffdc0750000 - 0x00007ffdc0774000 	C:\Windows\SYSTEM32\WINMM.dll
0x00007ffdb8b20000 - 0x00007ffdb8b2a000 	C:\Windows\SYSTEM32\VERSION.dll
0x00007ffdc0720000 - 0x00007ffdc074d000 	C:\Windows\SYSTEM32\WINMMBASE.dll
0x00007ffdc3180000 - 0x00007ffdc31ca000 	C:\Windows\System32\cfgmgr32.dll
0x00007ffdc26b0000 - 0x00007ffdc26c1000 	C:\Windows\System32\kernel.appcore.dll
0x00007ffdb2f00000 - 0x00007ffdb2f0a000 	C:\Program Files\Android\Android Studio\jbr\bin\jimage.dll
0x00007ffdb4ce0000 - 0x00007ffdb4ecd000 	C:\Windows\SYSTEM32\DBGHELP.DLL
0x00007ffdb4cb0000 - 0x00007ffdb4cda000 	C:\Windows\SYSTEM32\dbgcore.DLL
0x00007ffdb2660000 - 0x00007ffdb2685000 	C:\Program Files\Android\Android Studio\jbr\bin\java.dll
0x00007ffdb2bc0000 - 0x00007ffdb2bd8000 	C:\Program Files\Android\Android Studio\jbr\bin\zip.dll
0x00007ffdc4800000 - 0x00007ffdc5cf8000 	C:\Windows\System32\SHELL32.dll
0x00007ffdc6490000 - 0x00007ffdc6537000 	C:\Windows\System32\shcore.dll
0x00007ffdc2790000 - 0x00007ffdc2ed7000 	C:\Windows\System32\windows.storage.dll
0x00007ffdc2680000 - 0x00007ffdc26a3000 	C:\Windows\System32\profapi.dll
0x00007ffdc26d0000 - 0x00007ffdc272d000 	C:\Windows\System32\powrprof.dll
0x00007ffdc43a0000 - 0x00007ffdc43f2000 	C:\Windows\System32\shlwapi.dll
0x00007ffdc2770000 - 0x00007ffdc278b000 	C:\Windows\System32\cryptsp.dll
0x00007ffdb2540000 - 0x00007ffdb2559000 	C:\Program Files\Android\Android Studio\jbr\bin\net.dll
0x00007ffdb9e40000 - 0x00007ffdb9f3d000 	C:\Windows\SYSTEM32\WINHTTP.dll
0x00007ffdb1b90000 - 0x00007ffdb1bb0000 	C:\Windows\system32\PrxerDrv.dll
0x00007ffdc1e70000 - 0x00007ffdc1ed7000 	C:\Windows\system32\mswsock.dll
0x00007ffdb2520000 - 0x00007ffdb2536000 	C:\Program Files\Android\Android Studio\jbr\bin\nio.dll
0x00007ffdb2d80000 - 0x00007ffdb2d90000 	C:\Program Files\Android\Android Studio\jbr\bin\verify.dll
0x00007ffdb03b0000 - 0x00007ffdb03d7000 	C:\Users\Administrator\.gradle\native\68d5fa5c4cc2d200863cafc0d521ce42e7d3e7ee720ec0a83991735586a16f82\windows-amd64\native-platform.dll
0x00007ffdb0260000 - 0x00007ffdb03a4000 	C:\Users\Administrator\.gradle\native\e376f236ea51e6404a007f0833ffe2c6e607c4080706a723a18a27aeea778392\windows-amd64\native-platform-file-events.dll
0x00007ffdb1790000 - 0x00007ffdb1799000 	C:\Program Files\Android\Android Studio\jbr\bin\management.dll
0x00007ffdb0f60000 - 0x00007ffdb0f6b000 	C:\Program Files\Android\Android Studio\jbr\bin\management_ext.dll
0x00007ffdc6480000 - 0x00007ffdc6488000 	C:\Windows\System32\PSAPI.DLL
0x00007ffdc19f0000 - 0x00007ffdc1a23000 	C:\Windows\system32\rsaenh.dll
0x00007ffdc34d0000 - 0x00007ffdc34f6000 	C:\Windows\System32\bcrypt.dll
0x00007ffdc2580000 - 0x00007ffdc25a9000 	C:\Windows\SYSTEM32\USERENV.dll
0x00007ffdc2040000 - 0x00007ffdc204c000 	C:\Windows\SYSTEM32\CRYPTBASE.dll
0x00007ffdc1b80000 - 0x00007ffdc1bbd000 	C:\Windows\SYSTEM32\IPHLPAPI.DLL
0x00007ffdc6000000 - 0x00007ffdc6008000 	C:\Windows\System32\NSI.dll
0x00007ffdb8b00000 - 0x00007ffdb8b16000 	C:\Windows\SYSTEM32\dhcpcsvc6.DLL
0x00007ffdb92a0000 - 0x00007ffdb92bc000 	C:\Windows\SYSTEM32\dhcpcsvc.DLL
0x00007ffdc1bc0000 - 0x00007ffdc1c86000 	C:\Windows\SYSTEM32\DNSAPI.dll
0x00007ffdb2ef0000 - 0x00007ffdb2ef7000 	C:\Windows\system32\wshunix.dll

dbghelp: loaded successfully - version: 4.0.5 - missing functions: none
symbol engine: initialized successfully - sym options: 0x614 - pdb path: .;C:\Program Files\Android\Android Studio\jbr\bin;C:\Windows\SYSTEM32;C:\Windows\WinSxS\amd64_microsoft.windows.common-controls_6595b64144ccf1df_6.0.17763.4974_none_de748dce53484fa6;C:\Program Files\Android\Android Studio\jbr\bin\server;C:\Users\Administrator\.gradle\native\68d5fa5c4cc2d200863cafc0d521ce42e7d3e7ee720ec0a83991735586a16f82\windows-amd64;C:\Users\Administrator\.gradle\native\e376f236ea51e6404a007f0833ffe2c6e607c4080706a723a18a27aeea778392\windows-amd64

VM Arguments:
jvm_args: --add-opens=java.base/java.util=ALL-UNNAMED --add-opens=java.base/java.lang=ALL-UNNAMED --add-opens=java.base/java.lang.invoke=ALL-UNNAMED --add-opens=java.prefs/java.util.prefs=ALL-UNNAMED --add-opens=java.base/java.nio.charset=ALL-UNNAMED --add-opens=java.base/java.net=ALL-UNNAMED --add-opens=java.base/java.util.concurrent.atomic=ALL-UNNAMED -Xmx2048m -Dfile.encoding=UTF-8 -Duser.country=US -Duser.language=en -Duser.variant 
java_command: org.gradle.launcher.daemon.bootstrap.GradleDaemon 7.6.2
java_class_path (initial): C:\Users\Administrator\.gradle\wrapper\dists\gradle-7.6.2-bin\6ot4hgy1mty27tup86cmng5lx\gradle-7.6.2\lib\gradle-launcher-7.6.2.jar
Launcher Type: SUN_STANDARD

[Global flags]
     intx CICompilerCount                          = 2                                         {product} {ergonomic}
     uint ConcGCThreads                            = 1                                         {product} {ergonomic}
     uint G1ConcRefinementThreads                  = 2                                         {product} {ergonomic}
   size_t G1HeapRegionSize                         = 1048576                                   {product} {ergonomic}
    uintx GCDrainStackTargetSize                   = 64                                        {product} {ergonomic}
   size_t InitialHeapSize                          = 33554432                                  {product} {ergonomic}
   size_t MarkStackSize                            = 4194304                                   {product} {ergonomic}
   size_t MaxHeapSize                              = 2147483648                                {product} {command line}
   size_t MaxNewSize                               = 1287651328                                {product} {ergonomic}
   size_t MinHeapDeltaBytes                        = 1048576                                   {product} {ergonomic}
   size_t MinHeapSize                              = 8388608                                   {product} {ergonomic}
    uintx NonNMethodCodeHeapSize                   = 5826188                                {pd product} {ergonomic}
    uintx NonProfiledCodeHeapSize                  = 122916026                              {pd product} {ergonomic}
    uintx ProfiledCodeHeapSize                     = 122916026                              {pd product} {ergonomic}
    uintx ReservedCodeCacheSize                    = 251658240                              {pd product} {ergonomic}
     bool SegmentedCodeCache                       = true                                      {product} {ergonomic}
   size_t SoftMaxHeapSize                          = 2147483648                             {manageable} {ergonomic}
     bool UseCompressedClassPointers               = true                           {product lp64_product} {ergonomic}
     bool UseCompressedOops                        = true                           {product lp64_product} {ergonomic}
     bool UseG1GC                                  = true                                      {product} {ergonomic}
     bool UseLargePagesIndividualAllocation        = false                                  {pd product} {ergonomic}

Logging:
Log output configuration:
 #0: stdout all=warning uptime,level,tags
 #1: stderr all=off uptime,level,tags

Environment Variables:
PATH=C:\Windows\system32;C:\Windows;C:\Windows\System32\Wbem;C:\Windows\System32\WindowsPowerShell\v1.0\;C:\Windows\System32\OpenSSH\;C:\Users\Administrator\AppData\Local\Microsoft\WindowsApps;
USERNAME=Administrator
OS=Windows_NT
PROCESSOR_IDENTIFIER=Intel64 Family 6 Model 85 Stepping 7, GenuineIntel
TMP=C:\Users\ADMINI~1\AppData\Local\Temp\2
TEMP=C:\Users\ADMINI~1\AppData\Local\Temp\2


JNI global refs:
JNI global refs: 22, weak refs: 0

JNI global refs memory usage: 843, weak refs: 841

OOME stack traces (most recent first):
Classloader memory used:
Loader bootstrap                                                                       : 1905K
Loader org.gradle.internal.classloader.VisitableURLClassLoader                         : 1724K
Loader org.gradle.initialization.MixInLegacyTypesClassLoader                           : 350K
Loader org.gradle.internal.classloader.VisitableURLClassLoader                         : 52195B
Loader jdk.internal.loader.ClassLoaders$AppClassLoader                                 : 26008B
Loader jdk.internal.reflect.DelegatingClassLoader                                      : 20604B
Loader jdk.internal.loader.ClassLoaders$PlatformClassLoader                            : 14835B

Classes loaded by more than one classloader:
Class org.gradle.api.GradleException                                                  : loaded 3 times (x 80B)
Class org.gradle.util.GradleVersion                                                   : loaded 2 times (x 81B)
Class org.gradle.internal.classpath.ClassPath                                         : loaded 2 times (x 68B)
Class org.gradle.api.internal.classpath.DefaultModuleRegistry                         : loaded 2 times (x 84B)
Class org.gradle.api.Action                                                           : loaded 2 times (x 68B)
Class org.gradle.api.internal.DefaultClassPathProvider                                : loaded 2 times (x 74B)
Class org.gradle.internal.installation.GradleInstallation$1                           : loaded 2 times (x 73B)
Class org.gradle.internal.exceptions.DefaultMultiCauseException                       : loaded 2 times (x 85B)
Class org.gradle.internal.time.MonotonicClock                                         : loaded 2 times (x 75B)
Class org.gradle.internal.classloader.FilteringClassLoader                            : loaded 2 times (x 102B)
Class org.gradle.internal.classpath.DefaultClassPath$ImmutableUniqueList$Builder      : loaded 2 times (x 73B)
Class org.gradle.internal.classloader.ClassLoaderVisitor                              : loaded 2 times (x 74B)
Class org.gradle.internal.time.DefaultCountdownTimer                                  : loaded 2 times (x 86B)
Class org.gradle.internal.service.DefaultServiceLocator                               : loaded 2 times (x 81B)
Class org.gradle.internal.service.UnknownServiceException                             : loaded 2 times (x 81B)
Class org.gradle.internal.classloader.DefaultClassLoaderFactory                       : loaded 2 times (x 80B)
Class org.gradle.internal.classloader.VisitableURLClassLoader$Spec                    : loaded 2 times (x 72B)
Class org.gradle.tooling.model.ProjectModel                                           : loaded 2 times (x 68B)
Class org.gradle.internal.installation.GradleInstallation                             : loaded 2 times (x 73B)
Class org.gradle.api.internal.classpath.ModuleRegistry                                : loaded 2 times (x 68B)
Class org.gradle.api.internal.ClassPathProvider                                       : loaded 2 times (x 68B)
Class org.gradle.internal.classloader.ClasspathUtil$1                                 : loaded 2 times (x 74B)
Class org.gradle.internal.classloader.ClassLoaderFactory                              : loaded 2 times (x 68B)
Class org.gradle.api.internal.classpath.ManifestUtil                                  : loaded 2 times (x 69B)
Class org.gradle.api.specs.Spec                                                       : loaded 2 times (x 68B)
Class org.gradle.internal.IoActions                                                   : loaded 2 times (x 69B)
Class org.gradle.api.internal.classpath.EffectiveClassPath                            : loaded 2 times (x 88B)
Class kotlin.jvm.internal.DefaultConstructorMarker                                    : loaded 2 times (x 69B)
Class org.gradle.internal.installation.CurrentGradleInstallation                      : loaded 2 times (x 71B)
Class org.gradle.internal.installation.CurrentGradleInstallationLocator               : loaded 2 times (x 69B)
Class org.gradle.api.internal.classpath.Module                                        : loaded 2 times (x 68B)
Class org.gradle.internal.service.CachingServiceLocator                               : loaded 2 times (x 80B)
Class org.gradle.internal.time.Timer                                                  : loaded 2 times (x 68B)
Class org.gradle.internal.classpath.DefaultClassPath                                  : loaded 2 times (x 88B)
Class org.gradle.api.Transformer                                                      : loaded 2 times (x 68B)
Class kotlin.jvm.functions.Function1                                                  : loaded 2 times (x 68B)
Class org.gradle.internal.time.Time                                                   : loaded 2 times (x 69B)
Class org.gradle.internal.time.TimeSource$1                                           : loaded 2 times (x 75B)
Class org.gradle.internal.classloader.SystemClassLoaderSpec                           : loaded 2 times (x 69B)
Class kotlin.Function                                                                 : loaded 2 times (x 68B)
Class org.gradle.api.UncheckedIOException                                             : loaded 2 times (x 80B)
Class org.gradle.internal.time.CountdownTimer                                         : loaded 2 times (x 68B)
Class org.gradle.internal.time.Clock                                                  : loaded 2 times (x 68B)
Class org.gradle.internal.classloader.ClasspathUtil                                   : loaded 2 times (x 69B)
Class org.gradle.api.internal.DefaultClassPathRegistry                                : loaded 2 times (x 74B)
Class org.gradle.api.internal.classpath.DefaultModuleRegistry$DefaultModule           : loaded 2 times (x 84B)
Class org.gradle.internal.time.TimeSource                                             : loaded 2 times (x 68B)
Class org.gradle.api.internal.classpath.UnknownModuleException                        : loaded 2 times (x 80B)
Class org.gradle.internal.service.ServiceLookupException                              : loaded 2 times (x 80B)
Class org.gradle.cache.GlobalCache                                                    : loaded 2 times (x 68B)
Class [Lorg.gradle.api.internal.ClassPathProvider;                                    : loaded 2 times (x 67B)
Class org.gradle.internal.operations.MultipleBuildOperationFailures                   : loaded 2 times (x 85B)
Class org.gradle.util.internal.GUtil                                                  : loaded 2 times (x 69B)
Class org.gradle.internal.classloader.ClassLoaderSpec                                 : loaded 2 times (x 69B)
Class org.gradle.internal.classloader.VisitableURLClassLoader                         : loaded 2 times (x 114B)
Class org.gradle.internal.Cast                                                        : loaded 2 times (x 69B)
Class org.gradle.api.internal.ClassPathRegistry                                       : loaded 2 times (x 68B)
Class org.gradle.internal.classloader.ClassLoaderHierarchy                            : loaded 2 times (x 68B)
Class org.gradle.internal.exceptions.MultiCauseException                              : loaded 2 times (x 68B)
Class org.gradle.internal.service.ServiceLocator                                      : loaded 2 times (x 68B)
Class org.gradle.internal.classpath.DefaultClassPath$ImmutableUniqueList              : loaded 2 times (x 159B)
Class org.gradle.internal.time.DefaultTimer                                           : loaded 2 times (x 78B)


---------------  S Y S T E M  ---------------

OS:
 Windows Server 2019 , 64 bit Build 17763 (10.0.17763.4974)
OS uptime: 0 days 23:59 hours

CPU: total 2 (initial active 2) (2 cores per cpu, 1 threads per core) family 6 model 85 stepping 7 microcode 0x0, cx8, cmov, fxsr, mmx, 3dnowpref, sse, sse2, sse3, ssse3, sse4.1, sse4.2, popcnt, lzcnt, tsc, tscinvbit, avx, avx2, aes, erms, clmul, bmi1, bmi2, rtm, avx512f, avx512cd, fma, vzeroupper, clflush, hv

Memory: 4k page, system-wide physical 2046M (71M free)
TotalPageFile size 8190M (AvailPageFile size 55M)
current process WorkingSet (physical memory assigned to process): 171M, peak: 171M
current process commit charge ("private bytes"): 218M, peak: 293M

vm_info: OpenJDK 64-Bit Server VM (17.0.7+0-b2043.56-10550314) for windows-amd64 JRE (17.0.7+0-b2043.56-10550314), built on Jul 24 2023 18:27:45 by "androidbuild" with MS VC++ 16.10 / 16.11 (VS2019)

END.
