#
# There is insufficient memory for the Java Runtime Environment to continue.
# Native memory allocation (malloc) failed to allocate 1066752 bytes for Chunk::new
# Possible reasons:
#   The system is out of physical RAM or swap space
#   The process is running with CompressedOops enabled, and the Java Heap may be blocking the growth of the native heap
# Possible solutions:
#   Reduce memory load on the system
#   Increase physical memory or swap space
#   Check if swap backing store is full
#   Decrease Java heap size (-Xmx/-Xms)
#   Decrease number of Java threads
#   Decrease Java thread stack sizes (-Xss)
#   Set larger code cache with -XX:ReservedCodeCacheSize=
#   JVM is running with Unscaled Compressed Oops mode in which the Java heap is
#     placed in the first 4GB address space. The Java Heap base address is the
#     maximum limit for the native heap growth. Please use -XX:HeapBaseMinAddress
#     to set the Java Heap base and to place the Java Heap above 4GB virtual address.
# This output file may be truncated or incomplete.
#
#  Out of Memory Error (arena.cpp:189), pid=8172, tid=8736
#
# JRE version: OpenJDK Runtime Environment (17.0.7) (build 17.0.7+0-b2043.56-10550314)
# Java VM: OpenJDK 64-Bit Server VM (17.0.7+0-b2043.56-10550314, mixed mode, tiered, compressed oops, compressed class ptrs, g1 gc, windows-amd64)
# Core dump will be written. Default location: C:\Users\Administrator\AndroidStudioProjects\CPEVPN\hs_err_pid8172.mdmp
#

---------------  S U M M A R Y ------------

Command Line: --add-opens=java.base/java.util=ALL-UNNAMED --add-opens=java.base/java.lang=ALL-UNNAMED --add-opens=java.base/java.lang.invoke=ALL-UNNAMED --add-opens=java.prefs/java.util.prefs=ALL-UNNAMED --add-opens=java.base/java.nio.charset=ALL-UNNAMED --add-opens=java.base/java.net=ALL-UNNAMED --add-opens=java.base/java.util.concurrent.atomic=ALL-UNNAMED -Xmx2048m -Dfile.encoding=UTF-8 -Duser.country=US -Duser.language=en -Duser.variant org.gradle.launcher.daemon.bootstrap.GradleDaemon 7.6.2

Host: Intel(R) Xeon(R) Gold 6226R CPU @ 2.90GHz, 2 cores, 1G,  Windows Server 2019 , 64 bit Build 17763 (10.0.17763.4974)
Time: Tue Feb 13 09:36:05 2024 Pacific Standard Time elapsed time: 9.191971 seconds (0d 0h 0m 9s)

---------------  T H R E A D  ---------------

Current thread (0x0000021ade79bef0):  JavaThread "C2 CompilerThread0" daemon [_thread_in_native, id=8736, stack(0x000000a880a00000,0x000000a880b00000)]


Current CompileTask:
C2:   9192 4097       4       java.util.AbstractCollection::addAll (42 bytes)

Stack: [0x000000a880a00000,0x000000a880b00000]
Native frames: (J=compiled Java code, j=interpreted, Vv=VM code, C=native code)
V  [jvm.dll+0x683bfa]
V  [jvm.dll+0x8430a4]
V  [jvm.dll+0x8449be]
V  [jvm.dll+0x845023]
V  [jvm.dll+0x24ad2f]
V  [jvm.dll+0xac25c]
V  [jvm.dll+0xac82c]
V  [jvm.dll+0x36a187]
V  [jvm.dll+0x334821]
V  [jvm.dll+0x333cca]
V  [jvm.dll+0x21d251]
V  [jvm.dll+0x21c671]
V  [jvm.dll+0x1a605d]
V  [jvm.dll+0x22c148]
V  [jvm.dll+0x22a209]
V  [jvm.dll+0x7f858c]
V  [jvm.dll+0x7f2aea]
V  [jvm.dll+0x682a35]
C  [ucrtbase.dll+0x2268a]
C  [KERNEL32.DLL+0x17ac4]
C  [ntdll.dll+0x5a4e1]


---------------  P R O C E S S  ---------------

Threads class SMR info:
_java_thread_list=0x0000021ae48ecf00, length=35, elements={
0x0000021ac3480dc0, 0x0000021ade4da130, 0x0000021ade516260, 0x0000021ade4f0250,
0x0000021ade4f0d10, 0x0000021ade4f15d0, 0x0000021ade4f1e90, 0x0000021ade79bef0,
0x0000021ade7a6330, 0x0000021ade7a7620, 0x0000021ade908450, 0x0000021ade908d30,
0x0000021ae3e8a4b0, 0x0000021ae46d9b30, 0x0000021ae4445bd0, 0x0000021ae48015c0,
0x0000021ae4802230, 0x0000021ae48680e0, 0x0000021ae48685b0, 0x0000021ae4873800,
0x0000021ac346bba0, 0x0000021ac346dd50, 0x0000021ac346ca10, 0x0000021ac346ad30,
0x0000021ac346c070, 0x0000021ac346cee0, 0x0000021ac346b200, 0x0000021ac346b6d0,
0x0000021ac346d3b0, 0x0000021ae4eef550, 0x0000021ae4ef2a40, 0x0000021ae4ef4bf0,
0x0000021ae4eefa20, 0x0000021ae4eefef0, 0x0000021ae4ef4250
}

Java Threads: ( => current thread )
  0x0000021ac3480dc0 JavaThread "main" [_thread_blocked, id=5608, stack(0x000000a8ffd00000,0x000000a8ffe00000)]
  0x0000021ade4da130 JavaThread "Reference Handler" daemon [_thread_blocked, id=5328, stack(0x000000a880400000,0x000000a880500000)]
  0x0000021ade516260 JavaThread "Finalizer" daemon [_thread_blocked, id=184, stack(0x000000a880500000,0x000000a880600000)]
  0x0000021ade4f0250 JavaThread "Signal Dispatcher" daemon [_thread_blocked, id=5956, stack(0x000000a880600000,0x000000a880700000)]
  0x0000021ade4f0d10 JavaThread "Attach Listener" daemon [_thread_blocked, id=6688, stack(0x000000a880700000,0x000000a880800000)]
  0x0000021ade4f15d0 JavaThread "Service Thread" daemon [_thread_blocked, id=2148, stack(0x000000a880800000,0x000000a880900000)]
  0x0000021ade4f1e90 JavaThread "Monitor Deflation Thread" daemon [_thread_blocked, id=6900, stack(0x000000a880900000,0x000000a880a00000)]
=>0x0000021ade79bef0 JavaThread "C2 CompilerThread0" daemon [_thread_in_native, id=8736, stack(0x000000a880a00000,0x000000a880b00000)]
  0x0000021ade7a6330 JavaThread "C1 CompilerThread0" daemon [_thread_blocked, id=2740, stack(0x000000a880b00000,0x000000a880c00000)]
  0x0000021ade7a7620 JavaThread "Sweeper thread" daemon [_thread_blocked, id=3184, stack(0x000000a880c00000,0x000000a880d00000)]
  0x0000021ade908450 JavaThread "Common-Cleaner" daemon [_thread_blocked, id=4548, stack(0x000000a880d00000,0x000000a880e00000)]
  0x0000021ade908d30 JavaThread "Notification Thread" daemon [_thread_blocked, id=6316, stack(0x000000a880e00000,0x000000a880f00000)]
  0x0000021ae3e8a4b0 JavaThread "Daemon health stats" [_thread_blocked, id=7448, stack(0x000000a881100000,0x000000a881200000)]
  0x0000021ae46d9b30 JavaThread "Incoming local TCP Connector on port 65464" [_thread_in_native, id=9192, stack(0x000000a881200000,0x000000a881300000)]
  0x0000021ae4445bd0 JavaThread "Daemon periodic checks" [_thread_blocked, id=4496, stack(0x000000a881300000,0x000000a881400000)]
  0x0000021ae48015c0 JavaThread "Daemon" [_thread_blocked, id=7760, stack(0x000000a881400000,0x000000a881500000)]
  0x0000021ae4802230 JavaThread "Handler for socket connection from /127.0.0.1:65464 to /127.0.0.1:65465" [_thread_in_native, id=2044, stack(0x000000a881500000,0x000000a881600000)]
  0x0000021ae48680e0 JavaThread "Cancel handler" [_thread_blocked, id=2328, stack(0x000000a881600000,0x000000a881700000)]
  0x0000021ae48685b0 JavaThread "Daemon worker" [_thread_in_vm, id=6272, stack(0x000000a881700000,0x000000a881800000)]
  0x0000021ae4873800 JavaThread "Asynchronous log dispatcher for DefaultDaemonConnection: socket connection from /127.0.0.1:65464 to /127.0.0.1:65465" [_thread_blocked, id=5088, stack(0x000000a881800000,0x000000a881900000)]
  0x0000021ac346bba0 JavaThread "Stdin handler" [_thread_blocked, id=8840, stack(0x000000a881900000,0x000000a881a00000)]
  0x0000021ac346dd50 JavaThread "Daemon client event forwarder" [_thread_blocked, id=8196, stack(0x000000a881a00000,0x000000a881b00000)]
  0x0000021ac346ca10 JavaThread "Cache worker for journal cache (C:\Users\Administrator\.gradle\caches\journal-1)" [_thread_blocked, id=8020, stack(0x000000a881b00000,0x000000a881c00000)]
  0x0000021ac346ad30 JavaThread "File lock request listener" [_thread_in_native, id=8556, stack(0x000000a881c00000,0x000000a881d00000)]
  0x0000021ac346c070 JavaThread "Cache worker for file hash cache (C:\Users\Administrator\.gradle\caches\7.6.2\fileHashes)" [_thread_blocked, id=8260, stack(0x000000a881d00000,0x000000a881e00000)]
  0x0000021ac346cee0 JavaThread "File watcher server" daemon [_thread_in_native, id=4656, stack(0x000000a881e00000,0x000000a881f00000)]
  0x0000021ac346b200 JavaThread "File watcher consumer" daemon [_thread_blocked, id=7072, stack(0x000000a881f00000,0x000000a882000000)]
  0x0000021ac346b6d0 JavaThread "jar transforms" [_thread_blocked, id=2996, stack(0x000000a882000000,0x000000a882100000)]
  0x0000021ac346d3b0 JavaThread "jar transforms Thread 2" [_thread_blocked, id=6612, stack(0x000000a882100000,0x000000a882200000)]
  0x0000021ae4eef550 JavaThread "Cache worker for checksums cache (C:\Users\Administrator\AndroidStudioProjects\CPEVPN\.gradle\7.6.2\checksums)" [_thread_blocked, id=8784, stack(0x000000a882200000,0x000000a882300000)]
  0x0000021ae4ef2a40 JavaThread "Cache worker for cache directory md-rule (C:\Users\Administrator\.gradle\caches\7.6.2\md-rule)" [_thread_blocked, id=3764, stack(0x000000a882300000,0x000000a882400000)]
  0x0000021ae4ef4bf0 JavaThread "Cache worker for file content cache (C:\Users\Administrator\.gradle\caches\7.6.2\fileContent)" [_thread_blocked, id=8448, stack(0x000000a882400000,0x000000a882500000)]
  0x0000021ae4eefa20 JavaThread "Cache worker for file hash cache (C:\Users\Administrator\AndroidStudioProjects\CPEVPN\.gradle\7.6.2\fileHashes)" [_thread_blocked, id=8564, stack(0x000000a882500000,0x000000a882600000)]
  0x0000021ae4eefef0 JavaThread "Cache worker for cache directory md-supplier (C:\Users\Administrator\.gradle\caches\7.6.2\md-supplier)" [_thread_blocked, id=6100, stack(0x000000a882600000,0x000000a882700000)]
  0x0000021ae4ef4250 JavaThread "Cache worker for execution history cache (C:\Users\Administrator\.gradle\caches\7.6.2\executionHistory)" [_thread_blocked, id=1060, stack(0x000000a882700000,0x000000a882800000)]

Other Threads:
  0x0000021ade4953e0 VMThread "VM Thread" [stack: 0x000000a880300000,0x000000a880400000] [id=8824]
  0x0000021ac34fd1d0 WatcherThread [stack: 0x000000a880f00000,0x000000a881000000] [id=2628]
  0x0000021ac34dbde0 GCTaskThread "GC Thread#0" [stack: 0x000000a8ffe00000,0x000000a8fff00000] [id=8004]
  0x0000021ade9df850 GCTaskThread "GC Thread#1" [stack: 0x000000a881000000,0x000000a881100000] [id=5400]
  0x0000021ac34ecca0 ConcurrentGCThread "G1 Main Marker" [stack: 0x000000a8fff00000,0x000000a900000000] [id=6200]
  0x0000021ac34ee180 ConcurrentGCThread "G1 Conc#0" [stack: 0x000000a880000000,0x000000a880100000] [id=9148]
  0x0000021ac3527120 ConcurrentGCThread "G1 Refine#0" [stack: 0x000000a880100000,0x000000a880200000] [id=2120]
  0x0000021ac35278f0 ConcurrentGCThread "G1 Service" [stack: 0x000000a880200000,0x000000a880300000] [id=9160]

Threads with active compile tasks:
C2 CompilerThread0     9211 4097       4       java.util.AbstractCollection::addAll (42 bytes)

VM state: not at safepoint (normal execution)

VM Mutex/Monitor currently owned by a thread: None

Heap address: 0x0000000080000000, size: 2048 MB, Compressed Oops mode: 32-bit

CDS archive(s) not mapped
Compressed class space mapped at: 0x0000000100000000-0x0000000140000000, reserved size: 1073741824
Narrow klass base: 0x0000000000000000, Narrow klass shift: 3, Narrow klass range: 0x140000000

GC Precious Log:
 CPUs: 2 total, 2 available
 Memory: 2046M
 Large Page Support: Disabled
 NUMA Support: Disabled
 Compressed Oops: Enabled (32-bit)
 Heap Region Size: 1M
 Heap Min Capacity: 8M
 Heap Initial Capacity: 32M
 Heap Max Capacity: 2G
 Pre-touch: Disabled
 Parallel Workers: 2
 Concurrent Workers: 1
 Concurrent Refinement Workers: 2
 Periodic GC: Disabled

Heap:
 garbage-first heap   total 163840K, used 65894K [0x0000000080000000, 0x0000000100000000)
  region size 1024K, 20 young (20480K), 5 survivors (5120K)
 Metaspace       used 45521K, committed 45824K, reserved 1114112K
  class space    used 6131K, committed 6272K, reserved 1048576K

Heap Regions: E=young(eden), S=young(survivor), O=old, HS=humongous(starts), HC=humongous(continues), CS=collection set, F=free, OA=open archive, CA=closed archive, TAMS=top-at-mark-start (previous, next)
|   0|0x0000000080000000, 0x0000000080100000, 0x0000000080100000|100%| O|  |TAMS 0x0000000080100000, 0x0000000080000000| Untracked 
|   1|0x0000000080100000, 0x0000000080200000, 0x0000000080200000|100%| O|  |TAMS 0x0000000080200000, 0x0000000080100000| Untracked 
|   2|0x0000000080200000, 0x0000000080300000, 0x0000000080300000|100%| O|  |TAMS 0x0000000080300000, 0x0000000080200000| Untracked 
|   3|0x0000000080300000, 0x0000000080400000, 0x0000000080400000|100%|HS|  |TAMS 0x0000000080400000, 0x0000000080300000| Complete 
|   4|0x0000000080400000, 0x0000000080500000, 0x0000000080500000|100%|HC|  |TAMS 0x0000000080500000, 0x0000000080400000| Complete 
|   5|0x0000000080500000, 0x0000000080600000, 0x0000000080600000|100%|HC|  |TAMS 0x0000000080600000, 0x0000000080500000| Complete 
|   6|0x0000000080600000, 0x0000000080700000, 0x0000000080700000|100%| O|  |TAMS 0x0000000080700000, 0x0000000080600000| Untracked 
|   7|0x0000000080700000, 0x0000000080800000, 0x0000000080800000|100%| O|  |TAMS 0x0000000080800000, 0x0000000080700000| Untracked 
|   8|0x0000000080800000, 0x0000000080900000, 0x0000000080900000|100%| O|  |TAMS 0x0000000080900000, 0x0000000080800000| Untracked 
|   9|0x0000000080900000, 0x0000000080a00000, 0x0000000080a00000|100%| O|  |TAMS 0x0000000080a00000, 0x0000000080900000| Untracked 
|  10|0x0000000080a00000, 0x0000000080b00000, 0x0000000080b00000|100%| O|  |TAMS 0x0000000080b00000, 0x0000000080a00000| Untracked 
|  11|0x0000000080b00000, 0x0000000080c00000, 0x0000000080c00000|100%| O|  |TAMS 0x0000000080c00000, 0x0000000080b00000| Untracked 
|  12|0x0000000080c00000, 0x0000000080d00000, 0x0000000080d00000|100%| O|  |TAMS 0x0000000080d00000, 0x0000000080c00000| Untracked 
|  13|0x0000000080d00000, 0x0000000080e00000, 0x0000000080e00000|100%| O|  |TAMS 0x0000000080e00000, 0x0000000080d00000| Untracked 
|  14|0x0000000080e00000, 0x0000000080f00000, 0x0000000080f00000|100%| O|  |TAMS 0x0000000080f00000, 0x0000000080e00000| Untracked 
|  15|0x0000000080f00000, 0x0000000081000000, 0x0000000081000000|100%| O|  |TAMS 0x0000000081000000, 0x0000000080f00000| Untracked 
|  16|0x0000000081000000, 0x0000000081000000, 0x0000000081100000|  0%| F|  |TAMS 0x0000000081000000, 0x0000000081000000| Untracked 
|  17|0x0000000081100000, 0x0000000081200000, 0x0000000081200000|100%| O|  |TAMS 0x0000000081200000, 0x0000000081100000| Untracked 
|  18|0x0000000081200000, 0x0000000081300000, 0x0000000081300000|100%| O|  |TAMS 0x0000000081300000, 0x0000000081200000| Untracked 
|  19|0x0000000081300000, 0x0000000081400000, 0x0000000081400000|100%|HS|  |TAMS 0x0000000081400000, 0x0000000081300000| Complete 
|  20|0x0000000081400000, 0x0000000081500000, 0x0000000081500000|100%|HC|  |TAMS 0x0000000081500000, 0x0000000081400000| Complete 
|  21|0x0000000081500000, 0x0000000081600000, 0x0000000081600000|100%|HS|  |TAMS 0x0000000081600000, 0x0000000081500000| Complete 
|  22|0x0000000081600000, 0x0000000081700000, 0x0000000081700000|100%|HC|  |TAMS 0x0000000081700000, 0x0000000081600000| Complete 
|  23|0x0000000081700000, 0x0000000081800000, 0x0000000081800000|100%|HC|  |TAMS 0x0000000081800000, 0x0000000081700000| Complete 
|  24|0x0000000081800000, 0x0000000081900000, 0x0000000081900000|100%|HS|  |TAMS 0x0000000081900000, 0x0000000081800000| Complete 
|  25|0x0000000081900000, 0x0000000081a00000, 0x0000000081a00000|100%|HC|  |TAMS 0x0000000081a00000, 0x0000000081900000| Complete 
|  26|0x0000000081a00000, 0x0000000081b00000, 0x0000000081b00000|100%|HS|  |TAMS 0x0000000081b00000, 0x0000000081a00000| Complete 
|  27|0x0000000081b00000, 0x0000000081c00000, 0x0000000081c00000|100%|HC|  |TAMS 0x0000000081c00000, 0x0000000081b00000| Complete 
|  28|0x0000000081c00000, 0x0000000081d00000, 0x0000000081d00000|100%|HC|  |TAMS 0x0000000081d00000, 0x0000000081c00000| Complete 
|  29|0x0000000081d00000, 0x0000000081e00000, 0x0000000081e00000|100%|HC|  |TAMS 0x0000000081e00000, 0x0000000081d00000| Complete 
|  30|0x0000000081e00000, 0x0000000081f00000, 0x0000000081f00000|100%|HC|  |TAMS 0x0000000081f00000, 0x0000000081e00000| Complete 
|  31|0x0000000081f00000, 0x0000000082000000, 0x0000000082000000|100%|HC|  |TAMS 0x0000000082000000, 0x0000000081f00000| Complete 
|  32|0x0000000082000000, 0x0000000082100000, 0x0000000082100000|100%|HC|  |TAMS 0x0000000082100000, 0x0000000082000000| Complete 
|  33|0x0000000082100000, 0x0000000082200000, 0x0000000082200000|100%|HC|  |TAMS 0x0000000082200000, 0x0000000082100000| Complete 
|  34|0x0000000082200000, 0x0000000082300000, 0x0000000082300000|100%|HC|  |TAMS 0x0000000082300000, 0x0000000082200000| Complete 
|  35|0x0000000082300000, 0x0000000082400000, 0x0000000082400000|100%|HC|  |TAMS 0x0000000082400000, 0x0000000082300000| Complete 
|  36|0x0000000082400000, 0x0000000082500000, 0x0000000082500000|100%|HC|  |TAMS 0x0000000082500000, 0x0000000082400000| Complete 
|  37|0x0000000082500000, 0x0000000082600000, 0x0000000082600000|100%|HC|  |TAMS 0x0000000082600000, 0x0000000082500000| Complete 
|  38|0x0000000082600000, 0x0000000082700000, 0x0000000082700000|100%| O|  |TAMS 0x0000000082700000, 0x0000000082600000| Untracked 
|  39|0x0000000082700000, 0x0000000082800000, 0x0000000082800000|100%| O|  |TAMS 0x0000000082800000, 0x0000000082700000| Untracked 
|  40|0x0000000082800000, 0x0000000082900000, 0x0000000082900000|100%|HS|  |TAMS 0x0000000082900000, 0x0000000082800000| Complete 
|  41|0x0000000082900000, 0x0000000082a00000, 0x0000000082a00000|100%|HC|  |TAMS 0x0000000082a00000, 0x0000000082900000| Complete 
|  42|0x0000000082a00000, 0x0000000082b00000, 0x0000000082b00000|100%| O|  |TAMS 0x0000000082b00000, 0x0000000082a00000| Untracked 
|  43|0x0000000082b00000, 0x0000000082c00000, 0x0000000082c00000|100%| O|  |TAMS 0x0000000082c00000, 0x0000000082b00000| Untracked 
|  44|0x0000000082c00000, 0x0000000082d00000, 0x0000000082d00000|100%| O|  |TAMS 0x0000000082d00000, 0x0000000082c00000| Untracked 
|  45|0x0000000082d00000, 0x0000000082e00000, 0x0000000082e00000|100%| O|  |TAMS 0x0000000082e00000, 0x0000000082d00000| Untracked 
|  46|0x0000000082e00000, 0x0000000082e5b600, 0x0000000082f00000| 35%| O|  |TAMS 0x0000000082e5b600, 0x0000000082e00000| Untracked 
|  47|0x0000000082f00000, 0x0000000082f00000, 0x0000000083000000|  0%| F|  |TAMS 0x0000000082f00000, 0x0000000082f00000| Untracked 
|  48|0x0000000083000000, 0x0000000083000000, 0x0000000083100000|  0%| F|  |TAMS 0x0000000083000000, 0x0000000083000000| Untracked 
|  49|0x0000000083100000, 0x0000000083100000, 0x0000000083200000|  0%| F|  |TAMS 0x0000000083100000, 0x0000000083100000| Untracked 
|  50|0x0000000083200000, 0x0000000083200000, 0x0000000083300000|  0%| F|  |TAMS 0x0000000083200000, 0x0000000083200000| Untracked 
|  51|0x0000000083300000, 0x0000000083300000, 0x0000000083400000|  0%| F|  |TAMS 0x0000000083300000, 0x0000000083300000| Untracked 
|  52|0x0000000083400000, 0x0000000083400000, 0x0000000083500000|  0%| F|  |TAMS 0x0000000083400000, 0x0000000083400000| Untracked 
|  53|0x0000000083500000, 0x0000000083500000, 0x0000000083600000|  0%| F|  |TAMS 0x0000000083500000, 0x0000000083500000| Untracked 
|  54|0x0000000083600000, 0x0000000083600000, 0x0000000083700000|  0%| F|  |TAMS 0x0000000083600000, 0x0000000083600000| Untracked 
|  55|0x0000000083700000, 0x0000000083700000, 0x0000000083800000|  0%| F|  |TAMS 0x0000000083700000, 0x0000000083700000| Untracked 
|  56|0x0000000083800000, 0x0000000083800000, 0x0000000083900000|  0%| F|  |TAMS 0x0000000083800000, 0x0000000083800000| Untracked 
|  57|0x0000000083900000, 0x0000000083900000, 0x0000000083a00000|  0%| F|  |TAMS 0x0000000083900000, 0x0000000083900000| Untracked 
|  58|0x0000000083a00000, 0x0000000083a00000, 0x0000000083b00000|  0%| F|  |TAMS 0x0000000083a00000, 0x0000000083a00000| Untracked 
|  59|0x0000000083b00000, 0x0000000083b00000, 0x0000000083c00000|  0%| F|  |TAMS 0x0000000083b00000, 0x0000000083b00000| Untracked 
|  60|0x0000000083c00000, 0x0000000083c00000, 0x0000000083d00000|  0%| F|  |TAMS 0x0000000083c00000, 0x0000000083c00000| Untracked 
|  61|0x0000000083d00000, 0x0000000083d00000, 0x0000000083e00000|  0%| F|  |TAMS 0x0000000083d00000, 0x0000000083d00000| Untracked 
|  62|0x0000000083e00000, 0x0000000083e00000, 0x0000000083f00000|  0%| F|  |TAMS 0x0000000083e00000, 0x0000000083e00000| Untracked 
|  63|0x0000000083f00000, 0x0000000083f00000, 0x0000000084000000|  0%| F|  |TAMS 0x0000000083f00000, 0x0000000083f00000| Untracked 
|  64|0x0000000084000000, 0x0000000084000000, 0x0000000084100000|  0%| F|  |TAMS 0x0000000084000000, 0x0000000084000000| Untracked 
|  65|0x0000000084100000, 0x0000000084100000, 0x0000000084200000|  0%| F|  |TAMS 0x0000000084100000, 0x0000000084100000| Untracked 
|  66|0x0000000084200000, 0x0000000084200000, 0x0000000084300000|  0%| F|  |TAMS 0x0000000084200000, 0x0000000084200000| Untracked 
|  67|0x0000000084300000, 0x0000000084300000, 0x0000000084400000|  0%| F|  |TAMS 0x0000000084300000, 0x0000000084300000| Untracked 
|  68|0x0000000084400000, 0x0000000084400000, 0x0000000084500000|  0%| F|  |TAMS 0x0000000084400000, 0x0000000084400000| Untracked 
|  69|0x0000000084500000, 0x0000000084500000, 0x0000000084600000|  0%| F|  |TAMS 0x0000000084500000, 0x0000000084500000| Untracked 
|  70|0x0000000084600000, 0x0000000084600000, 0x0000000084700000|  0%| F|  |TAMS 0x0000000084600000, 0x0000000084600000| Untracked 
|  71|0x0000000084700000, 0x0000000084700000, 0x0000000084800000|  0%| F|  |TAMS 0x0000000084700000, 0x0000000084700000| Untracked 
|  72|0x0000000084800000, 0x0000000084800000, 0x0000000084900000|  0%| F|  |TAMS 0x0000000084800000, 0x0000000084800000| Untracked 
|  73|0x0000000084900000, 0x0000000084900000, 0x0000000084a00000|  0%| F|  |TAMS 0x0000000084900000, 0x0000000084900000| Untracked 
|  74|0x0000000084a00000, 0x0000000084a00000, 0x0000000084b00000|  0%| F|  |TAMS 0x0000000084a00000, 0x0000000084a00000| Untracked 
|  75|0x0000000084b00000, 0x0000000084b00000, 0x0000000084c00000|  0%| F|  |TAMS 0x0000000084b00000, 0x0000000084b00000| Untracked 
|  76|0x0000000084c00000, 0x0000000084c00000, 0x0000000084d00000|  0%| F|  |TAMS 0x0000000084c00000, 0x0000000084c00000| Untracked 
|  77|0x0000000084d00000, 0x0000000084d00000, 0x0000000084e00000|  0%| F|  |TAMS 0x0000000084d00000, 0x0000000084d00000| Untracked 
|  78|0x0000000084e00000, 0x0000000084e00000, 0x0000000084f00000|  0%| F|  |TAMS 0x0000000084e00000, 0x0000000084e00000| Untracked 
|  79|0x0000000084f00000, 0x0000000084f00000, 0x0000000085000000|  0%| F|  |TAMS 0x0000000084f00000, 0x0000000084f00000| Untracked 
|  80|0x0000000085000000, 0x0000000085000000, 0x0000000085100000|  0%| F|  |TAMS 0x0000000085000000, 0x0000000085000000| Untracked 
|  81|0x0000000085100000, 0x0000000085100000, 0x0000000085200000|  0%| F|  |TAMS 0x0000000085100000, 0x0000000085100000| Untracked 
|  82|0x0000000085200000, 0x0000000085200000, 0x0000000085300000|  0%| F|  |TAMS 0x0000000085200000, 0x0000000085200000| Untracked 
|  83|0x0000000085300000, 0x0000000085300000, 0x0000000085400000|  0%| F|  |TAMS 0x0000000085300000, 0x0000000085300000| Untracked 
|  84|0x0000000085400000, 0x0000000085400000, 0x0000000085500000|  0%| F|  |TAMS 0x0000000085400000, 0x0000000085400000| Untracked 
|  85|0x0000000085500000, 0x0000000085500000, 0x0000000085600000|  0%| F|  |TAMS 0x0000000085500000, 0x0000000085500000| Untracked 
|  86|0x0000000085600000, 0x0000000085600000, 0x0000000085700000|  0%| F|  |TAMS 0x0000000085600000, 0x0000000085600000| Untracked 
|  87|0x0000000085700000, 0x0000000085700000, 0x0000000085800000|  0%| F|  |TAMS 0x0000000085700000, 0x0000000085700000| Untracked 
|  88|0x0000000085800000, 0x0000000085800000, 0x0000000085900000|  0%| F|  |TAMS 0x0000000085800000, 0x0000000085800000| Untracked 
|  89|0x0000000085900000, 0x0000000085900000, 0x0000000085a00000|  0%| F|  |TAMS 0x0000000085900000, 0x0000000085900000| Untracked 
|  90|0x0000000085a00000, 0x0000000085a00000, 0x0000000085b00000|  0%| F|  |TAMS 0x0000000085a00000, 0x0000000085a00000| Untracked 
|  91|0x0000000085b00000, 0x0000000085b00000, 0x0000000085c00000|  0%| F|  |TAMS 0x0000000085b00000, 0x0000000085b00000| Untracked 
|  92|0x0000000085c00000, 0x0000000085c00000, 0x0000000085d00000|  0%| F|  |TAMS 0x0000000085c00000, 0x0000000085c00000| Untracked 
|  93|0x0000000085d00000, 0x0000000085d00000, 0x0000000085e00000|  0%| F|  |TAMS 0x0000000085d00000, 0x0000000085d00000| Untracked 
|  94|0x0000000085e00000, 0x0000000085e00000, 0x0000000085f00000|  0%| F|  |TAMS 0x0000000085e00000, 0x0000000085e00000| Untracked 
|  95|0x0000000085f00000, 0x0000000085f00000, 0x0000000086000000|  0%| F|  |TAMS 0x0000000085f00000, 0x0000000085f00000| Untracked 
|  96|0x0000000086000000, 0x0000000086000000, 0x0000000086100000|  0%| F|  |TAMS 0x0000000086000000, 0x0000000086000000| Untracked 
|  97|0x0000000086100000, 0x0000000086100000, 0x0000000086200000|  0%| F|  |TAMS 0x0000000086100000, 0x0000000086100000| Untracked 
|  98|0x0000000086200000, 0x0000000086200000, 0x0000000086300000|  0%| F|  |TAMS 0x0000000086200000, 0x0000000086200000| Untracked 
|  99|0x0000000086300000, 0x0000000086300000, 0x0000000086400000|  0%| F|  |TAMS 0x0000000086300000, 0x0000000086300000| Untracked 
| 100|0x0000000086400000, 0x00000000864fe510, 0x0000000086500000| 99%| S|CS|TAMS 0x0000000086400000, 0x0000000086400000| Complete 
| 101|0x0000000086500000, 0x0000000086600000, 0x0000000086600000|100%| S|CS|TAMS 0x0000000086500000, 0x0000000086500000| Complete 
| 102|0x0000000086600000, 0x0000000086700000, 0x0000000086700000|100%| S|CS|TAMS 0x0000000086600000, 0x0000000086600000| Complete 
| 103|0x0000000086700000, 0x0000000086800000, 0x0000000086800000|100%| S|CS|TAMS 0x0000000086700000, 0x0000000086700000| Complete 
| 104|0x0000000086800000, 0x0000000086900000, 0x0000000086900000|100%| S|CS|TAMS 0x0000000086800000, 0x0000000086800000| Complete 
| 105|0x0000000086900000, 0x0000000086900000, 0x0000000086a00000|  0%| F|  |TAMS 0x0000000086900000, 0x0000000086900000| Untracked 
| 106|0x0000000086a00000, 0x0000000086a00000, 0x0000000086b00000|  0%| F|  |TAMS 0x0000000086a00000, 0x0000000086a00000| Untracked 
| 107|0x0000000086b00000, 0x0000000086b00000, 0x0000000086c00000|  0%| F|  |TAMS 0x0000000086b00000, 0x0000000086b00000| Untracked 
| 108|0x0000000086c00000, 0x0000000086c00000, 0x0000000086d00000|  0%| F|  |TAMS 0x0000000086c00000, 0x0000000086c00000| Untracked 
| 109|0x0000000086d00000, 0x0000000086d00000, 0x0000000086e00000|  0%| F|  |TAMS 0x0000000086d00000, 0x0000000086d00000| Untracked 
| 110|0x0000000086e00000, 0x0000000086e00000, 0x0000000086f00000|  0%| F|  |TAMS 0x0000000086e00000, 0x0000000086e00000| Untracked 
| 111|0x0000000086f00000, 0x0000000086f00000, 0x0000000087000000|  0%| F|  |TAMS 0x0000000086f00000, 0x0000000086f00000| Untracked 
| 112|0x0000000087000000, 0x0000000087000000, 0x0000000087100000|  0%| F|  |TAMS 0x0000000087000000, 0x0000000087000000| Untracked 
| 113|0x0000000087100000, 0x0000000087100000, 0x0000000087200000|  0%| F|  |TAMS 0x0000000087100000, 0x0000000087100000| Untracked 
| 114|0x0000000087200000, 0x0000000087200000, 0x0000000087300000|  0%| F|  |TAMS 0x0000000087200000, 0x0000000087200000| Untracked 
| 115|0x0000000087300000, 0x0000000087300000, 0x0000000087400000|  0%| F|  |TAMS 0x0000000087300000, 0x0000000087300000| Untracked 
| 116|0x0000000087400000, 0x0000000087400000, 0x0000000087500000|  0%| F|  |TAMS 0x0000000087400000, 0x0000000087400000| Untracked 
| 117|0x0000000087500000, 0x0000000087500000, 0x0000000087600000|  0%| F|  |TAMS 0x0000000087500000, 0x0000000087500000| Untracked 
| 118|0x0000000087600000, 0x0000000087600000, 0x0000000087700000|  0%| F|  |TAMS 0x0000000087600000, 0x0000000087600000| Untracked 
| 119|0x0000000087700000, 0x0000000087700000, 0x0000000087800000|  0%| F|  |TAMS 0x0000000087700000, 0x0000000087700000| Untracked 
| 120|0x0000000087800000, 0x0000000087800000, 0x0000000087900000|  0%| F|  |TAMS 0x0000000087800000, 0x0000000087800000| Untracked 
| 121|0x0000000087900000, 0x0000000087900000, 0x0000000087a00000|  0%| F|  |TAMS 0x0000000087900000, 0x0000000087900000| Untracked 
| 122|0x0000000087a00000, 0x0000000087a00000, 0x0000000087b00000|  0%| F|  |TAMS 0x0000000087a00000, 0x0000000087a00000| Untracked 
| 123|0x0000000087b00000, 0x0000000087b00000, 0x0000000087c00000|  0%| F|  |TAMS 0x0000000087b00000, 0x0000000087b00000| Untracked 
| 124|0x0000000087c00000, 0x0000000087c00000, 0x0000000087d00000|  0%| F|  |TAMS 0x0000000087c00000, 0x0000000087c00000| Untracked 
| 125|0x0000000087d00000, 0x0000000087d00000, 0x0000000087e00000|  0%| F|  |TAMS 0x0000000087d00000, 0x0000000087d00000| Untracked 
| 126|0x0000000087e00000, 0x0000000087e00000, 0x0000000087f00000|  0%| F|  |TAMS 0x0000000087e00000, 0x0000000087e00000| Untracked 
| 127|0x0000000087f00000, 0x0000000087f00000, 0x0000000088000000|  0%| F|  |TAMS 0x0000000087f00000, 0x0000000087f00000| Untracked 
| 128|0x0000000088000000, 0x0000000088000000, 0x0000000088100000|  0%| F|  |TAMS 0x0000000088000000, 0x0000000088000000| Untracked 
| 129|0x0000000088100000, 0x0000000088100000, 0x0000000088200000|  0%| F|  |TAMS 0x0000000088100000, 0x0000000088100000| Untracked 
| 130|0x0000000088200000, 0x0000000088200000, 0x0000000088300000|  0%| F|  |TAMS 0x0000000088200000, 0x0000000088200000| Untracked 
| 131|0x0000000088300000, 0x0000000088300000, 0x0000000088400000|  0%| F|  |TAMS 0x0000000088300000, 0x0000000088300000| Untracked 
| 132|0x0000000088400000, 0x0000000088400000, 0x0000000088500000|  0%| F|  |TAMS 0x0000000088400000, 0x0000000088400000| Untracked 
| 133|0x0000000088500000, 0x0000000088500000, 0x0000000088600000|  0%| F|  |TAMS 0x0000000088500000, 0x0000000088500000| Untracked 
| 134|0x0000000088600000, 0x0000000088600000, 0x0000000088700000|  0%| F|  |TAMS 0x0000000088600000, 0x0000000088600000| Untracked 
| 135|0x0000000088700000, 0x0000000088700000, 0x0000000088800000|  0%| F|  |TAMS 0x0000000088700000, 0x0000000088700000| Untracked 
| 136|0x0000000088800000, 0x0000000088800000, 0x0000000088900000|  0%| F|  |TAMS 0x0000000088800000, 0x0000000088800000| Untracked 
| 137|0x0000000088900000, 0x0000000088900000, 0x0000000088a00000|  0%| F|  |TAMS 0x0000000088900000, 0x0000000088900000| Untracked 
| 138|0x0000000088a00000, 0x0000000088a00000, 0x0000000088b00000|  0%| F|  |TAMS 0x0000000088a00000, 0x0000000088a00000| Untracked 
| 139|0x0000000088b00000, 0x0000000088b00000, 0x0000000088c00000|  0%| F|  |TAMS 0x0000000088b00000, 0x0000000088b00000| Untracked 
| 140|0x0000000088c00000, 0x0000000088c00000, 0x0000000088d00000|  0%| F|  |TAMS 0x0000000088c00000, 0x0000000088c00000| Untracked 
| 141|0x0000000088d00000, 0x0000000088d00000, 0x0000000088e00000|  0%| F|  |TAMS 0x0000000088d00000, 0x0000000088d00000| Untracked 
| 142|0x0000000088e00000, 0x0000000088e00000, 0x0000000088f00000|  0%| F|  |TAMS 0x0000000088e00000, 0x0000000088e00000| Untracked 
| 143|0x0000000088f00000, 0x0000000088f00000, 0x0000000089000000|  0%| F|  |TAMS 0x0000000088f00000, 0x0000000088f00000| Untracked 
| 144|0x0000000089000000, 0x0000000089000000, 0x0000000089100000|  0%| F|  |TAMS 0x0000000089000000, 0x0000000089000000| Untracked 
| 145|0x0000000089100000, 0x0000000089180800, 0x0000000089200000| 50%| E|  |TAMS 0x0000000089100000, 0x0000000089100000| Complete 
| 146|0x0000000089200000, 0x0000000089300000, 0x0000000089300000|100%| E|CS|TAMS 0x0000000089200000, 0x0000000089200000| Complete 
| 147|0x0000000089300000, 0x0000000089400000, 0x0000000089400000|100%| E|CS|TAMS 0x0000000089300000, 0x0000000089300000| Complete 
| 148|0x0000000089400000, 0x0000000089500000, 0x0000000089500000|100%| E|CS|TAMS 0x0000000089400000, 0x0000000089400000| Complete 
| 149|0x0000000089500000, 0x0000000089600000, 0x0000000089600000|100%| E|CS|TAMS 0x0000000089500000, 0x0000000089500000| Complete 
| 150|0x0000000089600000, 0x0000000089700000, 0x0000000089700000|100%| E|CS|TAMS 0x0000000089600000, 0x0000000089600000| Complete 
| 151|0x0000000089700000, 0x0000000089800000, 0x0000000089800000|100%| E|CS|TAMS 0x0000000089700000, 0x0000000089700000| Complete 
| 152|0x0000000089800000, 0x0000000089900000, 0x0000000089900000|100%| E|CS|TAMS 0x0000000089800000, 0x0000000089800000| Complete 
| 153|0x0000000089900000, 0x0000000089a00000, 0x0000000089a00000|100%| E|CS|TAMS 0x0000000089900000, 0x0000000089900000| Complete 
| 154|0x0000000089a00000, 0x0000000089b00000, 0x0000000089b00000|100%| E|CS|TAMS 0x0000000089a00000, 0x0000000089a00000| Complete 
| 155|0x0000000089b00000, 0x0000000089c00000, 0x0000000089c00000|100%| E|CS|TAMS 0x0000000089b00000, 0x0000000089b00000| Complete 
| 156|0x0000000089c00000, 0x0000000089d00000, 0x0000000089d00000|100%| E|CS|TAMS 0x0000000089c00000, 0x0000000089c00000| Complete 
| 157|0x0000000089d00000, 0x0000000089e00000, 0x0000000089e00000|100%| E|CS|TAMS 0x0000000089d00000, 0x0000000089d00000| Complete 
| 158|0x0000000089e00000, 0x0000000089f00000, 0x0000000089f00000|100%| E|CS|TAMS 0x0000000089e00000, 0x0000000089e00000| Complete 
| 161|0x000000008a100000, 0x000000008a200000, 0x000000008a200000|100%| E|CS|TAMS 0x000000008a100000, 0x000000008a100000| Complete 

Card table byte_map: [0x0000021ad7930000,0x0000021ad7d30000] _byte_map_base: 0x0000021ad7530000

Marking Bits (Prev, Next): (CMBitMap*) 0x0000021ac34dc340, (CMBitMap*) 0x0000021ac34dc300
 Prev Bits: [0x0000021ada130000, 0x0000021adc130000)
 Next Bits: [0x0000021ad8130000, 0x0000021ada130000)

Polling page: 0x0000021ac31f0000

Metaspace:

Usage:
  Non-class:     38.53 MB used.
      Class:      5.99 MB used.
       Both:     44.52 MB used.

Virtual space:
  Non-class space:       64.00 MB reserved,      38.69 MB ( 60%) committed,  1 nodes.
      Class space:        1.00 GB reserved,       6.13 MB ( <1%) committed,  1 nodes.
             Both:        1.06 GB reserved,      44.81 MB (  4%) committed. 

Chunk freelists:
   Non-Class:  8.56 MB
       Class:  9.89 MB
        Both:  18.45 MB

MaxMetaspaceSize: unlimited
CompressedClassSpaceSize: 1.00 GB
Initial GC threshold: 21.00 MB
Current GC threshold: 56.69 MB
CDS: off
MetaspaceReclaimPolicy: balanced
 - commit_granule_bytes: 65536.
 - commit_granule_words: 8192.
 - virtual_space_node_default_size: 8388608.
 - enlarge_chunks_in_place: 1.
 - new_chunks_are_fully_committed: 0.
 - uncommit_free_chunks: 1.
 - use_allocation_guard: 0.
 - handle_deallocations: 1.


Internal statistics:

num_allocs_failed_limit: 3.
num_arena_births: 388.
num_arena_deaths: 0.
num_vsnodes_births: 2.
num_vsnodes_deaths: 0.
num_space_committed: 717.
num_space_uncommitted: 0.
num_chunks_returned_to_freelist: 3.
num_chunks_taken_from_freelist: 1776.
num_chunk_merges: 0.
num_chunk_splits: 1163.
num_chunks_enlarged: 836.
num_inconsistent_stats: 0.

CodeHeap 'non-profiled nmethods': size=120064Kb used=2200Kb max_used=2200Kb free=117863Kb
 bounds [0x0000021acfbe0000, 0x0000021acfe50000, 0x0000021ad7120000]
CodeHeap 'profiled nmethods': size=120000Kb used=8556Kb max_used=8556Kb free=111443Kb
 bounds [0x0000021ac8120000, 0x0000021ac8980000, 0x0000021acf650000]
CodeHeap 'non-nmethods': size=5696Kb used=1614Kb max_used=1670Kb free=4081Kb
 bounds [0x0000021acf650000, 0x0000021acf8c0000, 0x0000021acfbe0000]
 total_blobs=4786 nmethods=4112 adapters=585
 compilation: enabled
              stopped_count=0, restarted_count=0
 full_count=0

Compilation events (20 events):
Event: 9.177 Thread 0x0000021ade7a6330 4110       3       org.codehaus.groovy.vmplugin.v9.Java9::checkCanSetAccessible (137 bytes)
Event: 9.178 Thread 0x0000021ade7a6330 nmethod 4110 0x0000021ac8974310 code [0x0000021ac8974620, 0x0000021ac8975678]
Event: 9.178 Thread 0x0000021ade7a6330 4111       3       org.codehaus.groovy.reflection.CachedClass$3$$Lambda$509/0x0000000100614940::apply (12 bytes)
Event: 9.178 Thread 0x0000021ade7a6330 nmethod 4111 0x0000021ac8975b90 code [0x0000021ac8975d60, 0x0000021ac8976258]
Event: 9.178 Thread 0x0000021ade7a6330 4112       3       org.codehaus.groovy.runtime.metaclass.NewInstanceMetaMethod::<init> (6 bytes)
Event: 9.178 Thread 0x0000021ade7a6330 nmethod 4112 0x0000021ac8976410 code [0x0000021ac89765a0, 0x0000021ac89766e8]
Event: 9.180 Thread 0x0000021ade7a6330 4113       3       java.lang.ClassValue$ClassValueMap::<init> (11 bytes)
Event: 9.180 Thread 0x0000021ade7a6330 nmethod 4113 0x0000021ac8976790 code [0x0000021ac8976960, 0x0000021ac8976b58]
Event: 9.183 Thread 0x0000021ade7a6330 4114       3       java.util.ComparableTimSort::binarySort (223 bytes)
Event: 9.183 Thread 0x0000021ade7a6330 nmethod 4114 0x0000021ac8976c90 code [0x0000021ac8976ec0, 0x0000021ac8977a78]
Event: 9.184 Thread 0x0000021ade7a6330 4115       3       org.codehaus.groovy.reflection.CachedMethod::isStatic (8 bytes)
Event: 9.184 Thread 0x0000021ade7a6330 nmethod 4115 0x0000021ac8977d90 code [0x0000021ac8977f40, 0x0000021ac8978138]
Event: 9.184 Thread 0x0000021ade7a6330 4116       3       groovy.lang.MetaMethod::isPublic (15 bytes)
Event: 9.184 Thread 0x0000021ade7a6330 nmethod 4116 0x0000021ac8978210 code [0x0000021ac89783c0, 0x0000021ac89785e8]
Event: 9.184 Thread 0x0000021ade7a6330 4117       3       org.codehaus.groovy.reflection.CachedMethod::getParamsCount (6 bytes)
Event: 9.184 Thread 0x0000021ade7a6330 nmethod 4117 0x0000021ac8978690 code [0x0000021ac8978840, 0x0000021ac8978aa8]
Event: 9.185 Thread 0x0000021ade7a6330 4118       3       org.codehaus.groovy.runtime.metaclass.NewMetaMethod::getDeclaringClass (7 bytes)
Event: 9.185 Thread 0x0000021ade7a6330 nmethod 4118 0x0000021ac8978b90 code [0x0000021ac8978d20, 0x0000021ac8978ef8]
Event: 9.186 Thread 0x0000021ade7a6330 4119       3       java.net.URL::openConnection (9 bytes)
Event: 9.186 Thread 0x0000021ade7a6330 nmethod 4119 0x0000021ac8979010 code [0x0000021ac89791c0, 0x0000021ac8979388]

GC Heap History (20 events):
Event: 3.865 GC heap before
{Heap before GC invocations=11 (full 0):
 garbage-first heap   total 48128K, used 19276K [0x0000000080000000, 0x0000000100000000)
  region size 1024K, 3 young (3072K), 2 survivors (2048K)
 Metaspace       used 23476K, committed 23744K, reserved 1114112K
  class space    used 2966K, committed 3072K, reserved 1048576K
}
Event: 3.875 GC heap after
{Heap after GC invocations=12 (full 0):
 garbage-first heap   total 48128K, used 18216K [0x0000000080000000, 0x0000000100000000)
  region size 1024K, 1 young (1024K), 1 survivors (1024K)
 Metaspace       used 23476K, committed 23744K, reserved 1114112K
  class space    used 2966K, committed 3072K, reserved 1048576K
}
Event: 4.305 GC heap before
{Heap before GC invocations=12 (full 0):
 garbage-first heap   total 48128K, used 32552K [0x0000000080000000, 0x0000000100000000)
  region size 1024K, 16 young (16384K), 1 survivors (1024K)
 Metaspace       used 26018K, committed 26304K, reserved 1114112K
  class space    used 3404K, committed 3584K, reserved 1048576K
}
Event: 4.314 GC heap after
{Heap after GC invocations=13 (full 0):
 garbage-first heap   total 48128K, used 19090K [0x0000000080000000, 0x0000000100000000)
  region size 1024K, 2 young (2048K), 2 survivors (2048K)
 Metaspace       used 26018K, committed 26304K, reserved 1114112K
  class space    used 3404K, committed 3584K, reserved 1048576K
}
Event: 4.743 GC heap before
{Heap before GC invocations=13 (full 0):
 garbage-first heap   total 48128K, used 34450K [0x0000000080000000, 0x0000000100000000)
  region size 1024K, 17 young (17408K), 2 survivors (2048K)
 Metaspace       used 28542K, committed 28864K, reserved 1114112K
  class space    used 3850K, committed 4032K, reserved 1048576K
}
Event: 4.754 GC heap after
{Heap after GC invocations=14 (full 0):
 garbage-first heap   total 48128K, used 20132K [0x0000000080000000, 0x0000000100000000)
  region size 1024K, 3 young (3072K), 3 survivors (3072K)
 Metaspace       used 28542K, committed 28864K, reserved 1114112K
  class space    used 3850K, committed 4032K, reserved 1048576K
}
Event: 4.945 GC heap before
{Heap before GC invocations=14 (full 0):
 garbage-first heap   total 48128K, used 25252K [0x0000000080000000, 0x0000000100000000)
  region size 1024K, 7 young (7168K), 3 survivors (3072K)
 Metaspace       used 29116K, committed 29440K, reserved 1114112K
  class space    used 3937K, committed 4096K, reserved 1048576K
}
Event: 4.951 GC heap after
{Heap after GC invocations=15 (full 0):
 garbage-first heap   total 82944K, used 22647K [0x0000000080000000, 0x0000000100000000)
  region size 1024K, 2 young (2048K), 2 survivors (2048K)
 Metaspace       used 29116K, committed 29440K, reserved 1114112K
  class space    used 3937K, committed 4096K, reserved 1048576K
}
Event: 5.033 GC heap before
{Heap before GC invocations=15 (full 0):
 garbage-first heap   total 82944K, used 30839K [0x0000000080000000, 0x0000000100000000)
  region size 1024K, 6 young (6144K), 2 survivors (2048K)
 Metaspace       used 29308K, committed 29632K, reserved 1114112K
  class space    used 3970K, committed 4160K, reserved 1048576K
}
Event: 5.042 GC heap after
{Heap after GC invocations=16 (full 0):
 garbage-first heap   total 82944K, used 29860K [0x0000000080000000, 0x0000000100000000)
  region size 1024K, 4 young (4096K), 4 survivors (4096K)
 Metaspace       used 29308K, committed 29632K, reserved 1114112K
  class space    used 3970K, committed 4160K, reserved 1048576K
}
Event: 5.074 GC heap before
{Heap before GC invocations=16 (full 0):
 garbage-first heap   total 82944K, used 42148K [0x0000000080000000, 0x0000000100000000)
  region size 1024K, 5 young (5120K), 4 survivors (4096K)
 Metaspace       used 29308K, committed 29632K, reserved 1114112K
  class space    used 3970K, committed 4160K, reserved 1048576K
}
Event: 5.078 GC heap after
{Heap after GC invocations=17 (full 0):
 garbage-first heap   total 82944K, used 41971K [0x0000000080000000, 0x0000000100000000)
  region size 1024K, 2 young (2048K), 2 survivors (2048K)
 Metaspace       used 29308K, committed 29632K, reserved 1114112K
  class space    used 3970K, committed 4160K, reserved 1048576K
}
Event: 6.024 GC heap before
{Heap before GC invocations=18 (full 0):
 garbage-first heap   total 82944K, used 63475K [0x0000000080000000, 0x0000000100000000)
  region size 1024K, 22 young (22528K), 2 survivors (2048K)
 Metaspace       used 31802K, committed 32128K, reserved 1114112K
  class space    used 4376K, committed 4544K, reserved 1048576K
}
Event: 6.036 GC heap after
{Heap after GC invocations=19 (full 0):
 garbage-first heap   total 82944K, used 46787K [0x0000000080000000, 0x0000000100000000)
  region size 1024K, 3 young (3072K), 3 survivors (3072K)
 Metaspace       used 31802K, committed 32128K, reserved 1114112K
  class space    used 4376K, committed 4544K, reserved 1048576K
}
Event: 6.066 GC heap before
{Heap before GC invocations=19 (full 0):
 garbage-first heap   total 82944K, used 47811K [0x0000000080000000, 0x0000000100000000)
  region size 1024K, 4 young (4096K), 3 survivors (3072K)
 Metaspace       used 31947K, committed 32256K, reserved 1114112K
  class space    used 4398K, committed 4544K, reserved 1048576K
}
Event: 6.076 GC heap after
{Heap after GC invocations=20 (full 0):
 garbage-first heap   total 82944K, used 46522K [0x0000000080000000, 0x0000000100000000)
  region size 1024K, 1 young (1024K), 1 survivors (1024K)
 Metaspace       used 31947K, committed 32256K, reserved 1114112K
  class space    used 4398K, committed 4544K, reserved 1048576K
}
Event: 6.616 GC heap before
{Heap before GC invocations=20 (full 0):
 garbage-first heap   total 82944K, used 63930K [0x0000000080000000, 0x0000000100000000)
  region size 1024K, 18 young (18432K), 1 survivors (1024K)
 Metaspace       used 34443K, committed 34816K, reserved 1114112K
  class space    used 4796K, committed 4992K, reserved 1048576K
}
Event: 6.624 GC heap after
{Heap after GC invocations=21 (full 0):
 garbage-first heap   total 165888K, used 47389K [0x0000000080000000, 0x0000000100000000)
  region size 1024K, 1 young (1024K), 1 survivors (1024K)
 Metaspace       used 34443K, committed 34816K, reserved 1114112K
  class space    used 4796K, committed 4992K, reserved 1048576K
}
Event: 8.533 GC heap before
{Heap before GC invocations=22 (full 0):
 garbage-first heap   total 163840K, used 102685K [0x0000000080000000, 0x0000000100000000)
  region size 1024K, 56 young (57344K), 1 survivors (1024K)
 Metaspace       used 42328K, committed 42752K, reserved 1114112K
  class space    used 5805K, committed 6016K, reserved 1048576K
}
Event: 8.559 GC heap after
{Heap after GC invocations=23 (full 0):
 garbage-first heap   total 163840K, used 51558K [0x0000000080000000, 0x0000000100000000)
  region size 1024K, 5 young (5120K), 5 survivors (5120K)
 Metaspace       used 42328K, committed 42752K, reserved 1114112K
  class space    used 5805K, committed 6016K, reserved 1048576K
}

Dll operation events (2 events):
Event: 0.046 Loaded shared library C:\Program Files\Android\Android Studio\jbr\bin\java.dll
Event: 0.668 Loaded shared library C:\Program Files\Android\Android Studio\jbr\bin\verify.dll

Deoptimization events (20 events):
Event: 8.507 Thread 0x0000021ae48685b0 Uncommon trap: trap_request=0xffffffc6 fr.pc=0x0000021acfd18b98 relative=0x0000000000004678
Event: 8.507 Thread 0x0000021ae48685b0 Uncommon trap: reason=bimorphic_or_optimized_type_check action=maybe_recompile pc=0x0000021acfd18b98 method=java.net.URL.<init>(Ljava/net/URL;Ljava/lang/String;Ljava/net/URLStreamHandler;)V @ 504 c2
Event: 8.507 Thread 0x0000021ae48685b0 DEOPT PACKING pc=0x0000021acfd18b98 sp=0x000000a8817f7970
Event: 8.507 Thread 0x0000021ae48685b0 DEOPT UNPACKING pc=0x0000021acf6a9423 sp=0x000000a8817f7910 mode 2
Event: 8.519 Thread 0x0000021ae48685b0 DEOPT PACKING pc=0x0000021ac851d7d4 sp=0x000000a8817f73a0
Event: 8.519 Thread 0x0000021ae48685b0 DEOPT UNPACKING pc=0x0000021acf6a7d6b sp=0x000000a8817f68f8 mode 0
Event: 8.882 Thread 0x0000021ae48685b0 Uncommon trap: trap_request=0xffffff45 fr.pc=0x0000021acfdb10d4 relative=0x0000000000000ab4
Event: 8.882 Thread 0x0000021ae48685b0 Uncommon trap: reason=unstable_if action=reinterpret pc=0x0000021acfdb10d4 method=java.lang.ClassLoader.checkCerts(Ljava/lang/String;Ljava/security/CodeSource;)V @ 9 c2
Event: 8.882 Thread 0x0000021ae48685b0 DEOPT PACKING pc=0x0000021acfdb10d4 sp=0x000000a8817f8690
Event: 8.883 Thread 0x0000021ae48685b0 DEOPT UNPACKING pc=0x0000021acf6a9423 sp=0x000000a8817f8520 mode 2
Event: 8.883 Thread 0x0000021ae48685b0 Uncommon trap: trap_request=0xffffff45 fr.pc=0x0000021acfda6870 relative=0x00000000000011b0
Event: 8.883 Thread 0x0000021ae48685b0 Uncommon trap: reason=unstable_if action=reinterpret pc=0x0000021acfda6870 method=java.lang.Class.getPackageName()Ljava/lang/String; @ 55 c2
Event: 8.883 Thread 0x0000021ae48685b0 DEOPT PACKING pc=0x0000021acfda6870 sp=0x000000a8817f85a0
Event: 8.883 Thread 0x0000021ae48685b0 DEOPT UNPACKING pc=0x0000021acf6a9423 sp=0x000000a8817f8518 mode 2
Event: 8.912 Thread 0x0000021ae48685b0 Uncommon trap: trap_request=0xffffff45 fr.pc=0x0000021acfd0cd14 relative=0x0000000000000754
Event: 8.912 Thread 0x0000021ae48685b0 Uncommon trap: reason=unstable_if action=reinterpret pc=0x0000021acfd0cd14 method=java.lang.Class.getPackageName()Ljava/lang/String; @ 55 c2
Event: 8.912 Thread 0x0000021ae48685b0 DEOPT PACKING pc=0x0000021acfd0cd14 sp=0x000000a8817f83e0
Event: 8.912 Thread 0x0000021ae48685b0 DEOPT UNPACKING pc=0x0000021acf6a9423 sp=0x000000a8817f83a8 mode 2
Event: 9.171 Thread 0x0000021ae48685b0 DEOPT PACKING pc=0x0000021ac81d7b43 sp=0x000000a8817f67b0
Event: 9.171 Thread 0x0000021ae48685b0 DEOPT UNPACKING pc=0x0000021acf6a7d6b sp=0x000000a8817f5cd0 mode 0

Classes unloaded (0 events):
No events

Classes redefined (0 events):
No events

Internal exceptions (20 events):
Event: 6.161 Thread 0x0000021ae48685b0 Exception <a 'java/lang/NoSuchMethodError'{0x0000000084dfe080}: 'java.lang.Object java.lang.invoke.DirectMethodHandle$Holder.invokeSpecial(java.lang.Object, java.lang.Object, java.lang.Object, java.lang.Object, java.lang.Object, java.lang.Object, java.lang.Object, java.lang.Object, java.lang.Object, java.lang.Object, java.lang.Object, java.lang.Object)'> (0x0000000084dfe080) 
thrown [s\src\hotspot\share\interpreter\linkResolver.cpp, line 771]
Event: 6.161 Thread 0x0000021ae48685b0 Exception <a 'java/lang/NoSuchMethodError'{0x0000000084c03d28}: 'java.lang.Object java.lang.invoke.Invokers$Holder.linkToTargetMethod(java.lang.Object, java.lang.Object, java.lang.Object, java.lang.Object, java.lang.Object, java.lang.Object, java.lang.Object, java.lang.Object, java.lang.Object, java.lang.Object, java.lang.Object)'> (0x0000000084c03d28) 
thrown [s\src\hotspot\share\interpreter\linkResolver.cpp, line 771]
Event: 6.168 Thread 0x0000021ae48685b0 Exception <a 'java/lang/NoSuchMethodError'{0x0000000084c4da50}: 'java.lang.Object java.lang.invoke.DirectMethodHandle$Holder.invokeSpecial(java.lang.Object, java.lang.Object, java.lang.Object, java.lang.Object, java.lang.Object, java.lang.Object, java.lang.Object, java.lang.Object, java.lang.Object, java.lang.Object, java.lang.Object, java.lang.Object, java.lang.Object, java.lang.Object)'> (0x0000000084c4da50) 
thrown [s\src\hotspot\share\interpreter\linkResolver.cpp, line 771]
Event: 6.168 Thread 0x0000021ae48685b0 Exception <a 'java/lang/NoSuchMethodError'{0x0000000084c608a0}: 'java.lang.Object java.lang.invoke.DirectMethodHandle$Holder.newInvokeSpecial(java.lang.Object, java.lang.Object, java.lang.Object, java.lang.Object, java.lang.Object, java.lang.Object, java.lang.Object, java.lang.Object, java.lang.Object, java.lang.Object, java.lang.Object, java.lang.Object)'> (0x0000000084c608a0) 
thrown [s\src\hotspot\share\interpreter\linkResolver.cpp, line 771]
Event: 6.169 Thread 0x0000021ae48685b0 Exception <a 'java/lang/NoSuchMethodError'{0x0000000084c66238}: 'java.lang.Object java.lang.invoke.Invokers$Holder.linkToTargetMethod(java.lang.Object, java.lang.Object, java.lang.Object, java.lang.Object, java.lang.Object, java.lang.Object, java.lang.Object, java.lang.Object, java.lang.Object, java.lang.Object, java.lang.Object, java.lang.Object)'> (0x0000000084c66238) 
thrown [s\src\hotspot\share\interpreter\linkResolver.cpp, line 771]
Event: 6.187 Thread 0x0000021ae48685b0 Exception <a 'java/lang/NoSuchMethodError'{0x0000000084b02440}: 'java.lang.Object java.lang.invoke.DirectMethodHandle$Holder.invokeStaticInit(java.lang.Object, java.lang.Object, java.lang.Object, java.lang.Object)'> (0x0000000084b02440) 
thrown [s\src\hotspot\share\interpreter\linkResolver.cpp, line 771]
Event: 6.422 Thread 0x0000021ae48685b0 Exception <a 'java/lang/NoSuchMethodError'{0x000000008466d9d0}: 'java.lang.Object java.lang.invoke.DirectMethodHandle$Holder.newInvokeSpecial(java.lang.Object, java.lang.Object, java.lang.Object, java.lang.Object, java.lang.Object, java.lang.Object, java.lang.Object, java.lang.Object)'> (0x000000008466d9d0) 
thrown [s\src\hotspot\share\interpreter\linkResolver.cpp, line 771]
Event: 6.423 Thread 0x0000021ae48685b0 Exception <a 'java/lang/NoSuchMethodError'{0x0000000084673a58}: 'java.lang.Object java.lang.invoke.Invokers$Holder.linkToTargetMethod(java.lang.Object, java.lang.Object, java.lang.Object, java.lang.Object, java.lang.Object, java.lang.Object, java.lang.Object, java.lang.Object)'> (0x0000000084673a58) 
thrown [s\src\hotspot\share\interpreter\linkResolver.cpp, line 771]
Event: 6.432 Thread 0x0000021ae48685b0 Exception <a 'java/lang/IncompatibleClassChangeError'{0x00000000846e6678}: Found class java.lang.Object, but interface was expected> (0x00000000846e6678) 
thrown [s\src\hotspot\share\interpreter\linkResolver.cpp, line 838]
Event: 7.018 Thread 0x0000021ae48685b0 Exception <a 'java/lang/NoSuchMethodError'{0x0000000089850bb0}: 'void java.lang.invoke.DirectMethodHandle$Holder.invokeStaticInit(java.lang.Object, java.lang.Object, java.lang.Object)'> (0x0000000089850bb0) 
thrown [s\src\hotspot\share\interpreter\linkResolver.cpp, line 771]
Event: 7.019 Thread 0x0000021ae48685b0 Exception <a 'java/lang/NoSuchMethodError'{0x00000000898582f8}: 'void java.lang.invoke.DirectMethodHandle$Holder.invokeStaticInit(java.lang.Object, java.lang.Object, java.lang.Object, java.lang.Object)'> (0x00000000898582f8) 
thrown [s\src\hotspot\share\interpreter\linkResolver.cpp, line 771]
Event: 7.022 Thread 0x0000021ae48685b0 Exception <a 'java/lang/NoSuchMethodError'{0x000000008987a4c0}: 'void java.lang.invoke.DirectMethodHandle$Holder.invokeStaticInit(java.lang.Object, java.lang.Object, java.lang.Object, java.lang.Object, java.lang.Object)'> (0x000000008987a4c0) 
thrown [s\src\hotspot\share\interpreter\linkResolver.cpp, line 771]
Event: 7.195 Thread 0x0000021ae48685b0 Exception <a 'java/lang/NoSuchMethodError'{0x000000008920a688}: 'java.lang.Object java.lang.invoke.DirectMethodHandle$Holder.invokeStatic(java.lang.Object, int, java.lang.Object)'> (0x000000008920a688) 
thrown [s\src\hotspot\share\interpreter\linkResolver.cpp, line 771]
Event: 7.417 Thread 0x0000021ae48685b0 Exception <a 'java/lang/NoSuchMethodError'{0x00000000882c5920}: 'void java.lang.invoke.DirectMethodHandle$Holder.invokeVirtual(java.lang.Object, java.lang.Object)'> (0x00000000882c5920) 
thrown [s\src\hotspot\share\interpreter\linkResolver.cpp, line 771]
Event: 8.302 Thread 0x0000021ac346d3b0 Exception <a 'sun/nio/fs/WindowsException'{0x0000000086e0f978}> (0x0000000086e0f978) 
thrown [s\src\hotspot\share\prims\jni.cpp, line 517]
Event: 8.318 Thread 0x0000021ac346d3b0 Exception <a 'sun/nio/fs/WindowsException'{0x0000000086e5b190}> (0x0000000086e5b190) 
thrown [s\src\hotspot\share\prims\jni.cpp, line 517]
Event: 8.320 Thread 0x0000021ac346d3b0 Exception <a 'sun/nio/fs/WindowsException'{0x0000000086e5b3c0}> (0x0000000086e5b3c0) 
thrown [s\src\hotspot\share\prims\jni.cpp, line 517]
Event: 8.398 Thread 0x0000021ae48685b0 Exception <a 'java/lang/NoSuchMethodError'{0x0000000086d7f280}: 'void java.lang.invoke.DirectMethodHandle$Holder.invokeSpecialIFC(java.lang.Object, java.lang.Object, java.lang.Object)'> (0x0000000086d7f280) 
thrown [s\src\hotspot\share\interpreter\linkResolver.cpp, line 771]
Event: 8.451 Thread 0x0000021ae48685b0 Implicit null exception at 0x0000021acfc31cb0 to 0x0000021acfc31da4
Event: 9.011 Thread 0x0000021ae48685b0 Exception <a 'java/lang/NoSuchMethodError'{0x0000000089536bc8}: 'int java.lang.invoke.DirectMethodHandle$Holder.invokeStaticInit(java.lang.Object, java.lang.Object, java.lang.Object, java.lang.Object)'> (0x0000000089536bc8) 
thrown [s\src\hotspot\share\interpreter\linkResolver.cpp, line 771]

VM Operations (20 events):
Event: 8.224 Executing VM operation: HandshakeAllThreads
Event: 8.224 Executing VM operation: HandshakeAllThreads done
Event: 8.465 Executing VM operation: HandshakeAllThreads
Event: 8.465 Executing VM operation: HandshakeAllThreads done
Event: 8.465 Executing VM operation: HandshakeAllThreads
Event: 8.465 Executing VM operation: HandshakeAllThreads done
Event: 8.532 Executing VM operation: G1CollectForAllocation
Event: 8.559 Executing VM operation: G1CollectForAllocation done
Event: 8.579 Executing VM operation: HandshakeAllThreads
Event: 8.579 Executing VM operation: HandshakeAllThreads done
Event: 8.652 Executing VM operation: HandshakeAllThreads
Event: 8.653 Executing VM operation: HandshakeAllThreads done
Event: 8.681 Executing VM operation: HandshakeAllThreads
Event: 8.681 Executing VM operation: HandshakeAllThreads done
Event: 8.858 Executing VM operation: HandshakeAllThreads
Event: 8.858 Executing VM operation: HandshakeAllThreads done
Event: 8.974 Executing VM operation: HandshakeAllThreads
Event: 8.974 Executing VM operation: HandshakeAllThreads done
Event: 8.982 Executing VM operation: HandshakeAllThreads
Event: 8.982 Executing VM operation: HandshakeAllThreads done

Events (20 events):
Event: 9.158 loading class java/time/MonthDay
Event: 9.158 loading class java/time/MonthDay done
Event: 9.160 loading class java/time/temporal/TemporalQuery
Event: 9.160 loading class java/time/temporal/TemporalQuery done
Event: 9.160 loading class java/time/format/DateTimeFormatter
Event: 9.161 loading class java/time/format/DateTimeFormatter done
Event: 9.161 loading class java/time/chrono/Era
Event: 9.161 loading class java/time/chrono/Era done
Event: 9.163 loading class java/time/format/TextStyle
Event: 9.164 loading class java/time/format/TextStyle done
Event: 9.165 loading class java/time/format/ResolverStyle
Event: 9.165 loading class java/time/format/ResolverStyle done
Event: 9.182 loading class java/nio/file/WatchService
Event: 9.182 loading class java/nio/file/WatchService done
Event: 9.182 loading class java/nio/file/WatchEvent$Kind
Event: 9.182 loading class java/nio/file/WatchEvent$Kind done
Event: 9.182 loading class java/nio/file/WatchKey
Event: 9.182 loading class java/nio/file/WatchKey done
Event: 9.182 loading class java/nio/file/WatchEvent$Modifier
Event: 9.182 loading class java/nio/file/WatchEvent$Modifier done


Dynamic libraries:
0x00007ff64bd40000 - 0x00007ff64bd4a000 	C:\Program Files\Android\Android Studio\jbr\bin\java.exe
0x00007ffdc66d0000 - 0x00007ffdc68be000 	C:\Windows\SYSTEM32\ntdll.dll
0x00007ffdc42e0000 - 0x00007ffdc4393000 	C:\Windows\System32\KERNEL32.DLL
0x00007ffdc2ee0000 - 0x00007ffdc317d000 	C:\Windows\System32\KERNELBASE.dll
0x00007ffdc35b0000 - 0x00007ffdc36aa000 	C:\Windows\System32\ucrtbase.dll
0x00007ffdb0aa0000 - 0x00007ffdb0ab7000 	C:\Program Files\Android\Android Studio\jbr\bin\jli.dll
0x00007ffdc3900000 - 0x00007ffdc3a97000 	C:\Windows\System32\USER32.dll
0x00007ffdc2750000 - 0x00007ffdc2770000 	C:\Windows\System32\win32u.dll
0x00007ffdc5d90000 - 0x00007ffdc5db9000 	C:\Windows\System32\GDI32.dll
0x00007ffdc3750000 - 0x00007ffdc38fb000 	C:\Windows\System32\gdi32full.dll
0x00007ffdc36b0000 - 0x00007ffdc3750000 	C:\Windows\System32\msvcp_win.dll
0x00007ffdb0d00000 - 0x00007ffdb0d1b000 	C:\Program Files\Android\Android Studio\jbr\bin\VCRUNTIME140.dll
0x00007ffdb6140000 - 0x00007ffdb63b9000 	C:\Windows\WinSxS\amd64_microsoft.windows.common-controls_6595b64144ccf1df_6.0.17763.4974_none_de748dce53484fa6\COMCTL32.dll
0x00007ffdc41e0000 - 0x00007ffdc427e000 	C:\Windows\System32\msvcrt.dll
0x00007ffdc44d0000 - 0x00007ffdc47fb000 	C:\Windows\System32\combase.dll
0x00007ffdc3b70000 - 0x00007ffdc3c8e000 	C:\Windows\System32\RPCRT4.dll
0x00007ffdc3440000 - 0x00007ffdc34c2000 	C:\Windows\System32\bcryptPrimitives.dll
0x00007ffdc4400000 - 0x00007ffdc442e000 	C:\Windows\System32\IMM32.DLL
0x00007ffdb3b30000 - 0x00007ffdb3b3c000 	C:\Program Files\Android\Android Studio\jbr\bin\vcruntime140_1.dll
0x00007ffdb0500000 - 0x00007ffdb058d000 	C:\Program Files\Android\Android Studio\jbr\bin\msvcp140.dll
0x00007ffd9e520000 - 0x00007ffd9f1a0000 	C:\Program Files\Android\Android Studio\jbr\bin\server\jvm.dll
0x00007ffdc6010000 - 0x00007ffdc60b7000 	C:\Windows\System32\ADVAPI32.dll
0x00007ffdc4430000 - 0x00007ffdc44cf000 	C:\Windows\System32\sechost.dll
0x00007ffdb7bb0000 - 0x00007ffdb7bb9000 	C:\Windows\SYSTEM32\WSOCK32.dll
0x00007ffdc5dc0000 - 0x00007ffdc5e2d000 	C:\Windows\System32\WS2_32.dll
0x00007ffdc0750000 - 0x00007ffdc0774000 	C:\Windows\SYSTEM32\WINMM.dll
0x00007ffdc0720000 - 0x00007ffdc074d000 	C:\Windows\SYSTEM32\WINMMBASE.dll
0x00007ffdb8b20000 - 0x00007ffdb8b2a000 	C:\Windows\SYSTEM32\VERSION.dll
0x00007ffdc3180000 - 0x00007ffdc31ca000 	C:\Windows\System32\cfgmgr32.dll
0x00007ffdc26b0000 - 0x00007ffdc26c1000 	C:\Windows\System32\kernel.appcore.dll
0x00007ffdb2f00000 - 0x00007ffdb2f0a000 	C:\Program Files\Android\Android Studio\jbr\bin\jimage.dll
0x00007ffdb4ce0000 - 0x00007ffdb4ecd000 	C:\Windows\SYSTEM32\DBGHELP.DLL
0x00007ffdb4cb0000 - 0x00007ffdb4cda000 	C:\Windows\SYSTEM32\dbgcore.DLL
0x00007ffdb2660000 - 0x00007ffdb2685000 	C:\Program Files\Android\Android Studio\jbr\bin\java.dll
0x00007ffdb2bc0000 - 0x00007ffdb2bd8000 	C:\Program Files\Android\Android Studio\jbr\bin\zip.dll
0x00007ffdc4800000 - 0x00007ffdc5cf8000 	C:\Windows\System32\SHELL32.dll
0x00007ffdc6490000 - 0x00007ffdc6537000 	C:\Windows\System32\shcore.dll
0x00007ffdc2790000 - 0x00007ffdc2ed7000 	C:\Windows\System32\windows.storage.dll
0x00007ffdc2680000 - 0x00007ffdc26a3000 	C:\Windows\System32\profapi.dll
0x00007ffdc26d0000 - 0x00007ffdc272d000 	C:\Windows\System32\powrprof.dll
0x00007ffdc43a0000 - 0x00007ffdc43f2000 	C:\Windows\System32\shlwapi.dll
0x00007ffdc2770000 - 0x00007ffdc278b000 	C:\Windows\System32\cryptsp.dll
0x00007ffdb2540000 - 0x00007ffdb2559000 	C:\Program Files\Android\Android Studio\jbr\bin\net.dll
0x00007ffdb9e40000 - 0x00007ffdb9f3d000 	C:\Windows\SYSTEM32\WINHTTP.dll
0x00007ffdb1b90000 - 0x00007ffdb1bb0000 	C:\Windows\system32\PrxerDrv.dll
0x00007ffdc1e70000 - 0x00007ffdc1ed7000 	C:\Windows\system32\mswsock.dll
0x00007ffdb2520000 - 0x00007ffdb2536000 	C:\Program Files\Android\Android Studio\jbr\bin\nio.dll
0x00007ffdb2d80000 - 0x00007ffdb2d90000 	C:\Program Files\Android\Android Studio\jbr\bin\verify.dll
0x00007ffdb03b0000 - 0x00007ffdb03d7000 	C:\Users\Administrator\.gradle\native\68d5fa5c4cc2d200863cafc0d521ce42e7d3e7ee720ec0a83991735586a16f82\windows-amd64\native-platform.dll
0x00007ffdb0260000 - 0x00007ffdb03a4000 	C:\Users\Administrator\.gradle\native\e376f236ea51e6404a007f0833ffe2c6e607c4080706a723a18a27aeea778392\windows-amd64\native-platform-file-events.dll
0x00007ffdb1790000 - 0x00007ffdb1799000 	C:\Program Files\Android\Android Studio\jbr\bin\management.dll
0x00007ffdb0f60000 - 0x00007ffdb0f6b000 	C:\Program Files\Android\Android Studio\jbr\bin\management_ext.dll
0x00007ffdc6480000 - 0x00007ffdc6488000 	C:\Windows\System32\PSAPI.DLL
0x00007ffdc19f0000 - 0x00007ffdc1a23000 	C:\Windows\system32\rsaenh.dll
0x00007ffdc34d0000 - 0x00007ffdc34f6000 	C:\Windows\System32\bcrypt.dll
0x00007ffdc2580000 - 0x00007ffdc25a9000 	C:\Windows\SYSTEM32\USERENV.dll
0x00007ffdc2040000 - 0x00007ffdc204c000 	C:\Windows\SYSTEM32\CRYPTBASE.dll
0x00007ffdc1b80000 - 0x00007ffdc1bbd000 	C:\Windows\SYSTEM32\IPHLPAPI.DLL
0x00007ffdc6000000 - 0x00007ffdc6008000 	C:\Windows\System32\NSI.dll
0x00007ffdb8b00000 - 0x00007ffdb8b16000 	C:\Windows\SYSTEM32\dhcpcsvc6.DLL
0x00007ffdb92a0000 - 0x00007ffdb92bc000 	C:\Windows\SYSTEM32\dhcpcsvc.DLL
0x00007ffdc1bc0000 - 0x00007ffdc1c86000 	C:\Windows\SYSTEM32\DNSAPI.dll
0x00007ffdb2ef0000 - 0x00007ffdb2ef7000 	C:\Windows\system32\wshunix.dll

dbghelp: loaded successfully - version: 4.0.5 - missing functions: none
symbol engine: initialized successfully - sym options: 0x614 - pdb path: .;C:\Program Files\Android\Android Studio\jbr\bin;C:\Windows\SYSTEM32;C:\Windows\WinSxS\amd64_microsoft.windows.common-controls_6595b64144ccf1df_6.0.17763.4974_none_de748dce53484fa6;C:\Program Files\Android\Android Studio\jbr\bin\server;C:\Users\Administrator\.gradle\native\68d5fa5c4cc2d200863cafc0d521ce42e7d3e7ee720ec0a83991735586a16f82\windows-amd64;C:\Users\Administrator\.gradle\native\e376f236ea51e6404a007f0833ffe2c6e607c4080706a723a18a27aeea778392\windows-amd64

VM Arguments:
jvm_args: --add-opens=java.base/java.util=ALL-UNNAMED --add-opens=java.base/java.lang=ALL-UNNAMED --add-opens=java.base/java.lang.invoke=ALL-UNNAMED --add-opens=java.prefs/java.util.prefs=ALL-UNNAMED --add-opens=java.base/java.nio.charset=ALL-UNNAMED --add-opens=java.base/java.net=ALL-UNNAMED --add-opens=java.base/java.util.concurrent.atomic=ALL-UNNAMED -Xmx2048m -Dfile.encoding=UTF-8 -Duser.country=US -Duser.language=en -Duser.variant 
java_command: org.gradle.launcher.daemon.bootstrap.GradleDaemon 7.6.2
java_class_path (initial): C:\Users\Administrator\.gradle\wrapper\dists\gradle-7.6.2-bin\6ot4hgy1mty27tup86cmng5lx\gradle-7.6.2\lib\gradle-launcher-7.6.2.jar
Launcher Type: SUN_STANDARD

[Global flags]
     intx CICompilerCount                          = 2                                         {product} {ergonomic}
     uint ConcGCThreads                            = 1                                         {product} {ergonomic}
     uint G1ConcRefinementThreads                  = 2                                         {product} {ergonomic}
   size_t G1HeapRegionSize                         = 1048576                                   {product} {ergonomic}
    uintx GCDrainStackTargetSize                   = 64                                        {product} {ergonomic}
   size_t InitialHeapSize                          = 33554432                                  {product} {ergonomic}
   size_t MarkStackSize                            = 4194304                                   {product} {ergonomic}
   size_t MaxHeapSize                              = 2147483648                                {product} {command line}
   size_t MaxNewSize                               = 1287651328                                {product} {ergonomic}
   size_t MinHeapDeltaBytes                        = 1048576                                   {product} {ergonomic}
   size_t MinHeapSize                              = 8388608                                   {product} {ergonomic}
    uintx NonNMethodCodeHeapSize                   = 5826188                                {pd product} {ergonomic}
    uintx NonProfiledCodeHeapSize                  = 122916026                              {pd product} {ergonomic}
    uintx ProfiledCodeHeapSize                     = 122916026                              {pd product} {ergonomic}
    uintx ReservedCodeCacheSize                    = 251658240                              {pd product} {ergonomic}
     bool SegmentedCodeCache                       = true                                      {product} {ergonomic}
   size_t SoftMaxHeapSize                          = 2147483648                             {manageable} {ergonomic}
     bool UseCompressedClassPointers               = true                           {product lp64_product} {ergonomic}
     bool UseCompressedOops                        = true                           {product lp64_product} {ergonomic}
     bool UseG1GC                                  = true                                      {product} {ergonomic}
     bool UseLargePagesIndividualAllocation        = false                                  {pd product} {ergonomic}

Logging:
Log output configuration:
 #0: stdout all=warning uptime,level,tags
 #1: stderr all=off uptime,level,tags

Environment Variables:
PATH=C:\Windows\system32;C:\Windows;C:\Windows\System32\Wbem;C:\Windows\System32\WindowsPowerShell\v1.0\;C:\Windows\System32\OpenSSH\;C:\Users\Administrator\AppData\Local\Microsoft\WindowsApps;
USERNAME=Administrator
OS=Windows_NT
PROCESSOR_IDENTIFIER=Intel64 Family 6 Model 85 Stepping 7, GenuineIntel
TMP=C:\Users\ADMINI~1\AppData\Local\Temp\2
TEMP=C:\Users\ADMINI~1\AppData\Local\Temp\2


JNI global refs:
JNI global refs: 22, weak refs: 0

JNI global refs memory usage: 843, weak refs: 841

OOME stack traces (most recent first):
Classloader memory used:
